

        **********************************************************
        ** PROGRAM FullProf.2k (Version 5.90 - Dec2016-ILL JRC) **
        **********************************************************
                       M U L T I -- P A T T E R N                 
            Rietveld, Profile Matching & Integrated Intensity     
                 Refinement of X-ray and/or Neutron Data


    Date: 10/06/2024  Time: 19:08:57.927                              

 => PCR file code: Y2O3
 => DAT file code: Y2O3.dat             -> Relative contribution: 1.0000                                                            

 ==> CONDITIONS OF THIS RUN FOR PATTERN No.:  1

 => Global Refinement of X-ray powder diffraction data                                                                              
 => Global Refinement of X-ray powder diffraction data                                                                              
    Bragg-Brentano(X-rays) or Debye-Scherrer geometry(Neutrons)
 => Title:   O3 Y2

 => Number of phases:    1
 => Number of excluded regions:    2
 => Number of scattering factors supplied:    0
 => March-Dollase model for preferred orientation
 => Conventional weights: w=1.0/Variance(yobs)
 => Asymmetry correction as in J.Appl.Cryst. 26,128(1993)
 => Background refined by polynomial function
 => The    5th default profile function was selected
 => Pseudo-Voigt function (ETA variable)
                 X-parameter correspond to: ETA=ETA0+X*2theta
                       pV(x)= ETA*L(x)+(1-ETA)*G(x)

 ==> INPUT/OUTPUT OPTIONS:

 => Generate file *.PRF for plot
 => Output Integrated Intensities
 => Generate new input file *.PCR

 => X-Y type of data: 2theta/TOF/E(Kev) Intens sigma for pattern:  1
 => Plot pattern at each cycle
 => Wavelengths:  1.54056 1.54439
 => Alpha2/Alpha1 ratio:   0.5000
 => Cos(Monochromator angle)=   0.9100
 => Asymmetry correction for angles lower than   60.000 degrees
 => Absorption correction (AC), muR-eff =   0.0000  0.0000
 => Base of peaks: 2.0*HW*    8.00

 => Number of cycles:   10
 => Relaxation factors ==>    for coordinates:  1.00
 => for anisotropic temperature factors:  1.00
 => for halfwidth/strain/size parameters:  1.00
 => for lattice constants and propagation vectors:  1.00
 => EPS-value for convergence:    0.1

 => Excluded regions for Pattern#  1
    From     to
      1.0000     20.0000
    100.0000    160.0000

 => Number of Least-Squares parameters varied:    22

 =>--------------------------->
 =>------->  PATTERN number:  1
 =>--------------------------->
 => Global parameters and codes ==>
 => Zero-point:    -0.0567   31.0000
 => Background parameters and codes ==>
 => Origin of polynomial at 2theta/TOF/E(KeV):   40.000  
  587.31     -60.797      36.611      0.0000     -6.1560      0.0000    
       41.00       51.00       81.00        0.00       91.00        0.00
 => Displacement peak-shift parameter and code:     0.00    0.00
 => Transparency peak-shift parameter and code:     0.07   21.00

 => Reading Intensity data  =>>

 -> No recognizable heading in input data file X,Y,sigma
    First 6 lines are considered as COMMENTS (except for TSAMP keyword)
 -> COMMENT:   3.000    1643.000                                                                                                                 
 -> COMMENT:   3.020    1571.000                                                                                                                 
 -> COMMENT:   3.040    1569.000                                                                                                                 
 -> COMMENT:   3.060    1619.000                                                                                                                 
 -> COMMENT:   3.080    1554.000                                                                                                                 
 -> COMMENT:   3.100    1531.000                                                                                                                 
 ==> Angular range, step and number of points:
     2Thmin:       3.120000  2Thmax:     150.000000  Step:       0.020004  No. of points:   7345
 --------------------------------------------------------------------------------
 => Phase  No. 1
      O3 Y2                                                                 
 --------------------------------------------------------------------------------
 =>-------> Pattern#  1
 => Crystal Structure Refinement
 => The    7th profile function was selected for phase no.  1
 => Preferred orientation vector:   0.0000  0.0000  1.0000

 =>-------> Data for PHASE: 1
 => Number of atoms:    3
 => Number of distance  constraints:    0
 => Number of angle     constraints:    0

 => Symmetry information on space group: I a -3              
 -> The multiplicity of the general position is:  48
 -> The space group is Centric (-1 at origin)   
 -> Lattice type  I: { 000; 1/2 1/2 1/2 }+                         
 -> Reduced set of symmetry operators:

  No.  IT   Symmetry symbol    Rotation part     Associated Translation
   1: ( 1)   1            -->     ( x, y, z) + {  0.0000  0.0000  0.0000}
   2: ( 4)   2 ( x, 0, 0) -->     ( x,-y,-z) + {  0.5000  0.5000  0.0000}
   3: ( 3)   2 ( 0, y, 0) -->     (-x, y,-z) + {  0.0000  0.5000  0.5000}
   4: ( 2)   2 ( 0, 0, z) -->     (-x,-y, z) + {  0.5000  0.0000  0.5000}
   5: ( 9)  3- ( x, x, x) -->     ( y, z, x) + {  0.0000  0.0000  0.0000}
   6: (12)  3- (-x, x,-x) -->     (-y,-z, x) + {  0.5000  0.0000  0.5000}
   7: (11)  3- (-x,-x, x) -->     ( y,-z,-x) + {  0.5000  0.5000  0.0000}
   8: (10)  3- ( x,-x,-x) -->     (-y, z,-x) + {  0.0000  0.5000  0.5000}
   9: ( 5)  3+ ( x, x, x) -->     ( z, x, y) + {  0.0000  0.0000  0.0000}
  10: ( 8)  3+ (-x,-x, x) -->     (-z, x,-y) + {  0.0000  0.5000  0.5000}
  11: ( 7)  3+ ( x,-x,-x) -->     (-z,-x, y) + {  0.5000  0.0000  0.5000}
  12: ( 6)  3+ (-x, x,-x) -->     ( z,-x,-y) + {  0.5000  0.5000  0.0000}


        Information on Space Group: 
        --------------------------- 

 =>   Number of Space group: 206
 =>  Hermann-Mauguin Symbol: I a -3
 =>             Hall Symbol: -I 2b 2c 3
 =>            Setting Type: IT (Generated from Hermann-Mauguin symbol)
 =>          Crystal System: Cubic
 =>              Laue Class: m-3
 =>             Point Group: m-3
 =>         Bravais Lattice: I
 =>          Lattice Symbol: cI
 =>  Reduced Number of S.O.:  12
 =>    General multiplicity:  48
 =>          Centrosymmetry: Centric (-1 at origin)
 =>  Generators (exc. -1&L):   3
 =>         Asymmetric unit:  0.000 <= x <=  0.500
                              0.000 <= y <=  0.500
                              0.000 <= z <=  0.250

 => List of S.O. without inversion and lattice centring translations
 => SYMM(  1): x,y,z                               => SYMM(  2): x+1/2,-y+1/2,-z
 => SYMM(  3): -x,y+1/2,-z+1/2                     => SYMM(  4): -x+1/2,-y,z+1/2
 => SYMM(  5): y,z,x                               => SYMM(  6): -y+1/2,-z,x+1/2
 => SYMM(  7): y+1/2,-z+1/2,-x                     => SYMM(  8): -y,z+1/2,-x+1/2
 => SYMM(  9): z,x,y                               => SYMM( 10): -z,x+1/2,-y+1/2
 => SYMM( 11): -z+1/2,-x,y+1/2                     => SYMM( 12): z+1/2,-x+1/2,-y


 => Initial parameters ==>
 Atom    Ntyp                  X         Y         Z         B         occ.         in  fin  Spc  Mult
                             B11       B22       B33       B12       B13       B23
 Y1     Y                  0.25000   0.25000   0.25000   0.44821   0.16667           0    0    0    8
                 Codes:    0.00000   0.00000   0.00000 171.00000   0.00000
                 Betas:    0.00000   0.00000   0.00000   0.00000   0.00000   0.00000
                 Codes:    0.00000   0.00000   0.00000   0.00000   0.00000   0.00000
 Y2     Y                  0.96730   0.00000   0.25000   0.48342   0.50000           0    0    0   24
                 Codes:    0.00000   0.00000   0.00000 181.00000   0.00000
                 Betas:   -0.00012   0.00000   0.00000   0.00000   0.00000   0.00000
                 Codes:  221.00000   0.00000   0.00000   0.00000   0.00000   0.00000
 O1     O                  0.39150   0.15380   0.38000   0.79049   1.07562           0    0    0   48
                 Codes:    0.00000   0.00000   0.00000 191.00000 211.00000
                 Betas:    0.00000   0.00000   0.00000   0.00000   0.00000   0.00000
                 Codes:    0.00000   0.00000   0.00000   0.00000   0.00000   0.00000

 => IT IS ASSUMED THAT THE FIRST GIVEN SITE IS FULLY OCCUPIED 
    OR THE FIRST AND SECOND ATOMS ARE IN THE SAME SITE WITH TOTAL FULL OCCUPATION
  (If this is not the case, change the order of atoms to obtain correct values for the content of the unit cell)
    The given occupation factors have been obtained mutiplying m/M by   1.0000
      -> Atom: Y   ,  Chemical element: Y   Atomic Mass:    88.9059
      -> Atom: Y   ,  Chemical element: Y   Atomic Mass:    88.9059
      -> Atom: O   ,  Chemical element: O   Atomic Mass:    15.9994
 => The given value of ATZ is       3671.12 the program has calculated:        3671.12
    The value of ATZ given in the input PCR file will be used for quantitative analysis
 => The chemical content of the unit cell is: 
       8.0000 Y    +  23.9995 Y    +  51.6287 O      
 => The normalized site occupation numbers in % are: 
     100.0000 Y1     :       99.9980 Y2     :      107.5598 O1       
 => The density (volumic mass) of the compound is:    5.113 g/cm3

 =>-------> PROFILE PARAMETERS FOR PATTERN:  1

 => Overall scale factor:   0.102130E-03
 => ETA (p-Voigt) OR M (Pearson VII):   0.0000
 => Overall temperature factor:     -0.12359
 => Halfwidth U,V,W:      0.01540    -0.02235     0.01008
 => X and Y parameters:       0.0226      0.0428
 => Direct cell parameters:   10.6040  10.6040  10.6040  90.0000  90.0000  90.0000
 => Preferred orientation parameters:   1.0000  0.0000
 => Asymmetry parameters     :      0.00000    -0.00942     0.00000     0.06955
 => Strain parameters        :      0.00000     0.00000     0.00000
 => Size   parameters        :      0.00035     0.00000
 => Further shape parameters (S_L and D_L):   0.00000   0.00000
    S_L is source width/detector distance
    D_L is detector width/detector distance

 ==> CODEWORDS FOR PROFILE PARAMETERS of PATTERN#  1

 => Overall scale factor:   11.000
 => ETA (p-Voigt) OR M (Pearson VII):    0.000
 => Overall temperature factor:  161.000
 => Halfwidth U,V,W:  111.000 101.000  71.000
 => X and Y parameters:  151.000 141.000
 => Direct cell parameters:   61.000  61.000  61.000   0.000   0.000   0.000
 => Preferred orientation parameters:    0.000   0.000
 => Asymmetry parameters     :    0.000 121.000   0.000 131.000
 => Strain parameters        :    0.000   0.000   0.000
 => Size   parameters        :  201.000   0.000

 => Cell constraints according to Laue symmetry: m-3  

        Metric information:
        -------------------

 => Direct cell parameters:

         a =      10.6040      b =      10.6040      c =      10.6040
     alpha =       90.000   beta =       90.000  gamma =       90.000
                        Direct Cell Volume =    1192.3549

 => Reciprocal cell parameters:

         a*=     0.094304      b*=     0.094304      c*=     0.094304
     alpha*=       90.000   beta*=       90.000  gamma*=       90.000
                    Reciprocal Cell Volume =   0.00083868

 => Direct and Reciprocal Metric Tensors:

                   GD                                       GR
    112.4442      0.0000      0.0000          0.008893    0.000000    0.000000
      0.0000    112.4442      0.0000          0.000000    0.008893    0.000000
      0.0000      0.0000    112.4442          0.000000    0.000000    0.008893

 =>  Cartesian frame: x // a; y is in the ab-plane; z is x ^ y   

     Crystal_to_Orthonormal_Matrix              Orthonormal_to_Crystal Matrix
              Cr_Orth_cel                               Orth_Cr_cel  
     10.6040      0.0000      0.0000          0.094304   -0.000000   -0.000000
      0.0000     10.6040      0.0000          0.000000    0.094304   -0.000000
      0.0000      0.0000     10.6040          0.000000    0.000000    0.094304

     Busing-Levy B-matrix: Hc=B.H            Inverse of the Busing-Levy B-matrix
                BL_M                                      BL_Minv  
    0.094304    0.000000    0.000000           10.6040     -0.0000     -0.0000
    0.000000    0.094304   -0.000000            0.0000     10.6040      0.0000
    0.000000    0.000000    0.094304            0.0000      0.0000     10.6040

 => Laue symmetry m-3   will be used to generate HKL for pattern#   1
 => Reflections generated between S(1/d)min:  0.0353 A-1 and S(1/d)max:  1.2585 A-1
 =>                                    dmax: 28.3647 A   and      dmin:  0.7946 A
 => The number of reflections generated is:    211
 => The max. scatt. variable (gen.ref.) is:       151.5761
 => Scattering coefficients from internal table


 => X-ray scattering coeff. (A1, B1, A2,...C, f(0), Z, Dfp,Dfpp)

 Y      17.7760   1.4029  10.2946  12.8006   5.7263   0.1256   3.2659 104.3540   1.9121  38.9749  39.0000  -0.3860   2.0250
 O       3.0485  13.2771   2.2868   5.7011   1.5463   0.3239   0.8670  32.9089   0.2508   7.9994   8.0000   0.0470   0.0320

     --------------------------------------------------------------
      SYMBOLIC NAMES AND INITIAL VALUES OF PARAMETERS TO BE VARIED:
     --------------------------------------------------------------

      ->  Parameter number    1   -> Symbolic Name:       Scale_ph1_pat1    0.10213000E-03
      ->  Parameter number    2   -> Symbolic Name:           SySin_pat1    0.72209999E-01
      ->  Parameter number    3   -> Symbolic Name:            Zero_pat1   -0.56660000E-01
      ->  Parameter number    4   -> Symbolic Name:           Bck_0_pat1     587.30902    
      ->  Parameter number    5   -> Symbolic Name:           Bck_1_pat1    -60.797001    
      ->  Parameter number    6   -> Symbolic Name:      Cell_A_ph1_pat1     10.603971    
      ->  Parameter number    7   -> Symbolic Name:      W-Cagl_ph1_pat1    0.10085000E-01
      ->  Parameter number    8   -> Symbolic Name:           Bck_2_pat1     36.611000    
      ->  Parameter number    9   -> Symbolic Name:           Bck_4_pat1    -6.1560001    
      ->  Parameter number   10   -> Symbolic Name:      V-Cagl_ph1_pat1   -0.22352001E-01
      ->  Parameter number   11   -> Symbolic Name:      U-Cagl_ph1_pat1    0.15401000E-01
      ->  Parameter number   12   -> Symbolic Name:       Asym2_ph1_pat1   -0.94200000E-02
      ->  Parameter number   13   -> Symbolic Name:       Asym4_ph1_pat1    0.69550000E-01
      ->  Parameter number   14   -> Symbolic Name:       Y-cos_ph1_pat1    0.42755000E-01
      ->  Parameter number   15   -> Symbolic Name:       X-tan_ph1_pat1    0.22599000E-01
      ->  Parameter number   16   -> Symbolic Name:       Bover_ph1_pat1   -0.12359000    
      ->  Parameter number   17   -> Symbolic Name:          Biso_Y1_ph1    0.44821000    
      ->  Parameter number   18   -> Symbolic Name:          Biso_Y2_ph1    0.48342001    
      ->  Parameter number   19   -> Symbolic Name:          Biso_O1_ph1    0.79048997    
      ->  Parameter number   20   -> Symbolic Name:      G-Size_ph1_pat1    0.35399999E-03
      ->  Parameter number   21   -> Symbolic Name:           Occ_O1_ph1     1.0756201    
      ->  Parameter number   22   -> Symbolic Name:         bet11_Y2_ph1   -0.12000000E-03
  
 
 => No optimization for routine tasks
 ++++++++++++++++++++++++++++++++++++++++++++++++++++++++++++++++++++++++++++++++++++++++++++++++++++++++++++++++++++++++

 => CYCLE No.:    1
 ---------------------------------------------------------------------------------------
 => Phase  1 Name: O3 Y2                                                                 
 ---------------------------------------------------------------------------------------
 => New parameters, shifts, and standard deviations

 Atom        x       dx      sx       y       dy      sy       z       dz      sz       B       dB      sB      occ.    docc.   socc.

 Y1       0.25000 0.00000 0.00000  0.25000 0.00000 0.00000  0.25000 0.00000 0.00000  0.44543-0.00278 1.00000  0.16667 0.00000 0.00000
 Y2       0.96730 0.00000 0.00000  0.00000 0.00000 0.00000  0.25000 0.00000 0.00000  0.48034-0.00308 1.00000  0.50000 0.00000 0.00000
 O1       0.39150 0.00000 0.00000  0.15380 0.00000 0.00000  0.38000 0.00000 0.00000  0.78771-0.00278 1.00000  1.07561-0.00001 0.00733

 Atom         B11      DB11      SB11       B22      DB22      SB22       B33      DB33      SB33
              B12      DB12      SB12       B13      DB13      SB13       B23      DB23      SB23
 Y1      0.000000  0.000000  0.000000  0.000000  0.000000  0.000000  0.000000  0.000000  0.000000
         0.000000  0.000000  0.000000  0.000000  0.000000  0.000000  0.000000  0.000000  0.000000
 Y2     -0.000120 -0.000000  0.000123  0.000000  0.000000  0.000000  0.000000  0.000000  0.000000
         0.000000  0.000000  0.000000  0.000000  0.000000  0.000000  0.000000  0.000000  0.000000
 O1      0.000000  0.000000  0.000000  0.000000  0.000000  0.000000  0.000000  0.000000  0.000000
         0.000000  0.000000  0.000000  0.000000  0.000000  0.000000  0.000000  0.000000  0.000000

 ==> PROFILE PARAMETERS FOR PATTERN#  1

 => Overall scale factor:      0.000102129    -0.000000001     0.000000231
 => Eta(p-Voigt) or m(Pearson VII):   0.000000  0.000000  0.000000
 => Overall tem. factor:    -0.117825    0.005765    6.879085
 => Halfwidth parameters: 
         0.015414    0.000013    0.019987
        -0.022351    0.000001    0.000840
         0.010103    0.000018    0.019985
 => Cell parameters: 
       10.603970   -0.000001    0.000059
       10.603970   -0.000001    0.000059
       10.603970   -0.000001    0.000059
       90.000000    0.000000    0.000000
       90.000000    0.000000    0.000000
       90.000000    0.000000    0.000000
 => Preferred orientation: 
         1.000000    0.000000    0.000000
         0.000000    0.000000    0.000000
 => Asymmetry parameters: 
         0.000000    0.000000    0.000000
        -0.009353    0.000067    0.007720
         0.000000    0.000000    0.000000
         0.069481   -0.000069    0.017179
 => X and Y parameters: 
         0.022627    0.000028    0.002364
         0.042752   -0.000003    0.000866
 => Strain parameters: 
         0.000000    0.000000    0.000000
         0.000000    0.000000    0.000000
         0.000000    0.000000    0.000000
 => Size   parameters (G,L): 
         0.000347   -0.000007    0.009995
         0.000000    0.000000    0.000000
 => Further shape parameters (S_L and D_L): 
       0.000000  0.000000  0.000000
       0.000000  0.000000  0.000000

 ==> GLOBAL PARAMETERS FOR PATTERN#  1


 => Zero-point:    -0.0567   -0.0000    0.0006
 => Background Polynomial Parameters ==>
       587.30    -0.58895E-02  1.3018    
      -60.821    -0.23528E-01  3.3894    
       36.584    -0.26743E-01  6.4442    
       0.0000      0.0000      0.0000    
      -6.1291     0.26933E-01  2.5599    
       0.0000      0.0000      0.0000    

 => Cos( theta)-shift parameter :   0.0000  0.0000  0.0000
 => Sin(2theta)-shift parameter :   0.0722 -0.0000  0.0016

 ==> RELIABILITY FACTORS WITH ALL NON-EXCLUDED POINTS FOR PATTERN:  1

 => R-Factors:   3.57      4.78     Chi2:  2.75     DW-Stat.:  0.9092   Patt#:  1
 => Expected :            2.88                                1.9129
 => Deviance : 0.111E+05     Dev*:   2.802    
 => GoF-index:  1.7         Sqrt(Residual/N)
 => N-P+C:  3977

 =>    SumYdif       SumYobs      SumYcal      SumwYobsSQ     Residual    Condition
     0.1713E+06    0.4798E+07    0.4787E+07    0.4798E+07    0.1095E+05    0.9486E+18


 => Conventional Rietveld Rp,Rwp,Re and Chi2:   6.84      7.30      4.40      2.753    
 => (Values obtained using Ynet, but true sigma(y))
 =>  SumYnet, Sum(w Ynet**2):     0.2504E+07    0.2057E+07


 ==> RELIABILITY FACTORS FOR POINTS WITH BRAGG CONTRIBUTIONS FOR PATTERN:  1

 => R-Factors:   3.46      4.60     Chi2:  2.80     DW-Stat.:  1.0687   Patt#:
 => Expected :            2.75                                1.9059
 => Deviance : 0.941E+04     Dev*:   2.822    
 => GoF-index:  1.7         Sqrt(Residual/N)
 => N-P+C:  3333

 =>    SumYdif       SumYobs      SumYcal      SumwYobsSQ     Residual    Condition
     0.1526E+06    0.4411E+07    0.4406E+07    0.4411E+07     9316.        0.9486E+18


 => Conventional Rietveld Rp,Rwp,Re and Chi2:   6.10      6.73      4.03      2.795    
 => (Values obtained using Ynet, but true sigma(y))
 =>  SumYnet, Sum(w Ynet**2):     0.2499E+07    0.2055E+07


 => Global user-weigthed Chi2 (Bragg contrib.):   3.29    

 => ---------> Pattern#  1
 => Phase:  1
 =>    Bragg R-factor:  2.64    
 =>    RF-factor     :  2.13    


   Standard deviations have to be multiplied by: 2.2685
   (correlated residuals) See references:
  -J.F.Berar & P.Lelann, J. Appl. Cryst. 24, 1-5 (1991) 
  -J.F.Berar, Acc. in Pow. Diff. II,NIST Sp.Pub. 846, 63(1992) 

 ++++++++++++++++++++++++++++++++++++++++++++++++++++++++++++++++++++++++++++++++++++++++++++++++++++++++++++++++++++++++

 => CYCLE No.:    1
 =>  Convergence reached at this CYCLE !!!!
 =>  Parameter shifts set to zero
 ---------------------------------------------------------------------------------------
 => Phase  1 Name: O3 Y2                                                                 
 ---------------------------------------------------------------------------------------
 => New parameters, shifts, and standard deviations

 Atom        x       dx      sx       y       dy      sy       z       dz      sz       B       dB      sB      occ.    docc.   socc.

 Y1       0.25000 0.00000 0.00000  0.25000 0.00000 0.00000  0.25000 0.00000 0.00000  0.44543 0.00000 1.00000  0.16667 0.00000 0.00000
 Y2       0.96730 0.00000 0.00000  0.00000 0.00000 0.00000  0.25000 0.00000 0.00000  0.48034 0.00000 1.00000  0.50000 0.00000 0.00000
 O1       0.39150 0.00000 0.00000  0.15380 0.00000 0.00000  0.38000 0.00000 0.00000  0.78771 0.00000 1.00000  1.07561 0.00000 0.00733

 Atom         B11      DB11      SB11       B22      DB22      SB22       B33      DB33      SB33
              B12      DB12      SB12       B13      DB13      SB13       B23      DB23      SB23
 Y1      0.000000  0.000000  0.000000  0.000000  0.000000  0.000000  0.000000  0.000000  0.000000
         0.000000  0.000000  0.000000  0.000000  0.000000  0.000000  0.000000  0.000000  0.000000

    U-Eigen Value (A**2) ----      Eigen vector(Orth. syst.)
        0.00000          ----    0.93753   -0.21290    0.27515
        0.00000          ----    0.15653    0.96445    0.21291
        0.00000          ----   -0.31070   -0.15653    0.93753

    Isotropic temperature factor Uequiv(A**2):   0.0000
    Isotropic temperature factor Bequiv(A**2):   0.0000

     R.M.S. in ANGSTROMS ------       Angles with A, B, C
        0.00000          ----     20.359    102.293     74.029
        0.00000          ----     80.994     15.323     77.707
        0.00000          ----    108.101     99.006     20.359
 
 Y2     -0.000120  0.000000  0.000123  0.000000  0.000000  0.000000  0.000000  0.000000  0.000000
         0.000000  0.000000  0.000000  0.000000  0.000000  0.000000  0.000000  0.000000  0.000000

    U-Eigen Value (A**2) ----      Eigen vector(Orth. syst.)
       -0.00068          ----    1.00000    0.00000    0.00000
        0.00000          ----    0.00000    0.70711    0.70711
        0.00000          ----    0.00000    0.70711   -0.70711

   -> Matrix U non-positive definite! 

    Isotropic temperature factor Uequiv(A**2):  -0.0002
    Isotropic temperature factor Bequiv(A**2):  -0.0180

 O1      0.000000  0.000000  0.000000  0.000000  0.000000  0.000000  0.000000  0.000000  0.000000
         0.000000  0.000000  0.000000  0.000000  0.000000  0.000000  0.000000  0.000000  0.000000

    U-Eigen Value (A**2) ----      Eigen vector(Orth. syst.)
        0.00000          ----    0.93753   -0.21290    0.27515
        0.00000          ----    0.15653    0.96445    0.21291
        0.00000          ----   -0.31070   -0.15653    0.93753

    Isotropic temperature factor Uequiv(A**2):   0.0000
    Isotropic temperature factor Bequiv(A**2):   0.0000

     R.M.S. in ANGSTROMS ------       Angles with A, B, C
        0.00000          ----     20.359    102.293     74.029
        0.00000          ----     80.994     15.323     77.707
        0.00000          ----    108.101     99.006     20.359
 

 ==> PROFILE PARAMETERS FOR PATTERN#  1

 => Overall scale factor:      0.000102129     0.000000000     0.000000231
 => Eta(p-Voigt) or m(Pearson VII):   0.000000  0.000000  0.000000
 => Overall tem. factor:    -0.117825    0.000000    6.879085
 => Halfwidth parameters: 
         0.015414    0.000000    0.019987
        -0.022351    0.000000    0.000840
         0.010103    0.000000    0.019985
 => Cell parameters: 
       10.603970    0.000000    0.000059
       10.603970    0.000000    0.000059
       10.603970    0.000000    0.000059
       90.000000    0.000000    0.000000
       90.000000    0.000000    0.000000
       90.000000    0.000000    0.000000
 => Preferred orientation: 
         1.000000    0.000000    0.000000
         0.000000    0.000000    0.000000
 => Asymmetry parameters: 
         0.000000    0.000000    0.000000
        -0.009353    0.000000    0.007720
         0.000000    0.000000    0.000000
         0.069481    0.000000    0.017179
 => X and Y parameters: 
         0.022627    0.000000    0.002364
         0.042752    0.000000    0.000866
 => Strain parameters: 
         0.000000    0.000000    0.000000
         0.000000    0.000000    0.000000
         0.000000    0.000000    0.000000
 => Size   parameters (G,L): 
         0.000347    0.000000    0.009995
         0.000000    0.000000    0.000000
 => Further shape parameters (S_L and D_L): 
       0.000000  0.000000  0.000000
       0.000000  0.000000  0.000000

 ==> GLOBAL PARAMETERS FOR PATTERN#  1


 => Zero-point:    -0.0567    0.0000    0.0006
 => Background Polynomial Parameters ==>
       587.30      0.0000      1.3018    
      -60.821      0.0000      3.3894    
       36.584      0.0000      6.4442    
       0.0000      0.0000      0.0000    
      -6.1291      0.0000      2.5599    
       0.0000      0.0000      0.0000    

 => Cos( theta)-shift parameter :   0.0000  0.0000  0.0000
 => Sin(2theta)-shift parameter :   0.0722  0.0000  0.0016

 ==> RELIABILITY FACTORS WITH ALL NON-EXCLUDED POINTS FOR PATTERN:  1

 => R-Factors:   3.57      4.78     Chi2:  2.75     DW-Stat.:  0.9092   Patt#:  1
 => Expected :            2.88                                1.9129
 => Deviance : 0.111E+05     Dev*:   2.802    
 => GoF-index:  1.7         Sqrt(Residual/N)
 => N-P+C:  3977

 =>    SumYdif       SumYobs      SumYcal      SumwYobsSQ     Residual    Condition
     0.1713E+06    0.4798E+07    0.4787E+07    0.4798E+07    0.1095E+05    0.9486E+18


 => Conventional Rietveld Rp,Rwp,Re and Chi2:   6.84      7.30      4.40      2.753    
 => (Values obtained using Ynet, but true sigma(y))
 =>  SumYnet, Sum(w Ynet**2):     0.2504E+07    0.2057E+07

 => N-sigma of the GoF:   78.184

 ==> RELIABILITY FACTORS FOR POINTS WITH BRAGG CONTRIBUTIONS FOR PATTERN:  1

 => R-Factors:   3.46      4.60     Chi2:  2.80     DW-Stat.:  1.0687   Patt#:
 => Expected :            2.75                                1.9059
 => Deviance : 0.941E+04     Dev*:   2.822    
 => GoF-index:  1.7         Sqrt(Residual/N)
 => N-P+C:  3333

 =>    SumYdif       SumYobs      SumYcal      SumwYobsSQ     Residual    Condition
     0.1526E+06    0.4411E+07    0.4406E+07    0.4411E+07     9316.        0.9486E+18


 => Conventional Rietveld Rp,Rwp,Re and Chi2:   6.10      6.73      4.03      2.795    
 => (Values obtained using Ynet, but true sigma(y))
 =>  SumYnet, Sum(w Ynet**2):     0.2499E+07    0.2055E+07

 => N-sigma of the GoF:       73.278

 => Global user-weigthed Chi2 (Bragg contrib.):   3.29    

 => ---------> Pattern#  1
 => Phase:  1
 =>    Bragg R-factor:  2.64    
 =>    RF-factor     :  2.13    

 --------------------------------------------------------------------------------------------------------------
 Pattern#  1 Phase No:   1 Phase name: O3 Y2                         
 --------------------------------------------------------------------------------------------------------------

   No.  Code     H   K   L  Mult     Hw         2theta      Icalc       Iobs      Sigma      HwG     HwL       ETA       d-hkl        CORR

      1   1      2   1   1    24  0.110983      20.499     1156.5     1164.3      9.046  0.083141  0.047535  0.506272  4.329053    694.985352
      2   1      2   2   0    12  0.108816      23.713        2.2       19.7    151.869  0.080255  0.048431  0.523261  3.749070    257.149933
      3   1      2   2   2     8  0.105336      29.149     9990.4    10084.3     93.527  0.075449  0.050052  0.553278  3.061103    111.308479
      4   1      2   3   1    24  0.103887      31.542       30.2       36.5      7.850  0.073368  0.050810  0.566969  2.834030    282.526917
      5   1      3   2   1    24  0.103887      31.542        5.0        6.1      1.310  0.073368  0.050810  0.566969  2.834030    282.526917
      6   1      4   0   0     6  0.102583      33.783     2434.9     2383.6     49.511  0.071444  0.051545  0.580018  2.650993     61.014946
      7   1      4   1   1    24  0.101401      35.900      500.5      484.1     16.008  0.069652  0.052264  0.592525  2.499380    214.215195
      8   1      2   4   0    12  0.100327      37.914       42.9       35.9      5.861  0.067972  0.052969  0.604562  2.371120     95.203857
      9   1      4   2   0    12  0.100327      37.914       72.4       60.6      9.893  0.067972  0.052969  0.604562  2.371120     95.203857
     10   1      3   3   2    24  0.099349      39.841      635.5      599.1     33.751  0.066391  0.053666  0.616175  2.260774    170.992111
     11   1      4   2   2    24  0.098459      41.693       96.9       81.3     13.217  0.064900  0.054355  0.627400  2.164526    154.871613
     12   1      3   4   1    24  0.097651      43.480      485.8      471.4     13.877  0.063491  0.055040  0.638258  2.079610    141.287003
     13   1      4   3   1    24  0.097651      43.480      391.7      380.1     11.189  0.063491  0.055040  0.638258  2.079610    141.287003
     14   1      2   5   1    24  0.096263      46.890      161.9      160.7      2.317  0.060898  0.056403  0.658928  1.936011    119.700714
     15   1      5   2   1    24  0.096263      46.890      134.8      133.8      1.929  0.060898  0.056403  0.658928  1.936011    119.700714
     16   1      4   4   0    12  0.095678      48.525     4373.0     4426.1     53.078  0.059708  0.057083  0.668750  1.874535     55.501617
     17   1      4   3   3    24  0.095163      50.120      223.1      257.1     38.258  0.058585  0.057765  0.678232  1.818566    103.375427
     18   1      4   4   2    24  0.094716      51.678        6.8        7.2      0.640  0.057528  0.058448  0.687368  1.767328     96.640015
     19   1      6   0   0     6  0.094716      51.678       40.8       43.5      3.863  0.057528  0.058448  0.687368  1.767328     24.160004
     20   1      3   5   2    24  0.094339      53.204       89.1       92.5      4.076  0.056537  0.059135  0.696152  1.720191     90.657112
     21   1      5   3   2    24  0.094339      53.204      100.4      104.2      4.591  0.056537  0.059135  0.696152  1.720191     90.657112
     22   1      6   1   1    24  0.094339      53.204      359.5      373.3     16.444  0.056537  0.059135  0.696152  1.720191     90.657112
     23   1      2   6   0    12  0.094030      54.699       74.1       75.1      2.254  0.055612  0.059825  0.704576  1.676635     42.657372
     24   1      6   2   0    12  0.094030      54.699       44.1       44.7      1.341  0.055612  0.059825  0.704576  1.676635     42.657372
     25   1      4   5   1    24  0.093791      56.168      248.1      271.2     24.704  0.054753  0.060520  0.712628  1.636228     80.522308
     26   1      5   4   1    24  0.093791      56.168      183.5      200.6     18.271  0.054753  0.060520  0.712628  1.636228     80.522308
     27   1      6   2   2    24  0.093621      57.612     2901.3     3017.7    118.142  0.053962  0.061220  0.720298  1.598609     76.205818
     28   1      3   6   1    24  0.093522      59.033      324.6      343.0     18.974  0.053238  0.061926  0.727574  1.563470     72.304100
     29   1      6   3   1    24  0.093522      59.033      303.0      320.2     17.712  0.053238  0.061926  0.727574  1.563470     72.304100
     30   1      4   4   4     8  0.093495      60.433      483.9      511.8     28.931  0.052584  0.062639  0.734442  1.530551     22.922070
     31   1      4   5   3    24  0.093541      61.814       74.5       74.9      1.224  0.052003  0.063360  0.740889  1.499628     65.549461
     32   1      5   4   3    24  0.093541      61.814      131.7      132.5      2.166  0.052003  0.063360  0.740889  1.499628     65.549461
     33   1      4   6   0    12  0.093662      63.178      112.1      105.5      6.520  0.051494  0.064089  0.746905  1.470506     31.308857
     34   1      6   4   0    12  0.093662      63.178       20.6       19.4      1.197  0.051494  0.064089  0.746905  1.470506     31.308857
     35   1      5   5   2    24  0.093859      64.525        4.7        4.4      0.249  0.051062  0.064827  0.752476  1.443018     59.940216
     36   1      7   2   1    24  0.093859      64.525      148.6      140.1      7.914  0.051062  0.064827  0.752476  1.443018     59.940216
     37   1      2   7   1    24  0.093859      64.525       88.3       83.3      4.703  0.051062  0.064827  0.752476  1.443018     59.940193
     38   1      6   3   3    24  0.093859      64.525      104.3       98.3      5.555  0.051062  0.064827  0.752476  1.443018     59.940193
     39   1      4   6   2    24  0.094135      65.857       20.7       19.6      1.077  0.050707  0.065574  0.757593  1.417015     57.490654
     40   1      6   4   2    24  0.094135      65.857      135.1      128.0      7.038  0.050707  0.065574  0.757593  1.417015     57.490654
     41   1      6   5   1    24  0.095447      69.776       94.8       96.1      2.009  0.050134  0.067881  0.770134  1.346706     51.298187
     42   1      7   3   2    24  0.095447      69.776        1.2        1.2      0.025  0.050134  0.067881  0.770134  1.346706     51.298187
     43   1      3   7   2    24  0.095447      69.776        0.9        0.9      0.018  0.050134  0.067881  0.770134  1.346706     51.298176
     44   1      5   6   1    24  0.095447      69.776      110.4      111.9      2.339  0.050134  0.067881  0.770134  1.346706     51.298176
     45   1      8   0   0     6  0.096053      71.060      444.4      457.6     13.657  0.050115  0.068674  0.773359  1.325496     12.390577
     46   1      5   5   4    24  0.096745      72.333       60.7       61.7      1.109  0.050185  0.069480  0.776102  1.305259     47.967358
     47   1      7   4   1    24  0.096745      72.333       63.2       64.2      1.154  0.050185  0.069480  0.776102  1.305259     47.967358
     48   1      4   7   1    24  0.096745      72.333       77.8       79.0      1.421  0.050185  0.069480  0.776102  1.305259     47.967350
     49   1      8   1   1    24  0.096745      72.333      172.1      174.8      3.143  0.050185  0.069480  0.776102  1.305259     47.967350
     50   1      2   8   0    12  0.097526      73.598       56.0       54.4      1.742  0.050347  0.070300  0.778366  1.285920     23.250937
     51   1      6   4   4    24  0.097526      73.598       49.7       48.2      1.544  0.050347  0.070300  0.778366  1.285920     46.501873
     52   1      8   2   0    12  0.097526      73.598       93.0       90.3      2.892  0.050347  0.070300  0.778366  1.285920     23.250937
     53   1      5   6   3    24  0.098397      74.855      109.6      108.8      1.708  0.050601  0.071135  0.780152  1.267417     45.155834
     54   1      6   5   3    24  0.098397      74.855      113.8      113.0      1.774  0.050601  0.071135  0.780152  1.267417     45.155834
     55   1      6   6   0    12  0.099361      76.104        1.4        1.4      0.031  0.050951  0.071985  0.781468  1.249690     21.960150
     56   1      8   2   2    24  0.099361      76.104      137.6      136.2      3.059  0.050951  0.071985  0.781468  1.249690     43.920300
     57   1      3   8   1    24  0.100418      77.347       96.7       98.9      2.307  0.051398  0.072851  0.782321  1.232687     42.787422
     58   1      4   7   3    24  0.100418      77.347       65.5       67.0      1.563  0.051398  0.072851  0.782321  1.232687     42.787422
     59   1      7   4   3    24  0.100418      77.347       66.6       68.1      1.589  0.051398  0.072851  0.782321  1.232687     42.787422
     60   1      8   3   1    24  0.100418      77.347      119.1      121.7      2.840  0.051398  0.072851  0.782321  1.232687     42.787422

   No.  Code     H   K   L  Mult     Hw         2theta      Icalc       Iobs      Sigma      HwG     HwL       ETA       d-hkl        CORR

     61   1      6   6   2    24  0.101570      78.583      774.1      790.6     16.917  0.051942  0.073735  0.782722  1.216359     41.750179
     62   1      5   7   2    24  0.102819      79.814        1.3        2.2      1.670  0.052585  0.074637  0.782682  1.200663     40.802395
     63   1      7   5   2    24  0.102819      79.814        6.5       11.4      8.481  0.052585  0.074637  0.782682  1.200663     40.802395
     64   1      4   8   0    12  0.104167      81.041      256.2      263.8      8.802  0.053329  0.075559  0.782218  1.185560     19.969248
     65   1      8   4   0    12  0.104167      81.041      255.8      263.4      8.789  0.053329  0.075559  0.782218  1.185560     19.969248
     66   1      8   3   3    24  0.105615      82.263      103.5      103.3      2.513  0.054173  0.076501  0.781343  1.171013     39.153564
     67   1      4   8   2    24  0.107165      83.482       65.8       64.3      2.073  0.055119  0.077464  0.780077  1.156988     38.443207
     68   1      8   4   2    24  0.107165      83.482       52.1       50.9      1.640  0.055119  0.077464  0.780077  1.156988     38.443207
     69   1      6   5   5    24  0.108819      84.698      130.2      127.9      2.832  0.056168  0.078449  0.778436  1.143456     37.803505
     70   1      2   9   1    24  0.108819      84.698        3.6        3.5      0.078  0.056168  0.078449  0.778436  1.143456     37.803513
     71   1      6   7   1    24  0.108819      84.698       58.8       57.8      1.280  0.056168  0.078449  0.778436  1.143456     37.803513
     72   1      7   6   1    24  0.108819      84.698       42.0       41.2      0.913  0.056168  0.078449  0.778436  1.143456     37.803513
     73   1      9   2   1    24  0.108819      84.698        9.0        8.9      0.196  0.056168  0.078449  0.778436  1.143456     37.803513
     74   1      6   6   4    24  0.110579      85.911       20.3       19.7      2.098  0.057320  0.079459  0.776441  1.130387     37.230988
     75   1      5   7   4    24  0.112446      87.123       65.9       64.4      1.753  0.058575  0.080494  0.774111  1.117757     36.722557
     76   1      5   8   1    24  0.112446      87.123       82.9       80.9      2.204  0.058575  0.080494  0.774111  1.117757     36.722557
     77   1      7   5   4    24  0.112446      87.123       43.9       42.9      1.167  0.058575  0.080494  0.774111  1.117757     36.722557
     78   1      8   5   1    24  0.112446      87.123       58.0       56.6      1.542  0.058575  0.080494  0.774111  1.117757     36.722557
     79   1      3   9   2    24  0.116512      89.542       12.2       12.7      0.571  0.061402  0.082644  0.768528  1.093716     35.887352
     80   1      6   7   3    24  0.116512      89.542      107.6      112.4      5.043  0.061402  0.082644  0.768528  1.093716     35.887352
     81   1      7   6   3    24  0.116512      89.542      127.7      133.4      5.986  0.061402  0.082644  0.768528  1.093716     35.887352
     82   1      9   3   2    24  0.116512      89.542       14.5       15.1      0.678  0.061402  0.082644  0.768528  1.093716     35.887352
     83   1      8   4   4    24  0.118717      90.752      555.4      588.1     33.857  0.062974  0.083763  0.765315  1.082263     35.556038
     84   1      4   9   1    24  0.121039      91.961       25.6       26.7      1.126  0.064654  0.084913  0.761848  1.071163     35.279728
     85   1      5   8   3    24  0.121039      91.961       74.7       77.8      3.285  0.064654  0.084913  0.761848  1.071163     35.279732
     86   1      8   5   3    24  0.121039      91.961      116.5      121.3      5.124  0.064654  0.084913  0.761848  1.071163     35.279732
     87   1      9   4   1    24  0.121039      91.961       46.1       48.0      2.029  0.064654  0.084913  0.761848  1.071163     35.279728
     88   1     10   0   0     6  0.123482      93.172       39.7       38.2      1.510  0.066443  0.086096  0.758146  1.060397      8.764207
     89   1      6   8   0    12  0.123482      93.172       12.2       11.7      0.463  0.066443  0.086096  0.758146  1.060397     17.528412
     90   1      8   6   0    12  0.123482      93.172      118.2      113.9      4.501  0.066443  0.086096  0.758146  1.060397     17.528412
     91   1      7   7   2    24  0.126050      94.384       37.9       42.2      4.711  0.068343  0.087315  0.754229  1.049950     34.886013
     92   1     10   1   1    24  0.126050      94.384       45.1       50.1      5.603  0.068343  0.087315  0.754229  1.049950     34.886013
     93   1      2  10   0    12  0.128746      95.598       66.5       64.9      1.632  0.070356  0.088571  0.750113  1.039805     17.383091
     94   1      6   8   2    24  0.128746      95.598      220.2      215.0      5.408  0.070356  0.088571  0.750113  1.039805     34.766182
     95   1      8   6   2    24  0.128746      95.598       22.9       22.3      0.562  0.070356  0.088571  0.750113  1.039805     34.766182
     96   1     10   2   0    12  0.128746      95.598       78.7       76.8      1.933  0.070356  0.088571  0.750113  1.039805     17.383091
     97   1      4   9   3    24  0.131575      96.814       62.2       66.6      4.818  0.072485  0.089867  0.745818  1.029949     34.696457
     98   1      9   4   3    24  0.131575      96.814       34.2       36.6      2.652  0.072485  0.089867  0.745818  1.029949     34.696457
     99   1     10   2   2    24  0.134542      98.034      411.0      421.7     11.199  0.074732  0.091204  0.741359  1.020368     34.676182
    100   1      6   6   6     8  0.134542      98.034       90.5       92.9      2.467  0.074732  0.091205  0.741359  1.020368     11.558727
    101   1      3  10   1    24  0.137653      99.257       60.0       59.7      0.610  0.077101  0.092587  0.736752  1.011049     34.704918
    102   1     10   3   1    24  0.137653      99.257       60.2       59.9      0.612  0.077101  0.092587  0.736752  1.011049     34.704918
    103   1      5   9   2    24  0.137653      99.257       24.7       24.6      0.251  0.077101  0.092587  0.736752  1.011049     34.704914
    104   1      6   7   5    24  0.137653      99.257       77.8       77.5      0.791  0.077101  0.092587  0.736752  1.011049     34.704910
    105   1      7   6   5    24  0.137653      99.257       88.8       88.4      0.903  0.077101  0.092587  0.736752  1.011049     34.704910
    106   1      9   5   2    24  0.137653      99.257       32.9       32.8      0.335  0.077101  0.092587  0.736752  1.011049     34.704914

     -----------------------------------------------------
     BRAGG R-Factors and weight fractions for Pattern #  1
     -----------------------------------------------------

 => Phase:  1     O3 Y2
 => Bragg R-factor:   2.64       Vol: 1192.354( 0.011)  Fract(%):  100.00( 0.32)
 => Rf-factor=  2.13             ATZ:        3671.111   Brindley:  1.0000

     -----------------------------------------------------------------
      SYMBOLIC NAMES AND FINAL VALUES AND SIGMA OF REFINED PARAMETERS:
     -----------------------------------------------------------------

      ->  Parameter number    1 :       Scale_ph1_pat1    0.10212901E-03( +/-    0.23132506E-06 )
      ->  Parameter number    2 :           SySin_pat1    0.72179891E-01( +/-    0.15649513E-02 )
      ->  Parameter number    3 :            Zero_pat1   -0.56662593E-01( +/-    0.57823159E-03 )
      ->  Parameter number    4 :           Bck_0_pat1     587.30316    ( +/-     1.3018482     )
      ->  Parameter number    5 :           Bck_1_pat1    -60.820530    ( +/-     3.3894365     )
      ->  Parameter number    6 :      Cell_A_ph1_pat1     10.603970    ( +/-    0.58922822E-04 )
      ->  Parameter number    7 :      W-Cagl_ph1_pat1    0.10103084E-01( +/-    0.19984761E-01 )
      ->  Parameter number    8 :           Bck_2_pat1     36.584259    ( +/-     6.4441919     )
      ->  Parameter number    9 :           Bck_4_pat1    -6.1290669    ( +/-     2.5599110     )
      ->  Parameter number   10 :      V-Cagl_ph1_pat1   -0.22350674E-01( +/-    0.84015040E-03 )
      ->  Parameter number   11 :      U-Cagl_ph1_pat1    0.15414136E-01( +/-    0.19986883E-01 )
      ->  Parameter number   12 :       Asym2_ph1_pat1   -0.93529476E-02( +/-    0.77195046E-02 )
      ->  Parameter number   13 :       Asym4_ph1_pat1    0.69480918E-01( +/-    0.17178861E-01 )
      ->  Parameter number   14 :       Y-cos_ph1_pat1    0.42751778E-01( +/-    0.86574693E-03 )
      ->  Parameter number   15 :       X-tan_ph1_pat1    0.22627177E-01( +/-    0.23640881E-02 )
      ->  Parameter number   16 :       Bover_ph1_pat1   -0.11782522    ( +/-     6.8790846     )
      ->  Parameter number   17 :          Biso_Y1_ph1    0.44542861    ( +/-     6.8787971     )
      ->  Parameter number   18 :          Biso_Y2_ph1    0.48033711    ( +/-     6.8791437     )
      ->  Parameter number   19 :          Biso_O1_ph1    0.78770590    ( +/-     6.8783069     )
      ->  Parameter number   20 :      G-Size_ph1_pat1    0.34705299E-03( +/-    0.99945338E-02 )
      ->  Parameter number   21 :           Occ_O1_ph1     1.0756066    ( +/-    0.73270970E-02 )
      ->  Parameter number   22 :         bet11_Y2_ph1   -0.12009795E-03( +/-    0.12341590E-03 )

 ------------------------------------------------------------------
 => Number of bytes for floating point variables: 4
 => Dimensions of dynamic allocated arrays in this run of FullProf:
 ------------------------------------------------------------------

 => Total approximate array memory (dynamic + static): 127111993 bytes

    MaxPOINT=    60000 Max.num. of points(+int. Inten.)/diffraction pattern       
    MaxREFLT=    20000 Max.num. of reflections/diffraction pattern               
    MaxPARAM=      300 Max.num. of refinable parameters                          
    MaxOVERL=    18096 Max.num. of overlapping reflections                       

 ----------------------------------------------------------
 => Number of bytes for floating point arrays: 4
 => Dimensions of fixed arrays in this release of FullProf:
 ----------------------------------------------------------

    NPATT   =       80 Max.num. of powder diffraction patterns                    
    NATS    =      830 Max.num. of atoms (all kind) in asymmetric unit            
    MPAR    =     1800 Max.num. of non atomic parameters/phase                    
    IEXCL   =       30 Max.num. of excluded regions                               
    IBACP   =      277 Max.num. of background points for interpolation            
    NPHT    =       16 Max.num. of phases                                         
    NMAGM   =        8 Max.num. of rotation-matrices sets for magnetic structure  
    NBASIS  =       12 Max.num. of basis functions associated to a single atom    
    NIREPS  =        9 Max.num. of irreducible representations to be combined     
    N_EQ    =      384 Max.num. of user-supplied symmetry operators/propagation vectors
    NGL     =      300 Max.num. of global parameters/diffraction pattern          
    N_LINC  =       30 Max.num. of global linear restraints                        
    NAT_P   =       64 Max.num. of atomic parameters per atom                     
    NCONST  =      500 Max.num. of slack constraints per phase                    
    N_SPE   =       16 Max.num. of different chemical species                     
    N_FORM  =       60 Max.num. of scattering factor values in a table            
    NPR     =      150 Max.num. of points defining a numerical profile            
    INPR    =       25 Max.num. of different numerical peak shapes                
    NPRC    =      150 Max.num. of terms in the table for correcting intensities  
    NSOL    =       10 Max.num. of solutions to be stored in Montecarlo searchs   

 
              CPU Time:     1.141 seconds
                            0.019 minutes

 => Run finished at:     Date: 10/06/2024  Time: 19:08:58.943                              
