

        **********************************************************
        ** PROGRAM FullProf.2k (Version 5.90 - Dec2016-ILL JRC) **
        **********************************************************
                       M U L T I -- P A T T E R N                 
            Rietveld, Profile Matching & Integrated Intensity     
                 Refinement of X-ray and/or Neutron Data


    Date: 10/06/2024  Time: 19:09:10.898                              

 => PCR file code: Y2O3
 => DAT file code: Y2O3.dat             -> Relative contribution: 1.0000                                                            

 ==> CONDITIONS OF THIS RUN FOR PATTERN No.:  1

 => Global Refinement of X-ray powder diffraction data                                                                              
 => Global Refinement of X-ray powder diffraction data                                                                              
    Bragg-Brentano(X-rays) or Debye-Scherrer geometry(Neutrons)
 => Title:   O3 Y2

 => Number of phases:    1
 => Number of excluded regions:    2
 => Number of scattering factors supplied:    0
 => March-Dollase model for preferred orientation
 => Conventional weights: w=1.0/Variance(yobs)
 => Asymmetry correction as in J.Appl.Cryst. 26,128(1993)
 => Background refined by polynomial function
 => The    5th default profile function was selected
 => Pseudo-Voigt function (ETA variable)
                 X-parameter correspond to: ETA=ETA0+X*2theta
                       pV(x)= ETA*L(x)+(1-ETA)*G(x)

 ==> INPUT/OUTPUT OPTIONS:

 => Generate file *.PRF for plot
 => Output Integrated Intensities
 => Generate new input file *.PCR

 => X-Y type of data: 2theta/TOF/E(Kev) Intens sigma for pattern:  1
 => Plot pattern at each cycle
 => Wavelengths:  1.54056 1.54439
 => Alpha2/Alpha1 ratio:   0.5000
 => Cos(Monochromator angle)=   0.9100
 => Asymmetry correction for angles lower than   60.000 degrees
 => Absorption correction (AC), muR-eff =   0.0000  0.0000
 => Base of peaks: 2.0*HW*    8.00

 => Number of cycles:   10
 => Relaxation factors ==>    for coordinates:  1.00
 => for anisotropic temperature factors:  1.00
 => for halfwidth/strain/size parameters:  1.00
 => for lattice constants and propagation vectors:  1.00
 => EPS-value for convergence:    0.1

 => Excluded regions for Pattern#  1
    From     to
      1.0000     20.0000
    100.0000    160.0000

 => Number of Least-Squares parameters varied:    22

 =>--------------------------->
 =>------->  PATTERN number:  1
 =>--------------------------->
 => Global parameters and codes ==>
 => Zero-point:    -0.0567   31.0000
 => Background parameters and codes ==>
 => Origin of polynomial at 2theta/TOF/E(KeV):   40.000  
  587.30     -60.821      36.584      0.0000     -6.1290      0.0000    
       41.00       51.00       81.00        0.00       91.00        0.00
 => Displacement peak-shift parameter and code:     0.00    0.00
 => Transparency peak-shift parameter and code:     0.07   21.00

 => Reading Intensity data  =>>

 -> No recognizable heading in input data file X,Y,sigma
    First 6 lines are considered as COMMENTS (except for TSAMP keyword)
 -> COMMENT:   3.000    1643.000                                                                                                                 
 -> COMMENT:   3.020    1571.000                                                                                                                 
 -> COMMENT:   3.040    1569.000                                                                                                                 
 -> COMMENT:   3.060    1619.000                                                                                                                 
 -> COMMENT:   3.080    1554.000                                                                                                                 
 -> COMMENT:   3.100    1531.000                                                                                                                 
 ==> Angular range, step and number of points:
     2Thmin:       3.120000  2Thmax:     150.000000  Step:       0.020004  No. of points:   7345
 --------------------------------------------------------------------------------
 => Phase  No. 1
      O3 Y2                                                                 
 --------------------------------------------------------------------------------
 =>-------> Pattern#  1
 => Crystal Structure Refinement
 => The    7th profile function was selected for phase no.  1
 => Preferred orientation vector:   0.0000  0.0000  1.0000

 =>-------> Data for PHASE: 1
 => Number of atoms:    3
 => Number of distance  constraints:    0
 => Number of angle     constraints:    0

 => Symmetry information on space group: I a -3              
 -> The multiplicity of the general position is:  48
 -> The space group is Centric (-1 at origin)   
 -> Lattice type  I: { 000; 1/2 1/2 1/2 }+                         
 -> Reduced set of symmetry operators:

  No.  IT   Symmetry symbol    Rotation part     Associated Translation
   1: ( 1)   1            -->     ( x, y, z) + {  0.0000  0.0000  0.0000}
   2: ( 4)   2 ( x, 0, 0) -->     ( x,-y,-z) + {  0.5000  0.5000  0.0000}
   3: ( 3)   2 ( 0, y, 0) -->     (-x, y,-z) + {  0.0000  0.5000  0.5000}
   4: ( 2)   2 ( 0, 0, z) -->     (-x,-y, z) + {  0.5000  0.0000  0.5000}
   5: ( 9)  3- ( x, x, x) -->     ( y, z, x) + {  0.0000  0.0000  0.0000}
   6: (12)  3- (-x, x,-x) -->     (-y,-z, x) + {  0.5000  0.0000  0.5000}
   7: (11)  3- (-x,-x, x) -->     ( y,-z,-x) + {  0.5000  0.5000  0.0000}
   8: (10)  3- ( x,-x,-x) -->     (-y, z,-x) + {  0.0000  0.5000  0.5000}
   9: ( 5)  3+ ( x, x, x) -->     ( z, x, y) + {  0.0000  0.0000  0.0000}
  10: ( 8)  3+ (-x,-x, x) -->     (-z, x,-y) + {  0.0000  0.5000  0.5000}
  11: ( 7)  3+ ( x,-x,-x) -->     (-z,-x, y) + {  0.5000  0.0000  0.5000}
  12: ( 6)  3+ (-x, x,-x) -->     ( z,-x,-y) + {  0.5000  0.5000  0.0000}


        Information on Space Group: 
        --------------------------- 

 =>   Number of Space group: 206
 =>  Hermann-Mauguin Symbol: I a -3
 =>             Hall Symbol: -I 2b 2c 3
 =>            Setting Type: IT (Generated from Hermann-Mauguin symbol)
 =>          Crystal System: Cubic
 =>              Laue Class: m-3
 =>             Point Group: m-3
 =>         Bravais Lattice: I
 =>          Lattice Symbol: cI
 =>  Reduced Number of S.O.:  12
 =>    General multiplicity:  48
 =>          Centrosymmetry: Centric (-1 at origin)
 =>  Generators (exc. -1&L):   3
 =>         Asymmetric unit:  0.000 <= x <=  0.500
                              0.000 <= y <=  0.500
                              0.000 <= z <=  0.250

 => List of S.O. without inversion and lattice centring translations
 => SYMM(  1): x,y,z                               => SYMM(  2): x+1/2,-y+1/2,-z
 => SYMM(  3): -x,y+1/2,-z+1/2                     => SYMM(  4): -x+1/2,-y,z+1/2
 => SYMM(  5): y,z,x                               => SYMM(  6): -y+1/2,-z,x+1/2
 => SYMM(  7): y+1/2,-z+1/2,-x                     => SYMM(  8): -y,z+1/2,-x+1/2
 => SYMM(  9): z,x,y                               => SYMM( 10): -z,x+1/2,-y+1/2
 => SYMM( 11): -z+1/2,-x,y+1/2                     => SYMM( 12): z+1/2,-x+1/2,-y


 => Initial parameters ==>
 Atom    Ntyp                  X         Y         Z         B         occ.         in  fin  Spc  Mult
                             B11       B22       B33       B12       B13       B23
 Y1     Y                  0.25000   0.25000   0.25000   0.44543   0.16667           0    0    0    8
                 Codes:    0.00000   0.00000   0.00000 171.00000   0.00000
                 Betas:    0.00000   0.00000   0.00000   0.00000   0.00000   0.00000
                 Codes:    0.00000   0.00000   0.00000   0.00000   0.00000   0.00000
 Y2     Y                  0.96730   0.00000   0.25000   0.48034   0.50000           0    0    0   24
                 Codes:    0.00000   0.00000   0.00000 181.00000   0.00000
                 Betas:   -0.00012   0.00000   0.00000   0.00000   0.00000   0.00000
                 Codes:  221.00000   0.00000   0.00000   0.00000   0.00000   0.00000
 O1     O                  0.39150   0.15380   0.38000   0.78771   1.07561           0    0    0   48
                 Codes:    0.00000   0.00000   0.00000 191.00000 211.00000
                 Betas:    0.00000   0.00000   0.00000   0.00000   0.00000   0.00000
                 Codes:    0.00000   0.00000   0.00000   0.00000   0.00000   0.00000

 => IT IS ASSUMED THAT THE FIRST GIVEN SITE IS FULLY OCCUPIED 
    OR THE FIRST AND SECOND ATOMS ARE IN THE SAME SITE WITH TOTAL FULL OCCUPATION
  (If this is not the case, change the order of atoms to obtain correct values for the content of the unit cell)
    The given occupation factors have been obtained mutiplying m/M by   1.0000
      -> Atom: Y   ,  Chemical element: Y   Atomic Mass:    88.9059
      -> Atom: Y   ,  Chemical element: Y   Atomic Mass:    88.9059
      -> Atom: O   ,  Chemical element: O   Atomic Mass:    15.9994
 => The given value of ATZ is       3671.11 the program has calculated:        3671.11
    The value of ATZ given in the input PCR file will be used for quantitative analysis
 => The chemical content of the unit cell is: 
       8.0000 Y    +  23.9995 Y    +  51.6282 O      
 => The normalized site occupation numbers in % are: 
     100.0000 Y1     :       99.9980 Y2     :      107.5588 O1       
 => The density (volumic mass) of the compound is:    5.113 g/cm3

 =>-------> PROFILE PARAMETERS FOR PATTERN:  1

 => Overall scale factor:   0.102130E-03
 => ETA (p-Voigt) OR M (Pearson VII):   0.0000
 => Overall temperature factor:     -0.11783
 => Halfwidth U,V,W:      0.01541    -0.02235     0.01010
 => X and Y parameters:       0.0226      0.0428
 => Direct cell parameters:   10.6040  10.6040  10.6040  90.0000  90.0000  90.0000
 => Preferred orientation parameters:   1.0000  0.0000
 => Asymmetry parameters     :      0.00000    -0.00935     0.00000     0.06948
 => Strain parameters        :      0.00000     0.00000     0.00000
 => Size   parameters        :      0.00035     0.00000
 => Further shape parameters (S_L and D_L):   0.00000   0.00000
    S_L is source width/detector distance
    D_L is detector width/detector distance

 ==> CODEWORDS FOR PROFILE PARAMETERS of PATTERN#  1

 => Overall scale factor:   11.000
 => ETA (p-Voigt) OR M (Pearson VII):    0.000
 => Overall temperature factor:  161.000
 => Halfwidth U,V,W:  111.000 101.000  71.000
 => X and Y parameters:  151.000 141.000
 => Direct cell parameters:   61.000  61.000  61.000   0.000   0.000   0.000
 => Preferred orientation parameters:    0.000   0.000
 => Asymmetry parameters     :    0.000 121.000   0.000 131.000
 => Strain parameters        :    0.000   0.000   0.000
 => Size   parameters        :  201.000   0.000

 => Cell constraints according to Laue symmetry: m-3  

        Metric information:
        -------------------

 => Direct cell parameters:

         a =      10.6040      b =      10.6040      c =      10.6040
     alpha =       90.000   beta =       90.000  gamma =       90.000
                        Direct Cell Volume =    1192.3545

 => Reciprocal cell parameters:

         a*=     0.094304      b*=     0.094304      c*=     0.094304
     alpha*=       90.000   beta*=       90.000  gamma*=       90.000
                    Reciprocal Cell Volume =   0.00083868

 => Direct and Reciprocal Metric Tensors:

                   GD                                       GR
    112.4442      0.0000      0.0000          0.008893    0.000000    0.000000
      0.0000    112.4442      0.0000          0.000000    0.008893    0.000000
      0.0000      0.0000    112.4442          0.000000    0.000000    0.008893

 =>  Cartesian frame: x // a; y is in the ab-plane; z is x ^ y   

     Crystal_to_Orthonormal_Matrix              Orthonormal_to_Crystal Matrix
              Cr_Orth_cel                               Orth_Cr_cel  
     10.6040      0.0000      0.0000          0.094304   -0.000000   -0.000000
      0.0000     10.6040      0.0000          0.000000    0.094304   -0.000000
      0.0000      0.0000     10.6040          0.000000    0.000000    0.094304

     Busing-Levy B-matrix: Hc=B.H            Inverse of the Busing-Levy B-matrix
                BL_M                                      BL_Minv  
    0.094304    0.000000    0.000000           10.6040     -0.0000     -0.0000
    0.000000    0.094304   -0.000000            0.0000     10.6040      0.0000
    0.000000    0.000000    0.094304            0.0000      0.0000     10.6040

 => Laue symmetry m-3   will be used to generate HKL for pattern#   1
 => Reflections generated between S(1/d)min:  0.0353 A-1 and S(1/d)max:  1.2585 A-1
 =>                                    dmax: 28.3647 A   and      dmin:  0.7946 A
 => The number of reflections generated is:    211
 => The max. scatt. variable (gen.ref.) is:       151.5783
 => Scattering coefficients from internal table


 => X-ray scattering coeff. (A1, B1, A2,...C, f(0), Z, Dfp,Dfpp)

 Y      17.7760   1.4029  10.2946  12.8006   5.7263   0.1256   3.2659 104.3540   1.9121  38.9749  39.0000  -0.3860   2.0250
 O       3.0485  13.2771   2.2868   5.7011   1.5463   0.3239   0.8670  32.9089   0.2508   7.9994   8.0000   0.0470   0.0320

     --------------------------------------------------------------
      SYMBOLIC NAMES AND INITIAL VALUES OF PARAMETERS TO BE VARIED:
     --------------------------------------------------------------

      ->  Parameter number    1   -> Symbolic Name:       Scale_ph1_pat1    0.10213000E-03
      ->  Parameter number    2   -> Symbolic Name:           SySin_pat1    0.72180003E-01
      ->  Parameter number    3   -> Symbolic Name:            Zero_pat1   -0.56660000E-01
      ->  Parameter number    4   -> Symbolic Name:           Bck_0_pat1     587.30298    
      ->  Parameter number    5   -> Symbolic Name:           Bck_1_pat1    -60.820999    
      ->  Parameter number    6   -> Symbolic Name:      Cell_A_ph1_pat1     10.603970    
      ->  Parameter number    7   -> Symbolic Name:      W-Cagl_ph1_pat1    0.10103000E-01
      ->  Parameter number    8   -> Symbolic Name:           Bck_2_pat1     36.584000    
      ->  Parameter number    9   -> Symbolic Name:           Bck_4_pat1    -6.1290002    
      ->  Parameter number   10   -> Symbolic Name:      V-Cagl_ph1_pat1   -0.22351000E-01
      ->  Parameter number   11   -> Symbolic Name:      U-Cagl_ph1_pat1    0.15414000E-01
      ->  Parameter number   12   -> Symbolic Name:       Asym2_ph1_pat1   -0.93499999E-02
      ->  Parameter number   13   -> Symbolic Name:       Asym4_ph1_pat1    0.69480002E-01
      ->  Parameter number   14   -> Symbolic Name:       Y-cos_ph1_pat1    0.42752001E-01
      ->  Parameter number   15   -> Symbolic Name:       X-tan_ph1_pat1    0.22627000E-01
      ->  Parameter number   16   -> Symbolic Name:       Bover_ph1_pat1   -0.11783000    
      ->  Parameter number   17   -> Symbolic Name:          Biso_Y1_ph1    0.44543001    
      ->  Parameter number   18   -> Symbolic Name:          Biso_Y2_ph1    0.48034000    
      ->  Parameter number   19   -> Symbolic Name:          Biso_O1_ph1    0.78771001    
      ->  Parameter number   20   -> Symbolic Name:      G-Size_ph1_pat1    0.34699999E-03
      ->  Parameter number   21   -> Symbolic Name:           Occ_O1_ph1     1.0756100    
      ->  Parameter number   22   -> Symbolic Name:         bet11_Y2_ph1   -0.12000000E-03
  
 
 => No optimization for routine tasks
 ++++++++++++++++++++++++++++++++++++++++++++++++++++++++++++++++++++++++++++++++++++++++++++++++++++++++++++++++++++++++

 => CYCLE No.:    1
 ---------------------------------------------------------------------------------------
 => Phase  1 Name: O3 Y2                                                                 
 ---------------------------------------------------------------------------------------
 => New parameters, shifts, and standard deviations

 Atom        x       dx      sx       y       dy      sy       z       dz      sz       B       dB      sB      occ.    docc.   socc.

 Y1       0.25000 0.00000 0.00000  0.25000 0.00000 0.00000  0.25000 0.00000 0.00000  0.44247-0.00296 1.00000  0.16667 0.00000 0.00000
 Y2       0.96730 0.00000 0.00000  0.00000 0.00000 0.00000  0.25000 0.00000 0.00000  0.47730-0.00304 1.00000  0.50000 0.00000 0.00000
 O1       0.39150 0.00000 0.00000  0.15380 0.00000 0.00000  0.38000 0.00000 0.00000  0.78507-0.00264 1.00000  1.07562 0.00001 0.00733

 Atom         B11      DB11      SB11       B22      DB22      SB22       B33      DB33      SB33
              B12      DB12      SB12       B13      DB13      SB13       B23      DB23      SB23
 Y1      0.000000  0.000000  0.000000  0.000000  0.000000  0.000000  0.000000  0.000000  0.000000
         0.000000  0.000000  0.000000  0.000000  0.000000  0.000000  0.000000  0.000000  0.000000
 Y2     -0.000120 -0.000000  0.000124  0.000000  0.000000  0.000000  0.000000  0.000000  0.000000
         0.000000  0.000000  0.000000  0.000000  0.000000  0.000000  0.000000  0.000000  0.000000
 O1      0.000000  0.000000  0.000000  0.000000  0.000000  0.000000  0.000000  0.000000  0.000000
         0.000000  0.000000  0.000000  0.000000  0.000000  0.000000  0.000000  0.000000  0.000000

 ==> PROFILE PARAMETERS FOR PATTERN#  1

 => Overall scale factor:      0.000102128    -0.000000002     0.000000231
 => Eta(p-Voigt) or m(Pearson VII):   0.000000  0.000000  0.000000
 => Overall tem. factor:    -0.115060    0.002770   18.104403
 => Halfwidth parameters: 
         0.015410   -0.000004    0.012407
        -0.022360   -0.000009    0.000842
         0.010098   -0.000005    0.012399
 => Cell parameters: 
       10.603969   -0.000001    0.000059
       10.603969   -0.000001    0.000059
       10.603969   -0.000001    0.000059
       90.000000    0.000000    0.000000
       90.000000    0.000000    0.000000
       90.000000    0.000000    0.000000
 => Preferred orientation: 
         1.000000    0.000000    0.000000
         0.000000    0.000000    0.000000
 => Asymmetry parameters: 
         0.000000    0.000000    0.000000
        -0.009245    0.000105    0.007722
         0.000000    0.000000    0.000000
         0.069336   -0.000144    0.017183
 => X and Y parameters: 
         0.022684    0.000057    0.002369
         0.042742   -0.000010    0.000867
 => Strain parameters: 
         0.000000    0.000000    0.000000
         0.000000    0.000000    0.000000
         0.000000    0.000000    0.000000
 => Size   parameters (G,L): 
         0.000346   -0.000001    0.006200
         0.000000    0.000000    0.000000
 => Further shape parameters (S_L and D_L): 
       0.000000  0.000000  0.000000
       0.000000  0.000000  0.000000

 ==> GLOBAL PARAMETERS FOR PATTERN#  1


 => Zero-point:    -0.0567   -0.0000    0.0006
 => Background Polynomial Parameters ==>
       587.28    -0.26040E-01  1.3018    
      -60.885    -0.64322E-01  3.3893    
       36.689     0.10486      6.4436    
       0.0000      0.0000      0.0000    
      -6.1424    -0.13447E-01  2.5596    
       0.0000      0.0000      0.0000    

 => Cos( theta)-shift parameter :   0.0000  0.0000  0.0000
 => Sin(2theta)-shift parameter :   0.0722 -0.0000  0.0016

 ==> RELIABILITY FACTORS WITH ALL NON-EXCLUDED POINTS FOR PATTERN:  1

 => R-Factors:   3.57      4.78     Chi2:  2.75     DW-Stat.:  0.9102   Patt#:  1
 => Expected :            2.88                                1.9129
 => Deviance : 0.111E+05     Dev*:   2.801    
 => GoF-index:  1.7         Sqrt(Residual/N)
 => N-P+C:  3977

 =>    SumYdif       SumYobs      SumYcal      SumwYobsSQ     Residual    Condition
     0.1712E+06    0.4798E+07    0.4786E+07    0.4798E+07    0.1095E+05    0.6544E+19


 => Conventional Rietveld Rp,Rwp,Re and Chi2:   6.84      7.29      4.40      2.753    
 => (Values obtained using Ynet, but true sigma(y))
 =>  SumYnet, Sum(w Ynet**2):     0.2504E+07    0.2057E+07


 ==> RELIABILITY FACTORS FOR POINTS WITH BRAGG CONTRIBUTIONS FOR PATTERN:  1

 => R-Factors:   3.46      4.59     Chi2:  2.79     DW-Stat.:  1.0699   Patt#:
 => Expected :            2.75                                1.9059
 => Deviance : 0.941E+04     Dev*:   2.822    
 => GoF-index:  1.7         Sqrt(Residual/N)
 => N-P+C:  3333

 =>    SumYdif       SumYobs      SumYcal      SumwYobsSQ     Residual    Condition
     0.1525E+06    0.4411E+07    0.4404E+07    0.4411E+07     9313.        0.6544E+19


 => Conventional Rietveld Rp,Rwp,Re and Chi2:   6.10      6.73      4.03      2.794    
 => (Values obtained using Ynet, but true sigma(y))
 =>  SumYnet, Sum(w Ynet**2):     0.2499E+07    0.2055E+07


 => Global user-weigthed Chi2 (Bragg contrib.):   3.28    

 => ---------> Pattern#  1
 => Phase:  1
 =>    Bragg R-factor:  2.62    
 =>    RF-factor     :  2.12    


   Standard deviations have to be multiplied by: 2.2637
   (correlated residuals) See references:
  -J.F.Berar & P.Lelann, J. Appl. Cryst. 24, 1-5 (1991) 
  -J.F.Berar, Acc. in Pow. Diff. II,NIST Sp.Pub. 846, 63(1992) 

 ++++++++++++++++++++++++++++++++++++++++++++++++++++++++++++++++++++++++++++++++++++++++++++++++++++++++++++++++++++++++

 => CYCLE No.:    1
 =>  Convergence reached at this CYCLE !!!!
 =>  Parameter shifts set to zero
 ---------------------------------------------------------------------------------------
 => Phase  1 Name: O3 Y2                                                                 
 ---------------------------------------------------------------------------------------
 => New parameters, shifts, and standard deviations

 Atom        x       dx      sx       y       dy      sy       z       dz      sz       B       dB      sB      occ.    docc.   socc.

 Y1       0.25000 0.00000 0.00000  0.25000 0.00000 0.00000  0.25000 0.00000 0.00000  0.44247 0.00000 1.00000  0.16667 0.00000 0.00000
 Y2       0.96730 0.00000 0.00000  0.00000 0.00000 0.00000  0.25000 0.00000 0.00000  0.47730 0.00000 1.00000  0.50000 0.00000 0.00000
 O1       0.39150 0.00000 0.00000  0.15380 0.00000 0.00000  0.38000 0.00000 0.00000  0.78507 0.00000 1.00000  1.07562 0.00000 0.00733

 Atom         B11      DB11      SB11       B22      DB22      SB22       B33      DB33      SB33
              B12      DB12      SB12       B13      DB13      SB13       B23      DB23      SB23
 Y1      0.000000  0.000000  0.000000  0.000000  0.000000  0.000000  0.000000  0.000000  0.000000
         0.000000  0.000000  0.000000  0.000000  0.000000  0.000000  0.000000  0.000000  0.000000

    U-Eigen Value (A**2) ----      Eigen vector(Orth. syst.)
        0.00000          ----    0.93753   -0.21290    0.27515
        0.00000          ----    0.15653    0.96445    0.21291
        0.00000          ----   -0.31070   -0.15653    0.93753

    Isotropic temperature factor Uequiv(A**2):   0.0000
    Isotropic temperature factor Bequiv(A**2):   0.0000

     R.M.S. in ANGSTROMS ------       Angles with A, B, C
        0.00000          ----     20.359    102.293     74.029
        0.00000          ----     80.994     15.323     77.707
        0.00000          ----    108.101     99.006     20.359
 
 Y2     -0.000120  0.000000  0.000124  0.000000  0.000000  0.000000  0.000000  0.000000  0.000000
         0.000000  0.000000  0.000000  0.000000  0.000000  0.000000  0.000000  0.000000  0.000000

    U-Eigen Value (A**2) ----      Eigen vector(Orth. syst.)
       -0.00069          ----    1.00000    0.00000    0.00000
        0.00000          ----    0.00000    0.70711    0.70711
        0.00000          ----    0.00000    0.70711   -0.70711

   -> Matrix U non-positive definite! 

    Isotropic temperature factor Uequiv(A**2):  -0.0002
    Isotropic temperature factor Bequiv(A**2):  -0.0180

 O1      0.000000  0.000000  0.000000  0.000000  0.000000  0.000000  0.000000  0.000000  0.000000
         0.000000  0.000000  0.000000  0.000000  0.000000  0.000000  0.000000  0.000000  0.000000

    U-Eigen Value (A**2) ----      Eigen vector(Orth. syst.)
        0.00000          ----    0.93753   -0.21290    0.27515
        0.00000          ----    0.15653    0.96445    0.21291
        0.00000          ----   -0.31070   -0.15653    0.93753

    Isotropic temperature factor Uequiv(A**2):   0.0000
    Isotropic temperature factor Bequiv(A**2):   0.0000

     R.M.S. in ANGSTROMS ------       Angles with A, B, C
        0.00000          ----     20.359    102.293     74.029
        0.00000          ----     80.994     15.323     77.707
        0.00000          ----    108.101     99.006     20.359
 

 ==> PROFILE PARAMETERS FOR PATTERN#  1

 => Overall scale factor:      0.000102128     0.000000000     0.000000231
 => Eta(p-Voigt) or m(Pearson VII):   0.000000  0.000000  0.000000
 => Overall tem. factor:    -0.115060    0.000000   18.104403
 => Halfwidth parameters: 
         0.015410    0.000000    0.012407
        -0.022360    0.000000    0.000842
         0.010098    0.000000    0.012399
 => Cell parameters: 
       10.603969    0.000000    0.000059
       10.603969    0.000000    0.000059
       10.603969    0.000000    0.000059
       90.000000    0.000000    0.000000
       90.000000    0.000000    0.000000
       90.000000    0.000000    0.000000
 => Preferred orientation: 
         1.000000    0.000000    0.000000
         0.000000    0.000000    0.000000
 => Asymmetry parameters: 
         0.000000    0.000000    0.000000
        -0.009245    0.000000    0.007722
         0.000000    0.000000    0.000000
         0.069336    0.000000    0.017183
 => X and Y parameters: 
         0.022684    0.000000    0.002369
         0.042742    0.000000    0.000867
 => Strain parameters: 
         0.000000    0.000000    0.000000
         0.000000    0.000000    0.000000
         0.000000    0.000000    0.000000
 => Size   parameters (G,L): 
         0.000346    0.000000    0.006200
         0.000000    0.000000    0.000000
 => Further shape parameters (S_L and D_L): 
       0.000000  0.000000  0.000000
       0.000000  0.000000  0.000000

 ==> GLOBAL PARAMETERS FOR PATTERN#  1


 => Zero-point:    -0.0567    0.0000    0.0006
 => Background Polynomial Parameters ==>
       587.28      0.0000      1.3018    
      -60.885      0.0000      3.3893    
       36.689      0.0000      6.4436    
       0.0000      0.0000      0.0000    
      -6.1424      0.0000      2.5596    
       0.0000      0.0000      0.0000    

 => Cos( theta)-shift parameter :   0.0000  0.0000  0.0000
 => Sin(2theta)-shift parameter :   0.0722  0.0000  0.0016

 ==> RELIABILITY FACTORS WITH ALL NON-EXCLUDED POINTS FOR PATTERN:  1

 => R-Factors:   3.57      4.78     Chi2:  2.75     DW-Stat.:  0.9102   Patt#:  1
 => Expected :            2.88                                1.9129
 => Deviance : 0.111E+05     Dev*:   2.801    
 => GoF-index:  1.7         Sqrt(Residual/N)
 => N-P+C:  3977

 =>    SumYdif       SumYobs      SumYcal      SumwYobsSQ     Residual    Condition
     0.1712E+06    0.4798E+07    0.4786E+07    0.4798E+07    0.1095E+05    0.6544E+19


 => Conventional Rietveld Rp,Rwp,Re and Chi2:   6.84      7.29      4.40      2.753    
 => (Values obtained using Ynet, but true sigma(y))
 =>  SumYnet, Sum(w Ynet**2):     0.2504E+07    0.2057E+07

 => N-sigma of the GoF:   78.154

 ==> RELIABILITY FACTORS FOR POINTS WITH BRAGG CONTRIBUTIONS FOR PATTERN:  1

 => R-Factors:   3.46      4.59     Chi2:  2.79     DW-Stat.:  1.0699   Patt#:
 => Expected :            2.75                                1.9059
 => Deviance : 0.941E+04     Dev*:   2.822    
 => GoF-index:  1.7         Sqrt(Residual/N)
 => N-P+C:  3333

 =>    SumYdif       SumYobs      SumYcal      SumwYobsSQ     Residual    Condition
     0.1525E+06    0.4411E+07    0.4404E+07    0.4411E+07     9313.        0.6544E+19


 => Conventional Rietveld Rp,Rwp,Re and Chi2:   6.10      6.73      4.03      2.794    
 => (Values obtained using Ynet, but true sigma(y))
 =>  SumYnet, Sum(w Ynet**2):     0.2499E+07    0.2055E+07

 => N-sigma of the GoF:       73.247

 => Global user-weigthed Chi2 (Bragg contrib.):   3.28    

 => ---------> Pattern#  1
 => Phase:  1
 =>    Bragg R-factor:  2.62    
 =>    RF-factor     :  2.12    

 --------------------------------------------------------------------------------------------------------------
 Pattern#  1 Phase No:   1 Phase name: O3 Y2                         
 --------------------------------------------------------------------------------------------------------------

   No.  Code     H   K   L  Mult     Hw         2theta      Icalc       Iobs      Sigma      HwG     HwL       ETA       d-hkl        CORR

      1   1      2   1   1    24  0.111050      20.499     1156.4     1164.3      9.148  0.083210  0.047537  0.506028  4.329052    694.878601
      2   1      2   2   0    12  0.108886      23.713        2.2       19.7    151.840  0.080326  0.048434  0.522998  3.749069    257.097168
      3   1      2   2   2     8  0.105412      29.149     9988.8    10084.4     95.177  0.075526  0.050056  0.552979  3.061102    111.274284
      4   1      2   3   1    24  0.103966      31.542       30.2       36.5      7.855  0.073448  0.050815  0.566652  2.834030    282.425598
      5   1      3   2   1    24  0.103966      31.542        5.0        6.1      1.311  0.073448  0.050815  0.566652  2.834030    282.425598
      6   1      4   0   0     6  0.102664      33.783     2434.5     2383.6     49.098  0.071527  0.051551  0.579681  2.650992     60.989929
      7   1      4   1   1    24  0.101485      35.900      500.4      484.1     15.914  0.069738  0.052270  0.592169  2.499380    214.116364
      8   1      2   4   0    12  0.100414      37.914       42.9       35.9      5.849  0.068060  0.052976  0.604186  2.371119     95.155067
      9   1      4   2   0    12  0.100414      37.914       72.4       60.6      9.871  0.068060  0.052976  0.604186  2.371119     95.155067
     10   1      3   3   2    24  0.099439      39.841      635.3      599.2     33.537  0.066483  0.053673  0.615780  2.260774    170.895752
     11   1      4   2   2    24  0.098552      41.693       96.9       81.3     13.186  0.064995  0.054363  0.626985  2.164526    154.776443
     12   1      3   4   1    24  0.097746      43.480      485.7      471.4     13.739  0.063588  0.055048  0.637823  2.079609    141.192886
     13   1      4   3   1    24  0.097746      43.480      391.6      380.1     11.078  0.063588  0.055048  0.637823  2.079609    141.192886
     14   1      2   5   1    24  0.096363      46.890      161.9      160.8      2.286  0.061002  0.056412  0.658451  1.936011    119.608734
     15   1      5   2   1    24  0.096363      46.890      134.8      133.8      1.903  0.061002  0.056412  0.658451  1.936011    119.608734
     16   1      4   4   0    12  0.095781      48.525     4371.2     4426.0     54.730  0.059814  0.057093  0.668254  1.874535     55.456127
     17   1      4   3   3    24  0.095268      50.120      223.1      257.3     38.484  0.058694  0.057775  0.677714  1.818566    103.285408
     18   1      4   4   2    24  0.094824      51.678        6.8        7.2      0.670  0.057640  0.058458  0.686830  1.767328     96.550941
     19   1      6   0   0     6  0.094824      51.678       40.8       43.7      4.045  0.057640  0.058458  0.686830  1.767328     24.137735
     20   1      6   1   1    24  0.094449      53.204      359.5      373.2     16.397  0.056652  0.059145  0.695595  1.720191     90.568901
     21   1      3   5   2    24  0.094449      53.204       89.1       92.5      4.064  0.056652  0.059145  0.695595  1.720191     90.568871
     22   1      5   3   2    24  0.094449      53.204      100.4      104.2      4.578  0.056652  0.059145  0.695595  1.720191     90.568871
     23   1      2   6   0    12  0.094143      54.699       74.0       75.1      2.273  0.055730  0.059836  0.703999  1.676635     42.613674
     24   1      6   2   0    12  0.094143      54.699       44.1       44.7      1.353  0.055730  0.059836  0.703999  1.676635     42.613674
     25   1      4   5   1    24  0.093906      56.168      248.0      270.1     23.669  0.054874  0.060531  0.712033  1.636228     80.435707
     26   1      5   4   1    24  0.093906      56.168      183.4      199.8     17.506  0.054874  0.060531  0.712033  1.636228     80.435707
     27   1      6   2   2    24  0.093738      57.612     2899.7     3003.4    104.790  0.054085  0.061232  0.719685  1.598608     76.119972
     28   1      3   6   1    24  0.093642      59.033      324.4      343.0     19.171  0.053365  0.061938  0.726943  1.563470     72.218948
     29   1      6   3   1    24  0.093642      59.033      302.9      320.2     17.896  0.053365  0.061938  0.726943  1.563470     72.218948
     30   1      4   4   4     8  0.093617      60.433      483.7      511.9     29.247  0.052714  0.062652  0.733795  1.530551     22.893908
     31   1      4   5   3    24  0.093665      61.814       74.4       74.9      1.241  0.052135  0.063373  0.740228  1.499628     65.465576
     32   1      5   4   3    24  0.093665      61.814      131.7      132.5      2.196  0.052135  0.063373  0.740228  1.499628     65.465576
     33   1      4   6   0    12  0.093788      63.178      112.0      105.5      6.443  0.051629  0.064103  0.746230  1.470506     31.267179
     34   1      6   4   0    12  0.093788      63.178       20.6       19.4      1.183  0.051629  0.064103  0.746230  1.470506     31.267179
     35   1      2   7   1    24  0.093988      64.525       88.2       83.3      4.649  0.051199  0.064841  0.751789  1.443017     59.857330
     36   1      5   5   2    24  0.093988      64.525        4.7        4.4      0.246  0.051199  0.064841  0.751789  1.443017     59.857330
     37   1      6   3   3    24  0.093988      64.525      104.2       98.3      5.491  0.051199  0.064841  0.751789  1.443017     59.857330
     38   1      7   2   1    24  0.093988      64.525      148.5      140.1      7.822  0.051199  0.064841  0.751789  1.443017     59.857330
     39   1      4   6   2    24  0.094265      65.857       20.7       19.5      1.150  0.050846  0.065589  0.756895  1.417015     57.408253
     40   1      6   4   2    24  0.094265      65.857      135.0      127.4      7.514  0.050846  0.065589  0.756895  1.417015     57.408253
     41   1      3   7   2    24  0.095583      69.776        0.8        0.9      0.018  0.050280  0.067897  0.769414  1.346705     51.216766
     42   1      5   6   1    24  0.095583      69.776      110.3      111.9      2.399  0.050280  0.067897  0.769414  1.346705     51.216766
     43   1      6   5   1    24  0.095583      69.776       94.7       96.1      2.060  0.050280  0.067897  0.769414  1.346705     51.216766
     44   1      7   3   2    24  0.095583      69.776        1.2        1.2      0.026  0.050280  0.067897  0.769414  1.346705     51.216766
     45   1      8   0   0     6  0.096189      71.060      444.3      458.1     14.334  0.050262  0.068690  0.772636  1.325496     12.370281
     46   1      4   7   1    24  0.096883      72.333       77.8       79.1      1.504  0.050334  0.069497  0.775379  1.305258     47.886322
     47   1      5   5   4    24  0.096883      72.333       60.7       61.8      1.174  0.050334  0.069497  0.775379  1.305258     47.886322
     48   1      7   4   1    24  0.096883      72.333       63.2       64.2      1.221  0.050334  0.069497  0.775379  1.305258     47.886322
     49   1      8   1   1    24  0.096883      72.333      172.0      175.0      3.326  0.050334  0.069497  0.775379  1.305258     47.886322
     50   1      2   8   0    12  0.097665      73.598       56.0       54.4      1.699  0.050496  0.070317  0.777643  1.285920     23.210480
     51   1      6   4   4    24  0.097665      73.598       49.6       48.2      1.506  0.050496  0.070317  0.777643  1.285920     46.420959
     52   1      8   2   0    12  0.097665      73.598       92.9       90.3      2.820  0.050496  0.070317  0.777643  1.285920     23.210480
     53   1      5   6   3    24  0.098537      74.855      109.5      108.9      1.658  0.050752  0.071152  0.779432  1.267417     45.074928
     54   1      6   5   3    24  0.098537      74.855      113.7      113.1      1.721  0.050752  0.071152  0.779432  1.267417     45.074928
     55   1      6   6   0    12  0.099501      76.104        1.4        1.4      0.031  0.051103  0.072003  0.780752  1.249690     21.919682
     56   1      8   2   2    24  0.099501      76.104      137.4      136.2      2.997  0.051103  0.072003  0.780752  1.249690     43.839363
     57   1      3   8   1    24  0.100559      77.347       96.7       98.9      2.392  0.051550  0.072870  0.781612  1.232686     42.706383
     58   1      4   7   3    24  0.100559      77.347       65.5       67.0      1.620  0.051550  0.072870  0.781612  1.232686     42.706383
     59   1      7   4   3    24  0.100559      77.347       66.5       68.1      1.647  0.051550  0.072870  0.781612  1.232686     42.706383
     60   1      8   3   1    24  0.100559      77.347      118.9      121.7      2.943  0.051550  0.072870  0.781612  1.232686     42.706383

   No.  Code     H   K   L  Mult     Hw         2theta      Icalc       Iobs      Sigma      HwG     HwL       ETA       d-hkl        CORR

     61   1      6   6   2    24  0.101712      78.583      773.4      790.6     17.658  0.052094  0.073754  0.782021  1.216359     41.668991
     62   1      5   7   2    24  0.102961      79.814        1.3        2.2      1.671  0.052737  0.074657  0.781992  1.200663     40.720947
     63   1      7   5   2    24  0.102961      79.814        6.5       11.4      8.482  0.052737  0.074657  0.781992  1.200663     40.720947
     64   1      4   8   0    12  0.104310      81.041      256.0      263.5      8.431  0.053481  0.075579  0.781539  1.185560     19.928364
     65   1      8   4   0    12  0.104310      81.041      255.6      263.1      8.419  0.053481  0.075579  0.781539  1.185560     19.928364
     66   1      8   3   3    24  0.105758      82.263      103.4      103.3      2.504  0.054325  0.076521  0.780678  1.171013     39.071415
     67   1      4   8   2    24  0.107308      83.482       65.7       64.3      2.024  0.055270  0.077485  0.779426  1.156988     38.360580
     68   1      8   4   2    24  0.107308      83.482       52.0       50.9      1.602  0.055270  0.077485  0.779426  1.156988     38.360580
     69   1      2   9   1    24  0.108962      84.698        3.6        3.5      0.075  0.056318  0.078471  0.777801  1.143455     37.720329
     70   1      6   5   5    24  0.108962      84.698      130.0      127.9      2.727  0.056318  0.078471  0.777801  1.143455     37.720329
     71   1      6   7   1    24  0.108962      84.698       58.8       57.8      1.233  0.056318  0.078471  0.777801  1.143455     37.720329
     72   1      7   6   1    24  0.108962      84.698       41.9       41.2      0.879  0.056318  0.078471  0.777801  1.143455     37.720329
     73   1      9   2   1    24  0.108962      84.698        9.0        8.9      0.189  0.056318  0.078471  0.777801  1.143455     37.720329
     74   1      6   6   4    24  0.110721      85.911       20.3       19.5      2.123  0.057469  0.079481  0.775822  1.130387     37.147163
     75   1      7   5   4    24  0.112588      87.123       43.9       42.9      1.128  0.058724  0.080516  0.773510  1.117756     36.638004
     76   1      8   5   1    24  0.112588      87.123       57.9       56.6      1.490  0.058724  0.080516  0.773510  1.117756     36.638004
     77   1      5   7   4    24  0.112588      87.123       65.9       64.4      1.694  0.058724  0.080516  0.773510  1.117756     36.638000
     78   1      5   8   1    24  0.112588      87.123       82.8       81.0      2.130  0.058724  0.080516  0.773510  1.117756     36.638000
     79   1      3   9   2    24  0.116654      89.542       12.2       12.7      0.586  0.061547  0.082668  0.767964  1.093716     35.801048
     80   1      6   7   3    24  0.116654      89.542      107.5      112.4      5.173  0.061547  0.082668  0.767964  1.093716     35.801048
     81   1      7   6   3    24  0.116654      89.542      127.6      133.4      6.140  0.061547  0.082668  0.767964  1.093716     35.801048
     82   1      9   3   2    24  0.116654      89.542       14.5       15.1      0.696  0.061547  0.082668  0.767964  1.093716     35.801048
     83   1      8   4   4    24  0.118858      90.752      554.7      588.1     34.573  0.063118  0.083787  0.764770  1.082263     35.468719
     84   1      5   8   3    24  0.121179      91.962       74.6       77.8      3.371  0.064797  0.084938  0.761323  1.071163     35.191284
     85   1      8   5   3    24  0.121179      91.962      116.3      121.3      5.257  0.064797  0.084938  0.761323  1.071163     35.191284
     86   1      9   4   1    24  0.121179      91.962       46.1       48.0      2.082  0.064797  0.084938  0.761323  1.071163     35.191284
     87   1      4   9   1    24  0.121179      91.962       25.6       26.7      1.156  0.064797  0.084938  0.761323  1.071163     35.191284
     88   1      6   8   0    12  0.123622      93.172       12.1       11.7      0.451  0.066584  0.086122  0.757641  1.060397     17.483576
     89   1      8   6   0    12  0.123622      93.172      118.1      113.9      4.383  0.066584  0.086122  0.757641  1.060397     17.483576
     90   1     10   0   0     6  0.123622      93.172       39.6       38.2      1.471  0.066584  0.086122  0.757641  1.060397      8.741786
     91   1      7   7   2    24  0.126189      94.384       37.9       42.1      4.762  0.068483  0.087341  0.753744  1.049949     34.794987
     92   1     10   1   1    24  0.126189      94.384       45.0       50.1      5.664  0.068483  0.087341  0.753744  1.049949     34.794987
     93   1      2  10   0    12  0.128885      95.598       66.4       64.9      1.559  0.070494  0.088598  0.749649  1.039805     17.336845
     94   1      6   8   2    24  0.128885      95.598      220.0      215.0      5.166  0.070494  0.088598  0.749649  1.039805     34.673691
     95   1      8   6   2    24  0.128885      95.598       22.8       22.3      0.536  0.070494  0.088598  0.749649  1.039805     34.673691
     96   1     10   2   0    12  0.128885      95.598       78.6       76.9      1.847  0.070494  0.088598  0.749649  1.039805     17.336845
     97   1      4   9   3    24  0.131713      96.814       62.1       66.6      4.897  0.072621  0.089894  0.745374  1.029949     34.602383
     98   1      9   4   3    24  0.131713      96.814       34.2       36.6      2.695  0.072621  0.089894  0.745374  1.029949     34.602383
     99   1      6   6   6     8  0.134680      98.034       90.4       92.9      2.584  0.074867  0.091232  0.740935  1.020367     11.526798
    100   1     10   2   2    24  0.134680      98.034      410.4      421.7     11.735  0.074867  0.091232  0.740935  1.020368     34.580399
    101   1      5   9   2    24  0.137789      99.257       24.7       24.6      0.241  0.077234  0.092615  0.736347  1.011049     34.607273
    102   1      7   6   5    24  0.137789      99.257       88.7       88.4      0.868  0.077234  0.092615  0.736347  1.011049     34.607273
    103   1      3  10   1    24  0.137789      99.257       59.9       59.7      0.586  0.077234  0.092615  0.736347  1.011049     34.607277
    104   1      6   7   5    24  0.137789      99.257       77.7       77.5      0.760  0.077234  0.092615  0.736347  1.011049     34.607277
    105   1      9   5   2    24  0.137789      99.257       32.9       32.8      0.322  0.077234  0.092615  0.736347  1.011049     34.607277
    106   1     10   3   1    24  0.137789      99.257       60.1       59.9      0.588  0.077234  0.092615  0.736347  1.011049     34.607277

     -----------------------------------------------------
     BRAGG R-Factors and weight fractions for Pattern #  1
     -----------------------------------------------------

 => Phase:  1     O3 Y2
 => Bragg R-factor:   2.62       Vol: 1192.354( 0.011)  Fract(%):  100.00( 0.32)
 => Rf-factor=  2.12             ATZ:        3671.120   Brindley:  1.0000

     -----------------------------------------------------------------
      SYMBOLIC NAMES AND FINAL VALUES AND SIGMA OF REFINED PARAMETERS:
     -----------------------------------------------------------------

      ->  Parameter number    1 :       Scale_ph1_pat1    0.10212816E-03( +/-    0.23140255E-06 )
      ->  Parameter number    2 :           SySin_pat1    0.72171018E-01( +/-    0.15666682E-02 )
      ->  Parameter number    3 :            Zero_pat1   -0.56666330E-01( +/-    0.57862449E-03 )
      ->  Parameter number    4 :           Bck_0_pat1     587.27692    ( +/-     1.3018072     )
      ->  Parameter number    5 :           Bck_1_pat1    -60.885323    ( +/-     3.3893230     )
      ->  Parameter number    6 :      Cell_A_ph1_pat1     10.603969    ( +/-    0.59010530E-04 )
      ->  Parameter number    7 :      W-Cagl_ph1_pat1    0.10097623E-01( +/-    0.12398591E-01 )
      ->  Parameter number    8 :           Bck_2_pat1     36.688858    ( +/-     6.4436088     )
      ->  Parameter number    9 :           Bck_4_pat1    -6.1424470    ( +/-     2.5596344     )
      ->  Parameter number   10 :      V-Cagl_ph1_pat1   -0.22360396E-01( +/-    0.84195391E-03 )
      ->  Parameter number   11 :      U-Cagl_ph1_pat1    0.15409593E-01( +/-    0.12406713E-01 )
      ->  Parameter number   12 :       Asym2_ph1_pat1   -0.92445500E-02( +/-    0.77217259E-02 )
      ->  Parameter number   13 :       Asym4_ph1_pat1    0.69336012E-01( +/-    0.17183078E-01 )
      ->  Parameter number   14 :       Y-cos_ph1_pat1    0.42742148E-01( +/-    0.86692994E-03 )
      ->  Parameter number   15 :       X-tan_ph1_pat1    0.22684466E-01( +/-    0.23687466E-02 )
      ->  Parameter number   16 :       Bover_ph1_pat1   -0.11505982    ( +/-     18.104403     )
      ->  Parameter number   17 :          Biso_Y1_ph1    0.44246623    ( +/-     18.104298     )
      ->  Parameter number   18 :          Biso_Y2_ph1    0.47729865    ( +/-     18.104414     )
      ->  Parameter number   19 :          Biso_O1_ph1    0.78507417    ( +/-     18.104036     )
      ->  Parameter number   20 :      G-Size_ph1_pat1    0.34605054E-03( +/-    0.62004030E-02 )
      ->  Parameter number   21 :           Occ_O1_ph1     1.0756181    ( +/-    0.73306542E-02 )
      ->  Parameter number   22 :         bet11_Y2_ph1   -0.12035388E-03( +/-    0.12351378E-03 )

 ------------------------------------------------------------------
 => Number of bytes for floating point variables: 4
 => Dimensions of dynamic allocated arrays in this run of FullProf:
 ------------------------------------------------------------------

 => Total approximate array memory (dynamic + static): 127111993 bytes

    MaxPOINT=    60000 Max.num. of points(+int. Inten.)/diffraction pattern       
    MaxREFLT=    20000 Max.num. of reflections/diffraction pattern               
    MaxPARAM=      300 Max.num. of refinable parameters                          
    MaxOVERL=    18096 Max.num. of overlapping reflections                       

 ----------------------------------------------------------
 => Number of bytes for floating point arrays: 4
 => Dimensions of fixed arrays in this release of FullProf:
 ----------------------------------------------------------

    NPATT   =       80 Max.num. of powder diffraction patterns                    
    NATS    =      830 Max.num. of atoms (all kind) in asymmetric unit            
    MPAR    =     1800 Max.num. of non atomic parameters/phase                    
    IEXCL   =       30 Max.num. of excluded regions                               
    IBACP   =      277 Max.num. of background points for interpolation            
    NPHT    =       16 Max.num. of phases                                         
    NMAGM   =        8 Max.num. of rotation-matrices sets for magnetic structure  
    NBASIS  =       12 Max.num. of basis functions associated to a single atom    
    NIREPS  =        9 Max.num. of irreducible representations to be combined     
    N_EQ    =      384 Max.num. of user-supplied symmetry operators/propagation vectors
    NGL     =      300 Max.num. of global parameters/diffraction pattern          
    N_LINC  =       30 Max.num. of global linear restraints                        
    NAT_P   =       64 Max.num. of atomic parameters per atom                     
    NCONST  =      500 Max.num. of slack constraints per phase                    
    N_SPE   =       16 Max.num. of different chemical species                     
    N_FORM  =       60 Max.num. of scattering factor values in a table            
    NPR     =      150 Max.num. of points defining a numerical profile            
    INPR    =       25 Max.num. of different numerical peak shapes                
    NPRC    =      150 Max.num. of terms in the table for correcting intensities  
    NSOL    =       10 Max.num. of solutions to be stored in Montecarlo searchs   

 
              CPU Time:    12.250 seconds
                            0.204 minutes

 => Run finished at:     Date: 10/06/2024  Time: 19:09:11.959                              
