

        **********************************************************
        ** PROGRAM FullProf.2k (Version 5.90 - Dec2016-ILL JRC) **
        **********************************************************
                       M U L T I -- P A T T E R N                 
            Rietveld, Profile Matching & Integrated Intensity     
                 Refinement of X-ray and/or Neutron Data


    Date: 10/06/2024  Time: 18:49:55.677                              

 => PCR file code: Y2O3
 => DAT file code: Y2O3.dat             -> Relative contribution: 1.0000                                                            

 ==> CONDITIONS OF THIS RUN FOR PATTERN No.:  1

 => Global Refinement of X-ray powder diffraction data                                                                              
 => Global Refinement of X-ray powder diffraction data                                                                              
    Bragg-Brentano(X-rays) or Debye-Scherrer geometry(Neutrons)
 => Title:   O3 Y2

 => Number of phases:    1
 => Number of excluded regions:    2
 => Number of scattering factors supplied:    0
 => March-Dollase model for preferred orientation
 => Conventional weights: w=1.0/Variance(yobs)
 => Asymmetry correction as in J.Appl.Cryst. 26,128(1993)
 => Background refined by polynomial function
 => The    5th default profile function was selected
 => Pseudo-Voigt function (ETA variable)
                 X-parameter correspond to: ETA=ETA0+X*2theta
                       pV(x)= ETA*L(x)+(1-ETA)*G(x)

 ==> INPUT/OUTPUT OPTIONS:

 => Generate file *.PRF for plot
 => Output Integrated Intensities
 => Generate new input file *.PCR

 => X-Y type of data: 2theta/TOF/E(Kev) Intens sigma for pattern:  1
 => Plot pattern at each cycle
 => Wavelengths:  1.54056 1.54439
 => Alpha2/Alpha1 ratio:   0.5000
 => Cos(Monochromator angle)=   0.9100
 => Asymmetry correction for angles lower than   60.000 degrees
 => Absorption correction (AC), muR-eff =   0.0000  0.0000
 => Base of peaks: 2.0*HW*    8.00

 => Number of cycles:   10
 => Relaxation factors ==>    for coordinates:  1.00
 => for anisotropic temperature factors:  1.00
 => for halfwidth/strain/size parameters:  1.00
 => for lattice constants and propagation vectors:  1.00
 => EPS-value for convergence:    0.1

 => Excluded regions for Pattern#  1
    From     to
      1.0000     20.0000
    100.0000    160.0000

 => Number of Least-Squares parameters varied:     9

 =>--------------------------->
 =>------->  PATTERN number:  1
 =>--------------------------->
 => Global parameters and codes ==>
 => Zero-point:    -0.0494   31.0000
 => Background parameters and codes ==>
 => Origin of polynomial at 2theta/TOF/E(KeV):   40.000  
  628.36     -76.253      24.453      0.0000      0.0000      0.0000    
       41.00       51.00       81.00        0.00       91.00        0.00
 => Displacement peak-shift parameter and code:     0.00    0.00
 => Transparency peak-shift parameter and code:     0.06   21.00

 => Reading Intensity data  =>>

 -> No recognizable heading in input data file X,Y,sigma
    First 6 lines are considered as COMMENTS (except for TSAMP keyword)
 -> COMMENT:   3.000    1643.000                                                                                                                 
 -> COMMENT:   3.020    1571.000                                                                                                                 
 -> COMMENT:   3.040    1569.000                                                                                                                 
 -> COMMENT:   3.060    1619.000                                                                                                                 
 -> COMMENT:   3.080    1554.000                                                                                                                 
 -> COMMENT:   3.100    1531.000                                                                                                                 
 ==> Angular range, step and number of points:
     2Thmin:       3.120000  2Thmax:     150.000000  Step:       0.020004  No. of points:   7345
 --------------------------------------------------------------------------------
 => Phase  No. 1
      O3 Y2                                                                 
 --------------------------------------------------------------------------------
 =>-------> Pattern#  1
 => Crystal Structure Refinement
 => The    7th profile function was selected for phase no.  1
 => Preferred orientation vector:   0.0000  0.0000  1.0000

 =>-------> Data for PHASE: 1
 => Number of atoms:    3
 => Number of distance  constraints:    0
 => Number of angle     constraints:    0

 => Symmetry information on space group: I a -3              
 -> The multiplicity of the general position is:  48
 -> The space group is Centric (-1 at origin)   
 -> Lattice type  I: { 000; 1/2 1/2 1/2 }+                         
 -> Reduced set of symmetry operators:

  No.  IT   Symmetry symbol    Rotation part     Associated Translation
   1: ( 1)   1            -->     ( x, y, z) + {  0.0000  0.0000  0.0000}
   2: ( 4)   2 ( x, 0, 0) -->     ( x,-y,-z) + {  0.5000  0.5000  0.0000}
   3: ( 3)   2 ( 0, y, 0) -->     (-x, y,-z) + {  0.0000  0.5000  0.5000}
   4: ( 2)   2 ( 0, 0, z) -->     (-x,-y, z) + {  0.5000  0.0000  0.5000}
   5: ( 9)  3- ( x, x, x) -->     ( y, z, x) + {  0.0000  0.0000  0.0000}
   6: (12)  3- (-x, x,-x) -->     (-y,-z, x) + {  0.5000  0.0000  0.5000}
   7: (11)  3- (-x,-x, x) -->     ( y,-z,-x) + {  0.5000  0.5000  0.0000}
   8: (10)  3- ( x,-x,-x) -->     (-y, z,-x) + {  0.0000  0.5000  0.5000}
   9: ( 5)  3+ ( x, x, x) -->     ( z, x, y) + {  0.0000  0.0000  0.0000}
  10: ( 8)  3+ (-x,-x, x) -->     (-z, x,-y) + {  0.0000  0.5000  0.5000}
  11: ( 7)  3+ ( x,-x,-x) -->     (-z,-x, y) + {  0.5000  0.0000  0.5000}
  12: ( 6)  3+ (-x, x,-x) -->     ( z,-x,-y) + {  0.5000  0.5000  0.0000}


        Information on Space Group: 
        --------------------------- 

 =>   Number of Space group: 206
 =>  Hermann-Mauguin Symbol: I a -3
 =>             Hall Symbol: -I 2b 2c 3
 =>            Setting Type: IT (Generated from Hermann-Mauguin symbol)
 =>          Crystal System: Cubic
 =>              Laue Class: m-3
 =>             Point Group: m-3
 =>         Bravais Lattice: I
 =>          Lattice Symbol: cI
 =>  Reduced Number of S.O.:  12
 =>    General multiplicity:  48
 =>          Centrosymmetry: Centric (-1 at origin)
 =>  Generators (exc. -1&L):   3
 =>         Asymmetric unit:  0.000 <= x <=  0.500
                              0.000 <= y <=  0.500
                              0.000 <= z <=  0.250

 => List of S.O. without inversion and lattice centring translations
 => SYMM(  1): x,y,z                               => SYMM(  2): x+1/2,-y+1/2,-z
 => SYMM(  3): -x,y+1/2,-z+1/2                     => SYMM(  4): -x+1/2,-y,z+1/2
 => SYMM(  5): y,z,x                               => SYMM(  6): -y+1/2,-z,x+1/2
 => SYMM(  7): y+1/2,-z+1/2,-x                     => SYMM(  8): -y,z+1/2,-x+1/2
 => SYMM(  9): z,x,y                               => SYMM( 10): -z,x+1/2,-y+1/2
 => SYMM( 11): -z+1/2,-x,y+1/2                     => SYMM( 12): z+1/2,-x+1/2,-y


 => Initial parameters ==>
 Atom    Ntyp                  X         Y         Z         B         occ.         in  fin  Spc  Mult
                             B11       B22       B33       B12       B13       B23
 Y1     Y                  0.25000   0.25000   0.25000   0.00000   0.16667           0    0    0    8
                 Codes:    0.00000   0.00000   0.00000   0.00000   0.00000
                 Betas:    0.00000   0.00000   0.00000   0.00000   0.00000   0.00000
                 Codes:    0.00000   0.00000   0.00000   0.00000   0.00000   0.00000
 Y2     Y                  0.96730   0.00000   0.25000   0.00000   0.50000           0    0    0   24
                 Codes:    0.00000   0.00000   0.00000   0.00000   0.00000
                 Betas:    0.00000   0.00000   0.00000   0.00000   0.00000   0.00000
                 Codes:    0.00000   0.00000   0.00000   0.00000   0.00000   0.00000
 O1     O                  0.39150   0.15380   0.38000   0.00000   1.00000           0    0    0   48
                 Codes:    0.00000   0.00000   0.00000   0.00000   0.00000
                 Betas:    0.00000   0.00000   0.00000   0.00000   0.00000   0.00000
                 Codes:    0.00000   0.00000   0.00000   0.00000   0.00000   0.00000

 => IT IS ASSUMED THAT THE FIRST GIVEN SITE IS FULLY OCCUPIED 
    OR THE FIRST AND SECOND ATOMS ARE IN THE SAME SITE WITH TOTAL FULL OCCUPATION
  (If this is not the case, change the order of atoms to obtain correct values for the content of the unit cell)
    The given occupation factors have been obtained mutiplying m/M by   1.0000
      -> Atom: Y   ,  Chemical element: Y   Atomic Mass:    88.9059
      -> Atom: Y   ,  Chemical element: Y   Atomic Mass:    88.9059
      -> Atom: O   ,  Chemical element: O   Atomic Mass:    15.9994
 => The given value of ATZ is       3613.05 the program has calculated:        3613.05
    The value of ATZ given in the input PCR file will be used for quantitative analysis
 => The chemical content of the unit cell is: 
       8.0000 Y    +  23.9995 Y    +  47.9990 O      
 => The normalized site occupation numbers in % are: 
     100.0000 Y1     :       99.9980 Y2     :       99.9980 O1       
 => The density (volumic mass) of the compound is:    5.032 g/cm3

 =>-------> PROFILE PARAMETERS FOR PATTERN:  1

 => Overall scale factor:   0.864520E-04
 => ETA (p-Voigt) OR M (Pearson VII):   0.0000
 => Overall temperature factor:      0.00000
 => Halfwidth U,V,W:      0.00413    -0.00762     0.01663
 => X and Y parameters:       0.0190      0.0000
 => Direct cell parameters:   10.6039  10.6039  10.6039  90.0000  90.0000  90.0000
 => Preferred orientation parameters:   1.0000  0.0000
 => Asymmetry parameters     :      0.00000     0.00000     0.00000     0.00000
 => Strain parameters        :      0.00000     0.00000     0.00000
 => Size   parameters        :      0.00000     0.00000
 => Further shape parameters (S_L and D_L):   0.00000   0.00000
    S_L is source width/detector distance
    D_L is detector width/detector distance

 ==> CODEWORDS FOR PROFILE PARAMETERS of PATTERN#  1

 => Overall scale factor:   11.000
 => ETA (p-Voigt) OR M (Pearson VII):    0.000
 => Overall temperature factor:    0.000
 => Halfwidth U,V,W:    0.000   0.000  71.000
 => X and Y parameters:    0.000   0.000
 => Direct cell parameters:   61.000  61.000  61.000   0.000   0.000   0.000
 => Preferred orientation parameters:    0.000   0.000
 => Asymmetry parameters     :    0.000   0.000   0.000   0.000
 => Strain parameters        :    0.000   0.000   0.000
 => Size   parameters        :    0.000   0.000

 => Cell constraints according to Laue symmetry: m-3  

        Metric information:
        -------------------

 => Direct cell parameters:

         a =      10.6039      b =      10.6039      c =      10.6039
     alpha =       90.000   beta =       90.000  gamma =       90.000
                        Direct Cell Volume =    1192.3340

 => Reciprocal cell parameters:

         a*=     0.094305      b*=     0.094305      c*=     0.094305
     alpha*=       90.000   beta*=       90.000  gamma*=       90.000
                    Reciprocal Cell Volume =   0.00083869

 => Direct and Reciprocal Metric Tensors:

                   GD                                       GR
    112.4429      0.0000      0.0000          0.008893    0.000000    0.000000
      0.0000    112.4429      0.0000          0.000000    0.008893    0.000000
      0.0000      0.0000    112.4429          0.000000    0.000000    0.008893

 =>  Cartesian frame: x // a; y is in the ab-plane; z is x ^ y   

     Crystal_to_Orthonormal_Matrix              Orthonormal_to_Crystal Matrix
              Cr_Orth_cel                               Orth_Cr_cel  
     10.6039      0.0000      0.0000          0.094305   -0.000000   -0.000000
      0.0000     10.6039      0.0000          0.000000    0.094305   -0.000000
      0.0000      0.0000     10.6039          0.000000    0.000000    0.094305

     Busing-Levy B-matrix: Hc=B.H            Inverse of the Busing-Levy B-matrix
                BL_M                                      BL_Minv  
    0.094305    0.000000    0.000000           10.6039     -0.0000     -0.0000
    0.000000    0.094305   -0.000000            0.0000     10.6039      0.0000
    0.000000    0.000000    0.094305            0.0000      0.0000     10.6039

 => Laue symmetry m-3   will be used to generate HKL for pattern#   1
 => Reflections generated between S(1/d)min:  0.0353 A-1 and S(1/d)max:  1.2596 A-1
 =>                                    dmax: 28.3647 A   and      dmin:  0.7939 A
 => The number of reflections generated is:    211
 => The max. scatt. variable (gen.ref.) is:       151.9642
 => Scattering coefficients from internal table


 => X-ray scattering coeff. (A1, B1, A2,...C, f(0), Z, Dfp,Dfpp)

 Y      17.7760   1.4029  10.2946  12.8006   5.7263   0.1256   3.2659 104.3540   1.9121  38.9749  39.0000  -0.3860   2.0250
 O       3.0485  13.2771   2.2868   5.7011   1.5463   0.3239   0.8670  32.9089   0.2508   7.9994   8.0000   0.0470   0.0320

     --------------------------------------------------------------
      SYMBOLIC NAMES AND INITIAL VALUES OF PARAMETERS TO BE VARIED:
     --------------------------------------------------------------

      ->  Parameter number    1   -> Symbolic Name:       Scale_ph1_pat1    0.86451997E-04
      ->  Parameter number    2   -> Symbolic Name:           SySin_pat1    0.64420000E-01
      ->  Parameter number    3   -> Symbolic Name:            Zero_pat1   -0.49369998E-01
      ->  Parameter number    4   -> Symbolic Name:           Bck_0_pat1     628.36102    
      ->  Parameter number    5   -> Symbolic Name:           Bck_1_pat1    -76.252998    
      ->  Parameter number    6   -> Symbolic Name:      Cell_A_ph1_pat1     10.603909    
      ->  Parameter number    7   -> Symbolic Name:      W-Cagl_ph1_pat1    0.16627001E-01
      ->  Parameter number    8   -> Symbolic Name:           Bck_2_pat1     24.452999    
      ->  Parameter number    9   -> Symbolic Name:           Bck_4_pat1     0.0000000    
  
 
 => No optimization for routine tasks
 ++++++++++++++++++++++++++++++++++++++++++++++++++++++++++++++++++++++++++++++++++++++++++++++++++++++++++++++++++++++++

 => CYCLE No.:    1
 ---------------------------------------------------------------------------------------
 => Phase  1 Name: O3 Y2                                                                 
 ---------------------------------------------------------------------------------------
 => New parameters, shifts, and standard deviations

 Atom        x       dx      sx       y       dy      sy       z       dz      sz       B       dB      sB      occ.    docc.   socc.

 Y1       0.25000 0.00000 0.00000  0.25000 0.00000 0.00000  0.25000 0.00000 0.00000  0.00000 0.00000 0.00000  0.16667 0.00000 0.00000
 Y2       0.96730 0.00000 0.00000  0.00000 0.00000 0.00000  0.25000 0.00000 0.00000  0.00000 0.00000 0.00000  0.50000 0.00000 0.00000
 O1       0.39150 0.00000 0.00000  0.15380 0.00000 0.00000  0.38000 0.00000 0.00000  0.00000 0.00000 0.00000  1.00000 0.00000 0.00000

 Atom         B11      DB11      SB11       B22      DB22      SB22       B33      DB33      SB33
              B12      DB12      SB12       B13      DB13      SB13       B23      DB23      SB23
 Y1      0.000000  0.000000  0.000000  0.000000  0.000000  0.000000  0.000000  0.000000  0.000000
         0.000000  0.000000  0.000000  0.000000  0.000000  0.000000  0.000000  0.000000  0.000000
 Y2      0.000000  0.000000  0.000000  0.000000  0.000000  0.000000  0.000000  0.000000  0.000000
         0.000000  0.000000  0.000000  0.000000  0.000000  0.000000  0.000000  0.000000  0.000000
 O1      0.000000  0.000000  0.000000  0.000000  0.000000  0.000000  0.000000  0.000000  0.000000
         0.000000  0.000000  0.000000  0.000000  0.000000  0.000000  0.000000  0.000000  0.000000

 ==> PROFILE PARAMETERS FOR PATTERN#  1

 => Overall scale factor:      0.000086444    -0.000000008     0.000000336
 => Eta(p-Voigt) or m(Pearson VII):   0.000000  0.000000  0.000000
 => Overall tem. factor:     0.000000    0.000000    0.000000
 => Halfwidth parameters: 
         0.004133    0.000000    0.000000
        -0.007618    0.000000    0.000000
         0.016626   -0.000001    0.000141
 => Cell parameters: 
       10.603911    0.000003    0.000128
       10.603911    0.000003    0.000128
       10.603911    0.000003    0.000128
       90.000000    0.000000    0.000000
       90.000000    0.000000    0.000000
       90.000000    0.000000    0.000000
 => Preferred orientation: 
         1.000000    0.000000    0.000000
         0.000000    0.000000    0.000000
 => Asymmetry parameters: 
         0.000000    0.000000    0.000000
         0.000000    0.000000    0.000000
         0.000000    0.000000    0.000000
         0.000000    0.000000    0.000000
 => X and Y parameters: 
         0.018961    0.000000    0.000000
         0.000000    0.000000    0.000000
 => Strain parameters: 
         0.000000    0.000000    0.000000
         0.000000    0.000000    0.000000
         0.000000    0.000000    0.000000
 => Size   parameters (G,L): 
         0.000000    0.000000    0.000000
         0.000000    0.000000    0.000000
 => Further shape parameters (S_L and D_L): 
       0.000000  0.000000  0.000000
       0.000000  0.000000  0.000000

 ==> GLOBAL PARAMETERS FOR PATTERN#  1


 => Zero-point:    -0.0494   -0.0000    0.0013
 => Background Polynomial Parameters ==>
       631.98      3.6180      3.6514    
      -68.618      7.6350      9.5706    
       9.2867     -15.166      18.430    
       0.0000      0.0000      0.0000    
       13.032      13.032      7.2281    
       0.0000      0.0000      0.0000    

 => Cos( theta)-shift parameter :   0.0000  0.0000  0.0000
 => Sin(2theta)-shift parameter :   0.0644  0.0000  0.0035

 ==> RELIABILITY FACTORS WITH ALL NON-EXCLUDED POINTS FOR PATTERN:  1

 => R-Factors:   9.68      14.3     Chi2:  24.5     DW-Stat.:  0.2756   Patt#:  1
 => Expected :            2.88                                1.9063
 => Deviance : 0.139E+06     Dev*:   34.73    
 => GoF-index:  4.9         Sqrt(Residual/N)
 => N-P+C:  3990

 =>    SumYdif       SumYobs      SumYcal      SumwYobsSQ     Residual    Condition
     0.4644E+06    0.4798E+07    0.4702E+07    0.4798E+07    0.9788E+05    0.4127E+18


 => Conventional Rietveld Rp,Rwp,Re and Chi2:   19.5      22.0      4.45      24.53    
 => (Values obtained using Ynet, but true sigma(y))
 =>  SumYnet, Sum(w Ynet**2):     0.2381E+07    0.2017E+07


 ==> RELIABILITY FACTORS FOR POINTS WITH BRAGG CONTRIBUTIONS FOR PATTERN:  1

 => R-Factors:   9.84      14.6     Chi2:  27.0     DW-Stat.:  0.2807   Patt#:
 => Expected :            2.80                                1.9010
 => Deviance : 0.137E+06     Dev*:   38.54    
 => GoF-index:  5.2         Sqrt(Residual/N)
 => N-P+C:  3553

 =>    SumYdif       SumYobs      SumYcal      SumwYobsSQ     Residual    Condition
     0.4462E+06    0.4535E+07    0.4425E+07    0.4535E+07    0.9610E+05    0.4127E+18


 => Conventional Rietveld Rp,Rwp,Re and Chi2:   18.6      21.8      4.20      27.05    
 => (Values obtained using Ynet, but true sigma(y))
 =>  SumYnet, Sum(w Ynet**2):     0.2395E+07    0.2015E+07


 => Global user-weigthed Chi2 (Bragg contrib.):   27.5    

 => ---------> Pattern#  1
 => Phase:  1
 =>    Bragg R-factor:  9.19    
 =>    RF-factor     :  5.23    
 ++++++++++++++++++++++++++++++++++++++++++++++++++++++++++++++++++++++++++++++++++++++++++++++++++++++++++++++++++++++++

 => CYCLE No.:    2
 ---------------------------------------------------------------------------------------
 => Phase  1 Name: O3 Y2                                                                 
 ---------------------------------------------------------------------------------------
 => New parameters, shifts, and standard deviations

 Atom        x       dx      sx       y       dy      sy       z       dz      sz       B       dB      sB      occ.    docc.   socc.

 Y1       0.25000 0.00000 0.00000  0.25000 0.00000 0.00000  0.25000 0.00000 0.00000  0.00000 0.00000 0.00000  0.16667 0.00000 0.00000
 Y2       0.96730 0.00000 0.00000  0.00000 0.00000 0.00000  0.25000 0.00000 0.00000  0.00000 0.00000 0.00000  0.50000 0.00000 0.00000
 O1       0.39150 0.00000 0.00000  0.15380 0.00000 0.00000  0.38000 0.00000 0.00000  0.00000 0.00000 0.00000  1.00000 0.00000 0.00000

 Atom         B11      DB11      SB11       B22      DB22      SB22       B33      DB33      SB33
              B12      DB12      SB12       B13      DB13      SB13       B23      DB23      SB23
 Y1      0.000000  0.000000  0.000000  0.000000  0.000000  0.000000  0.000000  0.000000  0.000000
         0.000000  0.000000  0.000000  0.000000  0.000000  0.000000  0.000000  0.000000  0.000000
 Y2      0.000000  0.000000  0.000000  0.000000  0.000000  0.000000  0.000000  0.000000  0.000000
         0.000000  0.000000  0.000000  0.000000  0.000000  0.000000  0.000000  0.000000  0.000000
 O1      0.000000  0.000000  0.000000  0.000000  0.000000  0.000000  0.000000  0.000000  0.000000
         0.000000  0.000000  0.000000  0.000000  0.000000  0.000000  0.000000  0.000000  0.000000

 ==> PROFILE PARAMETERS FOR PATTERN#  1

 => Overall scale factor:      0.000086440    -0.000000004     0.000000338
 => Eta(p-Voigt) or m(Pearson VII):   0.000000  0.000000  0.000000
 => Overall tem. factor:     0.000000    0.000000    0.000000
 => Halfwidth parameters: 
         0.004133    0.000000    0.000000
        -0.007618    0.000000    0.000000
         0.016625   -0.000001    0.000141
 => Cell parameters: 
       10.603913    0.000002    0.000129
       10.603913    0.000002    0.000129
       10.603913    0.000002    0.000129
       90.000000    0.000000    0.000000
       90.000000    0.000000    0.000000
       90.000000    0.000000    0.000000
 => Preferred orientation: 
         1.000000    0.000000    0.000000
         0.000000    0.000000    0.000000
 => Asymmetry parameters: 
         0.000000    0.000000    0.000000
         0.000000    0.000000    0.000000
         0.000000    0.000000    0.000000
         0.000000    0.000000    0.000000
 => X and Y parameters: 
         0.018961    0.000000    0.000000
         0.000000    0.000000    0.000000
 => Strain parameters: 
         0.000000    0.000000    0.000000
         0.000000    0.000000    0.000000
         0.000000    0.000000    0.000000
 => Size   parameters (G,L): 
         0.000000    0.000000    0.000000
         0.000000    0.000000    0.000000
 => Further shape parameters (S_L and D_L): 
       0.000000  0.000000  0.000000
       0.000000  0.000000  0.000000

 ==> GLOBAL PARAMETERS FOR PATTERN#  1


 => Zero-point:    -0.0494   -0.0000    0.0013
 => Background Polynomial Parameters ==>
       631.98     0.60324E-03  3.6675    
      -68.619    -0.10226E-02  9.6128    
       1.7043     -7.5824      18.511    
       0.0000      0.0000      0.0000    
       13.031    -0.23780E-03  7.2600    
       0.0000      0.0000      0.0000    

 => Cos( theta)-shift parameter :   0.0000  0.0000  0.0000
 => Sin(2theta)-shift parameter :   0.0645  0.0000  0.0035

 ==> RELIABILITY FACTORS WITH ALL NON-EXCLUDED POINTS FOR PATTERN:  1

 => R-Factors:   9.78      14.3     Chi2:  24.7     DW-Stat.:  0.2737   Patt#:  1
 => Expected :            2.88                                1.9063
 => Deviance : 0.139E+06     Dev*:   34.77    
 => GoF-index:  5.0         Sqrt(Residual/N)
 => N-P+C:  3990

 =>    SumYdif       SumYobs      SumYcal      SumwYobsSQ     Residual    Condition
     0.4691E+06    0.4798E+07    0.4736E+07    0.4798E+07    0.9874E+05    0.4126E+18


 => Conventional Rietveld Rp,Rwp,Re and Chi2:   20.0      22.2      4.46      24.75    
 => (Values obtained using Ynet, but true sigma(y))
 =>  SumYnet, Sum(w Ynet**2):     0.2347E+07    0.2004E+07


 ==> RELIABILITY FACTORS FOR POINTS WITH BRAGG CONTRIBUTIONS FOR PATTERN:  1

 => R-Factors:   9.93      14.6     Chi2:  27.3     DW-Stat.:  0.2790   Patt#:
 => Expected :            2.80                                1.9010
 => Deviance : 0.137E+06     Dev*:   38.55    
 => GoF-index:  5.2         Sqrt(Residual/N)
 => N-P+C:  3553

 =>    SumYdif       SumYobs      SumYcal      SumwYobsSQ     Residual    Condition
     0.4502E+06    0.4535E+07    0.4458E+07    0.4535E+07    0.9688E+05    0.4126E+18


 => Conventional Rietveld Rp,Rwp,Re and Chi2:   19.1      22.0      4.21      27.27    
 => (Values obtained using Ynet, but true sigma(y))
 =>  SumYnet, Sum(w Ynet**2):     0.2362E+07    0.2002E+07


 => Global user-weigthed Chi2 (Bragg contrib.):   27.8    

 => ---------> Pattern#  1
 => Phase:  1
 =>    Bragg R-factor:  10.4    
 =>    RF-factor     :  7.94    
 ++++++++++++++++++++++++++++++++++++++++++++++++++++++++++++++++++++++++++++++++++++++++++++++++++++++++++++++++++++++++

 => CYCLE No.:    3
 ---------------------------------------------------------------------------------------
 => Phase  1 Name: O3 Y2                                                                 
 ---------------------------------------------------------------------------------------
 => New parameters, shifts, and standard deviations

 Atom        x       dx      sx       y       dy      sy       z       dz      sz       B       dB      sB      occ.    docc.   socc.

 Y1       0.25000 0.00000 0.00000  0.25000 0.00000 0.00000  0.25000 0.00000 0.00000  0.00000 0.00000 0.00000  0.16667 0.00000 0.00000
 Y2       0.96730 0.00000 0.00000  0.00000 0.00000 0.00000  0.25000 0.00000 0.00000  0.00000 0.00000 0.00000  0.50000 0.00000 0.00000
 O1       0.39150 0.00000 0.00000  0.15380 0.00000 0.00000  0.38000 0.00000 0.00000  0.00000 0.00000 0.00000  1.00000 0.00000 0.00000

 Atom         B11      DB11      SB11       B22      DB22      SB22       B33      DB33      SB33
              B12      DB12      SB12       B13      DB13      SB13       B23      DB23      SB23
 Y1      0.000000  0.000000  0.000000  0.000000  0.000000  0.000000  0.000000  0.000000  0.000000
         0.000000  0.000000  0.000000  0.000000  0.000000  0.000000  0.000000  0.000000  0.000000
 Y2      0.000000  0.000000  0.000000  0.000000  0.000000  0.000000  0.000000  0.000000  0.000000
         0.000000  0.000000  0.000000  0.000000  0.000000  0.000000  0.000000  0.000000  0.000000
 O1      0.000000  0.000000  0.000000  0.000000  0.000000  0.000000  0.000000  0.000000  0.000000
         0.000000  0.000000  0.000000  0.000000  0.000000  0.000000  0.000000  0.000000  0.000000

 ==> PROFILE PARAMETERS FOR PATTERN#  1

 => Overall scale factor:      0.000086438    -0.000000002     0.000000337
 => Eta(p-Voigt) or m(Pearson VII):   0.000000  0.000000  0.000000
 => Overall tem. factor:     0.000000    0.000000    0.000000
 => Halfwidth parameters: 
         0.004133    0.000000    0.000000
        -0.007618    0.000000    0.000000
         0.016625   -0.000001    0.000141
 => Cell parameters: 
       10.603915    0.000002    0.000128
       10.603915    0.000002    0.000128
       10.603915    0.000002    0.000128
       90.000000    0.000000    0.000000
       90.000000    0.000000    0.000000
       90.000000    0.000000    0.000000
 => Preferred orientation: 
         1.000000    0.000000    0.000000
         0.000000    0.000000    0.000000
 => Asymmetry parameters: 
         0.000000    0.000000    0.000000
         0.000000    0.000000    0.000000
         0.000000    0.000000    0.000000
         0.000000    0.000000    0.000000
 => X and Y parameters: 
         0.018961    0.000000    0.000000
         0.000000    0.000000    0.000000
 => Strain parameters: 
         0.000000    0.000000    0.000000
         0.000000    0.000000    0.000000
         0.000000    0.000000    0.000000
 => Size   parameters (G,L): 
         0.000000    0.000000    0.000000
         0.000000    0.000000    0.000000
 => Further shape parameters (S_L and D_L): 
       0.000000  0.000000  0.000000
       0.000000  0.000000  0.000000

 ==> GLOBAL PARAMETERS FOR PATTERN#  1


 => Zero-point:    -0.0494    0.0000    0.0013
 => Background Polynomial Parameters ==>
       631.98     0.83022E-03  3.6542    
      -68.618     0.13924E-02  9.5778    
      -2.0893     -3.7936      18.444    
       0.0000      0.0000      0.0000    
       13.032     0.75221E-03  7.2335    
       0.0000      0.0000      0.0000    

 => Cos( theta)-shift parameter :   0.0000  0.0000  0.0000
 => Sin(2theta)-shift parameter :   0.0645 -0.0000  0.0035

 ==> RELIABILITY FACTORS WITH ALL NON-EXCLUDED POINTS FOR PATTERN:  1

 => R-Factors:   9.70      14.3     Chi2:  24.6     DW-Stat.:  0.2754   Patt#:  1
 => Expected :            2.88                                1.9063
 => Deviance : 0.138E+06     Dev*:   34.67    
 => GoF-index:  5.0         Sqrt(Residual/N)
 => N-P+C:  3990

 =>    SumYdif       SumYobs      SumYcal      SumwYobsSQ     Residual    Condition
     0.4652E+06    0.4798E+07    0.4718E+07    0.4798E+07    0.9803E+05    0.4126E+18


 => Conventional Rietveld Rp,Rwp,Re and Chi2:   19.7      22.1      4.46      24.57    
 => (Values obtained using Ynet, but true sigma(y))
 =>  SumYnet, Sum(w Ynet**2):     0.2364E+07    0.2010E+07


 ==> RELIABILITY FACTORS FOR POINTS WITH BRAGG CONTRIBUTIONS FOR PATTERN:  1

 => R-Factors:   9.85      14.6     Chi2:  27.1     DW-Stat.:  0.2805   Patt#:
 => Expected :            2.80                                1.9010
 => Deviance : 0.137E+06     Dev*:   38.47    
 => GoF-index:  5.2         Sqrt(Residual/N)
 => N-P+C:  3553

 =>    SumYdif       SumYobs      SumYcal      SumwYobsSQ     Residual    Condition
     0.4469E+06    0.4535E+07    0.4441E+07    0.4535E+07    0.9625E+05    0.4126E+18


 => Conventional Rietveld Rp,Rwp,Re and Chi2:   18.8      21.9      4.21      27.09    
 => (Values obtained using Ynet, but true sigma(y))
 =>  SumYnet, Sum(w Ynet**2):     0.2379E+07    0.2008E+07


 => Global user-weigthed Chi2 (Bragg contrib.):   27.6    

 => ---------> Pattern#  1
 => Phase:  1
 =>    Bragg R-factor:  9.73    
 =>    RF-factor     :  6.43    
 ++++++++++++++++++++++++++++++++++++++++++++++++++++++++++++++++++++++++++++++++++++++++++++++++++++++++++++++++++++++++

 => CYCLE No.:    4
 ---------------------------------------------------------------------------------------
 => Phase  1 Name: O3 Y2                                                                 
 ---------------------------------------------------------------------------------------
 => New parameters, shifts, and standard deviations

 Atom        x       dx      sx       y       dy      sy       z       dz      sz       B       dB      sB      occ.    docc.   socc.

 Y1       0.25000 0.00000 0.00000  0.25000 0.00000 0.00000  0.25000 0.00000 0.00000  0.00000 0.00000 0.00000  0.16667 0.00000 0.00000
 Y2       0.96730 0.00000 0.00000  0.00000 0.00000 0.00000  0.25000 0.00000 0.00000  0.00000 0.00000 0.00000  0.50000 0.00000 0.00000
 O1       0.39150 0.00000 0.00000  0.15380 0.00000 0.00000  0.38000 0.00000 0.00000  0.00000 0.00000 0.00000  1.00000 0.00000 0.00000

 Atom         B11      DB11      SB11       B22      DB22      SB22       B33      DB33      SB33
              B12      DB12      SB12       B13      DB13      SB13       B23      DB23      SB23
 Y1      0.000000  0.000000  0.000000  0.000000  0.000000  0.000000  0.000000  0.000000  0.000000
         0.000000  0.000000  0.000000  0.000000  0.000000  0.000000  0.000000  0.000000  0.000000
 Y2      0.000000  0.000000  0.000000  0.000000  0.000000  0.000000  0.000000  0.000000  0.000000
         0.000000  0.000000  0.000000  0.000000  0.000000  0.000000  0.000000  0.000000  0.000000
 O1      0.000000  0.000000  0.000000  0.000000  0.000000  0.000000  0.000000  0.000000  0.000000
         0.000000  0.000000  0.000000  0.000000  0.000000  0.000000  0.000000  0.000000  0.000000

 ==> PROFILE PARAMETERS FOR PATTERN#  1

 => Overall scale factor:      0.000086437    -0.000000001     0.000000336
 => Eta(p-Voigt) or m(Pearson VII):   0.000000  0.000000  0.000000
 => Overall tem. factor:     0.000000    0.000000    0.000000
 => Halfwidth parameters: 
         0.004133    0.000000    0.000000
        -0.007618    0.000000    0.000000
         0.016625   -0.000000    0.000141
 => Cell parameters: 
       10.603917    0.000002    0.000128
       10.603917    0.000002    0.000128
       10.603917    0.000002    0.000128
       90.000000    0.000000    0.000000
       90.000000    0.000000    0.000000
       90.000000    0.000000    0.000000
 => Preferred orientation: 
         1.000000    0.000000    0.000000
         0.000000    0.000000    0.000000
 => Asymmetry parameters: 
         0.000000    0.000000    0.000000
         0.000000    0.000000    0.000000
         0.000000    0.000000    0.000000
         0.000000    0.000000    0.000000
 => X and Y parameters: 
         0.018961    0.000000    0.000000
         0.000000    0.000000    0.000000
 => Strain parameters: 
         0.000000    0.000000    0.000000
         0.000000    0.000000    0.000000
         0.000000    0.000000    0.000000
 => Size   parameters (G,L): 
         0.000000    0.000000    0.000000
         0.000000    0.000000    0.000000
 => Further shape parameters (S_L and D_L): 
       0.000000  0.000000  0.000000
       0.000000  0.000000  0.000000

 ==> GLOBAL PARAMETERS FOR PATTERN#  1


 => Zero-point:    -0.0494   -0.0000    0.0013
 => Background Polynomial Parameters ==>
       631.98    -0.33819E-03  3.6508    
      -68.617     0.50992E-03  9.5690    
      -3.9857     -1.8964      18.427    
       0.0000      0.0000      0.0000    
       13.032     0.18920E-03  7.2269    
       0.0000      0.0000      0.0000    

 => Cos( theta)-shift parameter :   0.0000  0.0000  0.0000
 => Sin(2theta)-shift parameter :   0.0645  0.0000  0.0035

 ==> RELIABILITY FACTORS WITH ALL NON-EXCLUDED POINTS FOR PATTERN:  1

 => R-Factors:   9.68      14.3     Chi2:  24.5     DW-Stat.:  0.2757   Patt#:  1
 => Expected :            2.88                                1.9063
 => Deviance : 0.138E+06     Dev*:   34.67    
 => GoF-index:  4.9         Sqrt(Residual/N)
 => N-P+C:  3990

 =>    SumYdif       SumYobs      SumYcal      SumwYobsSQ     Residual    Condition
     0.4642E+06    0.4798E+07    0.4709E+07    0.4798E+07    0.9785E+05    0.4126E+18


 => Conventional Rietveld Rp,Rwp,Re and Chi2:   19.6      22.0      4.45      24.52    
 => (Values obtained using Ynet, but true sigma(y))
 =>  SumYnet, Sum(w Ynet**2):     0.2373E+07    0.2013E+07


 ==> RELIABILITY FACTORS FOR POINTS WITH BRAGG CONTRIBUTIONS FOR PATTERN:  1

 => R-Factors:   9.84      14.6     Chi2:  27.1     DW-Stat.:  0.2807   Patt#:
 => Expected :            2.80                                1.9010
 => Deviance : 0.137E+06     Dev*:   38.47    
 => GoF-index:  5.2         Sqrt(Residual/N)
 => N-P+C:  3553

 =>    SumYdif       SumYobs      SumYcal      SumwYobsSQ     Residual    Condition
     0.4463E+06    0.4535E+07    0.4433E+07    0.4535E+07    0.9612E+05    0.4126E+18


 => Conventional Rietveld Rp,Rwp,Re and Chi2:   18.7      21.9      4.20      27.05    
 => (Values obtained using Ynet, but true sigma(y))
 =>  SumYnet, Sum(w Ynet**2):     0.2387E+07    0.2012E+07


 => Global user-weigthed Chi2 (Bragg contrib.):   27.5    

 => ---------> Pattern#  1
 => Phase:  1
 =>    Bragg R-factor:  9.44    
 =>    RF-factor     :  5.75    
 ++++++++++++++++++++++++++++++++++++++++++++++++++++++++++++++++++++++++++++++++++++++++++++++++++++++++++++++++++++++++

 => CYCLE No.:    5
 ---------------------------------------------------------------------------------------
 => Phase  1 Name: O3 Y2                                                                 
 ---------------------------------------------------------------------------------------
 => New parameters, shifts, and standard deviations

 Atom        x       dx      sx       y       dy      sy       z       dz      sz       B       dB      sB      occ.    docc.   socc.

 Y1       0.25000 0.00000 0.00000  0.25000 0.00000 0.00000  0.25000 0.00000 0.00000  0.00000 0.00000 0.00000  0.16667 0.00000 0.00000
 Y2       0.96730 0.00000 0.00000  0.00000 0.00000 0.00000  0.25000 0.00000 0.00000  0.00000 0.00000 0.00000  0.50000 0.00000 0.00000
 O1       0.39150 0.00000 0.00000  0.15380 0.00000 0.00000  0.38000 0.00000 0.00000  0.00000 0.00000 0.00000  1.00000 0.00000 0.00000

 Atom         B11      DB11      SB11       B22      DB22      SB22       B33      DB33      SB33
              B12      DB12      SB12       B13      DB13      SB13       B23      DB23      SB23
 Y1      0.000000  0.000000  0.000000  0.000000  0.000000  0.000000  0.000000  0.000000  0.000000
         0.000000  0.000000  0.000000  0.000000  0.000000  0.000000  0.000000  0.000000  0.000000
 Y2      0.000000  0.000000  0.000000  0.000000  0.000000  0.000000  0.000000  0.000000  0.000000
         0.000000  0.000000  0.000000  0.000000  0.000000  0.000000  0.000000  0.000000  0.000000
 O1      0.000000  0.000000  0.000000  0.000000  0.000000  0.000000  0.000000  0.000000  0.000000
         0.000000  0.000000  0.000000  0.000000  0.000000  0.000000  0.000000  0.000000  0.000000

 ==> PROFILE PARAMETERS FOR PATTERN#  1

 => Overall scale factor:      0.000086437    -0.000000001     0.000000336
 => Eta(p-Voigt) or m(Pearson VII):   0.000000  0.000000  0.000000
 => Overall tem. factor:     0.000000    0.000000    0.000000
 => Halfwidth parameters: 
         0.004133    0.000000    0.000000
        -0.007618    0.000000    0.000000
         0.016625   -0.000000    0.000141
 => Cell parameters: 
       10.603919    0.000002    0.000128
       10.603919    0.000002    0.000128
       10.603919    0.000002    0.000128
       90.000000    0.000000    0.000000
       90.000000    0.000000    0.000000
       90.000000    0.000000    0.000000
 => Preferred orientation: 
         1.000000    0.000000    0.000000
         0.000000    0.000000    0.000000
 => Asymmetry parameters: 
         0.000000    0.000000    0.000000
         0.000000    0.000000    0.000000
         0.000000    0.000000    0.000000
         0.000000    0.000000    0.000000
 => X and Y parameters: 
         0.018961    0.000000    0.000000
         0.000000    0.000000    0.000000
 => Strain parameters: 
         0.000000    0.000000    0.000000
         0.000000    0.000000    0.000000
         0.000000    0.000000    0.000000
 => Size   parameters (G,L): 
         0.000000    0.000000    0.000000
         0.000000    0.000000    0.000000
 => Further shape parameters (S_L and D_L): 
       0.000000  0.000000  0.000000
       0.000000  0.000000  0.000000

 ==> GLOBAL PARAMETERS FOR PATTERN#  1


 => Zero-point:    -0.0494   -0.0000    0.0013
 => Background Polynomial Parameters ==>
       631.98     0.11055E-03  3.6500    
      -68.618    -0.34486E-03  9.5669    
      -4.9338    -0.94809      18.423    
       0.0000      0.0000      0.0000    
       13.033     0.17837E-03  7.2253    
       0.0000      0.0000      0.0000    

 => Cos( theta)-shift parameter :   0.0000  0.0000  0.0000
 => Sin(2theta)-shift parameter :   0.0645  0.0000  0.0035

 ==> RELIABILITY FACTORS WITH ALL NON-EXCLUDED POINTS FOR PATTERN:  1

 => R-Factors:   9.67      14.3     Chi2:  24.5     DW-Stat.:  0.2758   Patt#:  1
 => Expected :            2.88                                1.9063
 => Deviance : 0.138E+06     Dev*:   34.68    
 => GoF-index:  4.9         Sqrt(Residual/N)
 => N-P+C:  3990

 =>    SumYdif       SumYobs      SumYcal      SumwYobsSQ     Residual    Condition
     0.4640E+06    0.4798E+07    0.4705E+07    0.4798E+07    0.9780E+05    0.4126E+18


 => Conventional Rietveld Rp,Rwp,Re and Chi2:   19.5      22.0      4.45      24.51    
 => (Values obtained using Ynet, but true sigma(y))
 =>  SumYnet, Sum(w Ynet**2):     0.2377E+07    0.2015E+07


 ==> RELIABILITY FACTORS FOR POINTS WITH BRAGG CONTRIBUTIONS FOR PATTERN:  1

 => R-Factors:   9.84      14.6     Chi2:  27.0     DW-Stat.:  0.2807   Patt#:
 => Expected :            2.80                                1.9010
 => Deviance : 0.137E+06     Dev*:   38.49    
 => GoF-index:  5.2         Sqrt(Residual/N)
 => N-P+C:  3553

 =>    SumYdif       SumYobs      SumYcal      SumwYobsSQ     Residual    Condition
     0.4462E+06    0.4535E+07    0.4428E+07    0.4535E+07    0.9609E+05    0.4126E+18


 => Conventional Rietveld Rp,Rwp,Re and Chi2:   18.7      21.8      4.20      27.05    
 => (Values obtained using Ynet, but true sigma(y))
 =>  SumYnet, Sum(w Ynet**2):     0.2391E+07    0.2013E+07


 => Global user-weigthed Chi2 (Bragg contrib.):   27.5    

 => ---------> Pattern#  1
 => Phase:  1
 =>    Bragg R-factor:  9.29    
 =>    RF-factor     :  5.37    


   Standard deviations have to be multiplied by: 3.7584
   (correlated residuals) See references:
  -J.F.Berar & P.Lelann, J. Appl. Cryst. 24, 1-5 (1991) 
  -J.F.Berar, Acc. in Pow. Diff. II,NIST Sp.Pub. 846, 63(1992) 

 ++++++++++++++++++++++++++++++++++++++++++++++++++++++++++++++++++++++++++++++++++++++++++++++++++++++++++++++++++++++++

 => CYCLE No.:    5
 =>  Convergence reached at this CYCLE !!!!
 =>  Parameter shifts set to zero
 ---------------------------------------------------------------------------------------
 => Phase  1 Name: O3 Y2                                                                 
 ---------------------------------------------------------------------------------------
 => New parameters, shifts, and standard deviations

 Atom        x       dx      sx       y       dy      sy       z       dz      sz       B       dB      sB      occ.    docc.   socc.

 Y1       0.25000 0.00000 0.00000  0.25000 0.00000 0.00000  0.25000 0.00000 0.00000  0.00000 0.00000 0.00000  0.16667 0.00000 0.00000
 Y2       0.96730 0.00000 0.00000  0.00000 0.00000 0.00000  0.25000 0.00000 0.00000  0.00000 0.00000 0.00000  0.50000 0.00000 0.00000
 O1       0.39150 0.00000 0.00000  0.15380 0.00000 0.00000  0.38000 0.00000 0.00000  0.00000 0.00000 0.00000  1.00000 0.00000 0.00000

 Atom         B11      DB11      SB11       B22      DB22      SB22       B33      DB33      SB33
              B12      DB12      SB12       B13      DB13      SB13       B23      DB23      SB23
 Y1      0.000000  0.000000  0.000000  0.000000  0.000000  0.000000  0.000000  0.000000  0.000000
         0.000000  0.000000  0.000000  0.000000  0.000000  0.000000  0.000000  0.000000  0.000000

    U-Eigen Value (A**2) ----      Eigen vector(Orth. syst.)
        0.00000          ----    0.93753   -0.21290    0.27515
        0.00000          ----    0.15653    0.96445    0.21291
        0.00000          ----   -0.31070   -0.15653    0.93753

    Isotropic temperature factor Uequiv(A**2):   0.0000
    Isotropic temperature factor Bequiv(A**2):   0.0000

     R.M.S. in ANGSTROMS ------       Angles with A, B, C
        0.00000          ----     20.359    102.293     74.029
        0.00000          ----     80.994     15.323     77.707
        0.00000          ----    108.101     99.006     20.359
 
 Y2      0.000000  0.000000  0.000000  0.000000  0.000000  0.000000  0.000000  0.000000  0.000000
         0.000000  0.000000  0.000000  0.000000  0.000000  0.000000  0.000000  0.000000  0.000000

    U-Eigen Value (A**2) ----      Eigen vector(Orth. syst.)
        0.00000          ----    0.93753   -0.21290    0.27515
        0.00000          ----    0.15653    0.96445    0.21291
        0.00000          ----   -0.31070   -0.15653    0.93753

    Isotropic temperature factor Uequiv(A**2):   0.0000
    Isotropic temperature factor Bequiv(A**2):   0.0000

     R.M.S. in ANGSTROMS ------       Angles with A, B, C
        0.00000          ----     20.359    102.293     74.029
        0.00000          ----     80.994     15.323     77.707
        0.00000          ----    108.101     99.006     20.359
 
 O1      0.000000  0.000000  0.000000  0.000000  0.000000  0.000000  0.000000  0.000000  0.000000
         0.000000  0.000000  0.000000  0.000000  0.000000  0.000000  0.000000  0.000000  0.000000

    U-Eigen Value (A**2) ----      Eigen vector(Orth. syst.)
        0.00000          ----    0.93753   -0.21290    0.27515
        0.00000          ----    0.15653    0.96445    0.21291
        0.00000          ----   -0.31070   -0.15653    0.93753

    Isotropic temperature factor Uequiv(A**2):   0.0000
    Isotropic temperature factor Bequiv(A**2):   0.0000

     R.M.S. in ANGSTROMS ------       Angles with A, B, C
        0.00000          ----     20.359    102.293     74.029
        0.00000          ----     80.994     15.323     77.707
        0.00000          ----    108.101     99.006     20.359
 

 ==> PROFILE PARAMETERS FOR PATTERN#  1

 => Overall scale factor:      0.000086437     0.000000000     0.000000336
 => Eta(p-Voigt) or m(Pearson VII):   0.000000  0.000000  0.000000
 => Overall tem. factor:     0.000000    0.000000    0.000000
 => Halfwidth parameters: 
         0.004133    0.000000    0.000000
        -0.007618    0.000000    0.000000
         0.016625    0.000000    0.000141
 => Cell parameters: 
       10.603919    0.000000    0.000128
       10.603919    0.000000    0.000128
       10.603919    0.000000    0.000128
       90.000000    0.000000    0.000000
       90.000000    0.000000    0.000000
       90.000000    0.000000    0.000000
 => Preferred orientation: 
         1.000000    0.000000    0.000000
         0.000000    0.000000    0.000000
 => Asymmetry parameters: 
         0.000000    0.000000    0.000000
         0.000000    0.000000    0.000000
         0.000000    0.000000    0.000000
         0.000000    0.000000    0.000000
 => X and Y parameters: 
         0.018961    0.000000    0.000000
         0.000000    0.000000    0.000000
 => Strain parameters: 
         0.000000    0.000000    0.000000
         0.000000    0.000000    0.000000
         0.000000    0.000000    0.000000
 => Size   parameters (G,L): 
         0.000000    0.000000    0.000000
         0.000000    0.000000    0.000000
 => Further shape parameters (S_L and D_L): 
       0.000000  0.000000  0.000000
       0.000000  0.000000  0.000000

 ==> GLOBAL PARAMETERS FOR PATTERN#  1


 => Zero-point:    -0.0494    0.0000    0.0013
 => Background Polynomial Parameters ==>
       631.98      0.0000      3.6500    
      -68.618      0.0000      9.5669    
      -4.9338      0.0000      18.423    
       0.0000      0.0000      0.0000    
       13.033      0.0000      7.2253    
       0.0000      0.0000      0.0000    

 => Cos( theta)-shift parameter :   0.0000  0.0000  0.0000
 => Sin(2theta)-shift parameter :   0.0645  0.0000  0.0035

 ==> RELIABILITY FACTORS WITH ALL NON-EXCLUDED POINTS FOR PATTERN:  1

 => R-Factors:   9.67      14.3     Chi2:  24.5     DW-Stat.:  0.2758   Patt#:  1
 => Expected :            2.88                                1.9063
 => Deviance : 0.138E+06     Dev*:   34.68    
 => GoF-index:  4.9         Sqrt(Residual/N)
 => N-P+C:  3990

 =>    SumYdif       SumYobs      SumYcal      SumwYobsSQ     Residual    Condition
     0.4640E+06    0.4798E+07    0.4705E+07    0.4798E+07    0.9780E+05    0.4126E+18


 => Conventional Rietveld Rp,Rwp,Re and Chi2:   19.5      22.0      4.45      24.51    
 => (Values obtained using Ynet, but true sigma(y))
 =>  SumYnet, Sum(w Ynet**2):     0.2377E+07    0.2015E+07

 => N-sigma of the GoF: 1050.171

 ==> RELIABILITY FACTORS FOR POINTS WITH BRAGG CONTRIBUTIONS FOR PATTERN:  1

 => R-Factors:   9.84      14.6     Chi2:  27.0     DW-Stat.:  0.2807   Patt#:
 => Expected :            2.80                                1.9010
 => Deviance : 0.137E+06     Dev*:   38.49    
 => GoF-index:  5.2         Sqrt(Residual/N)
 => N-P+C:  3553

 =>    SumYdif       SumYobs      SumYcal      SumwYobsSQ     Residual    Condition
     0.4462E+06    0.4535E+07    0.4428E+07    0.4535E+07    0.9609E+05    0.4126E+18


 => Conventional Rietveld Rp,Rwp,Re and Chi2:   18.7      21.8      4.20      27.05    
 => (Values obtained using Ynet, but true sigma(y))
 =>  SumYnet, Sum(w Ynet**2):     0.2391E+07    0.2013E+07

 => N-sigma of the GoF:     1097.775

 => Global user-weigthed Chi2 (Bragg contrib.):   27.5    

 => ---------> Pattern#  1
 => Phase:  1
 =>    Bragg R-factor:  9.29    
 =>    RF-factor     :  5.37    

 --------------------------------------------------------------------------------------------------------------
 Pattern#  1 Phase No:   1 Phase name: O3 Y2                         
 --------------------------------------------------------------------------------------------------------------

   No.  Code     H   K   L  Mult     Hw         2theta      Icalc       Iobs      Sigma      HwG     HwL       ETA       d-hkl        CORR

      1   1      2   1   1    24  0.125865      20.499      992.9     1132.1    158.532  0.124026  0.003429  0.036858  4.329031    692.688965
      2   1      2   2   0    12  0.125454      23.713        1.8        0.0      1.569  0.123319  0.003981  0.042867  3.749051    256.018707
      3   1      2   2   2     8  0.124803      29.149     8782.7    10048.7   1445.557  0.122161  0.004930  0.053222  3.061087    110.575478
      4   1      2   3   1    24  0.124536      31.543       33.6        0.0      2.572  0.121667  0.005355  0.057867  2.834016    280.357849
      5   1      3   2   1    24  0.124536      31.543        8.3        0.0      0.636  0.121667  0.005355  0.057867  2.834016    280.357849
      6   1      4   0   0     6  0.124297      33.783     2262.9     2325.3     64.315  0.121213  0.005758  0.062266  2.650979     60.480000
      7   1      4   1   1    24  0.124081      35.900      450.9      424.1     25.533  0.120791  0.006143  0.066469  2.499367    212.103790
      8   1      2   4   0    12  0.123885      37.914       38.1       14.0      8.917  0.120398  0.006513  0.070513  2.371108     94.161926
      9   1      4   2   0    12  0.123885      37.914       65.3       23.9     15.272  0.120398  0.006513  0.070513  2.371108     94.161926
     10   1      3   3   2    24  0.123707      39.841      536.3      536.4      4.592  0.120028  0.006871  0.074425  2.260763    168.934967
     11   1      4   2   2    24  0.123545      41.693       86.1       32.7     20.464  0.119679  0.007220  0.078226  2.164515    152.840286
     12   1      3   4   1    24  0.123396      43.480      431.5      436.2      5.591  0.119349  0.007561  0.081935  2.079599    139.280624
     13   1      4   3   1    24  0.123396      43.480      351.6      355.4      4.555  0.119349  0.007561  0.081935  2.079599    139.280624
     14   1      2   5   1    24  0.123138      46.890      143.2      131.9     10.623  0.118736  0.008223  0.089126  1.936002    117.741783
     15   1      5   2   1    24  0.123138      46.890      120.1      110.6      8.909  0.118736  0.008223  0.089126  1.936002    117.741783
     16   1      4   4   0    12  0.123026      48.525     3902.1     4367.1    518.587  0.118451  0.008546  0.092630  1.874525     54.533333
     17   1      4   3   3    24  0.122925      50.120      204.3      204.7      3.381  0.118179  0.008866  0.096083  1.818557    101.460342
     18   1      4   4   2    24  0.122834      51.678        5.8        2.7      1.474  0.117919  0.009182  0.099494  1.767319     94.745560
     19   1      6   0   0     6  0.122834      51.678       37.5       17.2      9.547  0.117919  0.009182  0.099494  1.767319     23.686390
     20   1      3   5   2    24  0.122753      53.204       80.7       79.2      1.633  0.117670  0.009496  0.102868  1.720183     88.782257
     21   1      5   3   2    24  0.122753      53.204       90.5       88.8      1.831  0.117670  0.009496  0.102868  1.720183     88.782257
     22   1      6   1   1    24  0.122753      53.204      327.5      321.4      6.628  0.117670  0.009496  0.102868  1.720182     88.782257
     23   1      2   6   0    12  0.122681      54.700       67.4       55.1     10.129  0.117431  0.009807  0.106211  1.676626     41.729279
     24   1      6   2   0    12  0.122681      54.700       42.0       34.3      6.306  0.117431  0.009807  0.106211  1.676626     41.729279
     25   1      4   5   1    24  0.122619      56.168      226.0      235.3      9.912  0.117203  0.010117  0.109527  1.636220     78.683914
     26   1      5   4   1    24  0.122619      56.168      169.0      176.0      7.414  0.117203  0.010117  0.109527  1.636220     78.683914
     27   1      6   2   2    24  0.122567      57.612     2690.9     2914.9    241.692  0.116985  0.010427  0.112821  1.598601     74.384155
     28   1      3   6   1    24  0.122523      59.033      297.5      318.9     22.954  0.116775  0.010735  0.116097  1.563462     70.498177
     29   1      6   3   1    24  0.122523      59.033      278.3      298.4     21.476  0.116775  0.010735  0.116097  1.563462     70.498177
     30   1      4   4   4     8  0.122489      60.433      460.0      473.7     14.659  0.116576  0.011043  0.119358  1.530544     22.325008
     31   1      4   5   3    24  0.122463      61.815       71.2       65.9      5.051  0.116385  0.011351  0.122607  1.499620     63.771919
     32   1      5   4   3    24  0.122463      61.815      123.1      113.9      8.731  0.116385  0.011351  0.122607  1.499620     63.771919
     33   1      4   6   0    12  0.122447      63.178      105.2       84.4     16.787  0.116202  0.011660  0.125847  1.470499     30.426373
     34   1      6   4   0    12  0.122447      63.178       18.8       15.1      2.998  0.116202  0.011660  0.125847  1.470499     30.426373
     35   1      2   7   1    24  0.122440      64.525       81.2       74.1      6.462  0.116029  0.011969  0.129082  1.443010     58.186722
     36   1      5   5   2    24  0.122440      64.525        4.9        4.5      0.393  0.116029  0.011969  0.129082  1.443010     58.186722
     37   1      6   3   3    24  0.122440      64.525       99.8       91.1      7.944  0.116029  0.011969  0.129082  1.443010     58.186722
     38   1      7   2   1    24  0.122440      64.525      135.3      123.5     10.768  0.116029  0.011969  0.129082  1.443010     58.186722
     39   1      4   6   2    24  0.122443      65.858       19.8       16.3      2.936  0.115864  0.012280  0.132313  1.417008     55.747524
     40   1      6   4   2    24  0.122443      65.858      128.3      105.2     18.991  0.115864  0.012280  0.132313  1.417008     55.747524
     41   1      3   7   2    24  0.122509      69.776        0.6        0.5      0.048  0.115422  0.013222  0.142008  1.346699     49.579079
     42   1      5   6   1    24  0.122509      69.776      105.8       96.1      8.933  0.115422  0.013222  0.142008  1.346699     49.579079
     43   1      6   5   1    24  0.122509      69.776       91.3       82.9      7.708  0.115422  0.013222  0.142008  1.346699     49.579079
     44   1      7   3   2    24  0.122509      69.776        1.4        1.2      0.116  0.115422  0.013222  0.142008  1.346699     49.579079
     45   1      8   0   0     6  0.122551      71.060      422.9      430.7      8.824  0.115292  0.013540  0.145248  1.325490     11.962196
     46   1      4   7   1    24  0.122603      72.334       74.8       74.4      0.808  0.115171  0.013861  0.148494  1.305252     46.258106
     47   1      5   5   4    24  0.122603      72.334       58.8       58.5      0.635  0.115171  0.013861  0.148494  1.305252     46.258106
     48   1      7   4   1    24  0.122603      72.334       61.1       60.8      0.660  0.115171  0.013861  0.148494  1.305252     46.258106
     49   1      8   1   1    24  0.122603      72.334      163.0      162.3      1.762  0.115171  0.013861  0.148494  1.305252     46.258106
     50   1      2   8   0    12  0.122667      73.599       55.0       50.3      4.362  0.115060  0.014184  0.151749  1.285914     22.397804
     51   1      6   4   4    24  0.122667      73.599       47.7       43.6      3.787  0.115060  0.014184  0.151749  1.285914     44.795609
     52   1      8   2   0    12  0.122667      73.599       89.2       81.5      7.073  0.115060  0.014184  0.151749  1.285914     22.397804
     53   1      5   6   3    24  0.122742      74.855      105.6       99.5      5.984  0.114958  0.014511  0.155014  1.267411     43.451168
     54   1      6   5   3    24  0.122742      74.855      109.6      103.2      6.208  0.114958  0.014511  0.155014  1.267411     43.451168
     55   1      6   6   0    12  0.122829      76.105        1.4        1.3      0.115  0.114865  0.014842  0.158291  1.249684     21.107941
     56   1      8   2   2    24  0.122829      76.105      132.6      121.1     10.791  0.114865  0.014842  0.158291  1.249684     42.215881
     57   1      3   8   1    24  0.122928      77.347       93.4       93.0      1.046  0.114783  0.015176  0.161581  1.232680     41.081795
     58   1      4   7   3    24  0.122928      77.347       63.7       63.5      0.714  0.114783  0.015176  0.161581  1.232680     41.081795
     59   1      7   4   3    24  0.122928      77.347       64.8       64.5      0.726  0.114783  0.015176  0.161581  1.232680     41.081795
     60   1      8   3   1    24  0.122928      77.347      114.5      114.1      1.283  0.114783  0.015176  0.161581  1.232680     41.081795

   No.  Code     H   K   L  Mult     Hw         2theta      Icalc       Iobs      Sigma      HwG     HwL       ETA       d-hkl        CORR

     61   1      6   6   2    24  0.123040      78.584      753.0      758.8      7.471  0.114710  0.015515  0.164887  1.216353     40.041901
     62   1      5   7   2    24  0.123165      79.815        1.4        1.1      0.370  0.114649  0.015858  0.168209  1.200657     39.089909
     63   1      7   5   2    24  0.123165      79.815        6.5        5.2      1.746  0.114649  0.015858  0.168209  1.200657     39.089909
     64   1      4   8   0    12  0.123304      81.041      252.7      246.8      6.145  0.114598  0.016206  0.171549  1.185554     19.110126
     65   1      8   4   0    12  0.123304      81.041      252.4      246.4      6.136  0.114598  0.016206  0.171549  1.185554     19.110126
     66   1      8   3   3    24  0.123458      82.264      100.8       90.7      9.299  0.114560  0.016559  0.174907  1.171007     37.427944
     67   1      4   8   2    24  0.123627      83.482       64.1       56.5      6.792  0.114533  0.016918  0.178286  1.156982     36.708542
     68   1      8   4   2    24  0.123627      83.482       52.1       45.9      5.523  0.114533  0.016918  0.178286  1.156982     36.708542
     69   1      2   9   1    24  0.123813      84.698        3.7        3.3      0.288  0.114520  0.017283  0.181687  1.143450     36.058075
     70   1      6   5   5    24  0.123813      84.698      127.9      117.0     10.082  0.114520  0.017283  0.181687  1.143450     36.058075
     71   1      6   7   1    24  0.123813      84.698       58.3       53.3      4.592  0.114520  0.017283  0.181687  1.143450     36.058075
     72   1      7   6   1    24  0.123813      84.698       41.7       38.2      3.288  0.114520  0.017283  0.181687  1.143450     36.058075
     73   1      9   2   1    24  0.123813      84.698        9.0        8.3      0.712  0.114520  0.017283  0.181687  1.143450     36.058075
     74   1      6   6   4    24  0.124016      85.912       19.7       12.3      4.973  0.114519  0.017654  0.185110  1.130381     35.473007
     75   1      5   7   4    24  0.124237      87.123       65.5       59.0      5.954  0.114533  0.018032  0.188557  1.117751     34.950172
     76   1      5   8   1    24  0.124237      87.123       81.7       73.5      7.424  0.114533  0.018032  0.188557  1.117751     34.950172
     77   1      7   5   4    24  0.124237      87.123       43.8       39.4      3.979  0.114533  0.018032  0.188557  1.117751     34.950172
     78   1      8   5   1    24  0.124237      87.123       57.3       51.5      5.202  0.114533  0.018032  0.188557  1.117751     34.950172
     79   1      3   9   2    24  0.124738      89.543       12.3       11.7      0.553  0.114607  0.018810  0.195526  1.093711     34.080315
     80   1      6   7   3    24  0.124738      89.543      107.5      102.6      4.839  0.114607  0.018810  0.195526  1.093711     34.080315
     81   1      7   6   3    24  0.124738      89.543      127.5      121.8      5.740  0.114607  0.018810  0.195526  1.093711     34.080315
     82   1      9   3   2    24  0.124738      89.543       14.6       13.9      0.656  0.114607  0.018810  0.195526  1.093711     34.080315
     83   1      8   4   4    24  0.125020      90.752      555.7      561.0      6.713  0.114669  0.019212  0.199051  1.082258     33.728626
     84   1      4   9   1    24  0.125326      91.962       25.9       25.0      0.866  0.114749  0.019622  0.202603  1.071157     33.429768
     85   1      5   8   3    24  0.125326      91.962       74.4       72.0      2.491  0.114749  0.019622  0.202603  1.071157     33.429768
     86   1      8   5   3    24  0.125326      91.962      116.2      112.4      3.888  0.114749  0.019622  0.202603  1.071157     33.429768
     87   1      9   4   1    24  0.125326      91.962       46.5       45.0      1.556  0.114749  0.019622  0.202603  1.071157     33.429768
     88   1      6   8   0    12  0.125656      93.173       12.6       10.6      1.648  0.114848  0.020041  0.206184  1.060392     16.591045
     89   1      8   6   0    12  0.125656      93.173      119.1      100.6     15.611  0.114848  0.020041  0.206184  1.060392     16.591045
     90   1     10   0   0     6  0.125656      93.173       39.6       33.4      5.184  0.114848  0.020041  0.206184  1.060392      8.295523
     91   1      7   7   2    24  0.126012      94.385       38.5       35.0      3.356  0.114967  0.020471  0.209794  1.049944     32.984161
     92   1     10   1   1    24  0.126012      94.385       44.7       40.7      3.899  0.114967  0.020471  0.209794  1.049944     32.984161
     93   1      2  10   0    12  0.126397      95.599       66.5       58.7      6.790  0.115109  0.020911  0.213434  1.039800     16.417389
     94   1      6   8   2    24  0.126397      95.599      222.9      197.1     22.781  0.115109  0.020911  0.213434  1.039800     32.834778
     95   1      8   6   2    24  0.126397      95.599       22.5       19.9      2.303  0.115109  0.020911  0.213434  1.039800     32.834778
     96   1     10   2   0    12  0.126397      95.599       80.7       71.3      8.241  0.115109  0.020911  0.213434  1.039800     16.417389
     97   1      4   9   3    24  0.126811      96.815       63.5       54.7      7.641  0.115274  0.021362  0.217104  1.029943     32.732956
     98   1      9   4   3    24  0.126811      96.815       34.9       30.1      4.202  0.115274  0.021362  0.217104  1.029943     32.732956
     99   1      6   6   6     8  0.127258      98.035       91.8       85.2      6.068  0.115464  0.021825  0.220806  1.020362     10.892642
    100   1     10   2   2    24  0.127258      98.035      420.9      390.8     27.837  0.115464  0.021825  0.220806  1.020362     32.677925
    101   1      3  10   1    24  0.127740      99.258       60.8       53.9      6.080  0.115681  0.022302  0.224539  1.011044     32.669106
    102   1      5   9   2    24  0.127740      99.258       25.6       22.7      2.564  0.115681  0.022302  0.224539  1.011044     32.669106
    103   1      6   7   5    24  0.127740      99.258       80.1       71.0      8.015  0.115681  0.022302  0.224539  1.011044     32.669106
    104   1      7   6   5    24  0.127740      99.258       91.5       81.1      9.154  0.115681  0.022302  0.224539  1.011044     32.669106
    105   1      9   5   2    24  0.127740      99.258       34.2       30.3      3.421  0.115681  0.022302  0.224539  1.011044     32.669106
    106   1     10   3   1    24  0.127740      99.258       61.0       54.0      6.100  0.115681  0.022302  0.224539  1.011044     32.669106

     -----------------------------------------------------
     BRAGG R-Factors and weight fractions for Pattern #  1
     -----------------------------------------------------

 => Phase:  1     O3 Y2
 => Bragg R-factor:   9.29       Vol: 1192.338( 0.025)  Fract(%):  100.00( 0.55)
 => Rf-factor=  5.37             ATZ:        3613.046   Brindley:  1.0000

     -----------------------------------------------------------------
      SYMBOLIC NAMES AND FINAL VALUES AND SIGMA OF REFINED PARAMETERS:
     -----------------------------------------------------------------

      ->  Parameter number    1 :       Scale_ph1_pat1    0.86436565E-04( +/-    0.33624735E-06 )
      ->  Parameter number    2 :           SySin_pat1    0.64482525E-01( +/-    0.35093781E-02 )
      ->  Parameter number    3 :            Zero_pat1   -0.49385149E-01( +/-    0.13198050E-02 )
      ->  Parameter number    4 :           Bck_0_pat1     631.98022    ( +/-     3.6499991     )
      ->  Parameter number    5 :           Bck_1_pat1    -68.617500    ( +/-     9.5668650     )
      ->  Parameter number    6 :      Cell_A_ph1_pat1     10.603919    ( +/-    0.12814284E-03 )
      ->  Parameter number    7 :      W-Cagl_ph1_pat1    0.16624702E-01( +/-    0.14077118E-03 )
      ->  Parameter number    8 :           Bck_2_pat1    -4.9337764    ( +/-     18.423000     )
      ->  Parameter number    9 :           Bck_4_pat1     13.032600    ( +/-     7.2253146     )

 ------------------------------------------------------------------
 => Number of bytes for floating point variables: 4
 => Dimensions of dynamic allocated arrays in this run of FullProf:
 ------------------------------------------------------------------

 => Total approximate array memory (dynamic + static): 127111993 bytes

    MaxPOINT=    60000 Max.num. of points(+int. Inten.)/diffraction pattern       
    MaxREFLT=    20000 Max.num. of reflections/diffraction pattern               
    MaxPARAM=      300 Max.num. of refinable parameters                          
    MaxOVERL=    18096 Max.num. of overlapping reflections                       

 ----------------------------------------------------------
 => Number of bytes for floating point arrays: 4
 => Dimensions of fixed arrays in this release of FullProf:
 ----------------------------------------------------------

    NPATT   =       80 Max.num. of powder diffraction patterns                    
    NATS    =      830 Max.num. of atoms (all kind) in asymmetric unit            
    MPAR    =     1800 Max.num. of non atomic parameters/phase                    
    IEXCL   =       30 Max.num. of excluded regions                               
    IBACP   =      277 Max.num. of background points for interpolation            
    NPHT    =       16 Max.num. of phases                                         
    NMAGM   =        8 Max.num. of rotation-matrices sets for magnetic structure  
    NBASIS  =       12 Max.num. of basis functions associated to a single atom    
    NIREPS  =        9 Max.num. of irreducible representations to be combined     
    N_EQ    =      384 Max.num. of user-supplied symmetry operators/propagation vectors
    NGL     =      300 Max.num. of global parameters/diffraction pattern          
    N_LINC  =       30 Max.num. of global linear restraints                        
    NAT_P   =       64 Max.num. of atomic parameters per atom                     
    NCONST  =      500 Max.num. of slack constraints per phase                    
    N_SPE   =       16 Max.num. of different chemical species                     
    N_FORM  =       60 Max.num. of scattering factor values in a table            
    NPR     =      150 Max.num. of points defining a numerical profile            
    INPR    =       25 Max.num. of different numerical peak shapes                
    NPRC    =      150 Max.num. of terms in the table for correcting intensities  
    NSOL    =       10 Max.num. of solutions to be stored in Montecarlo searchs   

 
              CPU Time:   109.633 seconds
                            1.827 minutes

 => Run finished at:     Date: 10/06/2024  Time: 18:50:55.774                              
