

        **********************************************************
        ** PROGRAM FullProf.2k (Version 5.90 - Dec2016-ILL JRC) **
        **********************************************************
                       M U L T I -- P A T T E R N                 
            Rietveld, Profile Matching & Integrated Intensity     
                 Refinement of X-ray and/or Neutron Data


    Date: 10/06/2024  Time: 19:02:08.810                              

 => PCR file code: Y2O3
 => DAT file code: Y2O3.dat             -> Relative contribution: 1.0000                                                            

 ==> CONDITIONS OF THIS RUN FOR PATTERN No.:  1

 => Global Refinement of X-ray powder diffraction data                                                                              
 => Global Refinement of X-ray powder diffraction data                                                                              
    Bragg-Brentano(X-rays) or Debye-Scherrer geometry(Neutrons)
 => Title:   O3 Y2

 => Number of phases:    1
 => Number of excluded regions:    2
 => Number of scattering factors supplied:    0
 => March-Dollase model for preferred orientation
 => Conventional weights: w=1.0/Variance(yobs)
 => Asymmetry correction as in J.Appl.Cryst. 26,128(1993)
 => Background refined by polynomial function
 => The    5th default profile function was selected
 => Pseudo-Voigt function (ETA variable)
                 X-parameter correspond to: ETA=ETA0+X*2theta
                       pV(x)= ETA*L(x)+(1-ETA)*G(x)

 ==> INPUT/OUTPUT OPTIONS:

 => Generate file *.PRF for plot
 => Output Integrated Intensities
 => Generate new input file *.PCR

 => X-Y type of data: 2theta/TOF/E(Kev) Intens sigma for pattern:  1
 => Plot pattern at each cycle
 => Wavelengths:  1.54056 1.54439
 => Alpha2/Alpha1 ratio:   0.5000
 => Cos(Monochromator angle)=   0.9100
 => Asymmetry correction for angles lower than   60.000 degrees
 => Absorption correction (AC), muR-eff =   0.0000  0.0000
 => Base of peaks: 2.0*HW*    8.00

 => Number of cycles:   10
 => Relaxation factors ==>    for coordinates:  1.00
 => for anisotropic temperature factors:  1.00
 => for halfwidth/strain/size parameters:  1.00
 => for lattice constants and propagation vectors:  1.00
 => EPS-value for convergence:    0.1

 => Excluded regions for Pattern#  1
    From     to
      1.0000     20.0000
    100.0000    160.0000

 => Number of Least-Squares parameters varied:    17

 =>--------------------------->
 =>------->  PATTERN number:  1
 =>--------------------------->
 => Global parameters and codes ==>
 => Zero-point:    -0.0566   31.0000
 => Background parameters and codes ==>
 => Origin of polynomial at 2theta/TOF/E(KeV):   40.000  
  589.52     -55.985      33.065      0.0000     -6.0700      0.0000    
       41.00       51.00       81.00        0.00       91.00        0.00
 => Displacement peak-shift parameter and code:     0.00    0.00
 => Transparency peak-shift parameter and code:     0.07   21.00

 => Reading Intensity data  =>>

 -> No recognizable heading in input data file X,Y,sigma
    First 6 lines are considered as COMMENTS (except for TSAMP keyword)
 -> COMMENT:   3.000    1643.000                                                                                                                 
 -> COMMENT:   3.020    1571.000                                                                                                                 
 -> COMMENT:   3.040    1569.000                                                                                                                 
 -> COMMENT:   3.060    1619.000                                                                                                                 
 -> COMMENT:   3.080    1554.000                                                                                                                 
 -> COMMENT:   3.100    1531.000                                                                                                                 
 ==> Angular range, step and number of points:
     2Thmin:       3.120000  2Thmax:     150.000000  Step:       0.020004  No. of points:   7345
 --------------------------------------------------------------------------------
 => Phase  No. 1
      O3 Y2                                                                 
 --------------------------------------------------------------------------------
 =>-------> Pattern#  1
 => Crystal Structure Refinement
 => The    7th profile function was selected for phase no.  1
 => Preferred orientation vector:   0.0000  0.0000  1.0000

 =>-------> Data for PHASE: 1
 => Number of atoms:    3
 => Number of distance  constraints:    0
 => Number of angle     constraints:    0

 => Symmetry information on space group: I a -3              
 -> The multiplicity of the general position is:  48
 -> The space group is Centric (-1 at origin)   
 -> Lattice type  I: { 000; 1/2 1/2 1/2 }+                         
 -> Reduced set of symmetry operators:

  No.  IT   Symmetry symbol    Rotation part     Associated Translation
   1: ( 1)   1            -->     ( x, y, z) + {  0.0000  0.0000  0.0000}
   2: ( 4)   2 ( x, 0, 0) -->     ( x,-y,-z) + {  0.5000  0.5000  0.0000}
   3: ( 3)   2 ( 0, y, 0) -->     (-x, y,-z) + {  0.0000  0.5000  0.5000}
   4: ( 2)   2 ( 0, 0, z) -->     (-x,-y, z) + {  0.5000  0.0000  0.5000}
   5: ( 9)  3- ( x, x, x) -->     ( y, z, x) + {  0.0000  0.0000  0.0000}
   6: (12)  3- (-x, x,-x) -->     (-y,-z, x) + {  0.5000  0.0000  0.5000}
   7: (11)  3- (-x,-x, x) -->     ( y,-z,-x) + {  0.5000  0.5000  0.0000}
   8: (10)  3- ( x,-x,-x) -->     (-y, z,-x) + {  0.0000  0.5000  0.5000}
   9: ( 5)  3+ ( x, x, x) -->     ( z, x, y) + {  0.0000  0.0000  0.0000}
  10: ( 8)  3+ (-x,-x, x) -->     (-z, x,-y) + {  0.0000  0.5000  0.5000}
  11: ( 7)  3+ ( x,-x,-x) -->     (-z,-x, y) + {  0.5000  0.0000  0.5000}
  12: ( 6)  3+ (-x, x,-x) -->     ( z,-x,-y) + {  0.5000  0.5000  0.0000}


        Information on Space Group: 
        --------------------------- 

 =>   Number of Space group: 206
 =>  Hermann-Mauguin Symbol: I a -3
 =>             Hall Symbol: -I 2b 2c 3
 =>            Setting Type: IT (Generated from Hermann-Mauguin symbol)
 =>          Crystal System: Cubic
 =>              Laue Class: m-3
 =>             Point Group: m-3
 =>         Bravais Lattice: I
 =>          Lattice Symbol: cI
 =>  Reduced Number of S.O.:  12
 =>    General multiplicity:  48
 =>          Centrosymmetry: Centric (-1 at origin)
 =>  Generators (exc. -1&L):   3
 =>         Asymmetric unit:  0.000 <= x <=  0.500
                              0.000 <= y <=  0.500
                              0.000 <= z <=  0.250

 => List of S.O. without inversion and lattice centring translations
 => SYMM(  1): x,y,z                               => SYMM(  2): x+1/2,-y+1/2,-z
 => SYMM(  3): -x,y+1/2,-z+1/2                     => SYMM(  4): -x+1/2,-y,z+1/2
 => SYMM(  5): y,z,x                               => SYMM(  6): -y+1/2,-z,x+1/2
 => SYMM(  7): y+1/2,-z+1/2,-x                     => SYMM(  8): -y,z+1/2,-x+1/2
 => SYMM(  9): z,x,y                               => SYMM( 10): -z,x+1/2,-y+1/2
 => SYMM( 11): -z+1/2,-x,y+1/2                     => SYMM( 12): z+1/2,-x+1/2,-y


 => Initial parameters ==>
 Atom    Ntyp                  X         Y         Z         B         occ.         in  fin  Spc  Mult
                             B11       B22       B33       B12       B13       B23
 Y1     Y                  0.25000   0.25000   0.25000   0.00000   0.16667           0    0    0    8
                 Codes:    0.00000   0.00000   0.00000 171.00000   0.00000
                 Betas:    0.00000   0.00000   0.00000   0.00000   0.00000   0.00000
                 Codes:    0.00000   0.00000   0.00000   0.00000   0.00000   0.00000
 Y2     Y                  0.96730   0.00000   0.25000   0.00000   0.50000           0    0    0   24
                 Codes:    0.00000   0.00000   0.00000   0.00000   0.00000
                 Betas:    0.00000   0.00000   0.00000   0.00000   0.00000   0.00000
                 Codes:    0.00000   0.00000   0.00000   0.00000   0.00000   0.00000
 O1     O                  0.39150   0.15380   0.38000   0.00000   1.00000           0    0    0   48
                 Codes:    0.00000   0.00000   0.00000   0.00000   0.00000
                 Betas:    0.00000   0.00000   0.00000   0.00000   0.00000   0.00000
                 Codes:    0.00000   0.00000   0.00000   0.00000   0.00000   0.00000

 => IT IS ASSUMED THAT THE FIRST GIVEN SITE IS FULLY OCCUPIED 
    OR THE FIRST AND SECOND ATOMS ARE IN THE SAME SITE WITH TOTAL FULL OCCUPATION
  (If this is not the case, change the order of atoms to obtain correct values for the content of the unit cell)
    The given occupation factors have been obtained mutiplying m/M by   1.0000
      -> Atom: Y   ,  Chemical element: Y   Atomic Mass:    88.9059
      -> Atom: Y   ,  Chemical element: Y   Atomic Mass:    88.9059
      -> Atom: O   ,  Chemical element: O   Atomic Mass:    15.9994
 => The given value of ATZ is       3613.05 the program has calculated:        3613.05
    The value of ATZ given in the input PCR file will be used for quantitative analysis
 => The chemical content of the unit cell is: 
       8.0000 Y    +  23.9995 Y    +  47.9990 O      
 => The normalized site occupation numbers in % are: 
     100.0000 Y1     :       99.9980 Y2     :       99.9980 O1       
 => The density (volumic mass) of the compound is:    5.032 g/cm3

 =>-------> PROFILE PARAMETERS FOR PATTERN:  1

 => Overall scale factor:   0.102030E-03
 => ETA (p-Voigt) OR M (Pearson VII):   0.0000
 => Overall temperature factor:      0.33411
 => Halfwidth U,V,W:      0.01581    -0.02238     0.01044
 => X and Y parameters:       0.0222      0.0429
 => Direct cell parameters:   10.6040  10.6040  10.6040  90.0000  90.0000  90.0000
 => Preferred orientation parameters:   1.0000  0.0000
 => Asymmetry parameters     :      0.00000    -0.00948     0.00000     0.06946
 => Strain parameters        :      0.00000     0.00000     0.00000
 => Size   parameters        :      0.00000     0.00000
 => Further shape parameters (S_L and D_L):   0.00000   0.00000
    S_L is source width/detector distance
    D_L is detector width/detector distance

 ==> CODEWORDS FOR PROFILE PARAMETERS of PATTERN#  1

 => Overall scale factor:   11.000
 => ETA (p-Voigt) OR M (Pearson VII):    0.000
 => Overall temperature factor:  161.000
 => Halfwidth U,V,W:  111.000 101.000  71.000
 => X and Y parameters:  151.000 141.000
 => Direct cell parameters:   61.000  61.000  61.000   0.000   0.000   0.000
 => Preferred orientation parameters:    0.000   0.000
 => Asymmetry parameters     :    0.000 121.000   0.000 131.000
 => Strain parameters        :    0.000   0.000   0.000
 => Size   parameters        :    0.000   0.000

 => Cell constraints according to Laue symmetry: m-3  

        Metric information:
        -------------------

 => Direct cell parameters:

         a =      10.6040      b =      10.6040      c =      10.6040
     alpha =       90.000   beta =       90.000  gamma =       90.000
                        Direct Cell Volume =    1192.3491

 => Reciprocal cell parameters:

         a*=     0.094304      b*=     0.094304      c*=     0.094304
     alpha*=       90.000   beta*=       90.000  gamma*=       90.000
                    Reciprocal Cell Volume =   0.00083868

 => Direct and Reciprocal Metric Tensors:

                   GD                                       GR
    112.4438      0.0000      0.0000          0.008893    0.000000    0.000000
      0.0000    112.4438      0.0000          0.000000    0.008893    0.000000
      0.0000      0.0000    112.4438          0.000000    0.000000    0.008893

 =>  Cartesian frame: x // a; y is in the ab-plane; z is x ^ y   

     Crystal_to_Orthonormal_Matrix              Orthonormal_to_Crystal Matrix
              Cr_Orth_cel                               Orth_Cr_cel  
     10.6040      0.0000      0.0000          0.094304   -0.000000   -0.000000
      0.0000     10.6040      0.0000          0.000000    0.094304   -0.000000
      0.0000      0.0000     10.6040          0.000000    0.000000    0.094304

     Busing-Levy B-matrix: Hc=B.H            Inverse of the Busing-Levy B-matrix
                BL_M                                      BL_Minv  
    0.094304    0.000000    0.000000           10.6040     -0.0000     -0.0000
    0.000000    0.094304   -0.000000            0.0000     10.6040      0.0000
    0.000000    0.000000    0.094304            0.0000      0.0000     10.6040

 => Laue symmetry m-3   will be used to generate HKL for pattern#   1
 => Reflections generated between S(1/d)min:  0.0353 A-1 and S(1/d)max:  1.2585 A-1
 =>                                    dmax: 28.3647 A   and      dmin:  0.7946 A
 => The number of reflections generated is:    211
 => The max. scatt. variable (gen.ref.) is:       151.5754
 => Scattering coefficients from internal table


 => X-ray scattering coeff. (A1, B1, A2,...C, f(0), Z, Dfp,Dfpp)

 Y      17.7760   1.4029  10.2946  12.8006   5.7263   0.1256   3.2659 104.3540   1.9121  38.9749  39.0000  -0.3860   2.0250
 O       3.0485  13.2771   2.2868   5.7011   1.5463   0.3239   0.8670  32.9089   0.2508   7.9994   8.0000   0.0470   0.0320

     --------------------------------------------------------------
      SYMBOLIC NAMES AND INITIAL VALUES OF PARAMETERS TO BE VARIED:
     --------------------------------------------------------------

      ->  Parameter number    1   -> Symbolic Name:       Scale_ph1_pat1    0.10203000E-03
      ->  Parameter number    2   -> Symbolic Name:           SySin_pat1    0.71929999E-01
      ->  Parameter number    3   -> Symbolic Name:            Zero_pat1   -0.56589998E-01
      ->  Parameter number    4   -> Symbolic Name:           Bck_0_pat1     589.52197    
      ->  Parameter number    5   -> Symbolic Name:           Bck_1_pat1    -55.985001    
      ->  Parameter number    6   -> Symbolic Name:      Cell_A_ph1_pat1     10.603953    
      ->  Parameter number    7   -> Symbolic Name:      W-Cagl_ph1_pat1    0.10436000E-01
      ->  Parameter number    8   -> Symbolic Name:           Bck_2_pat1     33.064999    
      ->  Parameter number    9   -> Symbolic Name:           Bck_4_pat1    -6.0700002    
      ->  Parameter number   10   -> Symbolic Name:      V-Cagl_ph1_pat1   -0.22376999E-01
      ->  Parameter number   11   -> Symbolic Name:      U-Cagl_ph1_pat1    0.15807999E-01
      ->  Parameter number   12   -> Symbolic Name:       Asym2_ph1_pat1   -0.94799995E-02
      ->  Parameter number   13   -> Symbolic Name:       Asym4_ph1_pat1    0.69459997E-01
      ->  Parameter number   14   -> Symbolic Name:       Y-cos_ph1_pat1    0.42895000E-01
      ->  Parameter number   15   -> Symbolic Name:       X-tan_ph1_pat1    0.22174001E-01
      ->  Parameter number   16   -> Symbolic Name:       Bover_ph1_pat1    0.33410999    
      ->  Parameter number   17   -> Symbolic Name:          Biso_Y1_ph1     0.0000000    
  
 
 => No optimization for routine tasks
 ++++++++++++++++++++++++++++++++++++++++++++++++++++++++++++++++++++++++++++++++++++++++++++++++++++++++++++++++++++++++

 => CYCLE No.:    1
 ---------------------------------------------------------------------------------------
 => Phase  1 Name: O3 Y2                                                                 
 ---------------------------------------------------------------------------------------
 => New parameters, shifts, and standard deviations

 Atom        x       dx      sx       y       dy      sy       z       dz      sz       B       dB      sB      occ.    docc.   socc.

 Y1       0.25000 0.00000 0.00000  0.25000 0.00000 0.00000  0.25000 0.00000 0.00000  0.08598 0.08598 0.03403  0.16667 0.00000 0.00000
 Y2       0.96730 0.00000 0.00000  0.00000 0.00000 0.00000  0.25000 0.00000 0.00000  0.00000 0.00000 0.00000  0.50000 0.00000 0.00000
 O1       0.39150 0.00000 0.00000  0.15380 0.00000 0.00000  0.38000 0.00000 0.00000  0.00000 0.00000 0.00000  1.00000 0.00000 0.00000

 Atom         B11      DB11      SB11       B22      DB22      SB22       B33      DB33      SB33
              B12      DB12      SB12       B13      DB13      SB13       B23      DB23      SB23
 Y1      0.000000  0.000000  0.000000  0.000000  0.000000  0.000000  0.000000  0.000000  0.000000
         0.000000  0.000000  0.000000  0.000000  0.000000  0.000000  0.000000  0.000000  0.000000
 Y2      0.000000  0.000000  0.000000  0.000000  0.000000  0.000000  0.000000  0.000000  0.000000
         0.000000  0.000000  0.000000  0.000000  0.000000  0.000000  0.000000  0.000000  0.000000
 O1      0.000000  0.000000  0.000000  0.000000  0.000000  0.000000  0.000000  0.000000  0.000000
         0.000000  0.000000  0.000000  0.000000  0.000000  0.000000  0.000000  0.000000  0.000000

 ==> PROFILE PARAMETERS FOR PATTERN#  1

 => Overall scale factor:      0.000101969    -0.000000061     0.000000238
 => Eta(p-Voigt) or m(Pearson VII):   0.000000  0.000000  0.000000
 => Overall tem. factor:     0.314191   -0.019919    0.017959
 => Halfwidth parameters: 
         0.015828    0.000020    0.000690
        -0.022452   -0.000075    0.000870
         0.010473    0.000037    0.000266
 => Cell parameters: 
       10.603953    0.000000    0.000061
       10.603953    0.000000    0.000061
       10.603953    0.000000    0.000061
       90.000000    0.000000    0.000000
       90.000000    0.000000    0.000000
       90.000000    0.000000    0.000000
 => Preferred orientation: 
         1.000000    0.000000    0.000000
         0.000000    0.000000    0.000000
 => Asymmetry parameters: 
         0.000000    0.000000    0.000000
        -0.009698   -0.000218    0.008044
         0.000000    0.000000    0.000000
         0.070813    0.001353    0.017898
 => X and Y parameters: 
         0.023757    0.001583    0.002448
         0.042656   -0.000239    0.000896
 => Strain parameters: 
         0.000000    0.000000    0.000000
         0.000000    0.000000    0.000000
         0.000000    0.000000    0.000000
 => Size   parameters (G,L): 
         0.000000    0.000000    0.000000
         0.000000    0.000000    0.000000
 => Further shape parameters (S_L and D_L): 
       0.000000  0.000000  0.000000
       0.000000  0.000000  0.000000

 ==> GLOBAL PARAMETERS FOR PATTERN#  1


 => Zero-point:    -0.0566    0.0000    0.0006
 => Background Polynomial Parameters ==>
       588.38     -1.1457      1.3464    
      -58.010     -2.0248      3.5091    
       35.161      2.0960      6.6255    
       0.0000      0.0000      0.0000    
      -6.2019    -0.13188      2.6088    
       0.0000      0.0000      0.0000    

 => Cos( theta)-shift parameter :   0.0000  0.0000  0.0000
 => Sin(2theta)-shift parameter :   0.0719  0.0000  0.0016

 ==> RELIABILITY FACTORS WITH ALL NON-EXCLUDED POINTS FOR PATTERN:  1

 => R-Factors:   3.74      4.95     Chi2:  2.96     DW-Stat.:  0.8504   Patt#:  1
 => Expected :            2.88                                1.9103
 => Deviance : 0.119E+05     Dev*:   2.996    
 => GoF-index:  1.7         Sqrt(Residual/N)
 => N-P+C:  3982

 =>    SumYdif       SumYobs      SumYcal      SumwYobsSQ     Residual    Condition
     0.1794E+06    0.4798E+07    0.4795E+07    0.4798E+07    0.1177E+05    0.3839E+18


 => Conventional Rietveld Rp,Rwp,Re and Chi2:   7.19      7.57      4.40      2.957    
 => (Values obtained using Ynet, but true sigma(y))
 =>  SumYnet, Sum(w Ynet**2):     0.2494E+07    0.2053E+07


 ==> RELIABILITY FACTORS FOR POINTS WITH BRAGG CONTRIBUTIONS FOR PATTERN:  1

 => R-Factors:   3.64      4.79     Chi2:  3.03     DW-Stat.:  0.9887   Patt#:
 => Expected :            2.75                                1.9029
 => Deviance : 0.102E+05     Dev*:   3.051    
 => GoF-index:  1.7         Sqrt(Residual/N)
 => N-P+C:  3339

 =>    SumYdif       SumYobs      SumYcal      SumwYobsSQ     Residual    Condition
     0.1605E+06    0.4412E+07    0.4413E+07    0.4412E+07    0.1013E+05    0.3839E+18


 => Conventional Rietveld Rp,Rwp,Re and Chi2:   6.44      7.03      4.03      3.032    
 => (Values obtained using Ynet, but true sigma(y))
 =>  SumYnet, Sum(w Ynet**2):     0.2490E+07    0.2051E+07


 => Global user-weigthed Chi2 (Bragg contrib.):   3.53    

 => ---------> Pattern#  1
 => Phase:  1
 =>    Bragg R-factor:  3.18    
 =>    RF-factor     :  2.33    
 ++++++++++++++++++++++++++++++++++++++++++++++++++++++++++++++++++++++++++++++++++++++++++++++++++++++++++++++++++++++++

 => CYCLE No.:    2
 ---------------------------------------------------------------------------------------
 => Phase  1 Name: O3 Y2                                                                 
 ---------------------------------------------------------------------------------------
 => New parameters, shifts, and standard deviations

 Atom        x       dx      sx       y       dy      sy       z       dz      sz       B       dB      sB      occ.    docc.   socc.

 Y1       0.25000 0.00000 0.00000  0.25000 0.00000 0.00000  0.25000 0.00000 0.00000  0.08386-0.00213 0.03464  0.16667 0.00000 0.00000
 Y2       0.96730 0.00000 0.00000  0.00000 0.00000 0.00000  0.25000 0.00000 0.00000  0.00000 0.00000 0.00000  0.50000 0.00000 0.00000
 O1       0.39150 0.00000 0.00000  0.15380 0.00000 0.00000  0.38000 0.00000 0.00000  0.00000 0.00000 0.00000  1.00000 0.00000 0.00000

 Atom         B11      DB11      SB11       B22      DB22      SB22       B33      DB33      SB33
              B12      DB12      SB12       B13      DB13      SB13       B23      DB23      SB23
 Y1      0.000000  0.000000  0.000000  0.000000  0.000000  0.000000  0.000000  0.000000  0.000000
         0.000000  0.000000  0.000000  0.000000  0.000000  0.000000  0.000000  0.000000  0.000000
 Y2      0.000000  0.000000  0.000000  0.000000  0.000000  0.000000  0.000000  0.000000  0.000000
         0.000000  0.000000  0.000000  0.000000  0.000000  0.000000  0.000000  0.000000  0.000000
 O1      0.000000  0.000000  0.000000  0.000000  0.000000  0.000000  0.000000  0.000000  0.000000
         0.000000  0.000000  0.000000  0.000000  0.000000  0.000000  0.000000  0.000000  0.000000

 ==> PROFILE PARAMETERS FOR PATTERN#  1

 => Overall scale factor:      0.000101940    -0.000000030     0.000000238
 => Eta(p-Voigt) or m(Pearson VII):   0.000000  0.000000  0.000000
 => Overall tem. factor:     0.304507   -0.009684    0.017961
 => Halfwidth parameters: 
         0.015863    0.000035    0.000700
        -0.022516   -0.000064    0.000879
         0.010485    0.000012    0.000268
 => Cell parameters: 
       10.603954    0.000001    0.000062
       10.603954    0.000001    0.000062
       10.603954    0.000001    0.000062
       90.000000    0.000000    0.000000
       90.000000    0.000000    0.000000
       90.000000    0.000000    0.000000
 => Preferred orientation: 
         1.000000    0.000000    0.000000
         0.000000    0.000000    0.000000
 => Asymmetry parameters: 
         0.000000    0.000000    0.000000
        -0.009569    0.000128    0.008058
         0.000000    0.000000    0.000000
         0.070092   -0.000721    0.017928
 => X and Y parameters: 
         0.023822    0.000066    0.002473
         0.042528   -0.000127    0.000902
 => Strain parameters: 
         0.000000    0.000000    0.000000
         0.000000    0.000000    0.000000
         0.000000    0.000000    0.000000
 => Size   parameters (G,L): 
         0.000000    0.000000    0.000000
         0.000000    0.000000    0.000000
 => Further shape parameters (S_L and D_L): 
       0.000000  0.000000  0.000000
       0.000000  0.000000  0.000000

 ==> GLOBAL PARAMETERS FOR PATTERN#  1


 => Zero-point:    -0.0566   -0.0000    0.0006
 => Background Polynomial Parameters ==>
       587.80    -0.57751      1.3468    
      -59.028     -1.0186      3.5104    
       35.178     0.16832E-01  6.6268    
       0.0000      0.0000      0.0000    
      -6.2739    -0.72000E-01  2.6093    
       0.0000      0.0000      0.0000    

 => Cos( theta)-shift parameter :   0.0000  0.0000  0.0000
 => Sin(2theta)-shift parameter :   0.0720  0.0000  0.0016

 ==> RELIABILITY FACTORS WITH ALL NON-EXCLUDED POINTS FOR PATTERN:  1

 => R-Factors:   3.73      4.95     Chi2:  2.96     DW-Stat.:  0.8486   Patt#:  1
 => Expected :            2.88                                1.9103
 => Deviance : 0.120E+05     Dev*:   3.002    
 => GoF-index:  1.7         Sqrt(Residual/N)
 => N-P+C:  3982

 =>    SumYdif       SumYobs      SumYcal      SumwYobsSQ     Residual    Condition
     0.1791E+06    0.4798E+07    0.4789E+07    0.4798E+07    0.1178E+05    0.3767E+18


 => Conventional Rietveld Rp,Rwp,Re and Chi2:   7.17      7.57      4.40      2.957    
 => (Values obtained using Ynet, but true sigma(y))
 =>  SumYnet, Sum(w Ynet**2):     0.2498E+07    0.2054E+07


 ==> RELIABILITY FACTORS FOR POINTS WITH BRAGG CONTRIBUTIONS FOR PATTERN:  1

 => R-Factors:   3.63      4.79     Chi2:  3.03     DW-Stat.:  0.9862   Patt#:
 => Expected :            2.75                                1.9029
 => Deviance : 0.102E+05     Dev*:   3.059    
 => GoF-index:  1.7         Sqrt(Residual/N)
 => N-P+C:  3339

 =>    SumYdif       SumYobs      SumYcal      SumwYobsSQ     Residual    Condition
     0.1603E+06    0.4412E+07    0.4407E+07    0.4412E+07    0.1013E+05    0.3767E+18


 => Conventional Rietveld Rp,Rwp,Re and Chi2:   6.43      7.03      4.03      3.035    
 => (Values obtained using Ynet, but true sigma(y))
 =>  SumYnet, Sum(w Ynet**2):     0.2494E+07    0.2053E+07


 => Global user-weigthed Chi2 (Bragg contrib.):   3.53    

 => ---------> Pattern#  1
 => Phase:  1
 =>    Bragg R-factor:  3.23    
 =>    RF-factor     :  2.28    
 ++++++++++++++++++++++++++++++++++++++++++++++++++++++++++++++++++++++++++++++++++++++++++++++++++++++++++++++++++++++++

 => CYCLE No.:    3
 ---------------------------------------------------------------------------------------
 => Phase  1 Name: O3 Y2                                                                 
 ---------------------------------------------------------------------------------------
 => New parameters, shifts, and standard deviations

 Atom        x       dx      sx       y       dy      sy       z       dz      sz       B       dB      sB      occ.    docc.   socc.

 Y1       0.25000 0.00000 0.00000  0.25000 0.00000 0.00000  0.25000 0.00000 0.00000  0.08380-0.00006 0.03444  0.16667 0.00000 0.00000
 Y2       0.96730 0.00000 0.00000  0.00000 0.00000 0.00000  0.25000 0.00000 0.00000  0.00000 0.00000 0.00000  0.50000 0.00000 0.00000
 O1       0.39150 0.00000 0.00000  0.15380 0.00000 0.00000  0.38000 0.00000 0.00000  0.00000 0.00000 0.00000  1.00000 0.00000 0.00000

 Atom         B11      DB11      SB11       B22      DB22      SB22       B33      DB33      SB33
              B12      DB12      SB12       B13      DB13      SB13       B23      DB23      SB23
 Y1      0.000000  0.000000  0.000000  0.000000  0.000000  0.000000  0.000000  0.000000  0.000000
         0.000000  0.000000  0.000000  0.000000  0.000000  0.000000  0.000000  0.000000  0.000000
 Y2      0.000000  0.000000  0.000000  0.000000  0.000000  0.000000  0.000000  0.000000  0.000000
         0.000000  0.000000  0.000000  0.000000  0.000000  0.000000  0.000000  0.000000  0.000000
 O1      0.000000  0.000000  0.000000  0.000000  0.000000  0.000000  0.000000  0.000000  0.000000
         0.000000  0.000000  0.000000  0.000000  0.000000  0.000000  0.000000  0.000000  0.000000

 ==> PROFILE PARAMETERS FOR PATTERN#  1

 => Overall scale factor:      0.000101926    -0.000000014     0.000000237
 => Eta(p-Voigt) or m(Pearson VII):   0.000000  0.000000  0.000000
 => Overall tem. factor:     0.299800   -0.004707    0.017870
 => Halfwidth parameters: 
         0.015849   -0.000014    0.000694
        -0.022535   -0.000019    0.000874
         0.010477   -0.000008    0.000267
 => Cell parameters: 
       10.603954    0.000000    0.000061
       10.603954    0.000000    0.000061
       10.603954    0.000000    0.000061
       90.000000    0.000000    0.000000
       90.000000    0.000000    0.000000
       90.000000    0.000000    0.000000
 => Preferred orientation: 
         1.000000    0.000000    0.000000
         0.000000    0.000000    0.000000
 => Asymmetry parameters: 
         0.000000    0.000000    0.000000
        -0.009664   -0.000095    0.008028
         0.000000    0.000000    0.000000
         0.070496    0.000404    0.017862
 => X and Y parameters: 
         0.023797   -0.000025    0.002457
         0.042473   -0.000055    0.000897
 => Strain parameters: 
         0.000000    0.000000    0.000000
         0.000000    0.000000    0.000000
         0.000000    0.000000    0.000000
 => Size   parameters (G,L): 
         0.000000    0.000000    0.000000
         0.000000    0.000000    0.000000
 => Further shape parameters (S_L and D_L): 
       0.000000  0.000000  0.000000
       0.000000  0.000000  0.000000

 ==> GLOBAL PARAMETERS FOR PATTERN#  1


 => Zero-point:    -0.0566   -0.0000    0.0006
 => Background Polynomial Parameters ==>
       587.51    -0.28782      1.3438    
      -59.533    -0.50420      3.5024    
       35.168    -0.94298E-02  6.6122    
       0.0000      0.0000      0.0000    
      -6.3066    -0.32698E-01  2.6037    
       0.0000      0.0000      0.0000    

 => Cos( theta)-shift parameter :   0.0000  0.0000  0.0000
 => Sin(2theta)-shift parameter :   0.0720 -0.0000  0.0016

 ==> RELIABILITY FACTORS WITH ALL NON-EXCLUDED POINTS FOR PATTERN:  1

 => R-Factors:   3.73      4.94     Chi2:  2.94     DW-Stat.:  0.8517   Patt#:  1
 => Expected :            2.88                                1.9103
 => Deviance : 0.119E+05     Dev*:   2.993    
 => GoF-index:  1.7         Sqrt(Residual/N)
 => N-P+C:  3982

 =>    SumYdif       SumYobs      SumYcal      SumwYobsSQ     Residual    Condition
     0.1788E+06    0.4798E+07    0.4788E+07    0.4798E+07    0.1172E+05    0.3800E+18


 => Conventional Rietveld Rp,Rwp,Re and Chi2:   7.15      7.55      4.40      2.944    
 => (Values obtained using Ynet, but true sigma(y))
 =>  SumYnet, Sum(w Ynet**2):     0.2502E+07    0.2056E+07


 ==> RELIABILITY FACTORS FOR POINTS WITH BRAGG CONTRIBUTIONS FOR PATTERN:  1

 => R-Factors:   3.63      4.78     Chi2:  3.02     DW-Stat.:  0.9902   Patt#:
 => Expected :            2.75                                1.9029
 => Deviance : 0.102E+05     Dev*:   3.048    
 => GoF-index:  1.7         Sqrt(Residual/N)
 => N-P+C:  3339

 =>    SumYdif       SumYobs      SumYcal      SumwYobsSQ     Residual    Condition
     0.1601E+06    0.4412E+07    0.4406E+07    0.4412E+07    0.1008E+05    0.3800E+18


 => Conventional Rietveld Rp,Rwp,Re and Chi2:   6.41      7.01      4.03      3.020    
 => (Values obtained using Ynet, but true sigma(y))
 =>  SumYnet, Sum(w Ynet**2):     0.2498E+07    0.2055E+07


 => Global user-weigthed Chi2 (Bragg contrib.):   3.51    

 => ---------> Pattern#  1
 => Phase:  1
 =>    Bragg R-factor:  3.17    
 =>    RF-factor     :  2.24    
 ++++++++++++++++++++++++++++++++++++++++++++++++++++++++++++++++++++++++++++++++++++++++++++++++++++++++++++++++++++++++

 => CYCLE No.:    4
 ---------------------------------------------------------------------------------------
 => Phase  1 Name: O3 Y2                                                                 
 ---------------------------------------------------------------------------------------
 => New parameters, shifts, and standard deviations

 Atom        x       dx      sx       y       dy      sy       z       dz      sz       B       dB      sB      occ.    docc.   socc.

 Y1       0.25000 0.00000 0.00000  0.25000 0.00000 0.00000  0.25000 0.00000 0.00000  0.08369-0.00011 0.03435  0.16667 0.00000 0.00000
 Y2       0.96730 0.00000 0.00000  0.00000 0.00000 0.00000  0.25000 0.00000 0.00000  0.00000 0.00000 0.00000  0.50000 0.00000 0.00000
 O1       0.39150 0.00000 0.00000  0.15380 0.00000 0.00000  0.38000 0.00000 0.00000  0.00000 0.00000 0.00000  1.00000 0.00000 0.00000

 Atom         B11      DB11      SB11       B22      DB22      SB22       B33      DB33      SB33
              B12      DB12      SB12       B13      DB13      SB13       B23      DB23      SB23
 Y1      0.000000  0.000000  0.000000  0.000000  0.000000  0.000000  0.000000  0.000000  0.000000
         0.000000  0.000000  0.000000  0.000000  0.000000  0.000000  0.000000  0.000000  0.000000
 Y2      0.000000  0.000000  0.000000  0.000000  0.000000  0.000000  0.000000  0.000000  0.000000
         0.000000  0.000000  0.000000  0.000000  0.000000  0.000000  0.000000  0.000000  0.000000
 O1      0.000000  0.000000  0.000000  0.000000  0.000000  0.000000  0.000000  0.000000  0.000000
         0.000000  0.000000  0.000000  0.000000  0.000000  0.000000  0.000000  0.000000  0.000000

 ==> PROFILE PARAMETERS FOR PATTERN#  1

 => Overall scale factor:      0.000101920    -0.000000006     0.000000237
 => Eta(p-Voigt) or m(Pearson VII):   0.000000  0.000000  0.000000
 => Overall tem. factor:     0.297561   -0.002239    0.017821
 => Halfwidth parameters: 
         0.015834   -0.000015    0.000690
        -0.022528    0.000007    0.000869
         0.010472   -0.000006    0.000265
 => Cell parameters: 
       10.603954    0.000000    0.000061
       10.603954    0.000000    0.000061
       10.603954    0.000000    0.000061
       90.000000    0.000000    0.000000
       90.000000    0.000000    0.000000
       90.000000    0.000000    0.000000
 => Preferred orientation: 
         1.000000    0.000000    0.000000
         0.000000    0.000000    0.000000
 => Asymmetry parameters: 
         0.000000    0.000000    0.000000
        -0.009782   -0.000117    0.008014
         0.000000    0.000000    0.000000
         0.070785    0.000289    0.017832
 => X and Y parameters: 
         0.023762   -0.000035    0.002443
         0.042450   -0.000024    0.000894
 => Strain parameters: 
         0.000000    0.000000    0.000000
         0.000000    0.000000    0.000000
         0.000000    0.000000    0.000000
 => Size   parameters (G,L): 
         0.000000    0.000000    0.000000
         0.000000    0.000000    0.000000
 => Further shape parameters (S_L and D_L): 
       0.000000  0.000000  0.000000
       0.000000  0.000000  0.000000

 ==> GLOBAL PARAMETERS FOR PATTERN#  1


 => Zero-point:    -0.0566    0.0000    0.0006
 => Background Polynomial Parameters ==>
       587.37    -0.14110      1.3426    
      -59.780    -0.24771      3.4991    
       35.156    -0.12484E-01  6.6064    
       0.0000      0.0000      0.0000    
      -6.3186    -0.12064E-01  2.6015    
       0.0000      0.0000      0.0000    

 => Cos( theta)-shift parameter :   0.0000  0.0000  0.0000
 => Sin(2theta)-shift parameter :   0.0719 -0.0000  0.0016

 ==> RELIABILITY FACTORS WITH ALL NON-EXCLUDED POINTS FOR PATTERN:  1

 => R-Factors:   3.72      4.94     Chi2:  2.94     DW-Stat.:  0.8529   Patt#:  1
 => Expected :            2.88                                1.9103
 => Deviance : 0.119E+05     Dev*:   2.990    
 => GoF-index:  1.7         Sqrt(Residual/N)
 => N-P+C:  3982

 =>    SumYdif       SumYobs      SumYcal      SumwYobsSQ     Residual    Condition
     0.1786E+06    0.4798E+07    0.4787E+07    0.4798E+07    0.1170E+05    0.3828E+18


 => Conventional Rietveld Rp,Rwp,Re and Chi2:   7.13      7.54      4.40      2.939    
 => (Values obtained using Ynet, but true sigma(y))
 =>  SumYnet, Sum(w Ynet**2):     0.2505E+07    0.2057E+07


 ==> RELIABILITY FACTORS FOR POINTS WITH BRAGG CONTRIBUTIONS FOR PATTERN:  1

 => R-Factors:   3.62      4.78     Chi2:  3.01     DW-Stat.:  0.9918   Patt#:
 => Expected :            2.75                                1.9029
 => Deviance : 0.102E+05     Dev*:   3.044    
 => GoF-index:  1.7         Sqrt(Residual/N)
 => N-P+C:  3339

 =>    SumYdif       SumYobs      SumYcal      SumwYobsSQ     Residual    Condition
     0.1599E+06    0.4412E+07    0.4406E+07    0.4412E+07    0.1007E+05    0.3828E+18


 => Conventional Rietveld Rp,Rwp,Re and Chi2:   6.40      7.00      4.03      3.015    
 => (Values obtained using Ynet, but true sigma(y))
 =>  SumYnet, Sum(w Ynet**2):     0.2500E+07    0.2056E+07


 => Global user-weigthed Chi2 (Bragg contrib.):   3.51    

 => ---------> Pattern#  1
 => Phase:  1
 =>    Bragg R-factor:  3.14    
 =>    RF-factor     :  2.22    
 ++++++++++++++++++++++++++++++++++++++++++++++++++++++++++++++++++++++++++++++++++++++++++++++++++++++++++++++++++++++++

 => CYCLE No.:    5
 ---------------------------------------------------------------------------------------
 => Phase  1 Name: O3 Y2                                                                 
 ---------------------------------------------------------------------------------------
 => New parameters, shifts, and standard deviations

 Atom        x       dx      sx       y       dy      sy       z       dz      sz       B       dB      sB      occ.    docc.   socc.

 Y1       0.25000 0.00000 0.00000  0.25000 0.00000 0.00000  0.25000 0.00000 0.00000  0.08363-0.00006 0.03431  0.16667 0.00000 0.00000
 Y2       0.96730 0.00000 0.00000  0.00000 0.00000 0.00000  0.25000 0.00000 0.00000  0.00000 0.00000 0.00000  0.50000 0.00000 0.00000
 O1       0.39150 0.00000 0.00000  0.15380 0.00000 0.00000  0.38000 0.00000 0.00000  0.00000 0.00000 0.00000  1.00000 0.00000 0.00000

 Atom         B11      DB11      SB11       B22      DB22      SB22       B33      DB33      SB33
              B12      DB12      SB12       B13      DB13      SB13       B23      DB23      SB23
 Y1      0.000000  0.000000  0.000000  0.000000  0.000000  0.000000  0.000000  0.000000  0.000000
         0.000000  0.000000  0.000000  0.000000  0.000000  0.000000  0.000000  0.000000  0.000000
 Y2      0.000000  0.000000  0.000000  0.000000  0.000000  0.000000  0.000000  0.000000  0.000000
         0.000000  0.000000  0.000000  0.000000  0.000000  0.000000  0.000000  0.000000  0.000000
 O1      0.000000  0.000000  0.000000  0.000000  0.000000  0.000000  0.000000  0.000000  0.000000
         0.000000  0.000000  0.000000  0.000000  0.000000  0.000000  0.000000  0.000000  0.000000

 ==> PROFILE PARAMETERS FOR PATTERN#  1

 => Overall scale factor:      0.000101917    -0.000000003     0.000000237
 => Eta(p-Voigt) or m(Pearson VII):   0.000000  0.000000  0.000000
 => Overall tem. factor:     0.296479   -0.001082    0.017801
 => Halfwidth parameters: 
         0.015824   -0.000010    0.000687
        -0.022513    0.000015    0.000866
         0.010468   -0.000004    0.000265
 => Cell parameters: 
       10.603954    0.000000    0.000061
       10.603954    0.000000    0.000061
       10.603954    0.000000    0.000061
       90.000000    0.000000    0.000000
       90.000000    0.000000    0.000000
       90.000000    0.000000    0.000000
 => Preferred orientation: 
         1.000000    0.000000    0.000000
         0.000000    0.000000    0.000000
 => Asymmetry parameters: 
         0.000000    0.000000    0.000000
        -0.009855   -0.000073    0.008008
         0.000000    0.000000    0.000000
         0.070851    0.000066    0.017819
 => X and Y parameters: 
         0.023714   -0.000048    0.002438
         0.042439   -0.000011    0.000892
 => Strain parameters: 
         0.000000    0.000000    0.000000
         0.000000    0.000000    0.000000
         0.000000    0.000000    0.000000
 => Size   parameters (G,L): 
         0.000000    0.000000    0.000000
         0.000000    0.000000    0.000000
 => Further shape parameters (S_L and D_L): 
       0.000000  0.000000  0.000000
       0.000000  0.000000  0.000000

 ==> GLOBAL PARAMETERS FOR PATTERN#  1


 => Zero-point:    -0.0566   -0.0000    0.0006
 => Background Polynomial Parameters ==>
       587.30    -0.69503E-01  1.3422    
      -59.903    -0.12300      3.4980    
       35.151    -0.47998E-02  6.6046    
       0.0000      0.0000      0.0000    
      -6.3228    -0.41753E-02  2.6008    
       0.0000      0.0000      0.0000    

 => Cos( theta)-shift parameter :   0.0000  0.0000  0.0000
 => Sin(2theta)-shift parameter :   0.0720  0.0000  0.0016

 ==> RELIABILITY FACTORS WITH ALL NON-EXCLUDED POINTS FOR PATTERN:  1

 => R-Factors:   3.72      4.94     Chi2:  2.94     DW-Stat.:  0.8531   Patt#:  1
 => Expected :            2.88                                1.9103
 => Deviance : 0.119E+05     Dev*:   2.990    
 => GoF-index:  1.7         Sqrt(Residual/N)
 => N-P+C:  3982

 =>    SumYdif       SumYobs      SumYcal      SumwYobsSQ     Residual    Condition
     0.1786E+06    0.4798E+07    0.4787E+07    0.4798E+07    0.1170E+05    0.3840E+18


 => Conventional Rietveld Rp,Rwp,Re and Chi2:   7.13      7.54      4.40      2.938    
 => (Values obtained using Ynet, but true sigma(y))
 =>  SumYnet, Sum(w Ynet**2):     0.2506E+07    0.2058E+07


 ==> RELIABILITY FACTORS FOR POINTS WITH BRAGG CONTRIBUTIONS FOR PATTERN:  1

 => R-Factors:   3.62      4.78     Chi2:  3.01     DW-Stat.:  0.9922   Patt#:
 => Expected :            2.75                                1.9029
 => Deviance : 0.102E+05     Dev*:   3.044    
 => GoF-index:  1.7         Sqrt(Residual/N)
 => N-P+C:  3339

 =>    SumYdif       SumYobs      SumYcal      SumwYobsSQ     Residual    Condition
     0.1599E+06    0.4412E+07    0.4406E+07    0.4412E+07    0.1006E+05    0.3840E+18


 => Conventional Rietveld Rp,Rwp,Re and Chi2:   6.39      6.99      4.03      3.013    
 => (Values obtained using Ynet, but true sigma(y))
 =>  SumYnet, Sum(w Ynet**2):     0.2501E+07    0.2056E+07


 => Global user-weigthed Chi2 (Bragg contrib.):   3.50    

 => ---------> Pattern#  1
 => Phase:  1
 =>    Bragg R-factor:  3.13    
 =>    RF-factor     :  2.21    


   Standard deviations have to be multiplied by: 2.4263
   (correlated residuals) See references:
  -J.F.Berar & P.Lelann, J. Appl. Cryst. 24, 1-5 (1991) 
  -J.F.Berar, Acc. in Pow. Diff. II,NIST Sp.Pub. 846, 63(1992) 

 ++++++++++++++++++++++++++++++++++++++++++++++++++++++++++++++++++++++++++++++++++++++++++++++++++++++++++++++++++++++++

 => CYCLE No.:    5
 =>  Convergence reached at this CYCLE !!!!
 =>  Parameter shifts set to zero
 ---------------------------------------------------------------------------------------
 => Phase  1 Name: O3 Y2                                                                 
 ---------------------------------------------------------------------------------------
 => New parameters, shifts, and standard deviations

 Atom        x       dx      sx       y       dy      sy       z       dz      sz       B       dB      sB      occ.    docc.   socc.

 Y1       0.25000 0.00000 0.00000  0.25000 0.00000 0.00000  0.25000 0.00000 0.00000  0.08363 0.00000 0.03431  0.16667 0.00000 0.00000
 Y2       0.96730 0.00000 0.00000  0.00000 0.00000 0.00000  0.25000 0.00000 0.00000  0.00000 0.00000 0.00000  0.50000 0.00000 0.00000
 O1       0.39150 0.00000 0.00000  0.15380 0.00000 0.00000  0.38000 0.00000 0.00000  0.00000 0.00000 0.00000  1.00000 0.00000 0.00000

 Atom         B11      DB11      SB11       B22      DB22      SB22       B33      DB33      SB33
              B12      DB12      SB12       B13      DB13      SB13       B23      DB23      SB23
 Y1      0.000000  0.000000  0.000000  0.000000  0.000000  0.000000  0.000000  0.000000  0.000000
         0.000000  0.000000  0.000000  0.000000  0.000000  0.000000  0.000000  0.000000  0.000000

    U-Eigen Value (A**2) ----      Eigen vector(Orth. syst.)
        0.00000          ----    0.93753   -0.21290    0.27515
        0.00000          ----    0.15653    0.96445    0.21291
        0.00000          ----   -0.31070   -0.15653    0.93753

    Isotropic temperature factor Uequiv(A**2):   0.0000
    Isotropic temperature factor Bequiv(A**2):   0.0000

     R.M.S. in ANGSTROMS ------       Angles with A, B, C
        0.00000          ----     20.359    102.293     74.029
        0.00000          ----     80.994     15.323     77.707
        0.00000          ----    108.101     99.006     20.359
 
 Y2      0.000000  0.000000  0.000000  0.000000  0.000000  0.000000  0.000000  0.000000  0.000000
         0.000000  0.000000  0.000000  0.000000  0.000000  0.000000  0.000000  0.000000  0.000000

    U-Eigen Value (A**2) ----      Eigen vector(Orth. syst.)
        0.00000          ----    0.93753   -0.21290    0.27515
        0.00000          ----    0.15653    0.96445    0.21291
        0.00000          ----   -0.31070   -0.15653    0.93753

    Isotropic temperature factor Uequiv(A**2):   0.0000
    Isotropic temperature factor Bequiv(A**2):   0.0000

     R.M.S. in ANGSTROMS ------       Angles with A, B, C
        0.00000          ----     20.359    102.293     74.029
        0.00000          ----     80.994     15.323     77.707
        0.00000          ----    108.101     99.006     20.359
 
 O1      0.000000  0.000000  0.000000  0.000000  0.000000  0.000000  0.000000  0.000000  0.000000
         0.000000  0.000000  0.000000  0.000000  0.000000  0.000000  0.000000  0.000000  0.000000

    U-Eigen Value (A**2) ----      Eigen vector(Orth. syst.)
        0.00000          ----    0.93753   -0.21290    0.27515
        0.00000          ----    0.15653    0.96445    0.21291
        0.00000          ----   -0.31070   -0.15653    0.93753

    Isotropic temperature factor Uequiv(A**2):   0.0000
    Isotropic temperature factor Bequiv(A**2):   0.0000

     R.M.S. in ANGSTROMS ------       Angles with A, B, C
        0.00000          ----     20.359    102.293     74.029
        0.00000          ----     80.994     15.323     77.707
        0.00000          ----    108.101     99.006     20.359
 

 ==> PROFILE PARAMETERS FOR PATTERN#  1

 => Overall scale factor:      0.000101917     0.000000000     0.000000237
 => Eta(p-Voigt) or m(Pearson VII):   0.000000  0.000000  0.000000
 => Overall tem. factor:     0.296479    0.000000    0.017801
 => Halfwidth parameters: 
         0.015824    0.000000    0.000687
        -0.022513    0.000000    0.000866
         0.010468    0.000000    0.000265
 => Cell parameters: 
       10.603954    0.000000    0.000061
       10.603954    0.000000    0.000061
       10.603954    0.000000    0.000061
       90.000000    0.000000    0.000000
       90.000000    0.000000    0.000000
       90.000000    0.000000    0.000000
 => Preferred orientation: 
         1.000000    0.000000    0.000000
         0.000000    0.000000    0.000000
 => Asymmetry parameters: 
         0.000000    0.000000    0.000000
        -0.009855    0.000000    0.008008
         0.000000    0.000000    0.000000
         0.070851    0.000000    0.017819
 => X and Y parameters: 
         0.023714    0.000000    0.002438
         0.042439    0.000000    0.000892
 => Strain parameters: 
         0.000000    0.000000    0.000000
         0.000000    0.000000    0.000000
         0.000000    0.000000    0.000000
 => Size   parameters (G,L): 
         0.000000    0.000000    0.000000
         0.000000    0.000000    0.000000
 => Further shape parameters (S_L and D_L): 
       0.000000  0.000000  0.000000
       0.000000  0.000000  0.000000

 ==> GLOBAL PARAMETERS FOR PATTERN#  1


 => Zero-point:    -0.0566    0.0000    0.0006
 => Background Polynomial Parameters ==>
       587.30      0.0000      1.3422    
      -59.903      0.0000      3.4980    
       35.151      0.0000      6.6046    
       0.0000      0.0000      0.0000    
      -6.3228      0.0000      2.6008    
       0.0000      0.0000      0.0000    

 => Cos( theta)-shift parameter :   0.0000  0.0000  0.0000
 => Sin(2theta)-shift parameter :   0.0720  0.0000  0.0016

 ==> RELIABILITY FACTORS WITH ALL NON-EXCLUDED POINTS FOR PATTERN:  1

 => R-Factors:   3.72      4.94     Chi2:  2.94     DW-Stat.:  0.8531   Patt#:  1
 => Expected :            2.88                                1.9103
 => Deviance : 0.119E+05     Dev*:   2.990    
 => GoF-index:  1.7         Sqrt(Residual/N)
 => N-P+C:  3982

 =>    SumYdif       SumYobs      SumYcal      SumwYobsSQ     Residual    Condition
     0.1786E+06    0.4798E+07    0.4787E+07    0.4798E+07    0.1170E+05    0.3840E+18


 => Conventional Rietveld Rp,Rwp,Re and Chi2:   7.13      7.54      4.40      2.938    
 => (Values obtained using Ynet, but true sigma(y))
 =>  SumYnet, Sum(w Ynet**2):     0.2506E+07    0.2058E+07

 => N-sigma of the GoF:   86.473

 ==> RELIABILITY FACTORS FOR POINTS WITH BRAGG CONTRIBUTIONS FOR PATTERN:  1

 => R-Factors:   3.62      4.78     Chi2:  3.01     DW-Stat.:  0.9922   Patt#:
 => Expected :            2.75                                1.9029
 => Deviance : 0.102E+05     Dev*:   3.044    
 => GoF-index:  1.7         Sqrt(Residual/N)
 => N-P+C:  3339

 =>    SumYdif       SumYobs      SumYcal      SumwYobsSQ     Residual    Condition
     0.1599E+06    0.4412E+07    0.4406E+07    0.4412E+07    0.1006E+05    0.3840E+18


 => Conventional Rietveld Rp,Rwp,Re and Chi2:   6.39      6.99      4.03      3.013    
 => (Values obtained using Ynet, but true sigma(y))
 =>  SumYnet, Sum(w Ynet**2):     0.2501E+07    0.2056E+07

 => N-sigma of the GoF:       82.244

 => Global user-weigthed Chi2 (Bragg contrib.):   3.50    

 => ---------> Pattern#  1
 => Phase:  1
 =>    Bragg R-factor:  3.13    
 =>    RF-factor     :  2.21    

 --------------------------------------------------------------------------------------------------------------
 Pattern#  1 Phase No:   1 Phase name: O3 Y2                         
 --------------------------------------------------------------------------------------------------------------

   No.  Code     H   K   L  Mult     Hw         2theta      Icalc       Iobs      Sigma      HwG     HwL       ETA       d-hkl        CORR

      1   1      2   1   1    24  0.110939      20.499     1130.7     1165.2     34.895  0.083163  0.047435  0.505529  4.329046    687.217712
      2   1      2   2   0    12  0.108767      23.713        2.2       20.2    161.704  0.080251  0.048363  0.522831  3.749064    253.325226
      3   1      2   2   2     8  0.105280      29.149     9977.0    10084.8    107.241  0.075399  0.050039  0.553403  3.061098    108.834618
      4   1      2   3   1    24  0.103827      31.542       38.1       34.3      4.175  0.073296  0.050821  0.567349  2.834026    275.214813
      5   1      3   2   1    24  0.103827      31.542        9.4        8.5      1.032  0.073296  0.050821  0.567349  2.834026    275.214813
      6   1      4   0   0     6  0.102519      33.783     2552.0     2383.6    153.737  0.071352  0.051579  0.580641  2.650989     59.213619
      7   1      4   1   1    24  0.101334      35.900      508.0      484.1     22.605  0.069538  0.052319  0.593384  2.499376    207.113861
      8   1      2   4   0    12  0.100256      37.914       44.0       36.6      6.118  0.067838  0.053046  0.605648  2.371116     91.703674
      9   1      4   2   0    12  0.100256      37.914       71.9       59.9     10.011  0.067838  0.053046  0.605648  2.371116     91.703674
     10   1      3   3   2    24  0.099274      39.841      600.6      599.0      4.599  0.066237  0.053762  0.617482  2.260771    164.089844
     11   1      4   2   2    24  0.098381      41.693       93.7       81.1     11.065  0.064726  0.054471  0.628923  2.164523    148.064484
     12   1      3   4   1    24  0.097569      43.480      480.3      469.1     10.970  0.063296  0.055175  0.639991  2.079607    134.571960
     13   1      4   3   1    24  0.097569      43.480      391.3      382.2      8.937  0.063296  0.055175  0.639991  2.079607    134.571960
     14   1      2   5   1    24  0.096174      46.890      158.5      160.1      2.526  0.060664  0.056574  0.661067  1.936008    113.160721
     15   1      5   2   1    24  0.096174      46.890      132.9      134.3      2.118  0.060664  0.056574  0.661067  1.936008    113.160721
     16   1      4   4   0    12  0.095586      48.525     4293.9     4425.5    132.210  0.059453  0.057272  0.671086  1.874532     52.273075
     17   1      4   3   3    24  0.095067      50.120      224.8      256.8     35.810  0.058310  0.057971  0.680758  1.818563     96.998062
     18   1      4   4   2    24  0.094618      51.678        5.7        6.2      0.705  0.057234  0.058672  0.690081  1.767326     90.339188
     19   1      6   0   0     6  0.094618      51.678       40.3       44.2      4.992  0.057234  0.058672  0.690081  1.767326     22.584797
     20   1      3   5   2    24  0.094238      53.204       88.3       92.3      4.630  0.056224  0.059375  0.699046  1.720189     84.429550
     21   1      5   3   2    24  0.094238      53.204       99.0      103.5      5.193  0.056224  0.059375  0.699046  1.720189     84.429550
     22   1      6   1   1    24  0.094238      53.204      358.4      374.6     18.792  0.056224  0.059375  0.699046  1.720188     84.429550
     23   1      2   6   0    12  0.093927      54.699       71.9       72.2      1.975  0.055279  0.060082  0.707645  1.676633     39.578556
     24   1      6   2   0    12  0.093927      54.699       47.1       47.3      1.294  0.055279  0.060082  0.707645  1.676633     39.578556
     25   1      4   5   1    24  0.093686      56.168      245.9      268.6     24.246  0.054401  0.060794  0.715867  1.636226     74.431282
     26   1      5   4   1    24  0.093686      56.168      184.0      200.9     18.135  0.054401  0.060794  0.715867  1.636226     74.431282
     27   1      6   2   2    24  0.093515      57.612     2905.6     3003.0     98.312  0.053590  0.061511  0.723699  1.598606     70.177971
     28   1      3   6   1    24  0.093415      59.033      322.0      342.5     21.268  0.052848  0.062233  0.731131  1.563468     66.335945
     29   1      6   3   1    24  0.093415      59.033      301.2      320.4     19.898  0.052848  0.062233  0.731131  1.563468     66.335945
     30   1      4   4   4     8  0.093388      60.433      492.8      511.8     19.515  0.052177  0.062963  0.738147  1.530549     20.951412
     31   1      4   5   3    24  0.093434      61.814       76.7       75.9      1.373  0.051577  0.063700  0.744735  1.499626     59.690063
     32   1      5   4   3    24  0.093434      61.814      132.5      131.2      2.373  0.051577  0.063700  0.744735  1.499626     59.690063
     33   1      4   6   0    12  0.093556      63.178      110.8      106.2      4.928  0.051052  0.064445  0.750882  1.470504     28.403608
     34   1      6   4   0    12  0.093556      63.178       19.3       18.5      0.857  0.051052  0.064445  0.750882  1.470504     28.403608
     35   1      2   7   1    24  0.093756      64.525       86.9       82.4      4.235  0.050603  0.065200  0.756577  1.443015     54.174862
     36   1      5   5   2    24  0.093756      64.525        5.3        5.0      0.257  0.050603  0.065200  0.756577  1.443015     54.174862
     37   1      6   3   3    24  0.093756      64.525      106.8      101.3      5.206  0.050603  0.065200  0.756577  1.443015     54.174862
     38   1      7   2   1    24  0.093756      64.525      144.8      137.3      7.056  0.050603  0.065200  0.756577  1.443015     54.174862
     39   1      4   6   2    24  0.094034      65.857       22.5       21.3      1.217  0.050233  0.065963  0.761807  1.417013     51.766666
     40   1      6   4   2    24  0.094034      65.857      133.5      126.2      7.219  0.050233  0.065963  0.761807  1.417013     51.766666
     41   1      3   7   2    24  0.095359      69.776        0.6        0.6      0.010  0.049620  0.068320  0.774630  1.346704     45.674625
     42   1      5   6   1    24  0.095359      69.776      111.9      111.6      1.791  0.049620  0.068320  0.774630  1.346704     45.674625
     43   1      6   5   1    24  0.095359      69.776       96.5       96.3      1.545  0.049620  0.068320  0.774630  1.346704     45.674625
     44   1      7   3   2    24  0.095359      69.776        1.5        1.4      0.023  0.049620  0.068320  0.774630  1.346704     45.674625
     45   1      8   0   0     6  0.095970      71.060      443.3      457.3     14.526  0.049590  0.069129  0.777929  1.325494     10.991022
     46   1      4   7   1    24  0.096669      72.333       78.7       79.4      1.013  0.049650  0.069952  0.780736  1.305256     42.390224
     47   1      5   5   4    24  0.096669      72.333       61.9       62.4      0.796  0.049650  0.069952  0.780736  1.305257     42.390224
     48   1      7   4   1    24  0.096669      72.333       64.3       64.9      0.827  0.049650  0.069952  0.780736  1.305256     42.390224
     49   1      8   1   1    24  0.096669      72.333      171.6      173.2      2.208  0.049650  0.069952  0.780736  1.305257     42.390224
     50   1      2   8   0    12  0.097458      73.598       59.3       57.6      1.893  0.049803  0.070788  0.783052  1.285918     20.470758
     51   1      6   4   4    24  0.097458      73.598       48.1       46.6      1.533  0.049803  0.070788  0.783052  1.285918     40.941517
     52   1      8   2   0    12  0.097458      73.598       91.6       88.9      2.923  0.049803  0.070788  0.783052  1.285918     20.470758
     53   1      5   6   3    24  0.098338      74.855      110.7      109.0      2.219  0.050051  0.071640  0.784882  1.267415     39.607800
     54   1      6   5   3    24  0.098338      74.855      114.8      113.1      2.302  0.050051  0.071640  0.784882  1.267415     39.607800
     55   1      6   6   0    12  0.099312      76.104        1.7        1.8      0.037  0.050395  0.072507  0.786231  1.249688     19.190025
     56   1      8   2   2    24  0.099312      76.104      135.0      136.0      2.885  0.050395  0.072507  0.786231  1.249688     38.380051
     57   1      3   8   1    24  0.100380      77.347       97.3       98.8      1.739  0.050838  0.073391  0.787108  1.232685     37.250298
     58   1      4   7   3    24  0.100380      77.347       66.4       67.4      1.187  0.050838  0.073391  0.787108  1.232685     37.250298
     59   1      7   4   3    24  0.100380      77.347       67.5       68.5      1.206  0.050838  0.073391  0.787108  1.232685     37.250298
     60   1      8   3   1    24  0.100380      77.347      119.4      121.2      2.133  0.050838  0.073391  0.787108  1.232685     37.250298

   No.  Code     H   K   L  Mult     Hw         2theta      Icalc       Iobs      Sigma      HwG     HwL       ETA       d-hkl        CORR

     61   1      6   6   2    24  0.101544      78.583      774.4      791.0     17.025  0.051380  0.074292  0.787524  1.216357     36.211430
     62   1      7   5   2    24  0.102807      79.814        6.8       11.4      7.847  0.052022  0.075212  0.787492  1.200661     35.257069
     63   1      5   7   2    24  0.102807      79.814        1.4        2.4      1.661  0.052022  0.075212  0.787492  1.200661     35.257069
     64   1      4   8   0    12  0.104169      81.041      257.9      263.7      6.824  0.052766  0.076151  0.787027  1.185558     17.190784
     65   1      8   4   0    12  0.104169      81.041      257.6      263.4      6.814  0.052766  0.076151  0.787027  1.185558     17.190784
     66   1      8   3   3    24  0.105632      82.263      104.0      103.7      2.515  0.053613  0.077111  0.786144  1.171011     33.579842
     67   1      4   8   2    24  0.107198      83.482       63.5       61.6      2.303  0.054562  0.078092  0.784864  1.156986     32.847359
     68   1      8   4   2    24  0.107198      83.482       55.9       54.2      2.029  0.054562  0.078092  0.784864  1.156986     32.847359
     69   1      2   9   1    24  0.108869      84.698        3.8        3.6      0.112  0.055616  0.079096  0.783203  1.143454     32.180027
     70   1      6   5   5    24  0.108869      84.698      131.4      127.7      3.906  0.055616  0.079096  0.783203  1.143454     32.180027
     71   1      6   7   1    24  0.108869      84.698       59.8       58.1      1.779  0.055616  0.079096  0.783203  1.143454     32.180027
     72   1      7   6   1    24  0.108869      84.698       42.9       41.6      1.274  0.055616  0.079096  0.783203  1.143454     32.180027
     73   1      9   2   1    24  0.108869      84.698        9.3        9.0      0.276  0.055616  0.079096  0.783203  1.143454     32.180027
     74   1      6   6   4    24  0.110647      85.911       18.7       19.9      2.307  0.056774  0.080124  0.781183  1.130385     31.574200
     75   1      5   8   1    24  0.112533      87.123       83.5       80.9      2.707  0.058037  0.081178  0.778823  1.117755     31.026596
     76   1      7   5   4    24  0.112533      87.123       44.8       43.4      1.451  0.058037  0.081178  0.778823  1.117755     31.026596
     77   1      8   5   1    24  0.112533      87.123       58.5       56.7      1.897  0.058037  0.081178  0.778823  1.117755     31.026596
     78   1      5   7   4    24  0.112533      87.123       67.0       64.9      2.171  0.058037  0.081178  0.778823  1.117755     31.026600
     79   1      3   9   2    24  0.116640      89.543       12.5       12.9      0.467  0.060880  0.083367  0.773170  1.093714     30.094662
     80   1      6   7   3    24  0.116640      89.543      109.1      112.9      4.088  0.060880  0.083367  0.773170  1.093714     30.094662
     81   1      7   6   3    24  0.116640      89.543      129.4      133.9      4.849  0.060880  0.083367  0.773170  1.093714     30.094662
     82   1      9   3   2    24  0.116640      89.543       14.8       15.3      0.554  0.060880  0.083367  0.773170  1.093714     30.094662
     83   1      8   4   4    24  0.118866      90.752      556.2      589.1     33.993  0.062463  0.084506  0.769918  1.082262     29.705372
     84   1      4   9   1    24  0.121210      91.962       26.2       27.1      0.906  0.064154  0.085677  0.766411  1.071161     29.364340
     85   1      5   8   3    24  0.121210      91.962       75.4       77.8      2.606  0.064154  0.085677  0.766411  1.071161     29.364340
     86   1      8   5   3    24  0.121210      91.962      117.6      121.5      4.068  0.064154  0.085677  0.766411  1.071161     29.364340
     87   1      9   4   1    24  0.121210      91.962       47.1       48.6      1.628  0.064154  0.085677  0.766411  1.071161     29.364340
     88   1      6   8   0    12  0.123677      93.172       13.5       13.1      0.448  0.065955  0.086881  0.762667  1.060395     14.534868
     89   1      8   6   0    12  0.123677      93.172      117.8      114.2      3.896  0.065955  0.086881  0.762667  1.060395     14.534868
     90   1     10   0   0     6  0.123677      93.172       38.9       37.7      1.287  0.065955  0.086881  0.762667  1.060395      7.267434
     91   1      7   7   2    24  0.126268      94.384       38.8       43.2      4.939  0.067868  0.088121  0.758706  1.049948     28.819958
     92   1     10   1   1    24  0.126268      94.384       45.1       50.2      5.737  0.067868  0.088121  0.758706  1.049948     28.819958
     93   1      2  10   0    12  0.128989      95.598       64.9       63.6      1.334  0.069894  0.089399  0.754547  1.039803     14.306800
     94   1      6   8   2    24  0.128989      95.598      219.1      214.9      4.505  0.069894  0.089399  0.754547  1.039803     28.613600
     95   1      8   6   2    24  0.128989      95.598       21.1       20.7      0.434  0.069894  0.089399  0.754547  1.039803     28.613600
     96   1     10   2   0    12  0.128989      95.598       83.2       81.6      1.711  0.069894  0.089399  0.754547  1.039803     14.306800
     97   1      4   9   3    24  0.131844      96.815       63.7       67.5      4.194  0.072037  0.090717  0.750208  1.029947     28.449461
     98   1      9   4   3    24  0.131844      96.815       35.0       37.1      2.307  0.072037  0.090717  0.750208  1.029947     28.449461
     99   1      6   6   6     8  0.134837      98.034       89.9       92.2      2.324  0.074298  0.092077  0.745705  1.020366      9.442183
    100   1     10   2   2    24  0.134837      98.034      414.1      424.4     10.705  0.074298  0.092077  0.745705  1.020366     28.326550
    101   1      3  10   1    24  0.137975      99.257       60.3       59.3      1.037  0.076682  0.093483  0.741055  1.011047     28.244047
    102   1      5   9   2    24  0.137975      99.257       25.4       25.0      0.437  0.076682  0.093483  0.741055  1.011047     28.244047
    103   1      6   7   5    24  0.137975      99.257       79.4       78.2      1.368  0.076682  0.093483  0.741055  1.011047     28.244047
    104   1      7   6   5    24  0.137975      99.257       90.7       89.3      1.562  0.076682  0.093483  0.741055  1.011047     28.244047
    105   1      9   5   2    24  0.137975      99.257       33.9       33.4      0.584  0.076682  0.093483  0.741055  1.011047     28.244047
    106   1     10   3   1    24  0.137975      99.257       60.5       59.5      1.041  0.076682  0.093483  0.741055  1.011047     28.244047

     -----------------------------------------------------
     BRAGG R-Factors and weight fractions for Pattern #  1
     -----------------------------------------------------

 => Phase:  1     O3 Y2
 => Bragg R-factor:   3.13       Vol: 1192.349( 0.012)  Fract(%):  100.00( 0.33)
 => Rf-factor=  2.21             ATZ:        3613.046   Brindley:  1.0000

     -----------------------------------------------------------------
      SYMBOLIC NAMES AND FINAL VALUES AND SIGMA OF REFINED PARAMETERS:
     -----------------------------------------------------------------

      ->  Parameter number    1 :       Scale_ph1_pat1    0.10191691E-03( +/-    0.23690652E-06 )
      ->  Parameter number    2 :           SySin_pat1    0.71953848E-01( +/-    0.16193185E-02 )
      ->  Parameter number    3 :            Zero_pat1   -0.56582972E-01( +/-    0.59813261E-03 )
      ->  Parameter number    4 :           Bck_0_pat1     587.30029    ( +/-     1.3421946     )
      ->  Parameter number    5 :           Bck_1_pat1    -59.903290    ( +/-     3.4979892     )
      ->  Parameter number    6 :      Cell_A_ph1_pat1     10.603954    ( +/-    0.60888029E-04 )
      ->  Parameter number    7 :      W-Cagl_ph1_pat1    0.10468005E-01( +/-    0.26491183E-03 )
      ->  Parameter number    8 :           Bck_2_pat1     35.151138    ( +/-     6.6046424     )
      ->  Parameter number    9 :           Bck_4_pat1    -6.3228202    ( +/-     2.6007738     )
      ->  Parameter number   10 :      V-Cagl_ph1_pat1   -0.22513172E-01( +/-    0.86632109E-03 )
      ->  Parameter number   11 :      U-Cagl_ph1_pat1    0.15824132E-01( +/-    0.68737660E-03 )
      ->  Parameter number   12 :       Asym2_ph1_pat1   -0.98549789E-02( +/-    0.80075394E-02 )
      ->  Parameter number   13 :       Asym4_ph1_pat1    0.70851393E-01( +/-    0.17819108E-01 )
      ->  Parameter number   14 :       Y-cos_ph1_pat1    0.42439003E-01( +/-    0.89227711E-03 )
      ->  Parameter number   15 :       X-tan_ph1_pat1    0.23713892E-01( +/-    0.24382838E-02 )
      ->  Parameter number   16 :       Bover_ph1_pat1    0.29647923    ( +/-    0.17801112E-01 )
      ->  Parameter number   17 :          Biso_Y1_ph1    0.83632544E-01( +/-    0.34307856E-01 )

 ------------------------------------------------------------------
 => Number of bytes for floating point variables: 4
 => Dimensions of dynamic allocated arrays in this run of FullProf:
 ------------------------------------------------------------------

 => Total approximate array memory (dynamic + static): 127111993 bytes

    MaxPOINT=    60000 Max.num. of points(+int. Inten.)/diffraction pattern       
    MaxREFLT=    20000 Max.num. of reflections/diffraction pattern               
    MaxPARAM=      300 Max.num. of refinable parameters                          
    MaxOVERL=    18096 Max.num. of overlapping reflections                       

 ----------------------------------------------------------
 => Number of bytes for floating point arrays: 4
 => Dimensions of fixed arrays in this release of FullProf:
 ----------------------------------------------------------

    NPATT   =       80 Max.num. of powder diffraction patterns                    
    NATS    =      830 Max.num. of atoms (all kind) in asymmetric unit            
    MPAR    =     1800 Max.num. of non atomic parameters/phase                    
    IEXCL   =       30 Max.num. of excluded regions                               
    IBACP   =      277 Max.num. of background points for interpolation            
    NPHT    =       16 Max.num. of phases                                         
    NMAGM   =        8 Max.num. of rotation-matrices sets for magnetic structure  
    NBASIS  =       12 Max.num. of basis functions associated to a single atom    
    NIREPS  =        9 Max.num. of irreducible representations to be combined     
    N_EQ    =      384 Max.num. of user-supplied symmetry operators/propagation vectors
    NGL     =      300 Max.num. of global parameters/diffraction pattern          
    N_LINC  =       30 Max.num. of global linear restraints                        
    NAT_P   =       64 Max.num. of atomic parameters per atom                     
    NCONST  =      500 Max.num. of slack constraints per phase                    
    N_SPE   =       16 Max.num. of different chemical species                     
    N_FORM  =       60 Max.num. of scattering factor values in a table            
    NPR     =      150 Max.num. of points defining a numerical profile            
    INPR    =       25 Max.num. of different numerical peak shapes                
    NPRC    =      150 Max.num. of terms in the table for correcting intensities  
    NSOL    =       10 Max.num. of solutions to be stored in Montecarlo searchs   

 
              CPU Time:     1.094 seconds
                            0.018 minutes

 => Run finished at:     Date: 10/06/2024  Time: 19:02:09.826                              
