

        **********************************************************
        ** PROGRAM FullProf.2k (Version 5.90 - Dec2016-ILL JRC) **
        **********************************************************
                       M U L T I -- P A T T E R N                 
            Rietveld, Profile Matching & Integrated Intensity     
                 Refinement of X-ray and/or Neutron Data


    Date: 10/06/2024  Time: 18:45:55.575                              

 => PCR file code: Y2O3
 => DAT file code: Y2O3.dat             -> Relative contribution: 1.0000                                                            

 ==> CONDITIONS OF THIS RUN FOR PATTERN No.:  1

 => Global Refinement of X-ray powder diffraction data                                                                              
 => Global Refinement of X-ray powder diffraction data                                                                              
    Bragg-Brentano(X-rays) or Debye-Scherrer geometry(Neutrons)
 => Title:   O3 Y2

 => Number of phases:    1
 => Number of excluded regions:    2
 => Number of scattering factors supplied:    0
 => March-Dollase model for preferred orientation
 => Conventional weights: w=1.0/Variance(yobs)
 => Asymmetry correction as in J.Appl.Cryst. 26,128(1993)
 => Background refined by polynomial function
 => The    5th default profile function was selected
 => Pseudo-Voigt function (ETA variable)
                 X-parameter correspond to: ETA=ETA0+X*2theta
                       pV(x)= ETA*L(x)+(1-ETA)*G(x)

 ==> INPUT/OUTPUT OPTIONS:

 => Generate file *.PRF for plot
 => Output Integrated Intensities
 => Generate new input file *.PCR

 => X-Y type of data: 2theta/TOF/E(Kev) Intens sigma for pattern:  1
 => Plot pattern at each cycle
 => Wavelengths:  1.54056 1.54439
 => Alpha2/Alpha1 ratio:   0.5000
 => Cos(Monochromator angle)=   0.9100
 => Asymmetry correction for angles lower than   60.000 degrees
 => Absorption correction (AC), muR-eff =   0.0000  0.0000
 => Base of peaks: 2.0*HW*    8.00

 => Number of cycles:   10
 => Relaxation factors ==>    for coordinates:  1.00
 => for anisotropic temperature factors:  1.00
 => for halfwidth/strain/size parameters:  1.00
 => for lattice constants and propagation vectors:  1.00
 => EPS-value for convergence:    0.1

 => Excluded regions for Pattern#  1
    From     to
      1.0000     20.0000
    100.0000    160.0000

 => Number of Least-Squares parameters varied:     7

 =>--------------------------->
 =>------->  PATTERN number:  1
 =>--------------------------->
 => Global parameters and codes ==>
 => Zero-point:    -0.0492   31.0000
 => Background parameters and codes ==>
 => Origin of polynomial at 2theta/TOF/E(KeV):   40.000  
  632.79     -51.639      0.0000      0.0000      0.0000      0.0000    
       41.00       51.00        0.00        0.00        0.00        0.00
 => Displacement peak-shift parameter and code:     0.00    0.00
 => Transparency peak-shift parameter and code:     0.06   21.00

 => Reading Intensity data  =>>

 -> No recognizable heading in input data file X,Y,sigma
    First 6 lines are considered as COMMENTS (except for TSAMP keyword)
 -> COMMENT:   3.000    1643.000                                                                                                                 
 -> COMMENT:   3.020    1571.000                                                                                                                 
 -> COMMENT:   3.040    1569.000                                                                                                                 
 -> COMMENT:   3.060    1619.000                                                                                                                 
 -> COMMENT:   3.080    1554.000                                                                                                                 
 -> COMMENT:   3.100    1531.000                                                                                                                 
 ==> Angular range, step and number of points:
     2Thmin:       3.120000  2Thmax:     150.000000  Step:       0.020004  No. of points:   7345
 --------------------------------------------------------------------------------
 => Phase  No. 1
      O3 Y2                                                                 
 --------------------------------------------------------------------------------
 =>-------> Pattern#  1
 => Crystal Structure Refinement
 => The    7th profile function was selected for phase no.  1
 => Preferred orientation vector:   0.0000  0.0000  1.0000

 =>-------> Data for PHASE: 1
 => Number of atoms:    3
 => Number of distance  constraints:    0
 => Number of angle     constraints:    0

 => Symmetry information on space group: I a -3              
 -> The multiplicity of the general position is:  48
 -> The space group is Centric (-1 at origin)   
 -> Lattice type  I: { 000; 1/2 1/2 1/2 }+                         
 -> Reduced set of symmetry operators:

  No.  IT   Symmetry symbol    Rotation part     Associated Translation
   1: ( 1)   1            -->     ( x, y, z) + {  0.0000  0.0000  0.0000}
   2: ( 4)   2 ( x, 0, 0) -->     ( x,-y,-z) + {  0.5000  0.5000  0.0000}
   3: ( 3)   2 ( 0, y, 0) -->     (-x, y,-z) + {  0.0000  0.5000  0.5000}
   4: ( 2)   2 ( 0, 0, z) -->     (-x,-y, z) + {  0.5000  0.0000  0.5000}
   5: ( 9)  3- ( x, x, x) -->     ( y, z, x) + {  0.0000  0.0000  0.0000}
   6: (12)  3- (-x, x,-x) -->     (-y,-z, x) + {  0.5000  0.0000  0.5000}
   7: (11)  3- (-x,-x, x) -->     ( y,-z,-x) + {  0.5000  0.5000  0.0000}
   8: (10)  3- ( x,-x,-x) -->     (-y, z,-x) + {  0.0000  0.5000  0.5000}
   9: ( 5)  3+ ( x, x, x) -->     ( z, x, y) + {  0.0000  0.0000  0.0000}
  10: ( 8)  3+ (-x,-x, x) -->     (-z, x,-y) + {  0.0000  0.5000  0.5000}
  11: ( 7)  3+ ( x,-x,-x) -->     (-z,-x, y) + {  0.5000  0.0000  0.5000}
  12: ( 6)  3+ (-x, x,-x) -->     ( z,-x,-y) + {  0.5000  0.5000  0.0000}


        Information on Space Group: 
        --------------------------- 

 =>   Number of Space group: 206
 =>  Hermann-Mauguin Symbol: I a -3
 =>             Hall Symbol: -I 2b 2c 3
 =>            Setting Type: IT (Generated from Hermann-Mauguin symbol)
 =>          Crystal System: Cubic
 =>              Laue Class: m-3
 =>             Point Group: m-3
 =>         Bravais Lattice: I
 =>          Lattice Symbol: cI
 =>  Reduced Number of S.O.:  12
 =>    General multiplicity:  48
 =>          Centrosymmetry: Centric (-1 at origin)
 =>  Generators (exc. -1&L):   3
 =>         Asymmetric unit:  0.000 <= x <=  0.500
                              0.000 <= y <=  0.500
                              0.000 <= z <=  0.250

 => List of S.O. without inversion and lattice centring translations
 => SYMM(  1): x,y,z                               => SYMM(  2): x+1/2,-y+1/2,-z
 => SYMM(  3): -x,y+1/2,-z+1/2                     => SYMM(  4): -x+1/2,-y,z+1/2
 => SYMM(  5): y,z,x                               => SYMM(  6): -y+1/2,-z,x+1/2
 => SYMM(  7): y+1/2,-z+1/2,-x                     => SYMM(  8): -y,z+1/2,-x+1/2
 => SYMM(  9): z,x,y                               => SYMM( 10): -z,x+1/2,-y+1/2
 => SYMM( 11): -z+1/2,-x,y+1/2                     => SYMM( 12): z+1/2,-x+1/2,-y


 => Initial parameters ==>
 Atom    Ntyp                  X         Y         Z         B         occ.         in  fin  Spc  Mult
                             B11       B22       B33       B12       B13       B23
 Y1     Y                  0.25000   0.25000   0.25000   0.00000   0.16667           0    0    0    8
                 Codes:    0.00000   0.00000   0.00000   0.00000   0.00000
                 Betas:    0.00000   0.00000   0.00000   0.00000   0.00000   0.00000
                 Codes:    0.00000   0.00000   0.00000   0.00000   0.00000   0.00000
 Y2     Y                  0.96730   0.00000   0.25000   0.00000   0.50000           0    0    0   24
                 Codes:    0.00000   0.00000   0.00000   0.00000   0.00000
                 Betas:    0.00000   0.00000   0.00000   0.00000   0.00000   0.00000
                 Codes:    0.00000   0.00000   0.00000   0.00000   0.00000   0.00000
 O1     O                  0.39150   0.15380   0.38000   0.00000   1.00000           0    0    0   48
                 Codes:    0.00000   0.00000   0.00000   0.00000   0.00000
                 Betas:    0.00000   0.00000   0.00000   0.00000   0.00000   0.00000
                 Codes:    0.00000   0.00000   0.00000   0.00000   0.00000   0.00000

 => IT IS ASSUMED THAT THE FIRST GIVEN SITE IS FULLY OCCUPIED 
    OR THE FIRST AND SECOND ATOMS ARE IN THE SAME SITE WITH TOTAL FULL OCCUPATION
  (If this is not the case, change the order of atoms to obtain correct values for the content of the unit cell)
    The given occupation factors have been obtained mutiplying m/M by   1.0000
      -> Atom: Y   ,  Chemical element: Y   Atomic Mass:    88.9059
      -> Atom: Y   ,  Chemical element: Y   Atomic Mass:    88.9059
      -> Atom: O   ,  Chemical element: O   Atomic Mass:    15.9994
 => The given value of ATZ is       3613.05 the program has calculated:        3613.05
    The value of ATZ given in the input PCR file will be used for quantitative analysis
 => The chemical content of the unit cell is: 
       8.0000 Y    +  23.9995 Y    +  47.9990 O      
 => The normalized site occupation numbers in % are: 
     100.0000 Y1     :       99.9980 Y2     :       99.9980 O1       
 => The density (volumic mass) of the compound is:    5.032 g/cm3

 =>-------> PROFILE PARAMETERS FOR PATTERN:  1

 => Overall scale factor:   0.863450E-04
 => ETA (p-Voigt) OR M (Pearson VII):   0.0000
 => Overall temperature factor:      0.00000
 => Halfwidth U,V,W:      0.00413    -0.00762     0.01658
 => X and Y parameters:       0.0190      0.0000
 => Direct cell parameters:   10.6039  10.6039  10.6039  90.0000  90.0000  90.0000
 => Preferred orientation parameters:   1.0000  0.0000
 => Asymmetry parameters     :      0.00000     0.00000     0.00000     0.00000
 => Strain parameters        :      0.00000     0.00000     0.00000
 => Size   parameters        :      0.00000     0.00000
 => Further shape parameters (S_L and D_L):   0.00000   0.00000
    S_L is source width/detector distance
    D_L is detector width/detector distance

 ==> CODEWORDS FOR PROFILE PARAMETERS of PATTERN#  1

 => Overall scale factor:   11.000
 => ETA (p-Voigt) OR M (Pearson VII):    0.000
 => Overall temperature factor:    0.000
 => Halfwidth U,V,W:    0.000   0.000  71.000
 => X and Y parameters:    0.000   0.000
 => Direct cell parameters:   61.000  61.000  61.000   0.000   0.000   0.000
 => Preferred orientation parameters:    0.000   0.000
 => Asymmetry parameters     :    0.000   0.000   0.000   0.000
 => Strain parameters        :    0.000   0.000   0.000
 => Size   parameters        :    0.000   0.000

 => Cell constraints according to Laue symmetry: m-3  

        Metric information:
        -------------------

 => Direct cell parameters:

         a =      10.6039      b =      10.6039      c =      10.6039
     alpha =       90.000   beta =       90.000  gamma =       90.000
                        Direct Cell Volume =    1192.3149

 => Reciprocal cell parameters:

         a*=     0.094305      b*=     0.094305      c*=     0.094305
     alpha*=       90.000   beta*=       90.000  gamma*=       90.000
                    Reciprocal Cell Volume =   0.00083870

 => Direct and Reciprocal Metric Tensors:

                   GD                                       GR
    112.4417      0.0000      0.0000          0.008893    0.000000    0.000000
      0.0000    112.4417      0.0000          0.000000    0.008893    0.000000
      0.0000      0.0000    112.4417          0.000000    0.000000    0.008893

 =>  Cartesian frame: x // a; y is in the ab-plane; z is x ^ y   

     Crystal_to_Orthonormal_Matrix              Orthonormal_to_Crystal Matrix
              Cr_Orth_cel                               Orth_Cr_cel  
     10.6039      0.0000      0.0000          0.094305   -0.000000   -0.000000
      0.0000     10.6039      0.0000          0.000000    0.094305   -0.000000
      0.0000      0.0000     10.6039          0.000000    0.000000    0.094305

     Busing-Levy B-matrix: Hc=B.H            Inverse of the Busing-Levy B-matrix
                BL_M                                      BL_Minv  
    0.094305    0.000000    0.000000           10.6039     -0.0000     -0.0000
    0.000000    0.094305   -0.000000            0.0000     10.6039      0.0000
    0.000000    0.000000    0.094305            0.0000      0.0000     10.6039

 => Laue symmetry m-3   will be used to generate HKL for pattern#   1
 => Reflections generated between S(1/d)min:  0.0353 A-1 and S(1/d)max:  1.2596 A-1
 =>                                    dmax: 28.3647 A   and      dmin:  0.7939 A
 => The number of reflections generated is:    211
 => The max. scatt. variable (gen.ref.) is:       151.9611
 => Scattering coefficients from internal table


 => X-ray scattering coeff. (A1, B1, A2,...C, f(0), Z, Dfp,Dfpp)

 Y      17.7760   1.4029  10.2946  12.8006   5.7263   0.1256   3.2659 104.3540   1.9121  38.9749  39.0000  -0.3860   2.0250
 O       3.0485  13.2771   2.2868   5.7011   1.5463   0.3239   0.8670  32.9089   0.2508   7.9994   8.0000   0.0470   0.0320

     --------------------------------------------------------------
      SYMBOLIC NAMES AND INITIAL VALUES OF PARAMETERS TO BE VARIED:
     --------------------------------------------------------------

      ->  Parameter number    1   -> Symbolic Name:       Scale_ph1_pat1    0.86344997E-04
      ->  Parameter number    2   -> Symbolic Name:           SySin_pat1    0.63940004E-01
      ->  Parameter number    3   -> Symbolic Name:            Zero_pat1   -0.49229998E-01
      ->  Parameter number    4   -> Symbolic Name:           Bck_0_pat1     632.78802    
      ->  Parameter number    5   -> Symbolic Name:           Bck_1_pat1    -51.639000    
      ->  Parameter number    6   -> Symbolic Name:      Cell_A_ph1_pat1     10.603852    
      ->  Parameter number    7   -> Symbolic Name:      W-Cagl_ph1_pat1    0.16582999E-01
  
 
 => No optimization for routine tasks
 ++++++++++++++++++++++++++++++++++++++++++++++++++++++++++++++++++++++++++++++++++++++++++++++++++++++++++++++++++++++++

 => CYCLE No.:    1
 ---------------------------------------------------------------------------------------
 => Phase  1 Name: O3 Y2                                                                 
 ---------------------------------------------------------------------------------------
 => New parameters, shifts, and standard deviations

 Atom        x       dx      sx       y       dy      sy       z       dz      sz       B       dB      sB      occ.    docc.   socc.

 Y1       0.25000 0.00000 0.00000  0.25000 0.00000 0.00000  0.25000 0.00000 0.00000  0.00000 0.00000 0.00000  0.16667 0.00000 0.00000
 Y2       0.96730 0.00000 0.00000  0.00000 0.00000 0.00000  0.25000 0.00000 0.00000  0.00000 0.00000 0.00000  0.50000 0.00000 0.00000
 O1       0.39150 0.00000 0.00000  0.15380 0.00000 0.00000  0.38000 0.00000 0.00000  0.00000 0.00000 0.00000  1.00000 0.00000 0.00000

 Atom         B11      DB11      SB11       B22      DB22      SB22       B33      DB33      SB33
              B12      DB12      SB12       B13      DB13      SB13       B23      DB23      SB23
 Y1      0.000000  0.000000  0.000000  0.000000  0.000000  0.000000  0.000000  0.000000  0.000000
         0.000000  0.000000  0.000000  0.000000  0.000000  0.000000  0.000000  0.000000  0.000000
 Y2      0.000000  0.000000  0.000000  0.000000  0.000000  0.000000  0.000000  0.000000  0.000000
         0.000000  0.000000  0.000000  0.000000  0.000000  0.000000  0.000000  0.000000  0.000000
 O1      0.000000  0.000000  0.000000  0.000000  0.000000  0.000000  0.000000  0.000000  0.000000
         0.000000  0.000000  0.000000  0.000000  0.000000  0.000000  0.000000  0.000000  0.000000

 ==> PROFILE PARAMETERS FOR PATTERN#  1

 => Overall scale factor:      0.000086440     0.000000095     0.000000337
 => Eta(p-Voigt) or m(Pearson VII):   0.000000  0.000000  0.000000
 => Overall tem. factor:     0.000000    0.000000    0.000000
 => Halfwidth parameters: 
         0.004133    0.000000    0.000000
        -0.007618    0.000000    0.000000
         0.016608    0.000025    0.000141
 => Cell parameters: 
       10.603864    0.000011    0.000128
       10.603864    0.000011    0.000128
       10.603864    0.000011    0.000128
       90.000000    0.000000    0.000000
       90.000000    0.000000    0.000000
       90.000000    0.000000    0.000000
 => Preferred orientation: 
         1.000000    0.000000    0.000000
         0.000000    0.000000    0.000000
 => Asymmetry parameters: 
         0.000000    0.000000    0.000000
         0.000000    0.000000    0.000000
         0.000000    0.000000    0.000000
         0.000000    0.000000    0.000000
 => X and Y parameters: 
         0.018961    0.000000    0.000000
         0.000000    0.000000    0.000000
 => Strain parameters: 
         0.000000    0.000000    0.000000
         0.000000    0.000000    0.000000
         0.000000    0.000000    0.000000
 => Size   parameters (G,L): 
         0.000000    0.000000    0.000000
         0.000000    0.000000    0.000000
 => Further shape parameters (S_L and D_L): 
       0.000000  0.000000  0.000000
       0.000000  0.000000  0.000000

 ==> GLOBAL PARAMETERS FOR PATTERN#  1


 => Zero-point:    -0.0493   -0.0000    0.0013
 => Background Polynomial Parameters ==>
       631.64     -1.1452      2.9519    
      -52.262    -0.62256      3.8645    
       0.0000      0.0000      0.0000    
       0.0000      0.0000      0.0000    
       0.0000      0.0000      0.0000    
       0.0000      0.0000      0.0000    

 => Cos( theta)-shift parameter :   0.0000  0.0000  0.0000
 => Sin(2theta)-shift parameter :   0.0642  0.0003  0.0035

 ==> RELIABILITY FACTORS WITH ALL NON-EXCLUDED POINTS FOR PATTERN:  1

 => R-Factors:   9.73      14.3     Chi2:  24.6     DW-Stat.:  0.2736   Patt#:  1
 => Expected :            2.88                                1.9053
 => Deviance : 0.139E+06     Dev*:   34.86    
 => GoF-index:  5.0         Sqrt(Residual/N)
 => N-P+C:  3992

 =>    SumYdif       SumYobs      SumYcal      SumwYobsSQ     Residual    Condition
     0.4667E+06    0.4798E+07    0.4709E+07    0.4798E+07    0.9822E+05    0.1439E+17


 => Conventional Rietveld Rp,Rwp,Re and Chi2:   19.7      22.1      4.45      24.60    
 => (Values obtained using Ynet, but true sigma(y))
 =>  SumYnet, Sum(w Ynet**2):     0.2371E+07    0.2014E+07


 ==> RELIABILITY FACTORS FOR POINTS WITH BRAGG CONTRIBUTIONS FOR PATTERN:  1

 => R-Factors:   9.89      14.6     Chi2:  27.1     DW-Stat.:  0.2787   Patt#:
 => Expected :            2.80                                1.8998
 => Deviance : 0.137E+06     Dev*:   38.68    
 => GoF-index:  5.2         Sqrt(Residual/N)
 => N-P+C:  3554

 =>    SumYdif       SumYobs      SumYcal      SumwYobsSQ     Residual    Condition
     0.4483E+06    0.4535E+07    0.4432E+07    0.4535E+07    0.9643E+05    0.1439E+17


 => Conventional Rietveld Rp,Rwp,Re and Chi2:   18.8      21.9      4.20      27.13    
 => (Values obtained using Ynet, but true sigma(y))
 =>  SumYnet, Sum(w Ynet**2):     0.2384E+07    0.2012E+07


 => Global user-weigthed Chi2 (Bragg contrib.):   27.6    

 => ---------> Pattern#  1
 => Phase:  1
 =>    Bragg R-factor:  9.45    
 =>    RF-factor     :  5.69    
 ++++++++++++++++++++++++++++++++++++++++++++++++++++++++++++++++++++++++++++++++++++++++++++++++++++++++++++++++++++++++

 => CYCLE No.:    2
 ---------------------------------------------------------------------------------------
 => Phase  1 Name: O3 Y2                                                                 
 ---------------------------------------------------------------------------------------
 => New parameters, shifts, and standard deviations

 Atom        x       dx      sx       y       dy      sy       z       dz      sz       B       dB      sB      occ.    docc.   socc.

 Y1       0.25000 0.00000 0.00000  0.25000 0.00000 0.00000  0.25000 0.00000 0.00000  0.00000 0.00000 0.00000  0.16667 0.00000 0.00000
 Y2       0.96730 0.00000 0.00000  0.00000 0.00000 0.00000  0.25000 0.00000 0.00000  0.00000 0.00000 0.00000  0.50000 0.00000 0.00000
 O1       0.39150 0.00000 0.00000  0.15380 0.00000 0.00000  0.38000 0.00000 0.00000  0.00000 0.00000 0.00000  1.00000 0.00000 0.00000

 Atom         B11      DB11      SB11       B22      DB22      SB22       B33      DB33      SB33
              B12      DB12      SB12       B13      DB13      SB13       B23      DB23      SB23
 Y1      0.000000  0.000000  0.000000  0.000000  0.000000  0.000000  0.000000  0.000000  0.000000
         0.000000  0.000000  0.000000  0.000000  0.000000  0.000000  0.000000  0.000000  0.000000
 Y2      0.000000  0.000000  0.000000  0.000000  0.000000  0.000000  0.000000  0.000000  0.000000
         0.000000  0.000000  0.000000  0.000000  0.000000  0.000000  0.000000  0.000000  0.000000
 O1      0.000000  0.000000  0.000000  0.000000  0.000000  0.000000  0.000000  0.000000  0.000000
         0.000000  0.000000  0.000000  0.000000  0.000000  0.000000  0.000000  0.000000  0.000000

 ==> PROFILE PARAMETERS FOR PATTERN#  1

 => Overall scale factor:      0.000086442     0.000000002     0.000000337
 => Eta(p-Voigt) or m(Pearson VII):   0.000000  0.000000  0.000000
 => Overall tem. factor:     0.000000    0.000000    0.000000
 => Halfwidth parameters: 
         0.004133    0.000000    0.000000
        -0.007618    0.000000    0.000000
         0.016614    0.000006    0.000141
 => Cell parameters: 
       10.603870    0.000007    0.000128
       10.603870    0.000007    0.000128
       10.603870    0.000007    0.000128
       90.000000    0.000000    0.000000
       90.000000    0.000000    0.000000
       90.000000    0.000000    0.000000
 => Preferred orientation: 
         1.000000    0.000000    0.000000
         0.000000    0.000000    0.000000
 => Asymmetry parameters: 
         0.000000    0.000000    0.000000
         0.000000    0.000000    0.000000
         0.000000    0.000000    0.000000
         0.000000    0.000000    0.000000
 => X and Y parameters: 
         0.018961    0.000000    0.000000
         0.000000    0.000000    0.000000
 => Strain parameters: 
         0.000000    0.000000    0.000000
         0.000000    0.000000    0.000000
         0.000000    0.000000    0.000000
 => Size   parameters (G,L): 
         0.000000    0.000000    0.000000
         0.000000    0.000000    0.000000
 => Further shape parameters (S_L and D_L): 
       0.000000  0.000000  0.000000
       0.000000  0.000000  0.000000

 ==> GLOBAL PARAMETERS FOR PATTERN#  1


 => Zero-point:    -0.0493   -0.0000    0.0013
 => Background Polynomial Parameters ==>
       631.07    -0.57770      2.9516    
      -52.574    -0.31246      3.8640    
       0.0000      0.0000      0.0000    
       0.0000      0.0000      0.0000    
       0.0000      0.0000      0.0000    
       0.0000      0.0000      0.0000    

 => Cos( theta)-shift parameter :   0.0000  0.0000  0.0000
 => Sin(2theta)-shift parameter :   0.0641 -0.0001  0.0035

 ==> RELIABILITY FACTORS WITH ALL NON-EXCLUDED POINTS FOR PATTERN:  1

 => R-Factors:   9.71      14.3     Chi2:  24.6     DW-Stat.:  0.2743   Patt#:  1
 => Expected :            2.88                                1.9053
 => Deviance : 0.139E+06     Dev*:   34.86    
 => GoF-index:  5.0         Sqrt(Residual/N)
 => N-P+C:  3992

 =>    SumYdif       SumYobs      SumYcal      SumwYobsSQ     Residual    Condition
     0.4657E+06    0.4798E+07    0.4706E+07    0.4798E+07    0.9820E+05    0.1439E+17


 => Conventional Rietveld Rp,Rwp,Re and Chi2:   19.6      22.1      4.45      24.60    
 => (Values obtained using Ynet, but true sigma(y))
 =>  SumYnet, Sum(w Ynet**2):     0.2376E+07    0.2016E+07


 ==> RELIABILITY FACTORS FOR POINTS WITH BRAGG CONTRIBUTIONS FOR PATTERN:  1

 => R-Factors:   9.87      14.6     Chi2:  27.1     DW-Stat.:  0.2793   Patt#:
 => Expected :            2.80                                1.8998
 => Deviance : 0.138E+06     Dev*:   38.70    
 => GoF-index:  5.2         Sqrt(Residual/N)
 => N-P+C:  3554

 =>    SumYdif       SumYobs      SumYcal      SumwYobsSQ     Residual    Condition
     0.4477E+06    0.4535E+07    0.4429E+07    0.4535E+07    0.9646E+05    0.1439E+17


 => Conventional Rietveld Rp,Rwp,Re and Chi2:   18.7      21.9      4.20      27.14    
 => (Values obtained using Ynet, but true sigma(y))
 =>  SumYnet, Sum(w Ynet**2):     0.2390E+07    0.2014E+07


 => Global user-weigthed Chi2 (Bragg contrib.):   27.6    

 => ---------> Pattern#  1
 => Phase:  1
 =>    Bragg R-factor:  9.28    
 =>    RF-factor     :  5.34    
 ++++++++++++++++++++++++++++++++++++++++++++++++++++++++++++++++++++++++++++++++++++++++++++++++++++++++++++++++++++++++

 => CYCLE No.:    3
 ---------------------------------------------------------------------------------------
 => Phase  1 Name: O3 Y2                                                                 
 ---------------------------------------------------------------------------------------
 => New parameters, shifts, and standard deviations

 Atom        x       dx      sx       y       dy      sy       z       dz      sz       B       dB      sB      occ.    docc.   socc.

 Y1       0.25000 0.00000 0.00000  0.25000 0.00000 0.00000  0.25000 0.00000 0.00000  0.00000 0.00000 0.00000  0.16667 0.00000 0.00000
 Y2       0.96730 0.00000 0.00000  0.00000 0.00000 0.00000  0.25000 0.00000 0.00000  0.00000 0.00000 0.00000  0.50000 0.00000 0.00000
 O1       0.39150 0.00000 0.00000  0.15380 0.00000 0.00000  0.38000 0.00000 0.00000  0.00000 0.00000 0.00000  1.00000 0.00000 0.00000

 Atom         B11      DB11      SB11       B22      DB22      SB22       B33      DB33      SB33
              B12      DB12      SB12       B13      DB13      SB13       B23      DB23      SB23
 Y1      0.000000  0.000000  0.000000  0.000000  0.000000  0.000000  0.000000  0.000000  0.000000
         0.000000  0.000000  0.000000  0.000000  0.000000  0.000000  0.000000  0.000000  0.000000
 Y2      0.000000  0.000000  0.000000  0.000000  0.000000  0.000000  0.000000  0.000000  0.000000
         0.000000  0.000000  0.000000  0.000000  0.000000  0.000000  0.000000  0.000000  0.000000
 O1      0.000000  0.000000  0.000000  0.000000  0.000000  0.000000  0.000000  0.000000  0.000000
         0.000000  0.000000  0.000000  0.000000  0.000000  0.000000  0.000000  0.000000  0.000000

 ==> PROFILE PARAMETERS FOR PATTERN#  1

 => Overall scale factor:      0.000086444     0.000000002     0.000000337
 => Eta(p-Voigt) or m(Pearson VII):   0.000000  0.000000  0.000000
 => Overall tem. factor:     0.000000    0.000000    0.000000
 => Halfwidth parameters: 
         0.004133    0.000000    0.000000
        -0.007618    0.000000    0.000000
         0.016619    0.000005    0.000141
 => Cell parameters: 
       10.603880    0.000010    0.000128
       10.603880    0.000010    0.000128
       10.603880    0.000010    0.000128
       90.000000    0.000000    0.000000
       90.000000    0.000000    0.000000
       90.000000    0.000000    0.000000
 => Preferred orientation: 
         1.000000    0.000000    0.000000
         0.000000    0.000000    0.000000
 => Asymmetry parameters: 
         0.000000    0.000000    0.000000
         0.000000    0.000000    0.000000
         0.000000    0.000000    0.000000
         0.000000    0.000000    0.000000
 => X and Y parameters: 
         0.018961    0.000000    0.000000
         0.000000    0.000000    0.000000
 => Strain parameters: 
         0.000000    0.000000    0.000000
         0.000000    0.000000    0.000000
         0.000000    0.000000    0.000000
 => Size   parameters (G,L): 
         0.000000    0.000000    0.000000
         0.000000    0.000000    0.000000
 => Further shape parameters (S_L and D_L): 
       0.000000  0.000000  0.000000
       0.000000  0.000000  0.000000

 ==> GLOBAL PARAMETERS FOR PATTERN#  1


 => Zero-point:    -0.0493   -0.0000    0.0013
 => Background Polynomial Parameters ==>
       630.77    -0.29283      2.9512    
      -52.732    -0.15847      3.8635    
       0.0000      0.0000      0.0000    
       0.0000      0.0000      0.0000    
       0.0000      0.0000      0.0000    
       0.0000      0.0000      0.0000    

 => Cos( theta)-shift parameter :   0.0000  0.0000  0.0000
 => Sin(2theta)-shift parameter :   0.0642  0.0001  0.0035

 ==> RELIABILITY FACTORS WITH ALL NON-EXCLUDED POINTS FOR PATTERN:  1

 => R-Factors:   9.71      14.3     Chi2:  24.6     DW-Stat.:  0.2746   Patt#:  1
 => Expected :            2.88                                1.9053
 => Deviance : 0.139E+06     Dev*:   34.87    
 => GoF-index:  5.0         Sqrt(Residual/N)
 => N-P+C:  3992

 =>    SumYdif       SumYobs      SumYcal      SumwYobsSQ     Residual    Condition
     0.4657E+06    0.4798E+07    0.4703E+07    0.4798E+07    0.9817E+05    0.1439E+17


 => Conventional Rietveld Rp,Rwp,Re and Chi2:   19.6      22.1      4.45      24.59    
 => (Values obtained using Ynet, but true sigma(y))
 =>  SumYnet, Sum(w Ynet**2):     0.2379E+07    0.2017E+07


 ==> RELIABILITY FACTORS FOR POINTS WITH BRAGG CONTRIBUTIONS FOR PATTERN:  1

 => R-Factors:   9.88      14.6     Chi2:  27.1     DW-Stat.:  0.2795   Patt#:
 => Expected :            2.80                                1.8998
 => Deviance : 0.138E+06     Dev*:   38.71    
 => GoF-index:  5.2         Sqrt(Residual/N)
 => N-P+C:  3554

 =>    SumYdif       SumYobs      SumYcal      SumwYobsSQ     Residual    Condition
     0.4479E+06    0.4535E+07    0.4426E+07    0.4535E+07    0.9646E+05    0.1439E+17


 => Conventional Rietveld Rp,Rwp,Re and Chi2:   18.7      21.9      4.20      27.14    
 => (Values obtained using Ynet, but true sigma(y))
 =>  SumYnet, Sum(w Ynet**2):     0.2392E+07    0.2015E+07


 => Global user-weigthed Chi2 (Bragg contrib.):   27.6    

 => ---------> Pattern#  1
 => Phase:  1
 =>    Bragg R-factor:  9.22    
 =>    RF-factor     :  5.19    


   Standard deviations have to be multiplied by: 3.7650
   (correlated residuals) See references:
  -J.F.Berar & P.Lelann, J. Appl. Cryst. 24, 1-5 (1991) 
  -J.F.Berar, Acc. in Pow. Diff. II,NIST Sp.Pub. 846, 63(1992) 

 ++++++++++++++++++++++++++++++++++++++++++++++++++++++++++++++++++++++++++++++++++++++++++++++++++++++++++++++++++++++++

 => CYCLE No.:    3
 =>  Convergence reached at this CYCLE !!!!
 =>  Parameter shifts set to zero
 ---------------------------------------------------------------------------------------
 => Phase  1 Name: O3 Y2                                                                 
 ---------------------------------------------------------------------------------------
 => New parameters, shifts, and standard deviations

 Atom        x       dx      sx       y       dy      sy       z       dz      sz       B       dB      sB      occ.    docc.   socc.

 Y1       0.25000 0.00000 0.00000  0.25000 0.00000 0.00000  0.25000 0.00000 0.00000  0.00000 0.00000 0.00000  0.16667 0.00000 0.00000
 Y2       0.96730 0.00000 0.00000  0.00000 0.00000 0.00000  0.25000 0.00000 0.00000  0.00000 0.00000 0.00000  0.50000 0.00000 0.00000
 O1       0.39150 0.00000 0.00000  0.15380 0.00000 0.00000  0.38000 0.00000 0.00000  0.00000 0.00000 0.00000  1.00000 0.00000 0.00000

 Atom         B11      DB11      SB11       B22      DB22      SB22       B33      DB33      SB33
              B12      DB12      SB12       B13      DB13      SB13       B23      DB23      SB23
 Y1      0.000000  0.000000  0.000000  0.000000  0.000000  0.000000  0.000000  0.000000  0.000000
         0.000000  0.000000  0.000000  0.000000  0.000000  0.000000  0.000000  0.000000  0.000000

    U-Eigen Value (A**2) ----      Eigen vector(Orth. syst.)
        0.00000          ----    0.93753   -0.21290    0.27515
        0.00000          ----    0.15653    0.96445    0.21291
        0.00000          ----   -0.31070   -0.15653    0.93753

    Isotropic temperature factor Uequiv(A**2):   0.0000
    Isotropic temperature factor Bequiv(A**2):   0.0000

     R.M.S. in ANGSTROMS ------       Angles with A, B, C
        0.00000          ----     20.359    102.293     74.029
        0.00000          ----     80.994     15.323     77.707
        0.00000          ----    108.101     99.006     20.359
 
 Y2      0.000000  0.000000  0.000000  0.000000  0.000000  0.000000  0.000000  0.000000  0.000000
         0.000000  0.000000  0.000000  0.000000  0.000000  0.000000  0.000000  0.000000  0.000000

    U-Eigen Value (A**2) ----      Eigen vector(Orth. syst.)
        0.00000          ----    0.93753   -0.21290    0.27515
        0.00000          ----    0.15653    0.96445    0.21291
        0.00000          ----   -0.31070   -0.15653    0.93753

    Isotropic temperature factor Uequiv(A**2):   0.0000
    Isotropic temperature factor Bequiv(A**2):   0.0000

     R.M.S. in ANGSTROMS ------       Angles with A, B, C
        0.00000          ----     20.359    102.293     74.029
        0.00000          ----     80.994     15.323     77.707
        0.00000          ----    108.101     99.006     20.359
 
 O1      0.000000  0.000000  0.000000  0.000000  0.000000  0.000000  0.000000  0.000000  0.000000
         0.000000  0.000000  0.000000  0.000000  0.000000  0.000000  0.000000  0.000000  0.000000

    U-Eigen Value (A**2) ----      Eigen vector(Orth. syst.)
        0.00000          ----    0.93753   -0.21290    0.27515
        0.00000          ----    0.15653    0.96445    0.21291
        0.00000          ----   -0.31070   -0.15653    0.93753

    Isotropic temperature factor Uequiv(A**2):   0.0000
    Isotropic temperature factor Bequiv(A**2):   0.0000

     R.M.S. in ANGSTROMS ------       Angles with A, B, C
        0.00000          ----     20.359    102.293     74.029
        0.00000          ----     80.994     15.323     77.707
        0.00000          ----    108.101     99.006     20.359
 

 ==> PROFILE PARAMETERS FOR PATTERN#  1

 => Overall scale factor:      0.000086444     0.000000000     0.000000337
 => Eta(p-Voigt) or m(Pearson VII):   0.000000  0.000000  0.000000
 => Overall tem. factor:     0.000000    0.000000    0.000000
 => Halfwidth parameters: 
         0.004133    0.000000    0.000000
        -0.007618    0.000000    0.000000
         0.016619    0.000000    0.000141
 => Cell parameters: 
       10.603880    0.000000    0.000128
       10.603880    0.000000    0.000128
       10.603880    0.000000    0.000128
       90.000000    0.000000    0.000000
       90.000000    0.000000    0.000000
       90.000000    0.000000    0.000000
 => Preferred orientation: 
         1.000000    0.000000    0.000000
         0.000000    0.000000    0.000000
 => Asymmetry parameters: 
         0.000000    0.000000    0.000000
         0.000000    0.000000    0.000000
         0.000000    0.000000    0.000000
         0.000000    0.000000    0.000000
 => X and Y parameters: 
         0.018961    0.000000    0.000000
         0.000000    0.000000    0.000000
 => Strain parameters: 
         0.000000    0.000000    0.000000
         0.000000    0.000000    0.000000
         0.000000    0.000000    0.000000
 => Size   parameters (G,L): 
         0.000000    0.000000    0.000000
         0.000000    0.000000    0.000000
 => Further shape parameters (S_L and D_L): 
       0.000000  0.000000  0.000000
       0.000000  0.000000  0.000000

 ==> GLOBAL PARAMETERS FOR PATTERN#  1


 => Zero-point:    -0.0493    0.0000    0.0013
 => Background Polynomial Parameters ==>
       630.77      0.0000      2.9512    
      -52.732      0.0000      3.8635    
       0.0000      0.0000      0.0000    
       0.0000      0.0000      0.0000    
       0.0000      0.0000      0.0000    
       0.0000      0.0000      0.0000    

 => Cos( theta)-shift parameter :   0.0000  0.0000  0.0000
 => Sin(2theta)-shift parameter :   0.0642  0.0000  0.0035

 ==> RELIABILITY FACTORS WITH ALL NON-EXCLUDED POINTS FOR PATTERN:  1

 => R-Factors:   9.71      14.3     Chi2:  24.6     DW-Stat.:  0.2746   Patt#:  1
 => Expected :            2.88                                1.9053
 => Deviance : 0.139E+06     Dev*:   34.87    
 => GoF-index:  5.0         Sqrt(Residual/N)
 => N-P+C:  3992

 =>    SumYdif       SumYobs      SumYcal      SumwYobsSQ     Residual    Condition
     0.4657E+06    0.4798E+07    0.4703E+07    0.4798E+07    0.9817E+05    0.1439E+17


 => Conventional Rietveld Rp,Rwp,Re and Chi2:   19.6      22.1      4.45      24.59    
 => (Values obtained using Ynet, but true sigma(y))
 =>  SumYnet, Sum(w Ynet**2):     0.2379E+07    0.2017E+07

 => N-sigma of the GoF: 1054.031

 ==> RELIABILITY FACTORS FOR POINTS WITH BRAGG CONTRIBUTIONS FOR PATTERN:  1

 => R-Factors:   9.88      14.6     Chi2:  27.1     DW-Stat.:  0.2795   Patt#:
 => Expected :            2.80                                1.8998
 => Deviance : 0.138E+06     Dev*:   38.71    
 => GoF-index:  5.2         Sqrt(Residual/N)
 => N-P+C:  3554

 =>    SumYdif       SumYobs      SumYcal      SumwYobsSQ     Residual    Condition
     0.4479E+06    0.4535E+07    0.4426E+07    0.4535E+07    0.9646E+05    0.1439E+17


 => Conventional Rietveld Rp,Rwp,Re and Chi2:   18.7      21.9      4.20      27.14    
 => (Values obtained using Ynet, but true sigma(y))
 =>  SumYnet, Sum(w Ynet**2):     0.2392E+07    0.2015E+07

 => N-sigma of the GoF:     1102.024

 => Global user-weigthed Chi2 (Bragg contrib.):   27.6    

 => ---------> Pattern#  1
 => Phase:  1
 =>    Bragg R-factor:  9.22    
 =>    RF-factor     :  5.19    

 --------------------------------------------------------------------------------------------------------------
 Pattern#  1 Phase No:   1 Phase name: O3 Y2                         
 --------------------------------------------------------------------------------------------------------------

   No.  Code     H   K   L  Mult     Hw         2theta      Icalc       Iobs      Sigma      HwG     HwL       ETA       d-hkl        CORR

      1   1      2   1   1    24  0.125822      20.499      992.9     1140.4    169.042  0.123983  0.003429  0.036871  4.329012    692.681274
      2   1      2   2   0    12  0.125410      23.713        1.8        0.1      1.570  0.123276  0.003981  0.042882  3.749034    256.015747
      3   1      2   2   2     8  0.124760      29.149     8783.3    10058.3   1457.066  0.122118  0.004930  0.053241  3.061074    110.574196
      4   1      2   3   1    24  0.124492      31.543       33.6        0.0      2.572  0.121623  0.005355  0.057887  2.834004    280.354614
      5   1      3   2   1    24  0.124492      31.543        8.3        0.0      0.636  0.121623  0.005355  0.057887  2.834004    280.354614
      6   1      4   0   0     6  0.124253      33.784     2263.1     2330.4     69.554  0.121169  0.005758  0.062288  2.650968     60.479286
      7   1      4   1   1    24  0.124037      35.901      450.9      427.6     22.499  0.120747  0.006143  0.066492  2.499356    212.101273
      8   1      2   4   0    12  0.123841      37.914       38.1       14.7      9.095  0.120354  0.006513  0.070538  2.371098     94.160797
      9   1      4   2   0    12  0.123841      37.914       65.3       25.1     15.576  0.120354  0.006513  0.070538  2.371098     94.160797
     10   1      3   3   2    24  0.123663      39.841      536.3      537.9      4.833  0.119984  0.006872  0.074451  2.260753    168.932892
     11   1      4   2   2    24  0.123500      41.693       86.1       33.0     20.537  0.119635  0.007220  0.078254  2.164506    152.838394
     12   1      3   4   1    24  0.123352      43.481      431.5      436.0      5.363  0.119304  0.007561  0.081965  2.079590    139.278915
     13   1      4   3   1    24  0.123352      43.481      351.6      355.2      4.369  0.119304  0.007561  0.081965  2.079590    139.278915
     14   1      2   5   1    24  0.123093      46.891      143.3      130.8     11.521  0.118691  0.008223  0.089158  1.935993    117.740295
     15   1      5   2   1    24  0.123093      46.891      120.1      109.7      9.663  0.118691  0.008223  0.089158  1.935993    117.740295
     16   1      4   4   0    12  0.122981      48.526     3902.4     4364.6    515.111  0.118406  0.008546  0.092663  1.874517     54.532639
     17   1      4   3   3    24  0.122880      50.120      204.3      201.8      4.204  0.118134  0.008866  0.096118  1.818549    101.459106
     18   1      4   4   2    24  0.122789      51.679        5.8        2.2      1.413  0.117874  0.009182  0.099530  1.767312     94.744354
     19   1      6   0   0     6  0.122789      51.679       37.5       14.5      9.153  0.117874  0.009182  0.099530  1.767312     23.686089
     20   1      3   5   2    24  0.122707      53.204       80.7       78.3      2.432  0.117624  0.009496  0.102905  1.720175     88.781128
     21   1      5   3   2    24  0.122707      53.204       90.5       87.8      2.727  0.117624  0.009496  0.102905  1.720175     88.781128
     22   1      6   1   1    24  0.122707      53.204      327.5      317.7      9.868  0.117624  0.009496  0.102905  1.720175     88.781128
     23   1      2   6   0    12  0.122636      54.700       67.4       52.7     11.559  0.117386  0.009807  0.106249  1.676619     41.728756
     24   1      6   2   0    12  0.122636      54.700       42.0       32.8      7.196  0.117386  0.009807  0.106249  1.676619     41.728756
     25   1      4   5   1    24  0.122574      56.169      226.0      232.2      6.780  0.117158  0.010118  0.109567  1.636213     78.682907
     26   1      5   4   1    24  0.122574      56.169      169.0      173.7      5.071  0.117158  0.010118  0.109567  1.636213     78.682907
     27   1      6   2   2    24  0.122521      57.612     2691.1     2907.8    233.269  0.116939  0.010427  0.112862  1.598594     74.383202
     28   1      3   6   1    24  0.122477      59.033      297.5      316.2     19.880  0.116730  0.010735  0.116139  1.563455     70.497276
     29   1      6   3   1    24  0.122477      59.033      278.3      295.8     18.599  0.116730  0.010735  0.116139  1.563455     70.497276
     30   1      4   4   4     8  0.122443      60.434      460.0      467.1      8.248  0.116530  0.011043  0.119401  1.530537     22.324720
     31   1      4   5   3    24  0.122418      61.815       71.2       63.6      6.902  0.116339  0.011351  0.122652  1.499614     63.771114
     32   1      5   4   3    24  0.122418      61.815      123.1      109.9     11.931  0.116339  0.011351  0.122652  1.499614     63.771114
     33   1      4   6   0    12  0.122401      63.178      105.2       79.2     19.630  0.116157  0.011660  0.125894  1.470492     30.425995
     34   1      6   4   0    12  0.122401      63.178       18.8       14.1      3.505  0.116157  0.011660  0.125894  1.470492     30.425995
     35   1      2   7   1    24  0.122394      64.526       81.2       72.1      8.102  0.115983  0.011969  0.129130  1.443004     58.186008
     36   1      5   5   2    24  0.122394      64.526        4.9        4.4      0.492  0.115983  0.011969  0.129130  1.443004     58.186008
     37   1      6   3   3    24  0.122394      64.526       99.8       88.6      9.959  0.115983  0.011969  0.129130  1.443004     58.186008
     38   1      7   2   1    24  0.122394      64.526      135.3      120.1     13.500  0.115983  0.011969  0.129130  1.443004     58.185997
     39   1      4   6   2    24  0.122397      65.858       19.8       15.2      3.573  0.115818  0.012280  0.132362  1.417002     55.746841
     40   1      6   4   2    24  0.122397      65.858      128.3       98.1     23.115  0.115818  0.012280  0.132362  1.417002     55.746841
     41   1      3   7   2    24  0.122463      69.777        0.6        0.5      0.069  0.115376  0.013222  0.142061  1.346693     49.578495
     42   1      5   6   1    24  0.122463      69.777      105.8       90.9     12.845  0.115376  0.013222  0.142061  1.346693     49.578506
     43   1      6   5   1    24  0.122463      69.777       91.3       78.5     11.082  0.115376  0.013222  0.142061  1.346693     49.578495
     44   1      7   3   2    24  0.122463      69.777        1.4        1.2      0.167  0.115376  0.013222  0.142061  1.346693     49.578495
     45   1      8   0   0     6  0.122505      71.060      422.9      422.9      3.825  0.115246  0.013540  0.145301  1.325484     11.962055
     46   1      4   7   1    24  0.122557      72.334       74.8       72.9      1.917  0.115125  0.013861  0.148548  1.305246     46.257576
     47   1      5   5   4    24  0.122557      72.334       58.8       57.3      1.507  0.115125  0.013861  0.148548  1.305246     46.257576
     48   1      7   4   1    24  0.122557      72.334       61.1       59.6      1.566  0.115125  0.013861  0.148548  1.305246     46.257572
     49   1      8   1   1    24  0.122557      72.334      163.0      159.0      4.180  0.115125  0.013861  0.148548  1.305246     46.257576
     50   1      6   4   4    24  0.122621      73.599       47.7       42.1      4.998  0.115014  0.014184  0.151804  1.285908     44.795113
     51   1      2   8   0    12  0.122621      73.599       55.0       48.5      5.757  0.115014  0.014184  0.151804  1.285908     22.397551
     52   1      8   2   0    12  0.122621      73.599       89.2       78.6      9.336  0.115014  0.014184  0.151804  1.285908     22.397551
     53   1      5   6   3    24  0.122696      74.856      105.7       96.1      8.742  0.114911  0.014511  0.155071  1.267405     43.450706
     54   1      6   5   3    24  0.122696      74.856      109.6       99.7      9.070  0.114911  0.014511  0.155071  1.267405     43.450706
     55   1      6   6   0    12  0.122783      76.105        1.4        1.2      0.159  0.114819  0.014842  0.158349  1.249678     21.107714
     56   1      8   2   2    24  0.122783      76.105      132.6      115.7     14.900  0.114819  0.014842  0.158349  1.249678     42.215427
     57   1      3   8   1    24  0.122882      77.347       93.4       91.3      2.214  0.114736  0.015176  0.161641  1.232675     41.081367
     58   1      4   7   3    24  0.122882      77.347       63.7       62.3      1.511  0.114736  0.015176  0.161641  1.232675     41.081367
     59   1      7   4   3    24  0.122882      77.347       64.8       63.3      1.535  0.114736  0.015176  0.161641  1.232675     41.081367
     60   1      8   3   1    24  0.122882      77.347      114.5      112.0      2.715  0.114736  0.015176  0.161641  1.232675     41.081367

   No.  Code     H   K   L  Mult     Hw         2theta      Icalc       Iobs      Sigma      HwG     HwL       ETA       d-hkl        CORR

     61   1      6   6   2    24  0.122993      78.584      753.1      752.1      4.807  0.114664  0.015515  0.164948  1.216347     40.041489
     62   1      5   7   2    24  0.123119      79.815        1.4        0.8      0.451  0.114602  0.015858  0.168271  1.200652     39.089539
     63   1      7   5   2    24  0.123119      79.815        6.5        3.6      2.130  0.114602  0.015858  0.168271  1.200652     39.089539
     64   1      4   8   0    12  0.123258      81.042      252.7      243.8      8.788  0.114552  0.016206  0.171611  1.185549     19.109949
     65   1      8   4   0    12  0.123258      81.042      252.4      243.5      8.776  0.114552  0.016206  0.171611  1.185549     19.109949
     66   1      8   3   3    24  0.123412      82.264      100.8       88.3     11.154  0.114513  0.016559  0.174971  1.171002     37.427616
     67   1      8   4   2    24  0.123581      83.483       52.1       45.0      6.239  0.114487  0.016918  0.178351  1.156977     36.708248
     68   1      4   8   2    24  0.123581      83.483       64.1       55.3      7.672  0.114487  0.016918  0.178351  1.156977     36.708244
     69   1      2   9   1    24  0.123767      84.699        3.7        3.3      0.306  0.114473  0.017283  0.181753  1.143445     36.057800
     70   1      9   2   1    24  0.123767      84.699        9.0        8.2      0.755  0.114473  0.017283  0.181753  1.143445     36.057800
     71   1      6   5   5    24  0.123767      84.699      127.9      116.2     10.694  0.114473  0.017283  0.181753  1.143445     36.057800
     72   1      6   7   1    24  0.123767      84.699       58.3       52.9      4.871  0.114473  0.017283  0.181753  1.143445     36.057800
     73   1      7   6   1    24  0.123767      84.699       41.7       37.9      3.488  0.114473  0.017283  0.181753  1.143445     36.057800
     74   1      6   6   4    24  0.123969      85.912       19.7       12.3      4.989  0.114473  0.017654  0.185177  1.130376     35.472744
     75   1      5   7   4    24  0.124190      87.124       65.5       59.4      5.583  0.114487  0.018032  0.188625  1.117746     34.949936
     76   1      5   8   1    24  0.124190      87.124       81.7       74.1      6.962  0.114487  0.018032  0.188625  1.117746     34.949936
     77   1      7   5   4    24  0.124190      87.124       43.8       39.7      3.731  0.114487  0.018032  0.188625  1.117746     34.949936
     78   1      8   5   1    24  0.124190      87.124       57.3       51.9      4.877  0.114487  0.018032  0.188625  1.117746     34.949936
     79   1      3   9   2    24  0.124691      89.544       12.3       12.0      0.335  0.114561  0.018811  0.195597  1.093706     34.080128
     80   1      6   7   3    24  0.124691      89.544      107.5      104.9      2.927  0.114561  0.018811  0.195597  1.093706     34.080128
     81   1      7   6   3    24  0.124691      89.544      127.5      124.5      3.472  0.114561  0.018811  0.195597  1.093706     34.080128
     82   1      9   3   2    24  0.124691      89.544       14.6       14.2      0.397  0.114561  0.018811  0.195597  1.093706     34.080128
     83   1      8   4   4    24  0.124974      90.753      555.7      567.5     12.632  0.114623  0.019212  0.199122  1.082253     33.728455
     84   1      4   9   1    24  0.125279      91.963       25.9       25.7      0.342  0.114703  0.019622  0.202675  1.071153     33.429626
     85   1      5   8   3    24  0.125279      91.963       74.5       74.0      0.984  0.114703  0.019622  0.202675  1.071153     33.429626
     86   1      8   5   3    24  0.125279      91.963      116.2      115.5      1.536  0.114703  0.019622  0.202675  1.071153     33.429626
     87   1      9   4   1    24  0.125279      91.963       46.5       46.2      0.615  0.114703  0.019622  0.202675  1.071153     33.429626
     88   1     10   0   0     6  0.125610      93.173       39.6       35.6      3.590  0.114802  0.020041  0.206257  1.060387      8.295493
     89   1      6   8   0    12  0.125610      93.173       12.6       11.3      1.141  0.114802  0.020041  0.206257  1.060387     16.590984
     90   1      8   6   0    12  0.125610      93.173      119.1      107.2     10.812  0.114802  0.020041  0.206257  1.060387     16.590984
     91   1      7   7   2    24  0.125966      94.385       38.5       39.5      1.585  0.114921  0.020471  0.209868  1.049940     32.984066
     92   1     10   1   1    24  0.125966      94.385       44.7       45.9      1.842  0.114921  0.020471  0.209868  1.049940     32.984066
     93   1      2  10   0    12  0.126351      95.599       66.5       61.7      4.420  0.115063  0.020911  0.213509  1.039795     16.417355
     94   1      6   8   2    24  0.126351      95.599      223.0      207.0     14.828  0.115063  0.020911  0.213509  1.039795     32.834709
     95   1      8   6   2    24  0.126351      95.599       22.5       20.9      1.499  0.115063  0.020911  0.213509  1.039795     32.834709
     96   1     10   2   0    12  0.126351      95.599       80.7       74.9      5.364  0.115063  0.020911  0.213509  1.039795     16.417355
     97   1      4   9   3    24  0.126766      96.816       63.5       63.0      1.672  0.115228  0.021362  0.217180  1.029939     32.732914
     98   1      9   4   3    24  0.126766      96.816       34.9       34.7      0.920  0.115228  0.021362  0.217180  1.029939     32.732914
     99   1      6   6   6     8  0.127213      98.035       91.8       89.4      2.419  0.115418  0.021826  0.220883  1.020358     10.892634
    100   1     10   2   2    24  0.127213      98.035      420.9      409.9     11.094  0.115418  0.021826  0.220883  1.020358     32.677902
    101   1      3  10   1    24  0.127695      99.259       60.8       57.4      3.173  0.115636  0.022302  0.224617  1.011039     32.669113
    102   1      5   9   2    24  0.127695      99.259       25.6       24.2      1.338  0.115636  0.022302  0.224617  1.011039     32.669109
    103   1      6   7   5    24  0.127695      99.259       80.1       75.7      4.183  0.115636  0.022302  0.224617  1.011039     32.669109
    104   1      7   6   5    24  0.127695      99.259       91.5       86.5      4.778  0.115636  0.022302  0.224617  1.011039     32.669109
    105   1      9   5   2    24  0.127695      99.259       34.2       32.3      1.786  0.115636  0.022302  0.224617  1.011039     32.669113
    106   1     10   3   1    24  0.127695      99.259       61.0       57.6      3.184  0.115636  0.022302  0.224617  1.011039     32.669113

     -----------------------------------------------------
     BRAGG R-Factors and weight fractions for Pattern #  1
     -----------------------------------------------------

 => Phase:  1     O3 Y2
 => Bragg R-factor:   9.22       Vol: 1192.324( 0.025)  Fract(%):  100.00( 0.55)
 => Rf-factor=  5.19             ATZ:        3613.046   Brindley:  1.0000

     -----------------------------------------------------------------
      SYMBOLIC NAMES AND FINAL VALUES AND SIGMA OF REFINED PARAMETERS:
     -----------------------------------------------------------------

      ->  Parameter number    1 :       Scale_ph1_pat1    0.86443753E-04( +/-    0.33671333E-06 )
      ->  Parameter number    2 :           SySin_pat1    0.64196795E-01( +/-    0.35139329E-02 )
      ->  Parameter number    3 :            Zero_pat1   -0.49302626E-01( +/-    0.13216095E-02 )
      ->  Parameter number    4 :           Bck_0_pat1     630.77234    ( +/-     2.9511988     )
      ->  Parameter number    5 :           Bck_1_pat1    -52.732483    ( +/-     3.8634975     )
      ->  Parameter number    6 :      Cell_A_ph1_pat1     10.603880    ( +/-    0.12830665E-03 )
      ->  Parameter number    7 :      W-Cagl_ph1_pat1    0.16619427E-01( +/-    0.14090494E-03 )

 ------------------------------------------------------------------
 => Number of bytes for floating point variables: 4
 => Dimensions of dynamic allocated arrays in this run of FullProf:
 ------------------------------------------------------------------

 => Total approximate array memory (dynamic + static): 127111993 bytes

    MaxPOINT=    60000 Max.num. of points(+int. Inten.)/diffraction pattern       
    MaxREFLT=    20000 Max.num. of reflections/diffraction pattern               
    MaxPARAM=      300 Max.num. of refinable parameters                          
    MaxOVERL=    18096 Max.num. of overlapping reflections                       

 ----------------------------------------------------------
 => Number of bytes for floating point arrays: 4
 => Dimensions of fixed arrays in this release of FullProf:
 ----------------------------------------------------------

    NPATT   =       80 Max.num. of powder diffraction patterns                    
    NATS    =      830 Max.num. of atoms (all kind) in asymmetric unit            
    MPAR    =     1800 Max.num. of non atomic parameters/phase                    
    IEXCL   =       30 Max.num. of excluded regions                               
    IBACP   =      277 Max.num. of background points for interpolation            
    NPHT    =       16 Max.num. of phases                                         
    NMAGM   =        8 Max.num. of rotation-matrices sets for magnetic structure  
    NBASIS  =       12 Max.num. of basis functions associated to a single atom    
    NIREPS  =        9 Max.num. of irreducible representations to be combined     
    N_EQ    =      384 Max.num. of user-supplied symmetry operators/propagation vectors
    NGL     =      300 Max.num. of global parameters/diffraction pattern          
    N_LINC  =       30 Max.num. of global linear restraints                        
    NAT_P   =       64 Max.num. of atomic parameters per atom                     
    NCONST  =      500 Max.num. of slack constraints per phase                    
    N_SPE   =       16 Max.num. of different chemical species                     
    N_FORM  =       60 Max.num. of scattering factor values in a table            
    NPR     =      150 Max.num. of points defining a numerical profile            
    INPR    =       25 Max.num. of different numerical peak shapes                
    NPRC    =      150 Max.num. of terms in the table for correcting intensities  
    NSOL    =       10 Max.num. of solutions to be stored in Montecarlo searchs   

 
              CPU Time:    61.367 seconds
                            1.023 minutes

 => Run finished at:     Date: 10/06/2024  Time: 18:46:07.356                              
