

        **********************************************************
        ** PROGRAM FullProf.2k (Version 5.90 - Dec2016-ILL JRC) **
        **********************************************************
                       M U L T I -- P A T T E R N                 
            Rietveld, Profile Matching & Integrated Intensity     
                 Refinement of X-ray and/or Neutron Data


    Date: 10/06/2024  Time: 19:03:56.716                              

 => PCR file code: Y2O3
 => DAT file code: Y2O3.dat             -> Relative contribution: 1.0000                                                            

 ==> CONDITIONS OF THIS RUN FOR PATTERN No.:  1

 => Global Refinement of X-ray powder diffraction data                                                                              
 => Global Refinement of X-ray powder diffraction data                                                                              
    Bragg-Brentano(X-rays) or Debye-Scherrer geometry(Neutrons)
 => Title:   O3 Y2

 => Number of phases:    1
 => Number of excluded regions:    2
 => Number of scattering factors supplied:    0
 => March-Dollase model for preferred orientation
 => Conventional weights: w=1.0/Variance(yobs)
 => Asymmetry correction as in J.Appl.Cryst. 26,128(1993)
 => Background refined by polynomial function
 => The    5th default profile function was selected
 => Pseudo-Voigt function (ETA variable)
                 X-parameter correspond to: ETA=ETA0+X*2theta
                       pV(x)= ETA*L(x)+(1-ETA)*G(x)

 ==> INPUT/OUTPUT OPTIONS:

 => Generate file *.PRF for plot
 => Output Integrated Intensities
 => Generate new input file *.PCR

 => X-Y type of data: 2theta/TOF/E(Kev) Intens sigma for pattern:  1
 => Plot pattern at each cycle
 => Wavelengths:  1.54056 1.54439
 => Alpha2/Alpha1 ratio:   0.5000
 => Cos(Monochromator angle)=   0.9100
 => Asymmetry correction for angles lower than   60.000 degrees
 => Absorption correction (AC), muR-eff =   0.0000  0.0000
 => Base of peaks: 2.0*HW*    8.00

 => Number of cycles:   10
 => Relaxation factors ==>    for coordinates:  1.00
 => for anisotropic temperature factors:  1.00
 => for halfwidth/strain/size parameters:  1.00
 => for lattice constants and propagation vectors:  1.00
 => EPS-value for convergence:    0.1

 => Excluded regions for Pattern#  1
    From     to
      1.0000     20.0000
    100.0000    160.0000

 => Number of Least-Squares parameters varied:    19

 =>--------------------------->
 =>------->  PATTERN number:  1
 =>--------------------------->
 => Global parameters and codes ==>
 => Zero-point:    -0.0566   31.0000
 => Background parameters and codes ==>
 => Origin of polynomial at 2theta/TOF/E(KeV):   40.000  
  586.83     -60.555      41.152      0.0000     -9.4560      0.0000    
       41.00       51.00       81.00        0.00       91.00        0.00
 => Displacement peak-shift parameter and code:     0.00    0.00
 => Transparency peak-shift parameter and code:     0.07   21.00

 => Reading Intensity data  =>>

 -> No recognizable heading in input data file X,Y,sigma
    First 6 lines are considered as COMMENTS (except for TSAMP keyword)
 -> COMMENT:   3.000    1643.000                                                                                                                 
 -> COMMENT:   3.020    1571.000                                                                                                                 
 -> COMMENT:   3.040    1569.000                                                                                                                 
 -> COMMENT:   3.060    1619.000                                                                                                                 
 -> COMMENT:   3.080    1554.000                                                                                                                 
 -> COMMENT:   3.100    1531.000                                                                                                                 
 ==> Angular range, step and number of points:
     2Thmin:       3.120000  2Thmax:     150.000000  Step:       0.020004  No. of points:   7345
 --------------------------------------------------------------------------------
 => Phase  No. 1
      O3 Y2                                                                 
 --------------------------------------------------------------------------------
 =>-------> Pattern#  1
 => Crystal Structure Refinement
 => The    7th profile function was selected for phase no.  1
 => Preferred orientation vector:   0.0000  0.0000  1.0000

 =>-------> Data for PHASE: 1
 => Number of atoms:    3
 => Number of distance  constraints:    0
 => Number of angle     constraints:    0

 => Symmetry information on space group: I a -3              
 -> The multiplicity of the general position is:  48
 -> The space group is Centric (-1 at origin)   
 -> Lattice type  I: { 000; 1/2 1/2 1/2 }+                         
 -> Reduced set of symmetry operators:

  No.  IT   Symmetry symbol    Rotation part     Associated Translation
   1: ( 1)   1            -->     ( x, y, z) + {  0.0000  0.0000  0.0000}
   2: ( 4)   2 ( x, 0, 0) -->     ( x,-y,-z) + {  0.5000  0.5000  0.0000}
   3: ( 3)   2 ( 0, y, 0) -->     (-x, y,-z) + {  0.0000  0.5000  0.5000}
   4: ( 2)   2 ( 0, 0, z) -->     (-x,-y, z) + {  0.5000  0.0000  0.5000}
   5: ( 9)  3- ( x, x, x) -->     ( y, z, x) + {  0.0000  0.0000  0.0000}
   6: (12)  3- (-x, x,-x) -->     (-y,-z, x) + {  0.5000  0.0000  0.5000}
   7: (11)  3- (-x,-x, x) -->     ( y,-z,-x) + {  0.5000  0.5000  0.0000}
   8: (10)  3- ( x,-x,-x) -->     (-y, z,-x) + {  0.0000  0.5000  0.5000}
   9: ( 5)  3+ ( x, x, x) -->     ( z, x, y) + {  0.0000  0.0000  0.0000}
  10: ( 8)  3+ (-x,-x, x) -->     (-z, x,-y) + {  0.0000  0.5000  0.5000}
  11: ( 7)  3+ ( x,-x,-x) -->     (-z,-x, y) + {  0.5000  0.0000  0.5000}
  12: ( 6)  3+ (-x, x,-x) -->     ( z,-x,-y) + {  0.5000  0.5000  0.0000}


        Information on Space Group: 
        --------------------------- 

 =>   Number of Space group: 206
 =>  Hermann-Mauguin Symbol: I a -3
 =>             Hall Symbol: -I 2b 2c 3
 =>            Setting Type: IT (Generated from Hermann-Mauguin symbol)
 =>          Crystal System: Cubic
 =>              Laue Class: m-3
 =>             Point Group: m-3
 =>         Bravais Lattice: I
 =>          Lattice Symbol: cI
 =>  Reduced Number of S.O.:  12
 =>    General multiplicity:  48
 =>          Centrosymmetry: Centric (-1 at origin)
 =>  Generators (exc. -1&L):   3
 =>         Asymmetric unit:  0.000 <= x <=  0.500
                              0.000 <= y <=  0.500
                              0.000 <= z <=  0.250

 => List of S.O. without inversion and lattice centring translations
 => SYMM(  1): x,y,z                               => SYMM(  2): x+1/2,-y+1/2,-z
 => SYMM(  3): -x,y+1/2,-z+1/2                     => SYMM(  4): -x+1/2,-y,z+1/2
 => SYMM(  5): y,z,x                               => SYMM(  6): -y+1/2,-z,x+1/2
 => SYMM(  7): y+1/2,-z+1/2,-x                     => SYMM(  8): -y,z+1/2,-x+1/2
 => SYMM(  9): z,x,y                               => SYMM( 10): -z,x+1/2,-y+1/2
 => SYMM( 11): -z+1/2,-x,y+1/2                     => SYMM( 12): z+1/2,-x+1/2,-y


 => Initial parameters ==>
 Atom    Ntyp                  X         Y         Z         B         occ.         in  fin  Spc  Mult
                             B11       B22       B33       B12       B13       B23
 Y1     Y                  0.25000   0.25000   0.25000   0.62292   0.16667           0    0    0    8
                 Codes:    0.00000   0.00000   0.00000 171.00000   0.00000
                 Betas:    0.00000   0.00000   0.00000   0.00000   0.00000   0.00000
                 Codes:    0.00000   0.00000   0.00000   0.00000   0.00000   0.00000
 Y2     Y                  0.96730   0.00000   0.25000   0.63917   0.50000           0    0    0   24
                 Codes:    0.00000   0.00000   0.00000 181.00000   0.00000
                 Betas:    0.00000   0.00000   0.00000   0.00000   0.00000   0.00000
                 Codes:    0.00000   0.00000   0.00000   0.00000   0.00000   0.00000
 O1     O                  0.39150   0.15380   0.38000   0.00000   1.00000           0    0    0   48
                 Codes:    0.00000   0.00000   0.00000 191.00000   0.00000
                 Betas:    0.00000   0.00000   0.00000   0.00000   0.00000   0.00000
                 Codes:    0.00000   0.00000   0.00000   0.00000   0.00000   0.00000

 => IT IS ASSUMED THAT THE FIRST GIVEN SITE IS FULLY OCCUPIED 
    OR THE FIRST AND SECOND ATOMS ARE IN THE SAME SITE WITH TOTAL FULL OCCUPATION
  (If this is not the case, change the order of atoms to obtain correct values for the content of the unit cell)
    The given occupation factors have been obtained mutiplying m/M by   1.0000
      -> Atom: Y   ,  Chemical element: Y   Atomic Mass:    88.9059
      -> Atom: Y   ,  Chemical element: Y   Atomic Mass:    88.9059
      -> Atom: O   ,  Chemical element: O   Atomic Mass:    15.9994
 => The given value of ATZ is       3613.05 the program has calculated:        3613.05
    The value of ATZ given in the input PCR file will be used for quantitative analysis
 => The chemical content of the unit cell is: 
       8.0000 Y    +  23.9995 Y    +  47.9990 O      
 => The normalized site occupation numbers in % are: 
     100.0000 Y1     :       99.9980 Y2     :       99.9980 O1       
 => The density (volumic mass) of the compound is:    5.032 g/cm3

 =>-------> PROFILE PARAMETERS FOR PATTERN:  1

 => Overall scale factor:   0.102070E-03
 => ETA (p-Voigt) OR M (Pearson VII):   0.0000
 => Overall temperature factor:     -0.28415
 => Halfwidth U,V,W:      0.01595    -0.02268     0.01052
 => X and Y parameters:       0.0235      0.0424
 => Direct cell parameters:   10.6040  10.6040  10.6040  90.0000  90.0000  90.0000
 => Preferred orientation parameters:   1.0000  0.0000
 => Asymmetry parameters     :      0.00000    -0.00977     0.00000     0.07034
 => Strain parameters        :      0.00000     0.00000     0.00000
 => Size   parameters        :      0.00000     0.00000
 => Further shape parameters (S_L and D_L):   0.00000   0.00000
    S_L is source width/detector distance
    D_L is detector width/detector distance

 ==> CODEWORDS FOR PROFILE PARAMETERS of PATTERN#  1

 => Overall scale factor:   11.000
 => ETA (p-Voigt) OR M (Pearson VII):    0.000
 => Overall temperature factor:  161.000
 => Halfwidth U,V,W:  111.000 101.000  71.000
 => X and Y parameters:  151.000 141.000
 => Direct cell parameters:   61.000  61.000  61.000   0.000   0.000   0.000
 => Preferred orientation parameters:    0.000   0.000
 => Asymmetry parameters     :    0.000 121.000   0.000 131.000
 => Strain parameters        :    0.000   0.000   0.000
 => Size   parameters        :    0.000   0.000

 => Cell constraints according to Laue symmetry: m-3  

        Metric information:
        -------------------

 => Direct cell parameters:

         a =      10.6040      b =      10.6040      c =      10.6040
     alpha =       90.000   beta =       90.000  gamma =       90.000
                        Direct Cell Volume =    1192.3494

 => Reciprocal cell parameters:

         a*=     0.094304      b*=     0.094304      c*=     0.094304
     alpha*=       90.000   beta*=       90.000  gamma*=       90.000
                    Reciprocal Cell Volume =   0.00083868

 => Direct and Reciprocal Metric Tensors:

                   GD                                       GR
    112.4438      0.0000      0.0000          0.008893    0.000000    0.000000
      0.0000    112.4438      0.0000          0.000000    0.008893    0.000000
      0.0000      0.0000    112.4438          0.000000    0.000000    0.008893

 =>  Cartesian frame: x // a; y is in the ab-plane; z is x ^ y   

     Crystal_to_Orthonormal_Matrix              Orthonormal_to_Crystal Matrix
              Cr_Orth_cel                               Orth_Cr_cel  
     10.6040      0.0000      0.0000          0.094304   -0.000000   -0.000000
      0.0000     10.6040      0.0000          0.000000    0.094304   -0.000000
      0.0000      0.0000     10.6040          0.000000    0.000000    0.094304

     Busing-Levy B-matrix: Hc=B.H            Inverse of the Busing-Levy B-matrix
                BL_M                                      BL_Minv  
    0.094304    0.000000    0.000000           10.6040     -0.0000     -0.0000
    0.000000    0.094304   -0.000000            0.0000     10.6040      0.0000
    0.000000    0.000000    0.094304            0.0000      0.0000     10.6040

 => Laue symmetry m-3   will be used to generate HKL for pattern#   1
 => Reflections generated between S(1/d)min:  0.0353 A-1 and S(1/d)max:  1.2585 A-1
 =>                                    dmax: 28.3647 A   and      dmin:  0.7946 A
 => The number of reflections generated is:    211
 => The max. scatt. variable (gen.ref.) is:       151.5724
 => Scattering coefficients from internal table


 => X-ray scattering coeff. (A1, B1, A2,...C, f(0), Z, Dfp,Dfpp)

 Y      17.7760   1.4029  10.2946  12.8006   5.7263   0.1256   3.2659 104.3540   1.9121  38.9749  39.0000  -0.3860   2.0250
 O       3.0485  13.2771   2.2868   5.7011   1.5463   0.3239   0.8670  32.9089   0.2508   7.9994   8.0000   0.0470   0.0320

     --------------------------------------------------------------
      SYMBOLIC NAMES AND INITIAL VALUES OF PARAMETERS TO BE VARIED:
     --------------------------------------------------------------

      ->  Parameter number    1   -> Symbolic Name:       Scale_ph1_pat1    0.10207000E-03
      ->  Parameter number    2   -> Symbolic Name:           SySin_pat1    0.71960002E-01
      ->  Parameter number    3   -> Symbolic Name:            Zero_pat1   -0.56609999E-01
      ->  Parameter number    4   -> Symbolic Name:           Bck_0_pat1     586.83197    
      ->  Parameter number    5   -> Symbolic Name:           Bck_1_pat1    -60.555000    
      ->  Parameter number    6   -> Symbolic Name:      Cell_A_ph1_pat1     10.603954    
      ->  Parameter number    7   -> Symbolic Name:      W-Cagl_ph1_pat1    0.10522000E-01
      ->  Parameter number    8   -> Symbolic Name:           Bck_2_pat1     41.152000    
      ->  Parameter number    9   -> Symbolic Name:           Bck_4_pat1    -9.4560003    
      ->  Parameter number   10   -> Symbolic Name:      V-Cagl_ph1_pat1   -0.22684000E-01
      ->  Parameter number   11   -> Symbolic Name:      U-Cagl_ph1_pat1    0.15952000E-01
      ->  Parameter number   12   -> Symbolic Name:       Asym2_ph1_pat1   -0.97700004E-02
      ->  Parameter number   13   -> Symbolic Name:       Asym4_ph1_pat1    0.70340000E-01
      ->  Parameter number   14   -> Symbolic Name:       Y-cos_ph1_pat1    0.42433001E-01
      ->  Parameter number   15   -> Symbolic Name:       X-tan_ph1_pat1    0.23507999E-01
      ->  Parameter number   16   -> Symbolic Name:       Bover_ph1_pat1   -0.28415000    
      ->  Parameter number   17   -> Symbolic Name:          Biso_Y1_ph1    0.62291998    
      ->  Parameter number   18   -> Symbolic Name:          Biso_Y2_ph1    0.63916999    
      ->  Parameter number   19   -> Symbolic Name:          Biso_O1_ph1     0.0000000    
  
 
 => No optimization for routine tasks
 ++++++++++++++++++++++++++++++++++++++++++++++++++++++++++++++++++++++++++++++++++++++++++++++++++++++++++++++++++++++++

 => CYCLE No.:    1
 ---------------------------------------------------------------------------------------
 => Phase  1 Name: O3 Y2                                                                 
 ---------------------------------------------------------------------------------------
 => New parameters, shifts, and standard deviations

 Atom        x       dx      sx       y       dy      sy       z       dz      sz       B       dB      sB      occ.    docc.   socc.

 Y1       0.25000 0.00000 0.00000  0.25000 0.00000 0.00000  0.25000 0.00000 0.00000  0.62576 0.00284 1.00000  0.16667 0.00000 0.00000
 Y2       0.96730 0.00000 0.00000  0.00000 0.00000 0.00000  0.25000 0.00000 0.00000  0.64213 0.00296 1.00000  0.50000 0.00000 0.00000
 O1       0.39150 0.00000 0.00000  0.15380 0.00000 0.00000  0.38000 0.00000 0.00000  0.00326 0.00326 1.00000  1.00000 0.00000 0.00000

 Atom         B11      DB11      SB11       B22      DB22      SB22       B33      DB33      SB33
              B12      DB12      SB12       B13      DB13      SB13       B23      DB23      SB23
 Y1      0.000000  0.000000  0.000000  0.000000  0.000000  0.000000  0.000000  0.000000  0.000000
         0.000000  0.000000  0.000000  0.000000  0.000000  0.000000  0.000000  0.000000  0.000000
 Y2      0.000000  0.000000  0.000000  0.000000  0.000000  0.000000  0.000000  0.000000  0.000000
         0.000000  0.000000  0.000000  0.000000  0.000000  0.000000  0.000000  0.000000  0.000000
 O1      0.000000  0.000000  0.000000  0.000000  0.000000  0.000000  0.000000  0.000000  0.000000
         0.000000  0.000000  0.000000  0.000000  0.000000  0.000000  0.000000  0.000000  0.000000

 ==> PROFILE PARAMETERS FOR PATTERN#  1

 => Overall scale factor:      0.000102068    -0.000000002     0.000000234
 => Eta(p-Voigt) or m(Pearson VII):   0.000000  0.000000  0.000000
 => Overall tem. factor:    -0.287134   -0.002984    4.860116
 => Halfwidth parameters: 
         0.015951   -0.000001    0.000675
        -0.022684    0.000000    0.000853
         0.010522   -0.000000    0.000261
 => Cell parameters: 
       10.603953   -0.000001    0.000060
       10.603953   -0.000001    0.000060
       10.603953   -0.000001    0.000060
       90.000000    0.000000    0.000000
       90.000000    0.000000    0.000000
       90.000000    0.000000    0.000000
 => Preferred orientation: 
         1.000000    0.000000    0.000000
         0.000000    0.000000    0.000000
 => Asymmetry parameters: 
         0.000000    0.000000    0.000000
        -0.009749    0.000021    0.007886
         0.000000    0.000000    0.000000
         0.070443    0.000103    0.017552
 => X and Y parameters: 
         0.023526    0.000018    0.002402
         0.042430   -0.000003    0.000880
 => Strain parameters: 
         0.000000    0.000000    0.000000
         0.000000    0.000000    0.000000
         0.000000    0.000000    0.000000
 => Size   parameters (G,L): 
         0.000000    0.000000    0.000000
         0.000000    0.000000    0.000000
 => Further shape parameters (S_L and D_L): 
       0.000000  0.000000  0.000000
       0.000000  0.000000  0.000000

 ==> GLOBAL PARAMETERS FOR PATTERN#  1


 => Zero-point:    -0.0566    0.0000    0.0006
 => Background Polynomial Parameters ==>
       586.82    -0.82373E-02  1.3240    
      -60.565    -0.96161E-02  3.4487    
       41.204     0.52189E-01  6.5396    
       0.0000      0.0000      0.0000    
      -9.4773    -0.21254E-01  2.5843    
       0.0000      0.0000      0.0000    

 => Cos( theta)-shift parameter :   0.0000  0.0000  0.0000
 => Sin(2theta)-shift parameter :   0.0720 -0.0000  0.0016

 ==> RELIABILITY FACTORS WITH ALL NON-EXCLUDED POINTS FOR PATTERN:  1

 => R-Factors:   3.64      4.86     Chi2:  2.85     DW-Stat.:  0.8782   Patt#:  1
 => Expected :            2.88                                1.9113
 => Deviance : 0.116E+05     Dev*:   2.903    
 => GoF-index:  1.7         Sqrt(Residual/N)
 => N-P+C:  3980

 =>    SumYdif       SumYobs      SumYcal      SumwYobsSQ     Residual    Condition
     0.1747E+06    0.4798E+07    0.4786E+07    0.4798E+07    0.1134E+05    0.4566E+18


 => Conventional Rietveld Rp,Rwp,Re and Chi2:   6.97      7.42      4.40      2.849    
 => (Values obtained using Ynet, but true sigma(y))
 =>  SumYnet, Sum(w Ynet**2):     0.2505E+07    0.2058E+07


 ==> RELIABILITY FACTORS FOR POINTS WITH BRAGG CONTRIBUTIONS FOR PATTERN:  1

 => R-Factors:   3.53      4.68     Chi2:  2.90     DW-Stat.:  1.0309   Patt#:
 => Expected :            2.75                                1.9041
 => Deviance : 0.977E+04     Dev*:   2.932    
 => GoF-index:  1.7         Sqrt(Residual/N)
 => N-P+C:  3331

 =>    SumYdif       SumYobs      SumYcal      SumwYobsSQ     Residual    Condition
     0.1556E+06    0.4409E+07    0.4401E+07    0.4409E+07     9660.        0.4566E+18


 => Conventional Rietveld Rp,Rwp,Re and Chi2:   6.23      6.85      4.03      2.900    
 => (Values obtained using Ynet, but true sigma(y))
 =>  SumYnet, Sum(w Ynet**2):     0.2500E+07    0.2056E+07


 => Global user-weigthed Chi2 (Bragg contrib.):   3.40    

 => ---------> Pattern#  1
 => Phase:  1
 =>    Bragg R-factor:  2.92    
 =>    RF-factor     :  2.21    


   Standard deviations have to be multiplied by: 2.2844
   (correlated residuals) See references:
  -J.F.Berar & P.Lelann, J. Appl. Cryst. 24, 1-5 (1991) 
  -J.F.Berar, Acc. in Pow. Diff. II,NIST Sp.Pub. 846, 63(1992) 

 ++++++++++++++++++++++++++++++++++++++++++++++++++++++++++++++++++++++++++++++++++++++++++++++++++++++++++++++++++++++++

 => CYCLE No.:    1
 =>  Convergence reached at this CYCLE !!!!
 =>  Parameter shifts set to zero
 ---------------------------------------------------------------------------------------
 => Phase  1 Name: O3 Y2                                                                 
 ---------------------------------------------------------------------------------------
 => New parameters, shifts, and standard deviations

 Atom        x       dx      sx       y       dy      sy       z       dz      sz       B       dB      sB      occ.    docc.   socc.

 Y1       0.25000 0.00000 0.00000  0.25000 0.00000 0.00000  0.25000 0.00000 0.00000  0.62576 0.00000 1.00000  0.16667 0.00000 0.00000
 Y2       0.96730 0.00000 0.00000  0.00000 0.00000 0.00000  0.25000 0.00000 0.00000  0.64213 0.00000 1.00000  0.50000 0.00000 0.00000
 O1       0.39150 0.00000 0.00000  0.15380 0.00000 0.00000  0.38000 0.00000 0.00000  0.00326 0.00000 1.00000  1.00000 0.00000 0.00000

 Atom         B11      DB11      SB11       B22      DB22      SB22       B33      DB33      SB33
              B12      DB12      SB12       B13      DB13      SB13       B23      DB23      SB23
 Y1      0.000000  0.000000  0.000000  0.000000  0.000000  0.000000  0.000000  0.000000  0.000000
         0.000000  0.000000  0.000000  0.000000  0.000000  0.000000  0.000000  0.000000  0.000000

    U-Eigen Value (A**2) ----      Eigen vector(Orth. syst.)
        0.00000          ----    0.93753   -0.21290    0.27515
        0.00000          ----    0.15653    0.96445    0.21291
        0.00000          ----   -0.31070   -0.15653    0.93753

    Isotropic temperature factor Uequiv(A**2):   0.0000
    Isotropic temperature factor Bequiv(A**2):   0.0000

     R.M.S. in ANGSTROMS ------       Angles with A, B, C
        0.00000          ----     20.359    102.293     74.029
        0.00000          ----     80.994     15.323     77.707
        0.00000          ----    108.101     99.006     20.359
 
 Y2      0.000000  0.000000  0.000000  0.000000  0.000000  0.000000  0.000000  0.000000  0.000000
         0.000000  0.000000  0.000000  0.000000  0.000000  0.000000  0.000000  0.000000  0.000000

    U-Eigen Value (A**2) ----      Eigen vector(Orth. syst.)
        0.00000          ----    0.93753   -0.21290    0.27515
        0.00000          ----    0.15653    0.96445    0.21291
        0.00000          ----   -0.31070   -0.15653    0.93753

    Isotropic temperature factor Uequiv(A**2):   0.0000
    Isotropic temperature factor Bequiv(A**2):   0.0000

     R.M.S. in ANGSTROMS ------       Angles with A, B, C
        0.00000          ----     20.359    102.293     74.029
        0.00000          ----     80.994     15.323     77.707
        0.00000          ----    108.101     99.006     20.359
 
 O1      0.000000  0.000000  0.000000  0.000000  0.000000  0.000000  0.000000  0.000000  0.000000
         0.000000  0.000000  0.000000  0.000000  0.000000  0.000000  0.000000  0.000000  0.000000

    U-Eigen Value (A**2) ----      Eigen vector(Orth. syst.)
        0.00000          ----    0.93753   -0.21290    0.27515
        0.00000          ----    0.15653    0.96445    0.21291
        0.00000          ----   -0.31070   -0.15653    0.93753

    Isotropic temperature factor Uequiv(A**2):   0.0000
    Isotropic temperature factor Bequiv(A**2):   0.0000

     R.M.S. in ANGSTROMS ------       Angles with A, B, C
        0.00000          ----     20.359    102.293     74.029
        0.00000          ----     80.994     15.323     77.707
        0.00000          ----    108.101     99.006     20.359
 

 ==> PROFILE PARAMETERS FOR PATTERN#  1

 => Overall scale factor:      0.000102068     0.000000000     0.000000234
 => Eta(p-Voigt) or m(Pearson VII):   0.000000  0.000000  0.000000
 => Overall tem. factor:    -0.287134    0.000000    4.860116
 => Halfwidth parameters: 
         0.015951    0.000000    0.000675
        -0.022684    0.000000    0.000853
         0.010522    0.000000    0.000261
 => Cell parameters: 
       10.603953    0.000000    0.000060
       10.603953    0.000000    0.000060
       10.603953    0.000000    0.000060
       90.000000    0.000000    0.000000
       90.000000    0.000000    0.000000
       90.000000    0.000000    0.000000
 => Preferred orientation: 
         1.000000    0.000000    0.000000
         0.000000    0.000000    0.000000
 => Asymmetry parameters: 
         0.000000    0.000000    0.000000
        -0.009749    0.000000    0.007886
         0.000000    0.000000    0.000000
         0.070443    0.000000    0.017552
 => X and Y parameters: 
         0.023526    0.000000    0.002402
         0.042430    0.000000    0.000880
 => Strain parameters: 
         0.000000    0.000000    0.000000
         0.000000    0.000000    0.000000
         0.000000    0.000000    0.000000
 => Size   parameters (G,L): 
         0.000000    0.000000    0.000000
         0.000000    0.000000    0.000000
 => Further shape parameters (S_L and D_L): 
       0.000000  0.000000  0.000000
       0.000000  0.000000  0.000000

 ==> GLOBAL PARAMETERS FOR PATTERN#  1


 => Zero-point:    -0.0566    0.0000    0.0006
 => Background Polynomial Parameters ==>
       586.82      0.0000      1.3240    
      -60.565      0.0000      3.4487    
       41.204      0.0000      6.5396    
       0.0000      0.0000      0.0000    
      -9.4773      0.0000      2.5843    
       0.0000      0.0000      0.0000    

 => Cos( theta)-shift parameter :   0.0000  0.0000  0.0000
 => Sin(2theta)-shift parameter :   0.0720  0.0000  0.0016

 ==> RELIABILITY FACTORS WITH ALL NON-EXCLUDED POINTS FOR PATTERN:  1

 => R-Factors:   3.64      4.86     Chi2:  2.85     DW-Stat.:  0.8782   Patt#:  1
 => Expected :            2.88                                1.9113
 => Deviance : 0.116E+05     Dev*:   2.903    
 => GoF-index:  1.7         Sqrt(Residual/N)
 => N-P+C:  3980

 =>    SumYdif       SumYobs      SumYcal      SumwYobsSQ     Residual    Condition
     0.1747E+06    0.4798E+07    0.4786E+07    0.4798E+07    0.1134E+05    0.4566E+18


 => Conventional Rietveld Rp,Rwp,Re and Chi2:   6.97      7.42      4.40      2.849    
 => (Values obtained using Ynet, but true sigma(y))
 =>  SumYnet, Sum(w Ynet**2):     0.2505E+07    0.2058E+07

 => N-sigma of the GoF:   82.500

 ==> RELIABILITY FACTORS FOR POINTS WITH BRAGG CONTRIBUTIONS FOR PATTERN:  1

 => R-Factors:   3.53      4.68     Chi2:  2.90     DW-Stat.:  1.0309   Patt#:
 => Expected :            2.75                                1.9041
 => Deviance : 0.977E+04     Dev*:   2.932    
 => GoF-index:  1.7         Sqrt(Residual/N)
 => N-P+C:  3331

 =>    SumYdif       SumYobs      SumYcal      SumwYobsSQ     Residual    Condition
     0.1556E+06    0.4409E+07    0.4401E+07    0.4409E+07     9660.        0.4566E+18


 => Conventional Rietveld Rp,Rwp,Re and Chi2:   6.23      6.85      4.03      2.900    
 => (Values obtained using Ynet, but true sigma(y))
 =>  SumYnet, Sum(w Ynet**2):     0.2500E+07    0.2056E+07

 => N-sigma of the GoF:       77.540

 => Global user-weigthed Chi2 (Bragg contrib.):   3.40    

 => ---------> Pattern#  1
 => Phase:  1
 =>    Bragg R-factor:  2.92    
 =>    RF-factor     :  2.21    

 --------------------------------------------------------------------------------------------------------------
 Pattern#  1 Phase No:   1 Phase name: O3 Y2                         
 --------------------------------------------------------------------------------------------------------------

   No.  Code     H   K   L  Mult     Hw         2theta      Icalc       Iobs      Sigma      HwG     HwL       ETA       d-hkl        CORR

      1   1      2   1   1    24  0.111046      20.499     1133.6     1164.0     30.767  0.083318  0.047372  0.504533  4.329046    697.966553
      2   1      2   2   0    12  0.108855      23.713        2.0       18.3    143.556  0.080392  0.048293  0.521822  3.749064    258.621979
      3   1      2   2   2     8  0.105333      29.149     9976.2    10083.2    106.564  0.075515  0.049956  0.552386  3.061098    112.265831
      4   1      2   3   1    24  0.103865      31.542       35.5       35.6      2.682  0.073402  0.050732  0.566334  2.834026    285.363953
      5   1      3   2   1    24  0.103865      31.542        7.9        7.9      0.595  0.073402  0.050732  0.566334  2.834026    285.363953
      6   1      4   0   0     6  0.102543      33.783     2508.1     2383.7    115.736  0.071447  0.051485  0.579633  2.650988     61.715702
      7   1      4   1   1    24  0.101345      35.900      503.0      484.5     17.895  0.069624  0.052220  0.592385  2.499376    216.985123
      8   1      2   4   0    12  0.100254      37.914       42.9       35.6      6.048  0.067914  0.052941  0.604661  2.371116     96.572693
      9   1      4   2   0    12  0.100254      37.914       73.1       60.6     10.300  0.067914  0.052941  0.604661  2.371116     96.572693
     10   1      3   3   2    24  0.099260      39.841      617.8      599.5     17.832  0.066305  0.053653  0.616511  2.260771    173.698486
     11   1      4   2   2    24  0.098355      41.693       96.7       81.7     12.764  0.064786  0.054357  0.627967  2.164523    157.547653
     12   1      3   4   1    24  0.097532      43.480      482.1      470.9     10.931  0.063349  0.055056  0.639054  2.079606    143.933670
     13   1      4   3   1    24  0.097532      43.480      389.9      380.9      8.842  0.063349  0.055056  0.639054  2.079606    143.933670
     14   1      2   5   1    24  0.096116      46.890      161.0      161.2      2.042  0.060702  0.056446  0.660171  1.936008    122.291725
     15   1      5   2   1    24  0.096116      46.890      134.2      134.4      1.702  0.060702  0.056446  0.660171  1.936008    122.291725
     16   1      4   4   0    12  0.095517      48.525     4355.5     4425.6     69.857  0.059484  0.057140  0.670211  1.874532     56.784023
     17   1      4   3   3    24  0.094989      50.120      222.2      254.3     35.887  0.058335  0.057834  0.679906  1.818563    105.915115
     18   1      4   4   2    24  0.094531      51.678        6.7        7.1      0.650  0.057253  0.058531  0.689250  1.767326     99.155724
     19   1      6   0   0     6  0.094531      51.678       40.7       43.6      3.979  0.057253  0.058531  0.689250  1.767326     24.788925
     20   1      3   5   2    24  0.094142      53.204       89.3       95.5      7.080  0.056237  0.059230  0.698237  1.720188     93.149994
     21   1      5   3   2    24  0.094142      53.204      100.6      107.7      7.981  0.056237  0.059230  0.698237  1.720188     93.149994
     22   1      6   1   1    24  0.094142      53.204      356.7      381.8     28.290  0.056237  0.059230  0.698237  1.720188     93.149994
     23   1      2   6   0    12  0.093823      54.699       74.1       74.8      2.124  0.055287  0.059932  0.706857  1.676632     43.892979
     24   1      6   2   0    12  0.093823      54.699       44.4       44.8      1.273  0.055287  0.059932  0.706857  1.676632     43.892979
     25   1      4   5   1    24  0.093573      56.168      248.6      270.4     23.150  0.054405  0.060640  0.715099  1.636225     82.973106
     26   1      5   4   1    24  0.093573      56.168      183.0      199.0     17.042  0.054405  0.060640  0.715099  1.636225     82.973106
     27   1      6   2   2    24  0.093394      57.612     2894.0     3017.6    125.618  0.053590  0.061352  0.722951  1.598606     78.637451
     28   1      3   6   1    24  0.093287      59.033      324.5      343.0     19.159  0.052844  0.062071  0.730400  1.563468     74.717834
     29   1      6   3   1    24  0.093287      59.033      302.4      319.7     17.855  0.052844  0.062071  0.730400  1.563468     74.717834
     30   1      4   4   4     8  0.093253      60.433      474.5      511.5     38.914  0.052169  0.062796  0.737431  1.530549     23.721134
     31   1      4   5   3    24  0.093294      61.814       72.7       73.5      1.394  0.051567  0.063529  0.744032  1.499625     67.931458
     32   1      5   4   3    24  0.093294      61.814      131.5      133.0      2.522  0.051567  0.063529  0.744032  1.499625     67.931458
     33   1      4   6   0    12  0.093410      63.178      112.5      104.8      7.393  0.051039  0.064270  0.750189  1.470504     32.492950
     34   1      6   4   0    12  0.093410      63.178       20.7       19.3      1.359  0.051039  0.064270  0.750189  1.470504     32.492950
     35   1      2   7   1    24  0.093604      64.525       91.2       84.5      6.081  0.050589  0.065020  0.755890  1.443015     62.296009
     36   1      5   5   2    24  0.093604      64.525        4.1        3.8      0.271  0.050589  0.065020  0.755890  1.443015     62.296009
     37   1      6   3   3    24  0.093604      64.525      100.4       93.0      6.693  0.050589  0.065020  0.755890  1.443015     62.296009
     38   1      7   2   1    24  0.093604      64.525      155.2      143.9     10.350  0.050589  0.065020  0.755890  1.443015     62.296009
     39   1      4   6   2    24  0.093877      65.857       21.3       20.1      1.189  0.050218  0.065779  0.761124  1.417013     59.835564
     40   1      6   4   2    24  0.093877      65.857      134.2      126.5      7.483  0.050218  0.065779  0.761124  1.417013     59.835564
     41   1      3   7   2    24  0.095192      69.776        1.6        1.6      0.071  0.049606  0.068123  0.773934  1.346703     53.619709
     42   1      5   6   1    24  0.095192      69.776      107.5      112.0      4.866  0.049606  0.068123  0.773934  1.346703     53.619709
     43   1      6   5   1    24  0.095192      69.776       91.3       95.1      4.131  0.049606  0.068123  0.773934  1.346703     53.619709
     44   1      7   3   2    24  0.095192      69.776        0.7        0.8      0.034  0.049606  0.068123  0.773934  1.346703     53.619709
     45   1      8   0   0     6  0.095801      71.060      452.5      456.7      5.587  0.049577  0.068928  0.777220  1.325494     12.969831
     46   1      4   7   1    24  0.096498      72.333       77.6       79.3      1.797  0.049640  0.069746  0.780011  1.305256     50.281555
     47   1      5   5   4    24  0.096498      72.333       59.5       60.8      1.378  0.049640  0.069746  0.780011  1.305256     50.281555
     48   1      7   4   1    24  0.096498      72.333       62.1       63.4      1.437  0.049640  0.069746  0.780011  1.305256     50.281555
     49   1      8   1   1    24  0.096498      72.333      171.8      175.5      3.978  0.049640  0.069746  0.780011  1.305256     50.281555
     50   1      2   8   0    12  0.097286      73.598       55.6       54.2      1.581  0.049796  0.070578  0.782307  1.285918     24.407520
     51   1      6   4   4    24  0.097286      73.598       48.7       47.4      1.384  0.049796  0.070578  0.782307  1.285918     48.815041
     52   1      8   2   0    12  0.097286      73.598       92.7       90.3      2.636  0.049796  0.070578  0.782307  1.285918     24.407520
     53   1      5   6   3    24  0.098166      74.855      108.2      108.2      1.541  0.050048  0.071425  0.784112  1.267415     47.469772
     54   1      6   5   3    24  0.098166      74.855      112.7      112.7      1.605  0.050048  0.071425  0.784112  1.267415     47.469772
     55   1      6   6   0    12  0.099139      76.104        1.7        1.7      0.038  0.050397  0.072287  0.785432  1.249688     23.118452
     56   1      8   2   2    24  0.099139      76.104      136.3      134.9      3.008  0.050397  0.072287  0.785432  1.249688     46.236904
     57   1      3   8   1    24  0.100208      77.347       93.4       96.6      3.365  0.050845  0.073167  0.786277  1.232684     45.108643
     58   1      4   7   3    24  0.100208      77.347       65.5       67.8      2.361  0.050845  0.073167  0.786277  1.232684     45.108643
     59   1      7   4   3    24  0.100208      77.347       66.7       69.0      2.403  0.050845  0.073167  0.786277  1.232684     45.108643
     60   1      8   3   1    24  0.100208      77.347      117.3      121.4      4.227  0.050845  0.073167  0.786277  1.232684     45.108643

   No.  Code     H   K   L  Mult     Hw         2theta      Icalc       Iobs      Sigma      HwG     HwL       ETA       d-hkl        CORR

     61   1      6   6   2    24  0.101373      78.583      772.5      789.9     17.807  0.051393  0.074063  0.786657  1.216357     44.078049
     62   1      7   5   2    24  0.102637      79.814        5.7       11.6     11.635  0.052042  0.074978  0.786586  1.200661     43.138966
     63   1      5   7   2    24  0.102637      79.814        0.7        1.5      1.479  0.052042  0.074978  0.786586  1.200661     43.138966
     64   1      4   8   0    12  0.104002      81.041      246.4      263.8     18.711  0.052793  0.075912  0.786079  1.185558     21.142967
     65   1      8   4   0    12  0.104002      81.041      246.0      263.3     18.680  0.052793  0.075912  0.786079  1.185558     21.142967
     66   1      8   3   3    24  0.105468      82.263      102.3      102.9      2.575  0.053647  0.076867  0.785152  1.171011     41.514099
     67   1      4   8   2    24  0.107037      83.482       64.7       63.0      2.212  0.054605  0.077843  0.783824  1.156986     40.819172
     68   1      8   4   2    24  0.107037      83.482       53.3       51.9      1.823  0.054605  0.077843  0.783824  1.156986     40.819172
     69   1      2   9   1    24  0.108712      84.698        2.8        2.8      0.040  0.055668  0.078842  0.782115  1.143454     40.197304
     70   1      6   5   5    24  0.108712      84.698      135.3      134.7      1.934  0.055668  0.078842  0.782115  1.143454     40.197304
     71   1      6   7   1    24  0.108712      84.698       55.7       55.5      0.796  0.055668  0.078842  0.782115  1.143454     40.197304
     72   1      7   6   1    24  0.108712      84.698       37.6       37.5      0.538  0.055668  0.078842  0.782115  1.143454     40.197304
     73   1      9   2   1    24  0.108712      84.698        8.4        8.4      0.120  0.055668  0.078842  0.782115  1.143454     40.197304
     74   1      6   6   4    24  0.110494      85.911       21.7       19.8      2.637  0.056835  0.079865  0.780044  1.130385     39.645111
     75   1      5   8   1    24  0.112385      87.123       81.0       80.6      1.238  0.058108  0.080914  0.777634  1.117755     39.159592
     76   1      7   5   4    24  0.112385      87.123       43.4       43.2      0.663  0.058108  0.080914  0.777634  1.117755     39.159592
     77   1      8   5   1    24  0.112385      87.123       53.6       53.4      0.820  0.058108  0.080914  0.777634  1.117755     39.159592
     78   1      5   7   4    24  0.112385      87.123       68.3       68.0      1.044  0.058108  0.080914  0.777634  1.117755     39.159599
     79   1      3   9   2    24  0.116502      89.543       12.0       12.1      0.166  0.060973  0.083092  0.771876  1.093714     38.378414
     80   1      6   7   3    24  0.116502      89.543      111.8      112.2      1.543  0.060973  0.083092  0.771876  1.093714     38.378414
     81   1      7   6   3    24  0.116502      89.543      135.2      135.6      1.865  0.060973  0.083092  0.771876  1.093714     38.378414
     82   1      9   3   2    24  0.116502      89.543       14.6       14.7      0.202  0.060973  0.083092  0.771876  1.093714     38.378414
     83   1      8   4   4    24  0.118734      90.752      572.2      589.4     17.630  0.062567  0.084226  0.768571  1.082261     38.078453
     84   1      4   9   1    24  0.121085      91.962       23.4       24.4      1.063  0.064269  0.085391  0.765010  1.071161     37.836529
     85   1      5   8   3    24  0.121085      91.962       72.8       76.0      3.305  0.064269  0.085391  0.765010  1.071161     37.836529
     86   1      8   5   3    24  0.121085      91.962      120.8      126.1      5.484  0.064269  0.085391  0.765010  1.071161     37.836529
     87   1      9   4   1    24  0.121085      91.962       46.5       48.5      2.110  0.064269  0.085391  0.765010  1.071161     37.836529
     88   1      6   8   0    12  0.123557      93.172       13.3       13.0      0.390  0.066083  0.086589  0.761214  1.060395     18.825603
     89   1      8   6   0    12  0.123557      93.172      117.9      114.9      3.445  0.066083  0.086589  0.761214  1.060395     18.825603
     90   1     10   0   0     6  0.123557      93.172       38.8       37.8      1.134  0.066083  0.086589  0.761214  1.060395      9.412802
     91   1      7   7   2    24  0.126156      94.384       43.1       47.9      5.317  0.068008  0.087823  0.757201  1.049948     37.521301
     92   1     10   1   1    24  0.126156      94.384       41.7       46.4      5.144  0.068008  0.087823  0.757201  1.049948     37.521301
     93   1      2  10   0    12  0.128884      95.598       64.6       63.4      1.246  0.070047  0.089094  0.752991  1.039803     18.722931
     94   1      6   8   2    24  0.128884      95.598      221.7      217.7      4.279  0.070047  0.089094  0.752991  1.039803     37.445862
     95   1      8   6   2    24  0.128884      95.598       23.1       22.7      0.447  0.070047  0.089094  0.752991  1.039803     37.445862
     96   1     10   2   0    12  0.128884      95.598       79.9       78.5      1.543  0.070047  0.089094  0.752991  1.039803     18.722931
     97   1      4   9   3    24  0.131747      96.815       66.2       70.5      4.678  0.072202  0.090406  0.748602  1.029947     37.424164
     98   1      9   4   3    24  0.131747      96.815       33.3       35.4      2.353  0.072202  0.090406  0.748602  1.029947     37.424164
     99   1      6   6   6     8  0.134748      98.034       88.7       91.9      3.243  0.074477  0.091760  0.744050  1.020366     12.485251
    100   1     10   2   2    24  0.134748      98.034      412.4      427.0     15.067  0.074477  0.091760  0.744050  1.020366     37.455753
    101   1      3  10   1    24  0.137894      99.258       59.2       57.7      1.572  0.076875  0.093159  0.739352  1.011047     37.540367
    102   1      5   9   2    24  0.137894      99.258       27.5       26.8      0.731  0.076875  0.093159  0.739352  1.011047     37.540367
    103   1      6   7   5    24  0.137894      99.258       79.9       77.8      2.122  0.076875  0.093159  0.739352  1.011047     37.540367
    104   1      7   6   5    24  0.137894      99.258       93.1       90.6      2.470  0.076875  0.093159  0.739352  1.011047     37.540367
    105   1      9   5   2    24  0.137894      99.258       37.8       36.8      1.004  0.076875  0.093159  0.739352  1.011047     37.540367
    106   1     10   3   1    24  0.137894      99.258       59.5       57.9      1.578  0.076875  0.093159  0.739352  1.011047     37.540367

     -----------------------------------------------------
     BRAGG R-Factors and weight fractions for Pattern #  1
     -----------------------------------------------------

 => Phase:  1     O3 Y2
 => Bragg R-factor:   2.92       Vol: 1192.349( 0.012)  Fract(%):  100.00( 0.32)
 => Rf-factor=  2.21             ATZ:        3613.046   Brindley:  1.0000

     -----------------------------------------------------------------
      SYMBOLIC NAMES AND FINAL VALUES AND SIGMA OF REFINED PARAMETERS:
     -----------------------------------------------------------------

      ->  Parameter number    1 :       Scale_ph1_pat1    0.10206787E-03( +/-    0.23449846E-06 )
      ->  Parameter number    2 :           SySin_pat1    0.71954988E-01( +/-    0.15908079E-02 )
      ->  Parameter number    3 :            Zero_pat1   -0.56597609E-01( +/-    0.58955915E-03 )
      ->  Parameter number    4 :           Bck_0_pat1     586.82373    ( +/-     1.3240492     )
      ->  Parameter number    5 :           Bck_1_pat1    -60.564617    ( +/-     3.4487417     )
      ->  Parameter number    6 :      Cell_A_ph1_pat1     10.603953    ( +/-    0.59679896E-04 )
      ->  Parameter number    7 :      W-Cagl_ph1_pat1    0.10521890E-01( +/-    0.26129876E-03 )
      ->  Parameter number    8 :           Bck_2_pat1     41.204189    ( +/-     6.5396442     )
      ->  Parameter number    9 :           Bck_4_pat1    -9.4772549    ( +/-     2.5843215     )
      ->  Parameter number   10 :      V-Cagl_ph1_pat1   -0.22683565E-01( +/-    0.85276936E-03 )
      ->  Parameter number   11 :      U-Cagl_ph1_pat1    0.15951186E-01( +/-    0.67506044E-03 )
      ->  Parameter number   12 :       Asym2_ph1_pat1   -0.97488081E-02( +/-    0.78858128E-02 )
      ->  Parameter number   13 :       Asym4_ph1_pat1    0.70443124E-01( +/-    0.17552258E-01 )
      ->  Parameter number   14 :       Y-cos_ph1_pat1    0.42429760E-01( +/-    0.87983580E-03 )
      ->  Parameter number   15 :       X-tan_ph1_pat1    0.23525689E-01( +/-    0.24023496E-02 )
      ->  Parameter number   16 :       Bover_ph1_pat1   -0.28713420    ( +/-     4.8601155     )
      ->  Parameter number   17 :          Biso_Y1_ph1    0.62576097    ( +/-     4.8602123     )
      ->  Parameter number   18 :          Biso_Y2_ph1    0.64212787    ( +/-     4.8601251     )
      ->  Parameter number   19 :          Biso_O1_ph1    0.32604556E-02( +/-     4.8604541     )

 ------------------------------------------------------------------
 => Number of bytes for floating point variables: 4
 => Dimensions of dynamic allocated arrays in this run of FullProf:
 ------------------------------------------------------------------

 => Total approximate array memory (dynamic + static): 127111993 bytes

    MaxPOINT=    60000 Max.num. of points(+int. Inten.)/diffraction pattern       
    MaxREFLT=    20000 Max.num. of reflections/diffraction pattern               
    MaxPARAM=      300 Max.num. of refinable parameters                          
    MaxOVERL=    18096 Max.num. of overlapping reflections                       

 ----------------------------------------------------------
 => Number of bytes for floating point arrays: 4
 => Dimensions of fixed arrays in this release of FullProf:
 ----------------------------------------------------------

    NPATT   =       80 Max.num. of powder diffraction patterns                    
    NATS    =      830 Max.num. of atoms (all kind) in asymmetric unit            
    MPAR    =     1800 Max.num. of non atomic parameters/phase                    
    IEXCL   =       30 Max.num. of excluded regions                               
    IBACP   =      277 Max.num. of background points for interpolation            
    NPHT    =       16 Max.num. of phases                                         
    NMAGM   =        8 Max.num. of rotation-matrices sets for magnetic structure  
    NBASIS  =       12 Max.num. of basis functions associated to a single atom    
    NIREPS  =        9 Max.num. of irreducible representations to be combined     
    N_EQ    =      384 Max.num. of user-supplied symmetry operators/propagation vectors
    NGL     =      300 Max.num. of global parameters/diffraction pattern          
    N_LINC  =       30 Max.num. of global linear restraints                        
    NAT_P   =       64 Max.num. of atomic parameters per atom                     
    NCONST  =      500 Max.num. of slack constraints per phase                    
    N_SPE   =       16 Max.num. of different chemical species                     
    N_FORM  =       60 Max.num. of scattering factor values in a table            
    NPR     =      150 Max.num. of points defining a numerical profile            
    INPR    =       25 Max.num. of different numerical peak shapes                
    NPRC    =      150 Max.num. of terms in the table for correcting intensities  
    NSOL    =       10 Max.num. of solutions to be stored in Montecarlo searchs   

 
              CPU Time:     1.023 seconds
                            0.017 minutes

 => Run finished at:     Date: 10/06/2024  Time: 19:03:57.685                              
