

        **********************************************************
        ** PROGRAM FullProf.2k (Version 5.90 - Dec2016-ILL JRC) **
        **********************************************************
                       M U L T I -- P A T T E R N                 
            Rietveld, Profile Matching & Integrated Intensity     
                 Refinement of X-ray and/or Neutron Data


    Date: 10/06/2024  Time: 18:44:49.934                              

 => PCR file code: Y2O3
 => DAT file code: Y2O3.dat             -> Relative contribution: 1.0000                                                            

 ==> CONDITIONS OF THIS RUN FOR PATTERN No.:  1

 => Global Refinement of X-ray powder diffraction data                                                                              
 => Global Refinement of X-ray powder diffraction data                                                                              
    Bragg-Brentano(X-rays) or Debye-Scherrer geometry(Neutrons)
 => Title:   O3 Y2

 => Number of phases:    1
 => Number of excluded regions:    2
 => Number of scattering factors supplied:    0
 => March-Dollase model for preferred orientation
 => Conventional weights: w=1.0/Variance(yobs)
 => Asymmetry correction as in J.Appl.Cryst. 26,128(1993)
 => Background refined by polynomial function
 => The    5th default profile function was selected
 => Pseudo-Voigt function (ETA variable)
                 X-parameter correspond to: ETA=ETA0+X*2theta
                       pV(x)= ETA*L(x)+(1-ETA)*G(x)

 ==> INPUT/OUTPUT OPTIONS:

 => Generate file *.PRF for plot
 => Output Integrated Intensities
 => Generate new input file *.PCR

 => X-Y type of data: 2theta/TOF/E(Kev) Intens sigma for pattern:  1
 => Plot pattern at each cycle
 => Wavelengths:  1.54056 1.54439
 => Alpha2/Alpha1 ratio:   0.5000
 => Cos(Monochromator angle)=   0.9100
 => Asymmetry correction for angles lower than   60.000 degrees
 => Absorption correction (AC), muR-eff =   0.0000  0.0000
 => Base of peaks: 2.0*HW*    8.00

 => Number of cycles:   10
 => Relaxation factors ==>    for coordinates:  1.00
 => for anisotropic temperature factors:  1.00
 => for halfwidth/strain/size parameters:  1.00
 => for lattice constants and propagation vectors:  1.00
 => EPS-value for convergence:    0.1

 => Excluded regions for Pattern#  1
    From     to
      1.0000     20.0000
    100.0000    160.0000

 => Number of Least-Squares parameters varied:     6

 =>--------------------------->
 =>------->  PATTERN number:  1
 =>--------------------------->
 => Global parameters and codes ==>
 => Zero-point:    -0.0598   31.0000
 => Background parameters and codes ==>
 => Origin of polynomial at 2theta/TOF/E(KeV):   40.000  
  658.86     -36.246      0.0000      0.0000      0.0000      0.0000    
       41.00       51.00        0.00        0.00        0.00        0.00
 => Displacement peak-shift parameter and code:     0.00    0.00
 => Transparency peak-shift parameter and code:     0.11   21.00

 => Reading Intensity data  =>>

 -> No recognizable heading in input data file X,Y,sigma
    First 6 lines are considered as COMMENTS (except for TSAMP keyword)
 -> COMMENT:   3.000    1643.000                                                                                                                 
 -> COMMENT:   3.020    1571.000                                                                                                                 
 -> COMMENT:   3.040    1569.000                                                                                                                 
 -> COMMENT:   3.060    1619.000                                                                                                                 
 -> COMMENT:   3.080    1554.000                                                                                                                 
 -> COMMENT:   3.100    1531.000                                                                                                                 
 ==> Angular range, step and number of points:
     2Thmin:       3.120000  2Thmax:     150.000000  Step:       0.020004  No. of points:   7345
 --------------------------------------------------------------------------------
 => Phase  No. 1
      O3 Y2                                                                 
 --------------------------------------------------------------------------------
 =>-------> Pattern#  1
 => Crystal Structure Refinement
 => The    7th profile function was selected for phase no.  1
 => Preferred orientation vector:   0.0000  0.0000  1.0000

 =>-------> Data for PHASE: 1
 => Number of atoms:    3
 => Number of distance  constraints:    0
 => Number of angle     constraints:    0

 => Symmetry information on space group: I a -3              
 -> The multiplicity of the general position is:  48
 -> The space group is Centric (-1 at origin)   
 -> Lattice type  I: { 000; 1/2 1/2 1/2 }+                         
 -> Reduced set of symmetry operators:

  No.  IT   Symmetry symbol    Rotation part     Associated Translation
   1: ( 1)   1            -->     ( x, y, z) + {  0.0000  0.0000  0.0000}
   2: ( 4)   2 ( x, 0, 0) -->     ( x,-y,-z) + {  0.5000  0.5000  0.0000}
   3: ( 3)   2 ( 0, y, 0) -->     (-x, y,-z) + {  0.0000  0.5000  0.5000}
   4: ( 2)   2 ( 0, 0, z) -->     (-x,-y, z) + {  0.5000  0.0000  0.5000}
   5: ( 9)  3- ( x, x, x) -->     ( y, z, x) + {  0.0000  0.0000  0.0000}
   6: (12)  3- (-x, x,-x) -->     (-y,-z, x) + {  0.5000  0.0000  0.5000}
   7: (11)  3- (-x,-x, x) -->     ( y,-z,-x) + {  0.5000  0.5000  0.0000}
   8: (10)  3- ( x,-x,-x) -->     (-y, z,-x) + {  0.0000  0.5000  0.5000}
   9: ( 5)  3+ ( x, x, x) -->     ( z, x, y) + {  0.0000  0.0000  0.0000}
  10: ( 8)  3+ (-x,-x, x) -->     (-z, x,-y) + {  0.0000  0.5000  0.5000}
  11: ( 7)  3+ ( x,-x,-x) -->     (-z,-x, y) + {  0.5000  0.0000  0.5000}
  12: ( 6)  3+ (-x, x,-x) -->     ( z,-x,-y) + {  0.5000  0.5000  0.0000}


        Information on Space Group: 
        --------------------------- 

 =>   Number of Space group: 206
 =>  Hermann-Mauguin Symbol: I a -3
 =>             Hall Symbol: -I 2b 2c 3
 =>            Setting Type: IT (Generated from Hermann-Mauguin symbol)
 =>          Crystal System: Cubic
 =>              Laue Class: m-3
 =>             Point Group: m-3
 =>         Bravais Lattice: I
 =>          Lattice Symbol: cI
 =>  Reduced Number of S.O.:  12
 =>    General multiplicity:  48
 =>          Centrosymmetry: Centric (-1 at origin)
 =>  Generators (exc. -1&L):   3
 =>         Asymmetric unit:  0.000 <= x <=  0.500
                              0.000 <= y <=  0.500
                              0.000 <= z <=  0.250

 => List of S.O. without inversion and lattice centring translations
 => SYMM(  1): x,y,z                               => SYMM(  2): x+1/2,-y+1/2,-z
 => SYMM(  3): -x,y+1/2,-z+1/2                     => SYMM(  4): -x+1/2,-y,z+1/2
 => SYMM(  5): y,z,x                               => SYMM(  6): -y+1/2,-z,x+1/2
 => SYMM(  7): y+1/2,-z+1/2,-x                     => SYMM(  8): -y,z+1/2,-x+1/2
 => SYMM(  9): z,x,y                               => SYMM( 10): -z,x+1/2,-y+1/2
 => SYMM( 11): -z+1/2,-x,y+1/2                     => SYMM( 12): z+1/2,-x+1/2,-y


 => Initial parameters ==>
 Atom    Ntyp                  X         Y         Z         B         occ.         in  fin  Spc  Mult
                             B11       B22       B33       B12       B13       B23
 Y1     Y                  0.25000   0.25000   0.25000   0.00000   0.16667           0    0    0    8
                 Codes:    0.00000   0.00000   0.00000   0.00000   0.00000
                 Betas:    0.00000   0.00000   0.00000   0.00000   0.00000   0.00000
                 Codes:    0.00000   0.00000   0.00000   0.00000   0.00000   0.00000
 Y2     Y                  0.96730   0.00000   0.25000   0.00000   0.50000           0    0    0   24
                 Codes:    0.00000   0.00000   0.00000   0.00000   0.00000
                 Betas:    0.00000   0.00000   0.00000   0.00000   0.00000   0.00000
                 Codes:    0.00000   0.00000   0.00000   0.00000   0.00000   0.00000
 O1     O                  0.39150   0.15380   0.38000   0.00000   1.00000           0    0    0   48
                 Codes:    0.00000   0.00000   0.00000   0.00000   0.00000
                 Betas:    0.00000   0.00000   0.00000   0.00000   0.00000   0.00000
                 Codes:    0.00000   0.00000   0.00000   0.00000   0.00000   0.00000

 => IT IS ASSUMED THAT THE FIRST GIVEN SITE IS FULLY OCCUPIED 
    OR THE FIRST AND SECOND ATOMS ARE IN THE SAME SITE WITH TOTAL FULL OCCUPATION
  (If this is not the case, change the order of atoms to obtain correct values for the content of the unit cell)
    The given occupation factors have been obtained mutiplying m/M by   1.0000
      -> Atom: Y   ,  Chemical element: Y   Atomic Mass:    88.9059
      -> Atom: Y   ,  Chemical element: Y   Atomic Mass:    88.9059
      -> Atom: O   ,  Chemical element: O   Atomic Mass:    15.9994
 => The given value of ATZ is       3613.05 the program has calculated:        3613.05
    The value of ATZ given in the input PCR file will be used for quantitative analysis
 => The chemical content of the unit cell is: 
       8.0000 Y    +  23.9995 Y    +  47.9990 O      
 => The normalized site occupation numbers in % are: 
     100.0000 Y1     :       99.9980 Y2     :       99.9980 O1       
 => The density (volumic mass) of the compound is:    5.026 g/cm3

 =>-------> PROFILE PARAMETERS FOR PATTERN:  1

 => Overall scale factor:   0.704890E-04
 => ETA (p-Voigt) OR M (Pearson VII):   0.0000
 => Overall temperature factor:      0.00000
 => Halfwidth U,V,W:      0.00413    -0.00762     0.00625
 => X and Y parameters:       0.0190      0.0000
 => Direct cell parameters:   10.6080  10.6080  10.6080  90.0000  90.0000  90.0000
 => Preferred orientation parameters:   1.0000  0.0000
 => Asymmetry parameters     :      0.00000     0.00000     0.00000     0.00000
 => Strain parameters        :      0.00000     0.00000     0.00000
 => Size   parameters        :      0.00000     0.00000
 => Further shape parameters (S_L and D_L):   0.00000   0.00000
    S_L is source width/detector distance
    D_L is detector width/detector distance

 ==> CODEWORDS FOR PROFILE PARAMETERS of PATTERN#  1

 => Overall scale factor:   11.000
 => ETA (p-Voigt) OR M (Pearson VII):    0.000
 => Overall temperature factor:    0.000
 => Halfwidth U,V,W:    0.000   0.000   0.000
 => X and Y parameters:    0.000   0.000
 => Direct cell parameters:   61.000  61.000  61.000   0.000   0.000   0.000
 => Preferred orientation parameters:    0.000   0.000
 => Asymmetry parameters     :    0.000   0.000   0.000   0.000
 => Strain parameters        :    0.000   0.000   0.000
 => Size   parameters        :    0.000   0.000

 => Cell constraints according to Laue symmetry: m-3  

        Metric information:
        -------------------

 => Direct cell parameters:

         a =      10.6080      b =      10.6080      c =      10.6080
     alpha =       90.000   beta =       90.000  gamma =       90.000
                        Direct Cell Volume =    1193.7014

 => Reciprocal cell parameters:

         a*=     0.094269      b*=     0.094269      c*=     0.094269
     alpha*=       90.000   beta*=       90.000  gamma*=       90.000
                    Reciprocal Cell Volume =   0.00083773

 => Direct and Reciprocal Metric Tensors:

                   GD                                       GR
    112.5288      0.0000      0.0000          0.008887    0.000000    0.000000
      0.0000    112.5288      0.0000          0.000000    0.008887    0.000000
      0.0000      0.0000    112.5288          0.000000    0.000000    0.008887

 =>  Cartesian frame: x // a; y is in the ab-plane; z is x ^ y   

     Crystal_to_Orthonormal_Matrix              Orthonormal_to_Crystal Matrix
              Cr_Orth_cel                               Orth_Cr_cel  
     10.6080      0.0000      0.0000          0.094269   -0.000000   -0.000000
      0.0000     10.6080      0.0000          0.000000    0.094269   -0.000000
      0.0000      0.0000     10.6080          0.000000    0.000000    0.094269

     Busing-Levy B-matrix: Hc=B.H            Inverse of the Busing-Levy B-matrix
                BL_M                                      BL_Minv  
    0.094269    0.000000    0.000000           10.6080     -0.0000     -0.0000
    0.000000    0.094269   -0.000000            0.0000     10.6080      0.0000
    0.000000    0.000000    0.094269            0.0000      0.0000     10.6080

 => Laue symmetry m-3   will be used to generate HKL for pattern#   1
 => Reflections generated between S(1/d)min:  0.0353 A-1 and S(1/d)max:  1.2568 A-1
 =>                                    dmax: 28.3647 A   and      dmin:  0.7957 A
 => The number of reflections generated is:    208
 => The max. scatt. variable (gen.ref.) is:       150.9808
 => Scattering coefficients from internal table


 => X-ray scattering coeff. (A1, B1, A2,...C, f(0), Z, Dfp,Dfpp)

 Y      17.7760   1.4029  10.2946  12.8006   5.7263   0.1256   3.2659 104.3540   1.9121  38.9749  39.0000  -0.3860   2.0250
 O       3.0485  13.2771   2.2868   5.7011   1.5463   0.3239   0.8670  32.9089   0.2508   7.9994   8.0000   0.0470   0.0320

     --------------------------------------------------------------
      SYMBOLIC NAMES AND INITIAL VALUES OF PARAMETERS TO BE VARIED:
     --------------------------------------------------------------

      ->  Parameter number    1   -> Symbolic Name:       Scale_ph1_pat1    0.70488997E-04
      ->  Parameter number    2   -> Symbolic Name:           SySin_pat1    0.11072000    
      ->  Parameter number    3   -> Symbolic Name:            Zero_pat1   -0.59820000E-01
      ->  Parameter number    4   -> Symbolic Name:           Bck_0_pat1     658.85999    
      ->  Parameter number    5   -> Symbolic Name:           Bck_1_pat1    -36.245998    
      ->  Parameter number    6   -> Symbolic Name:      Cell_A_ph1_pat1     10.607961    
  
 
 => No optimization for routine tasks
 ++++++++++++++++++++++++++++++++++++++++++++++++++++++++++++++++++++++++++++++++++++++++++++++++++++++++++++++++++++++++

 => CYCLE No.:    1
 ---------------------------------------------------------------------------------------
 => Phase  1 Name: O3 Y2                                                                 
 ---------------------------------------------------------------------------------------
 => New parameters, shifts, and standard deviations

 Atom        x       dx      sx       y       dy      sy       z       dz      sz       B       dB      sB      occ.    docc.   socc.

 Y1       0.25000 0.00000 0.00000  0.25000 0.00000 0.00000  0.25000 0.00000 0.00000  0.00000 0.00000 0.00000  0.16667 0.00000 0.00000
 Y2       0.96730 0.00000 0.00000  0.00000 0.00000 0.00000  0.25000 0.00000 0.00000  0.00000 0.00000 0.00000  0.50000 0.00000 0.00000
 O1       0.39150 0.00000 0.00000  0.15380 0.00000 0.00000  0.38000 0.00000 0.00000  0.00000 0.00000 0.00000  1.00000 0.00000 0.00000

 Atom         B11      DB11      SB11       B22      DB22      SB22       B33      DB33      SB33
              B12      DB12      SB12       B13      DB13      SB13       B23      DB23      SB23
 Y1      0.000000  0.000000  0.000000  0.000000  0.000000  0.000000  0.000000  0.000000  0.000000
         0.000000  0.000000  0.000000  0.000000  0.000000  0.000000  0.000000  0.000000  0.000000
 Y2      0.000000  0.000000  0.000000  0.000000  0.000000  0.000000  0.000000  0.000000  0.000000
         0.000000  0.000000  0.000000  0.000000  0.000000  0.000000  0.000000  0.000000  0.000000
 O1      0.000000  0.000000  0.000000  0.000000  0.000000  0.000000  0.000000  0.000000  0.000000
         0.000000  0.000000  0.000000  0.000000  0.000000  0.000000  0.000000  0.000000  0.000000

 ==> PROFILE PARAMETERS FOR PATTERN#  1

 => Overall scale factor:      0.000070601     0.000000112     0.000000669
 => Eta(p-Voigt) or m(Pearson VII):   0.000000  0.000000  0.000000
 => Overall tem. factor:     0.000000    0.000000    0.000000
 => Halfwidth parameters: 
         0.004133    0.000000    0.000000
        -0.007618    0.000000    0.000000
         0.006255    0.000000    0.000000
 => Cell parameters: 
       10.607119   -0.000842    0.000167
       10.607119   -0.000842    0.000167
       10.607119   -0.000842    0.000167
       90.000000    0.000000    0.000000
       90.000000    0.000000    0.000000
       90.000000    0.000000    0.000000
 => Preferred orientation: 
         1.000000    0.000000    0.000000
         0.000000    0.000000    0.000000
 => Asymmetry parameters: 
         0.000000    0.000000    0.000000
         0.000000    0.000000    0.000000
         0.000000    0.000000    0.000000
         0.000000    0.000000    0.000000
 => X and Y parameters: 
         0.018961    0.000000    0.000000
         0.000000    0.000000    0.000000
 => Strain parameters: 
         0.000000    0.000000    0.000000
         0.000000    0.000000    0.000000
         0.000000    0.000000    0.000000
 => Size   parameters (G,L): 
         0.000000    0.000000    0.000000
         0.000000    0.000000    0.000000
 => Further shape parameters (S_L and D_L): 
       0.000000  0.000000  0.000000
       0.000000  0.000000  0.000000

 ==> GLOBAL PARAMETERS FOR PATTERN#  1


 => Zero-point:    -0.0527    0.0071    0.0021
 => Background Polynomial Parameters ==>
       658.82    -0.36835E-01  6.6186    
      -36.309    -0.62801E-01  8.7060    
       0.0000      0.0000      0.0000    
       0.0000      0.0000      0.0000    
       0.0000      0.0000      0.0000    
       0.0000      0.0000      0.0000    

 => Cos( theta)-shift parameter :   0.0000  0.0000  0.0000
 => Sin(2theta)-shift parameter :   0.0994 -0.0113  0.0049

 ==> RELIABILITY FACTORS WITH ALL NON-EXCLUDED POINTS FOR PATTERN:  1

 => R-Factors:   20.4      28.1     Chi2:  95.0     DW-Stat.:  0.3135   Patt#:  1
 => Expected :            2.88                                1.9048
 => Deviance : 0.642E+06     Dev*:   160.7    
 => GoF-index:  9.7         Sqrt(Residual/N)
 => N-P+C:  3993

 =>    SumYdif       SumYobs      SumYcal      SumwYobsSQ     Residual    Condition
     0.9807E+06    0.4798E+07    0.4420E+07    0.4798E+07    0.3793E+06    0.4458E+17


 => Conventional Rietveld Rp,Rwp,Re and Chi2:   43.9      43.8      4.49      94.99    
 => (Values obtained using Ynet, but true sigma(y))
 =>  SumYnet, Sum(w Ynet**2):     0.2236E+07    0.1977E+07


 ==> RELIABILITY FACTORS FOR POINTS WITH BRAGG CONTRIBUTIONS FOR PATTERN:  1

 => R-Factors:   22.4      30.3     Chi2:  136.     DW-Stat.:  0.3229   Patt#:
 => Expected :            2.59                                1.8849
 => Deviance : 0.631E+06     Dev*:   233.8    
 => GoF-index:  12.         Sqrt(Residual/N)
 => N-P+C:  2700

 =>    SumYdif       SumYobs      SumYcal      SumwYobsSQ     Residual    Condition
     0.8998E+06    0.4017E+07    0.3577E+07    0.4017E+07    0.3683E+06    0.4458E+17


 => Conventional Rietveld Rp,Rwp,Re and Chi2:   39.2      43.3      3.71      136.4    
 => (Values obtained using Ynet, but true sigma(y))
 =>  SumYnet, Sum(w Ynet**2):     0.2297E+07    0.1966E+07


 => Global user-weigthed Chi2 (Bragg contrib.):   140.    

 => ---------> Pattern#  1
 => Phase:  1
 =>    Bragg R-factor:  22.7    
 =>    RF-factor     :  10.5    
 ++++++++++++++++++++++++++++++++++++++++++++++++++++++++++++++++++++++++++++++++++++++++++++++++++++++++++++++++++++++++

 => CYCLE No.:    2
 ---------------------------------------------------------------------------------------
 => Phase  1 Name: O3 Y2                                                                 
 ---------------------------------------------------------------------------------------
 => New parameters, shifts, and standard deviations

 Atom        x       dx      sx       y       dy      sy       z       dz      sz       B       dB      sB      occ.    docc.   socc.

 Y1       0.25000 0.00000 0.00000  0.25000 0.00000 0.00000  0.25000 0.00000 0.00000  0.00000 0.00000 0.00000  0.16667 0.00000 0.00000
 Y2       0.96730 0.00000 0.00000  0.00000 0.00000 0.00000  0.25000 0.00000 0.00000  0.00000 0.00000 0.00000  0.50000 0.00000 0.00000
 O1       0.39150 0.00000 0.00000  0.15380 0.00000 0.00000  0.38000 0.00000 0.00000  0.00000 0.00000 0.00000  1.00000 0.00000 0.00000

 Atom         B11      DB11      SB11       B22      DB22      SB22       B33      DB33      SB33
              B12      DB12      SB12       B13      DB13      SB13       B23      DB23      SB23
 Y1      0.000000  0.000000  0.000000  0.000000  0.000000  0.000000  0.000000  0.000000  0.000000
         0.000000  0.000000  0.000000  0.000000  0.000000  0.000000  0.000000  0.000000  0.000000
 Y2      0.000000  0.000000  0.000000  0.000000  0.000000  0.000000  0.000000  0.000000  0.000000
         0.000000  0.000000  0.000000  0.000000  0.000000  0.000000  0.000000  0.000000  0.000000
 O1      0.000000  0.000000  0.000000  0.000000  0.000000  0.000000  0.000000  0.000000  0.000000
         0.000000  0.000000  0.000000  0.000000  0.000000  0.000000  0.000000  0.000000  0.000000

 ==> PROFILE PARAMETERS FOR PATTERN#  1

 => Overall scale factor:      0.000070553    -0.000000048     0.000000671
 => Eta(p-Voigt) or m(Pearson VII):   0.000000  0.000000  0.000000
 => Overall tem. factor:     0.000000    0.000000    0.000000
 => Halfwidth parameters: 
         0.004133    0.000000    0.000000
        -0.007618    0.000000    0.000000
         0.006255    0.000000    0.000000
 => Cell parameters: 
       10.606411   -0.000708    0.000168
       10.606411   -0.000708    0.000168
       10.606411   -0.000708    0.000168
       90.000000    0.000000    0.000000
       90.000000    0.000000    0.000000
       90.000000    0.000000    0.000000
 => Preferred orientation: 
         1.000000    0.000000    0.000000
         0.000000    0.000000    0.000000
 => Asymmetry parameters: 
         0.000000    0.000000    0.000000
         0.000000    0.000000    0.000000
         0.000000    0.000000    0.000000
         0.000000    0.000000    0.000000
 => X and Y parameters: 
         0.018961    0.000000    0.000000
         0.000000    0.000000    0.000000
 => Strain parameters: 
         0.000000    0.000000    0.000000
         0.000000    0.000000    0.000000
         0.000000    0.000000    0.000000
 => Size   parameters (G,L): 
         0.000000    0.000000    0.000000
         0.000000    0.000000    0.000000
 => Further shape parameters (S_L and D_L): 
       0.000000  0.000000  0.000000
       0.000000  0.000000  0.000000

 ==> GLOBAL PARAMETERS FOR PATTERN#  1


 => Zero-point:    -0.0491    0.0036    0.0021
 => Background Polynomial Parameters ==>
       658.77    -0.53559E-01  6.6440    
      -36.126     0.18317      8.7383    
       0.0000      0.0000      0.0000    
       0.0000      0.0000      0.0000    
       0.0000      0.0000      0.0000    
       0.0000      0.0000      0.0000    

 => Cos( theta)-shift parameter :   0.0000  0.0000  0.0000
 => Sin(2theta)-shift parameter :   0.0905 -0.0089  0.0049

 ==> RELIABILITY FACTORS WITH ALL NON-EXCLUDED POINTS FOR PATTERN:  1

 => R-Factors:   20.4      28.2     Chi2:  95.7     DW-Stat.:  0.3089   Patt#:  1
 => Expected :            2.88                                1.9048
 => Deviance : 0.662E+06     Dev*:   165.6    
 => GoF-index:  9.8         Sqrt(Residual/N)
 => N-P+C:  3993

 =>    SumYdif       SumYobs      SumYcal      SumwYobsSQ     Residual    Condition
     0.9799E+06    0.4798E+07    0.4422E+07    0.4798E+07    0.3822E+06    0.4462E+17


 => Conventional Rietveld Rp,Rwp,Re and Chi2:   43.8      44.0      4.49      95.71    
 => (Values obtained using Ynet, but true sigma(y))
 =>  SumYnet, Sum(w Ynet**2):     0.2236E+07    0.1977E+07


 ==> RELIABILITY FACTORS FOR POINTS WITH BRAGG CONTRIBUTIONS FOR PATTERN:  1

 => R-Factors:   22.4      30.4     Chi2:  137.     DW-Stat.:  0.3180   Patt#:
 => Expected :            2.59                                1.8849
 => Deviance : 0.651E+06     Dev*:   241.2    
 => GoF-index:  12.         Sqrt(Residual/N)
 => N-P+C:  2700

 =>    SumYdif       SumYobs      SumYcal      SumwYobsSQ     Residual    Condition
     0.8991E+06    0.4017E+07    0.3579E+07    0.4017E+07    0.3712E+06    0.4462E+17


 => Conventional Rietveld Rp,Rwp,Re and Chi2:   39.1      43.5      3.71      137.5    
 => (Values obtained using Ynet, but true sigma(y))
 =>  SumYnet, Sum(w Ynet**2):     0.2298E+07    0.1966E+07


 => Global user-weigthed Chi2 (Bragg contrib.):   142.    

 => ---------> Pattern#  1
 => Phase:  1
 =>    Bragg R-factor:  23.1    
 =>    RF-factor     :  10.6    
 ++++++++++++++++++++++++++++++++++++++++++++++++++++++++++++++++++++++++++++++++++++++++++++++++++++++++++++++++++++++++

 => CYCLE No.:    3
 ---------------------------------------------------------------------------------------
 => Phase  1 Name: O3 Y2                                                                 
 ---------------------------------------------------------------------------------------
 => New parameters, shifts, and standard deviations

 Atom        x       dx      sx       y       dy      sy       z       dz      sz       B       dB      sB      occ.    docc.   socc.

 Y1       0.25000 0.00000 0.00000  0.25000 0.00000 0.00000  0.25000 0.00000 0.00000  0.00000 0.00000 0.00000  0.16667 0.00000 0.00000
 Y2       0.96730 0.00000 0.00000  0.00000 0.00000 0.00000  0.25000 0.00000 0.00000  0.00000 0.00000 0.00000  0.50000 0.00000 0.00000
 O1       0.39150 0.00000 0.00000  0.15380 0.00000 0.00000  0.38000 0.00000 0.00000  0.00000 0.00000 0.00000  1.00000 0.00000 0.00000

 Atom         B11      DB11      SB11       B22      DB22      SB22       B33      DB33      SB33
              B12      DB12      SB12       B13      DB13      SB13       B23      DB23      SB23
 Y1      0.000000  0.000000  0.000000  0.000000  0.000000  0.000000  0.000000  0.000000  0.000000
         0.000000  0.000000  0.000000  0.000000  0.000000  0.000000  0.000000  0.000000  0.000000
 Y2      0.000000  0.000000  0.000000  0.000000  0.000000  0.000000  0.000000  0.000000  0.000000
         0.000000  0.000000  0.000000  0.000000  0.000000  0.000000  0.000000  0.000000  0.000000
 O1      0.000000  0.000000  0.000000  0.000000  0.000000  0.000000  0.000000  0.000000  0.000000
         0.000000  0.000000  0.000000  0.000000  0.000000  0.000000  0.000000  0.000000  0.000000

 ==> PROFILE PARAMETERS FOR PATTERN#  1

 => Overall scale factor:      0.000070536    -0.000000017     0.000000672
 => Eta(p-Voigt) or m(Pearson VII):   0.000000  0.000000  0.000000
 => Overall tem. factor:     0.000000    0.000000    0.000000
 => Halfwidth parameters: 
         0.004133    0.000000    0.000000
        -0.007618    0.000000    0.000000
         0.006255    0.000000    0.000000
 => Cell parameters: 
       10.605835   -0.000576    0.000169
       10.605835   -0.000576    0.000169
       10.605835   -0.000576    0.000169
       90.000000    0.000000    0.000000
       90.000000    0.000000    0.000000
       90.000000    0.000000    0.000000
 => Preferred orientation: 
         1.000000    0.000000    0.000000
         0.000000    0.000000    0.000000
 => Asymmetry parameters: 
         0.000000    0.000000    0.000000
         0.000000    0.000000    0.000000
         0.000000    0.000000    0.000000
         0.000000    0.000000    0.000000
 => X and Y parameters: 
         0.018961    0.000000    0.000000
         0.000000    0.000000    0.000000
 => Strain parameters: 
         0.000000    0.000000    0.000000
         0.000000    0.000000    0.000000
         0.000000    0.000000    0.000000
 => Size   parameters (G,L): 
         0.000000    0.000000    0.000000
         0.000000    0.000000    0.000000
 => Further shape parameters (S_L and D_L): 
       0.000000  0.000000  0.000000
       0.000000  0.000000  0.000000

 ==> GLOBAL PARAMETERS FOR PATTERN#  1


 => Zero-point:    -0.0472    0.0019    0.0021
 => Background Polynomial Parameters ==>
       658.74    -0.33117E-01  6.6537    
      -36.055     0.70448E-01  8.7507    
       0.0000      0.0000      0.0000    
       0.0000      0.0000      0.0000    
       0.0000      0.0000      0.0000    
       0.0000      0.0000      0.0000    

 => Cos( theta)-shift parameter :   0.0000  0.0000  0.0000
 => Sin(2theta)-shift parameter :   0.0834 -0.0071  0.0049

 ==> RELIABILITY FACTORS WITH ALL NON-EXCLUDED POINTS FOR PATTERN:  1

 => R-Factors:   20.3      28.3     Chi2:  96.0     DW-Stat.:  0.3064   Patt#:  1
 => Expected :            2.88                                1.9048
 => Deviance : 0.669E+06     Dev*:   167.5    
 => GoF-index:  9.8         Sqrt(Residual/N)
 => N-P+C:  3993

 =>    SumYdif       SumYobs      SumYcal      SumwYobsSQ     Residual    Condition
     0.9763E+06    0.4798E+07    0.4421E+07    0.4798E+07    0.3833E+06    0.4454E+17


 => Conventional Rietveld Rp,Rwp,Re and Chi2:   43.7      44.0      4.49      95.99    
 => (Values obtained using Ynet, but true sigma(y))
 =>  SumYnet, Sum(w Ynet**2):     0.2236E+07    0.1977E+07


 ==> RELIABILITY FACTORS FOR POINTS WITH BRAGG CONTRIBUTIONS FOR PATTERN:  1

 => R-Factors:   22.3      30.4     Chi2:  138.     DW-Stat.:  0.3154   Patt#:
 => Expected :            2.59                                1.8849
 => Deviance : 0.659E+06     Dev*:   243.9    
 => GoF-index:  12.         Sqrt(Residual/N)
 => N-P+C:  2700

 =>    SumYdif       SumYobs      SumYcal      SumwYobsSQ     Residual    Condition
     0.8956E+06    0.4017E+07    0.3578E+07    0.4017E+07    0.3723E+06    0.4454E+17


 => Conventional Rietveld Rp,Rwp,Re and Chi2:   39.0      43.5      3.71      137.9    
 => (Values obtained using Ynet, but true sigma(y))
 =>  SumYnet, Sum(w Ynet**2):     0.2297E+07    0.1966E+07


 => Global user-weigthed Chi2 (Bragg contrib.):   142.    

 => ---------> Pattern#  1
 => Phase:  1
 =>    Bragg R-factor:  23.3    
 =>    RF-factor     :  10.6    
 ++++++++++++++++++++++++++++++++++++++++++++++++++++++++++++++++++++++++++++++++++++++++++++++++++++++++++++++++++++++++

 => CYCLE No.:    4
 ---------------------------------------------------------------------------------------
 => Phase  1 Name: O3 Y2                                                                 
 ---------------------------------------------------------------------------------------
 => New parameters, shifts, and standard deviations

 Atom        x       dx      sx       y       dy      sy       z       dz      sz       B       dB      sB      occ.    docc.   socc.

 Y1       0.25000 0.00000 0.00000  0.25000 0.00000 0.00000  0.25000 0.00000 0.00000  0.00000 0.00000 0.00000  0.16667 0.00000 0.00000
 Y2       0.96730 0.00000 0.00000  0.00000 0.00000 0.00000  0.25000 0.00000 0.00000  0.00000 0.00000 0.00000  0.50000 0.00000 0.00000
 O1       0.39150 0.00000 0.00000  0.15380 0.00000 0.00000  0.38000 0.00000 0.00000  0.00000 0.00000 0.00000  1.00000 0.00000 0.00000

 Atom         B11      DB11      SB11       B22      DB22      SB22       B33      DB33      SB33
              B12      DB12      SB12       B13      DB13      SB13       B23      DB23      SB23
 Y1      0.000000  0.000000  0.000000  0.000000  0.000000  0.000000  0.000000  0.000000  0.000000
         0.000000  0.000000  0.000000  0.000000  0.000000  0.000000  0.000000  0.000000  0.000000
 Y2      0.000000  0.000000  0.000000  0.000000  0.000000  0.000000  0.000000  0.000000  0.000000
         0.000000  0.000000  0.000000  0.000000  0.000000  0.000000  0.000000  0.000000  0.000000
 O1      0.000000  0.000000  0.000000  0.000000  0.000000  0.000000  0.000000  0.000000  0.000000
         0.000000  0.000000  0.000000  0.000000  0.000000  0.000000  0.000000  0.000000  0.000000

 ==> PROFILE PARAMETERS FOR PATTERN#  1

 => Overall scale factor:      0.000070562     0.000000026     0.000000670
 => Eta(p-Voigt) or m(Pearson VII):   0.000000  0.000000  0.000000
 => Overall tem. factor:     0.000000    0.000000    0.000000
 => Halfwidth parameters: 
         0.004133    0.000000    0.000000
        -0.007618    0.000000    0.000000
         0.006255    0.000000    0.000000
 => Cell parameters: 
       10.605371   -0.000464    0.000168
       10.605371   -0.000464    0.000168
       10.605371   -0.000464    0.000168
       90.000000    0.000000    0.000000
       90.000000    0.000000    0.000000
       90.000000    0.000000    0.000000
 => Preferred orientation: 
         1.000000    0.000000    0.000000
         0.000000    0.000000    0.000000
 => Asymmetry parameters: 
         0.000000    0.000000    0.000000
         0.000000    0.000000    0.000000
         0.000000    0.000000    0.000000
         0.000000    0.000000    0.000000
 => X and Y parameters: 
         0.018961    0.000000    0.000000
         0.000000    0.000000    0.000000
 => Strain parameters: 
         0.000000    0.000000    0.000000
         0.000000    0.000000    0.000000
         0.000000    0.000000    0.000000
 => Size   parameters (G,L): 
         0.000000    0.000000    0.000000
         0.000000    0.000000    0.000000
 => Further shape parameters (S_L and D_L): 
       0.000000  0.000000  0.000000
       0.000000  0.000000  0.000000

 ==> GLOBAL PARAMETERS FOR PATTERN#  1


 => Zero-point:    -0.0461    0.0011    0.0021
 => Background Polynomial Parameters ==>
       658.71    -0.31157E-01  6.6365    
      -36.071    -0.15319E-01  8.7282    
       0.0000      0.0000      0.0000    
       0.0000      0.0000      0.0000    
       0.0000      0.0000      0.0000    
       0.0000      0.0000      0.0000    

 => Cos( theta)-shift parameter :   0.0000  0.0000  0.0000
 => Sin(2theta)-shift parameter :   0.0777 -0.0057  0.0049

 ==> RELIABILITY FACTORS WITH ALL NON-EXCLUDED POINTS FOR PATTERN:  1

 => R-Factors:   20.3      28.2     Chi2:  95.5     DW-Stat.:  0.3053   Patt#:  1
 => Expected :            2.88                                1.9048
 => Deviance : 0.666E+06     Dev*:   166.7    
 => GoF-index:  9.8         Sqrt(Residual/N)
 => N-P+C:  3993

 =>    SumYdif       SumYobs      SumYcal      SumwYobsSQ     Residual    Condition
     0.9735E+06    0.4798E+07    0.4421E+07    0.4798E+07    0.3813E+06    0.4446E+17


 => Conventional Rietveld Rp,Rwp,Re and Chi2:   43.5      43.9      4.49      95.50    
 => (Values obtained using Ynet, but true sigma(y))
 =>  SumYnet, Sum(w Ynet**2):     0.2236E+07    0.1977E+07


 ==> RELIABILITY FACTORS FOR POINTS WITH BRAGG CONTRIBUTIONS FOR PATTERN:  1

 => R-Factors:   22.2      30.4     Chi2:  137.     DW-Stat.:  0.3144   Patt#:
 => Expected :            2.59                                1.8849
 => Deviance : 0.656E+06     Dev*:   242.7    
 => GoF-index:  12.         Sqrt(Residual/N)
 => N-P+C:  2700

 =>    SumYdif       SumYobs      SumYcal      SumwYobsSQ     Residual    Condition
     0.8927E+06    0.4017E+07    0.3578E+07    0.4017E+07    0.3703E+06    0.4446E+17


 => Conventional Rietveld Rp,Rwp,Re and Chi2:   38.9      43.4      3.71      137.2    
 => (Values obtained using Ynet, but true sigma(y))
 =>  SumYnet, Sum(w Ynet**2):     0.2297E+07    0.1966E+07


 => Global user-weigthed Chi2 (Bragg contrib.):   141.    

 => ---------> Pattern#  1
 => Phase:  1
 =>    Bragg R-factor:  23.3    
 =>    RF-factor     :  10.6    
 ++++++++++++++++++++++++++++++++++++++++++++++++++++++++++++++++++++++++++++++++++++++++++++++++++++++++++++++++++++++++

 => CYCLE No.:    5
 ---------------------------------------------------------------------------------------
 => Phase  1 Name: O3 Y2                                                                 
 ---------------------------------------------------------------------------------------
 => New parameters, shifts, and standard deviations

 Atom        x       dx      sx       y       dy      sy       z       dz      sz       B       dB      sB      occ.    docc.   socc.

 Y1       0.25000 0.00000 0.00000  0.25000 0.00000 0.00000  0.25000 0.00000 0.00000  0.00000 0.00000 0.00000  0.16667 0.00000 0.00000
 Y2       0.96730 0.00000 0.00000  0.00000 0.00000 0.00000  0.25000 0.00000 0.00000  0.00000 0.00000 0.00000  0.50000 0.00000 0.00000
 O1       0.39150 0.00000 0.00000  0.15380 0.00000 0.00000  0.38000 0.00000 0.00000  0.00000 0.00000 0.00000  1.00000 0.00000 0.00000

 Atom         B11      DB11      SB11       B22      DB22      SB22       B33      DB33      SB33
              B12      DB12      SB12       B13      DB13      SB13       B23      DB23      SB23
 Y1      0.000000  0.000000  0.000000  0.000000  0.000000  0.000000  0.000000  0.000000  0.000000
         0.000000  0.000000  0.000000  0.000000  0.000000  0.000000  0.000000  0.000000  0.000000
 Y2      0.000000  0.000000  0.000000  0.000000  0.000000  0.000000  0.000000  0.000000  0.000000
         0.000000  0.000000  0.000000  0.000000  0.000000  0.000000  0.000000  0.000000  0.000000
 O1      0.000000  0.000000  0.000000  0.000000  0.000000  0.000000  0.000000  0.000000  0.000000
         0.000000  0.000000  0.000000  0.000000  0.000000  0.000000  0.000000  0.000000  0.000000

 ==> PROFILE PARAMETERS FOR PATTERN#  1

 => Overall scale factor:      0.000070609     0.000000047     0.000000668
 => Eta(p-Voigt) or m(Pearson VII):   0.000000  0.000000  0.000000
 => Overall tem. factor:     0.000000    0.000000    0.000000
 => Halfwidth parameters: 
         0.004133    0.000000    0.000000
        -0.007618    0.000000    0.000000
         0.006255    0.000000    0.000000
 => Cell parameters: 
       10.604998   -0.000373    0.000168
       10.604998   -0.000373    0.000168
       10.604998   -0.000373    0.000168
       90.000000    0.000000    0.000000
       90.000000    0.000000    0.000000
       90.000000    0.000000    0.000000
 => Preferred orientation: 
         1.000000    0.000000    0.000000
         0.000000    0.000000    0.000000
 => Asymmetry parameters: 
         0.000000    0.000000    0.000000
         0.000000    0.000000    0.000000
         0.000000    0.000000    0.000000
         0.000000    0.000000    0.000000
 => X and Y parameters: 
         0.018961    0.000000    0.000000
         0.000000    0.000000    0.000000
 => Strain parameters: 
         0.000000    0.000000    0.000000
         0.000000    0.000000    0.000000
         0.000000    0.000000    0.000000
 => Size   parameters (G,L): 
         0.000000    0.000000    0.000000
         0.000000    0.000000    0.000000
 => Further shape parameters (S_L and D_L): 
       0.000000  0.000000  0.000000
       0.000000  0.000000  0.000000

 ==> GLOBAL PARAMETERS FOR PATTERN#  1


 => Zero-point:    -0.0454    0.0007    0.0021
 => Background Polynomial Parameters ==>
       658.67    -0.30768E-01  6.6130    
      -36.108    -0.37521E-01  8.6972    
       0.0000      0.0000      0.0000    
       0.0000      0.0000      0.0000    
       0.0000      0.0000      0.0000    
       0.0000      0.0000      0.0000    

 => Cos( theta)-shift parameter :   0.0000  0.0000  0.0000
 => Sin(2theta)-shift parameter :   0.0731 -0.0046  0.0049

 ==> RELIABILITY FACTORS WITH ALL NON-EXCLUDED POINTS FOR PATTERN:  1

 => R-Factors:   20.2      28.1     Chi2:  94.8     DW-Stat.:  0.3053   Patt#:  1
 => Expected :            2.88                                1.9048
 => Deviance : 0.660E+06     Dev*:   165.2    
 => GoF-index:  9.7         Sqrt(Residual/N)
 => N-P+C:  3993

 =>    SumYdif       SumYobs      SumYcal      SumwYobsSQ     Residual    Condition
     0.9709E+06    0.4798E+07    0.4421E+07    0.4798E+07    0.3786E+06    0.4442E+17


 => Conventional Rietveld Rp,Rwp,Re and Chi2:   43.4      43.8      4.49      94.82    
 => (Values obtained using Ynet, but true sigma(y))
 =>  SumYnet, Sum(w Ynet**2):     0.2236E+07    0.1977E+07


 ==> RELIABILITY FACTORS FOR POINTS WITH BRAGG CONTRIBUTIONS FOR PATTERN:  1

 => R-Factors:   22.2      30.3     Chi2:  136.     DW-Stat.:  0.3144   Patt#:
 => Expected :            2.59                                1.8849
 => Deviance : 0.649E+06     Dev*:   240.5    
 => GoF-index:  12.         Sqrt(Residual/N)
 => N-P+C:  2700

 =>    SumYdif       SumYobs      SumYcal      SumwYobsSQ     Residual    Condition
     0.8901E+06    0.4017E+07    0.3578E+07    0.4017E+07    0.3676E+06    0.4442E+17


 => Conventional Rietveld Rp,Rwp,Re and Chi2:   38.7      43.2      3.71      136.2    
 => (Values obtained using Ynet, but true sigma(y))
 =>  SumYnet, Sum(w Ynet**2):     0.2298E+07    0.1966E+07


 => Global user-weigthed Chi2 (Bragg contrib.):   140.    

 => ---------> Pattern#  1
 => Phase:  1
 =>    Bragg R-factor:  23.1    
 =>    RF-factor     :  10.6    
 ++++++++++++++++++++++++++++++++++++++++++++++++++++++++++++++++++++++++++++++++++++++++++++++++++++++++++++++++++++++++

 => CYCLE No.:    6
 ---------------------------------------------------------------------------------------
 => Phase  1 Name: O3 Y2                                                                 
 ---------------------------------------------------------------------------------------
 => New parameters, shifts, and standard deviations

 Atom        x       dx      sx       y       dy      sy       z       dz      sz       B       dB      sB      occ.    docc.   socc.

 Y1       0.25000 0.00000 0.00000  0.25000 0.00000 0.00000  0.25000 0.00000 0.00000  0.00000 0.00000 0.00000  0.16667 0.00000 0.00000
 Y2       0.96730 0.00000 0.00000  0.00000 0.00000 0.00000  0.25000 0.00000 0.00000  0.00000 0.00000 0.00000  0.50000 0.00000 0.00000
 O1       0.39150 0.00000 0.00000  0.15380 0.00000 0.00000  0.38000 0.00000 0.00000  0.00000 0.00000 0.00000  1.00000 0.00000 0.00000

 Atom         B11      DB11      SB11       B22      DB22      SB22       B33      DB33      SB33
              B12      DB12      SB12       B13      DB13      SB13       B23      DB23      SB23
 Y1      0.000000  0.000000  0.000000  0.000000  0.000000  0.000000  0.000000  0.000000  0.000000
         0.000000  0.000000  0.000000  0.000000  0.000000  0.000000  0.000000  0.000000  0.000000
 Y2      0.000000  0.000000  0.000000  0.000000  0.000000  0.000000  0.000000  0.000000  0.000000
         0.000000  0.000000  0.000000  0.000000  0.000000  0.000000  0.000000  0.000000  0.000000
 O1      0.000000  0.000000  0.000000  0.000000  0.000000  0.000000  0.000000  0.000000  0.000000
         0.000000  0.000000  0.000000  0.000000  0.000000  0.000000  0.000000  0.000000  0.000000

 ==> PROFILE PARAMETERS FOR PATTERN#  1

 => Overall scale factor:      0.000070663     0.000000054     0.000000666
 => Eta(p-Voigt) or m(Pearson VII):   0.000000  0.000000  0.000000
 => Overall tem. factor:     0.000000    0.000000    0.000000
 => Halfwidth parameters: 
         0.004133    0.000000    0.000000
        -0.007618    0.000000    0.000000
         0.006255    0.000000    0.000000
 => Cell parameters: 
       10.604700   -0.000298    0.000167
       10.604700   -0.000298    0.000167
       10.604700   -0.000298    0.000167
       90.000000    0.000000    0.000000
       90.000000    0.000000    0.000000
       90.000000    0.000000    0.000000
 => Preferred orientation: 
         1.000000    0.000000    0.000000
         0.000000    0.000000    0.000000
 => Asymmetry parameters: 
         0.000000    0.000000    0.000000
         0.000000    0.000000    0.000000
         0.000000    0.000000    0.000000
         0.000000    0.000000    0.000000
 => X and Y parameters: 
         0.018961    0.000000    0.000000
         0.000000    0.000000    0.000000
 => Strain parameters: 
         0.000000    0.000000    0.000000
         0.000000    0.000000    0.000000
         0.000000    0.000000    0.000000
 => Size   parameters (G,L): 
         0.000000    0.000000    0.000000
         0.000000    0.000000    0.000000
 => Further shape parameters (S_L and D_L): 
       0.000000  0.000000  0.000000
       0.000000  0.000000  0.000000

 ==> GLOBAL PARAMETERS FOR PATTERN#  1


 => Zero-point:    -0.0448    0.0005    0.0021
 => Background Polynomial Parameters ==>
       658.65    -0.27826E-01  6.5918    
      -36.144    -0.36063E-01  8.6694    
       0.0000      0.0000      0.0000    
       0.0000      0.0000      0.0000    
       0.0000      0.0000      0.0000    
       0.0000      0.0000      0.0000    

 => Cos( theta)-shift parameter :   0.0000  0.0000  0.0000
 => Sin(2theta)-shift parameter :   0.0694 -0.0037  0.0049

 ==> RELIABILITY FACTORS WITH ALL NON-EXCLUDED POINTS FOR PATTERN:  1

 => R-Factors:   20.2      28.0     Chi2:  94.2     DW-Stat.:  0.3059   Patt#:  1
 => Expected :            2.88                                1.9048
 => Deviance : 0.653E+06     Dev*:   163.6    
 => GoF-index:  9.7         Sqrt(Residual/N)
 => N-P+C:  3993

 =>    SumYdif       SumYobs      SumYcal      SumwYobsSQ     Residual    Condition
     0.9691E+06    0.4798E+07    0.4422E+07    0.4798E+07    0.3762E+06    0.4442E+17


 => Conventional Rietveld Rp,Rwp,Re and Chi2:   43.3      43.6      4.49      94.22    
 => (Values obtained using Ynet, but true sigma(y))
 =>  SumYnet, Sum(w Ynet**2):     0.2236E+07    0.1977E+07


 ==> RELIABILITY FACTORS FOR POINTS WITH BRAGG CONTRIBUTIONS FOR PATTERN:  1

 => R-Factors:   22.1      30.2     Chi2:  135.     DW-Stat.:  0.3151   Patt#:
 => Expected :            2.59                                1.8849
 => Deviance : 0.643E+06     Dev*:   238.2    
 => GoF-index:  12.         Sqrt(Residual/N)
 => N-P+C:  2700

 =>    SumYdif       SumYobs      SumYcal      SumwYobsSQ     Residual    Condition
     0.8884E+06    0.4017E+07    0.3579E+07    0.4017E+07    0.3652E+06    0.4442E+17


 => Conventional Rietveld Rp,Rwp,Re and Chi2:   38.7      43.1      3.71      135.3    
 => (Values obtained using Ynet, but true sigma(y))
 =>  SumYnet, Sum(w Ynet**2):     0.2298E+07    0.1966E+07


 => Global user-weigthed Chi2 (Bragg contrib.):   139.    

 => ---------> Pattern#  1
 => Phase:  1
 =>    Bragg R-factor:  22.9    
 =>    RF-factor     :  10.5    
 ++++++++++++++++++++++++++++++++++++++++++++++++++++++++++++++++++++++++++++++++++++++++++++++++++++++++++++++++++++++++

 => CYCLE No.:    7
 ---------------------------------------------------------------------------------------
 => Phase  1 Name: O3 Y2                                                                 
 ---------------------------------------------------------------------------------------
 => New parameters, shifts, and standard deviations

 Atom        x       dx      sx       y       dy      sy       z       dz      sz       B       dB      sB      occ.    docc.   socc.

 Y1       0.25000 0.00000 0.00000  0.25000 0.00000 0.00000  0.25000 0.00000 0.00000  0.00000 0.00000 0.00000  0.16667 0.00000 0.00000
 Y2       0.96730 0.00000 0.00000  0.00000 0.00000 0.00000  0.25000 0.00000 0.00000  0.00000 0.00000 0.00000  0.50000 0.00000 0.00000
 O1       0.39150 0.00000 0.00000  0.15380 0.00000 0.00000  0.38000 0.00000 0.00000  0.00000 0.00000 0.00000  1.00000 0.00000 0.00000

 Atom         B11      DB11      SB11       B22      DB22      SB22       B33      DB33      SB33
              B12      DB12      SB12       B13      DB13      SB13       B23      DB23      SB23
 Y1      0.000000  0.000000  0.000000  0.000000  0.000000  0.000000  0.000000  0.000000  0.000000
         0.000000  0.000000  0.000000  0.000000  0.000000  0.000000  0.000000  0.000000  0.000000
 Y2      0.000000  0.000000  0.000000  0.000000  0.000000  0.000000  0.000000  0.000000  0.000000
         0.000000  0.000000  0.000000  0.000000  0.000000  0.000000  0.000000  0.000000  0.000000
 O1      0.000000  0.000000  0.000000  0.000000  0.000000  0.000000  0.000000  0.000000  0.000000
         0.000000  0.000000  0.000000  0.000000  0.000000  0.000000  0.000000  0.000000  0.000000

 ==> PROFILE PARAMETERS FOR PATTERN#  1

 => Overall scale factor:      0.000070713     0.000000050     0.000000665
 => Eta(p-Voigt) or m(Pearson VII):   0.000000  0.000000  0.000000
 => Overall tem. factor:     0.000000    0.000000    0.000000
 => Halfwidth parameters: 
         0.004133    0.000000    0.000000
        -0.007618    0.000000    0.000000
         0.006255    0.000000    0.000000
 => Cell parameters: 
       10.604463   -0.000237    0.000167
       10.604463   -0.000237    0.000167
       10.604463   -0.000237    0.000167
       90.000000    0.000000    0.000000
       90.000000    0.000000    0.000000
       90.000000    0.000000    0.000000
 => Preferred orientation: 
         1.000000    0.000000    0.000000
         0.000000    0.000000    0.000000
 => Asymmetry parameters: 
         0.000000    0.000000    0.000000
         0.000000    0.000000    0.000000
         0.000000    0.000000    0.000000
         0.000000    0.000000    0.000000
 => X and Y parameters: 
         0.018961    0.000000    0.000000
         0.000000    0.000000    0.000000
 => Strain parameters: 
         0.000000    0.000000    0.000000
         0.000000    0.000000    0.000000
         0.000000    0.000000    0.000000
 => Size   parameters (G,L): 
         0.000000    0.000000    0.000000
         0.000000    0.000000    0.000000
 => Further shape parameters (S_L and D_L): 
       0.000000  0.000000  0.000000
       0.000000  0.000000  0.000000

 ==> GLOBAL PARAMETERS FOR PATTERN#  1


 => Zero-point:    -0.0444    0.0004    0.0021
 => Background Polynomial Parameters ==>
       658.62    -0.22129E-01  6.5753    
      -36.173    -0.29133E-01  8.6478    
       0.0000      0.0000      0.0000    
       0.0000      0.0000      0.0000    
       0.0000      0.0000      0.0000    
       0.0000      0.0000      0.0000    

 => Cos( theta)-shift parameter :   0.0000  0.0000  0.0000
 => Sin(2theta)-shift parameter :   0.0665 -0.0030  0.0048

 ==> RELIABILITY FACTORS WITH ALL NON-EXCLUDED POINTS FOR PATTERN:  1

 => R-Factors:   20.2      27.9     Chi2:  93.7     DW-Stat.:  0.3069   Patt#:  1
 => Expected :            2.88                                1.9048
 => Deviance : 0.648E+06     Dev*:   162.3    
 => GoF-index:  9.7         Sqrt(Residual/N)
 => N-P+C:  3993

 =>    SumYdif       SumYobs      SumYcal      SumwYobsSQ     Residual    Condition
     0.9682E+06    0.4798E+07    0.4423E+07    0.4798E+07    0.3743E+06    0.4443E+17


 => Conventional Rietveld Rp,Rwp,Re and Chi2:   43.3      43.5      4.49      93.75    
 => (Values obtained using Ynet, but true sigma(y))
 =>  SumYnet, Sum(w Ynet**2):     0.2236E+07    0.1977E+07


 ==> RELIABILITY FACTORS FOR POINTS WITH BRAGG CONTRIBUTIONS FOR PATTERN:  1

 => R-Factors:   22.1      30.1     Chi2:  135.     DW-Stat.:  0.3162   Patt#:
 => Expected :            2.59                                1.8849
 => Deviance : 0.638E+06     Dev*:   236.2    
 => GoF-index:  12.         Sqrt(Residual/N)
 => N-P+C:  2700

 =>    SumYdif       SumYobs      SumYcal      SumwYobsSQ     Residual    Condition
     0.8875E+06    0.4017E+07    0.3580E+07    0.4017E+07    0.3633E+06    0.4443E+17


 => Conventional Rietveld Rp,Rwp,Re and Chi2:   38.6      43.0      3.71      134.6    
 => (Values obtained using Ynet, but true sigma(y))
 =>  SumYnet, Sum(w Ynet**2):     0.2298E+07    0.1966E+07


 => Global user-weigthed Chi2 (Bragg contrib.):   139.    

 => ---------> Pattern#  1
 => Phase:  1
 =>    Bragg R-factor:  22.8    
 =>    RF-factor     :  10.5    
 ++++++++++++++++++++++++++++++++++++++++++++++++++++++++++++++++++++++++++++++++++++++++++++++++++++++++++++++++++++++++

 => CYCLE No.:    8
 ---------------------------------------------------------------------------------------
 => Phase  1 Name: O3 Y2                                                                 
 ---------------------------------------------------------------------------------------
 => New parameters, shifts, and standard deviations

 Atom        x       dx      sx       y       dy      sy       z       dz      sz       B       dB      sB      occ.    docc.   socc.

 Y1       0.25000 0.00000 0.00000  0.25000 0.00000 0.00000  0.25000 0.00000 0.00000  0.00000 0.00000 0.00000  0.16667 0.00000 0.00000
 Y2       0.96730 0.00000 0.00000  0.00000 0.00000 0.00000  0.25000 0.00000 0.00000  0.00000 0.00000 0.00000  0.50000 0.00000 0.00000
 O1       0.39150 0.00000 0.00000  0.15380 0.00000 0.00000  0.38000 0.00000 0.00000  0.00000 0.00000 0.00000  1.00000 0.00000 0.00000

 Atom         B11      DB11      SB11       B22      DB22      SB22       B33      DB33      SB33
              B12      DB12      SB12       B13      DB13      SB13       B23      DB23      SB23
 Y1      0.000000  0.000000  0.000000  0.000000  0.000000  0.000000  0.000000  0.000000  0.000000
         0.000000  0.000000  0.000000  0.000000  0.000000  0.000000  0.000000  0.000000  0.000000
 Y2      0.000000  0.000000  0.000000  0.000000  0.000000  0.000000  0.000000  0.000000  0.000000
         0.000000  0.000000  0.000000  0.000000  0.000000  0.000000  0.000000  0.000000  0.000000
 O1      0.000000  0.000000  0.000000  0.000000  0.000000  0.000000  0.000000  0.000000  0.000000
         0.000000  0.000000  0.000000  0.000000  0.000000  0.000000  0.000000  0.000000  0.000000

 ==> PROFILE PARAMETERS FOR PATTERN#  1

 => Overall scale factor:      0.000070755     0.000000042     0.000000664
 => Eta(p-Voigt) or m(Pearson VII):   0.000000  0.000000  0.000000
 => Overall tem. factor:     0.000000    0.000000    0.000000
 => Halfwidth parameters: 
         0.004133    0.000000    0.000000
        -0.007618    0.000000    0.000000
         0.006255    0.000000    0.000000
 => Cell parameters: 
       10.604274   -0.000189    0.000166
       10.604274   -0.000189    0.000166
       10.604274   -0.000189    0.000166
       90.000000    0.000000    0.000000
       90.000000    0.000000    0.000000
       90.000000    0.000000    0.000000
 => Preferred orientation: 
         1.000000    0.000000    0.000000
         0.000000    0.000000    0.000000
 => Asymmetry parameters: 
         0.000000    0.000000    0.000000
         0.000000    0.000000    0.000000
         0.000000    0.000000    0.000000
         0.000000    0.000000    0.000000
 => X and Y parameters: 
         0.018961    0.000000    0.000000
         0.000000    0.000000    0.000000
 => Strain parameters: 
         0.000000    0.000000    0.000000
         0.000000    0.000000    0.000000
         0.000000    0.000000    0.000000
 => Size   parameters (G,L): 
         0.000000    0.000000    0.000000
         0.000000    0.000000    0.000000
 => Further shape parameters (S_L and D_L): 
       0.000000  0.000000  0.000000
       0.000000  0.000000  0.000000

 ==> GLOBAL PARAMETERS FOR PATTERN#  1


 => Zero-point:    -0.0441    0.0003    0.0021
 => Background Polynomial Parameters ==>
       658.61    -0.16749E-01  6.5631    
      -36.195    -0.21806E-01  8.6317    
       0.0000      0.0000      0.0000    
       0.0000      0.0000      0.0000    
       0.0000      0.0000      0.0000    
       0.0000      0.0000      0.0000    

 => Cos( theta)-shift parameter :   0.0000  0.0000  0.0000
 => Sin(2theta)-shift parameter :   0.0641 -0.0024  0.0048

 ==> RELIABILITY FACTORS WITH ALL NON-EXCLUDED POINTS FOR PATTERN:  1

 => R-Factors:   20.2      27.9     Chi2:  93.4     DW-Stat.:  0.3080   Patt#:  1
 => Expected :            2.88                                1.9048
 => Deviance : 0.644E+06     Dev*:   161.2    
 => GoF-index:  9.7         Sqrt(Residual/N)
 => N-P+C:  3993

 =>    SumYdif       SumYobs      SumYcal      SumwYobsSQ     Residual    Condition
     0.9673E+06    0.4798E+07    0.4424E+07    0.4798E+07    0.3729E+06    0.4446E+17


 => Conventional Rietveld Rp,Rwp,Re and Chi2:   43.3      43.4      4.49      93.40    
 => (Values obtained using Ynet, but true sigma(y))
 =>  SumYnet, Sum(w Ynet**2):     0.2236E+07    0.1977E+07


 ==> RELIABILITY FACTORS FOR POINTS WITH BRAGG CONTRIBUTIONS FOR PATTERN:  1

 => R-Factors:   22.1      30.0     Chi2:  134.     DW-Stat.:  0.3173   Patt#:
 => Expected :            2.59                                1.8849
 => Deviance : 0.634E+06     Dev*:   234.7    
 => GoF-index:  12.         Sqrt(Residual/N)
 => N-P+C:  2700

 =>    SumYdif       SumYobs      SumYcal      SumwYobsSQ     Residual    Condition
     0.8867E+06    0.4017E+07    0.3581E+07    0.4017E+07    0.3620E+06    0.4446E+17


 => Conventional Rietveld Rp,Rwp,Re and Chi2:   38.6      42.9      3.71      134.1    
 => (Values obtained using Ynet, but true sigma(y))
 =>  SumYnet, Sum(w Ynet**2):     0.2298E+07    0.1966E+07


 => Global user-weigthed Chi2 (Bragg contrib.):   138.    

 => ---------> Pattern#  1
 => Phase:  1
 =>    Bragg R-factor:  22.6    
 =>    RF-factor     :  10.5    
 ++++++++++++++++++++++++++++++++++++++++++++++++++++++++++++++++++++++++++++++++++++++++++++++++++++++++++++++++++++++++

 => CYCLE No.:    9
 ---------------------------------------------------------------------------------------
 => Phase  1 Name: O3 Y2                                                                 
 ---------------------------------------------------------------------------------------
 => New parameters, shifts, and standard deviations

 Atom        x       dx      sx       y       dy      sy       z       dz      sz       B       dB      sB      occ.    docc.   socc.

 Y1       0.25000 0.00000 0.00000  0.25000 0.00000 0.00000  0.25000 0.00000 0.00000  0.00000 0.00000 0.00000  0.16667 0.00000 0.00000
 Y2       0.96730 0.00000 0.00000  0.00000 0.00000 0.00000  0.25000 0.00000 0.00000  0.00000 0.00000 0.00000  0.50000 0.00000 0.00000
 O1       0.39150 0.00000 0.00000  0.15380 0.00000 0.00000  0.38000 0.00000 0.00000  0.00000 0.00000 0.00000  1.00000 0.00000 0.00000

 Atom         B11      DB11      SB11       B22      DB22      SB22       B33      DB33      SB33
              B12      DB12      SB12       B13      DB13      SB13       B23      DB23      SB23
 Y1      0.000000  0.000000  0.000000  0.000000  0.000000  0.000000  0.000000  0.000000  0.000000
         0.000000  0.000000  0.000000  0.000000  0.000000  0.000000  0.000000  0.000000  0.000000
 Y2      0.000000  0.000000  0.000000  0.000000  0.000000  0.000000  0.000000  0.000000  0.000000
         0.000000  0.000000  0.000000  0.000000  0.000000  0.000000  0.000000  0.000000  0.000000
 O1      0.000000  0.000000  0.000000  0.000000  0.000000  0.000000  0.000000  0.000000  0.000000
         0.000000  0.000000  0.000000  0.000000  0.000000  0.000000  0.000000  0.000000  0.000000

 ==> PROFILE PARAMETERS FOR PATTERN#  1

 => Overall scale factor:      0.000070787     0.000000033     0.000000663
 => Eta(p-Voigt) or m(Pearson VII):   0.000000  0.000000  0.000000
 => Overall tem. factor:     0.000000    0.000000    0.000000
 => Halfwidth parameters: 
         0.004133    0.000000    0.000000
        -0.007618    0.000000    0.000000
         0.006255    0.000000    0.000000
 => Cell parameters: 
       10.604125   -0.000149    0.000166
       10.604125   -0.000149    0.000166
       10.604125   -0.000149    0.000166
       90.000000    0.000000    0.000000
       90.000000    0.000000    0.000000
       90.000000    0.000000    0.000000
 => Preferred orientation: 
         1.000000    0.000000    0.000000
         0.000000    0.000000    0.000000
 => Asymmetry parameters: 
         0.000000    0.000000    0.000000
         0.000000    0.000000    0.000000
         0.000000    0.000000    0.000000
         0.000000    0.000000    0.000000
 => X and Y parameters: 
         0.018961    0.000000    0.000000
         0.000000    0.000000    0.000000
 => Strain parameters: 
         0.000000    0.000000    0.000000
         0.000000    0.000000    0.000000
         0.000000    0.000000    0.000000
 => Size   parameters (G,L): 
         0.000000    0.000000    0.000000
         0.000000    0.000000    0.000000
 => Further shape parameters (S_L and D_L): 
       0.000000  0.000000  0.000000
       0.000000  0.000000  0.000000

 ==> GLOBAL PARAMETERS FOR PATTERN#  1


 => Zero-point:    -0.0439    0.0002    0.0021
 => Background Polynomial Parameters ==>
       658.60    -0.11235E-01  6.5546    
      -36.210    -0.15075E-01  8.6206    
       0.0000      0.0000      0.0000    
       0.0000      0.0000      0.0000    
       0.0000      0.0000      0.0000    
       0.0000      0.0000      0.0000    

 => Cos( theta)-shift parameter :   0.0000  0.0000  0.0000
 => Sin(2theta)-shift parameter :   0.0621 -0.0019  0.0048

 ==> RELIABILITY FACTORS WITH ALL NON-EXCLUDED POINTS FOR PATTERN:  1

 => R-Factors:   20.1      27.8     Chi2:  93.2     DW-Stat.:  0.3090   Patt#:  1
 => Expected :            2.88                                1.9048
 => Deviance : 0.641E+06     Dev*:   160.5    
 => GoF-index:  9.6         Sqrt(Residual/N)
 => N-P+C:  3993

 =>    SumYdif       SumYobs      SumYcal      SumwYobsSQ     Residual    Condition
     0.9667E+06    0.4798E+07    0.4425E+07    0.4798E+07    0.3720E+06    0.4449E+17


 => Conventional Rietveld Rp,Rwp,Re and Chi2:   43.2      43.4      4.49      93.16    
 => (Values obtained using Ynet, but true sigma(y))
 =>  SumYnet, Sum(w Ynet**2):     0.2237E+07    0.1977E+07


 ==> RELIABILITY FACTORS FOR POINTS WITH BRAGG CONTRIBUTIONS FOR PATTERN:  1

 => R-Factors:   22.1      30.0     Chi2:  134.     DW-Stat.:  0.3184   Patt#:
 => Expected :            2.59                                1.8849
 => Deviance : 0.631E+06     Dev*:   233.5    
 => GoF-index:  12.         Sqrt(Residual/N)
 => N-P+C:  2700

 =>    SumYdif       SumYobs      SumYcal      SumwYobsSQ     Residual    Condition
     0.8861E+06    0.4017E+07    0.3582E+07    0.4017E+07    0.3610E+06    0.4449E+17


 => Conventional Rietveld Rp,Rwp,Re and Chi2:   38.6      42.9      3.71      133.7    
 => (Values obtained using Ynet, but true sigma(y))
 =>  SumYnet, Sum(w Ynet**2):     0.2298E+07    0.1966E+07


 => Global user-weigthed Chi2 (Bragg contrib.):   138.    

 => ---------> Pattern#  1
 => Phase:  1
 =>    Bragg R-factor:  22.5    
 =>    RF-factor     :  10.4    


   Standard deviations have to be multiplied by: 3.2469
   (correlated residuals) See references:
  -J.F.Berar & P.Lelann, J. Appl. Cryst. 24, 1-5 (1991) 
  -J.F.Berar, Acc. in Pow. Diff. II,NIST Sp.Pub. 846, 63(1992) 

 ++++++++++++++++++++++++++++++++++++++++++++++++++++++++++++++++++++++++++++++++++++++++++++++++++++++++++++++++++++++++

 => CYCLE No.:   10
 ---------------------------------------------------------------------------------------
 => Phase  1 Name: O3 Y2                                                                 
 ---------------------------------------------------------------------------------------
 => New parameters, shifts, and standard deviations

 Atom        x       dx      sx       y       dy      sy       z       dz      sz       B       dB      sB      occ.    docc.   socc.

 Y1       0.25000 0.00000 0.00000  0.25000 0.00000 0.00000  0.25000 0.00000 0.00000  0.00000 0.00000 0.00000  0.16667 0.00000 0.00000
 Y2       0.96730 0.00000 0.00000  0.00000 0.00000 0.00000  0.25000 0.00000 0.00000  0.00000 0.00000 0.00000  0.50000 0.00000 0.00000
 O1       0.39150 0.00000 0.00000  0.15380 0.00000 0.00000  0.38000 0.00000 0.00000  0.00000 0.00000 0.00000  1.00000 0.00000 0.00000

 Atom         B11      DB11      SB11       B22      DB22      SB22       B33      DB33      SB33
              B12      DB12      SB12       B13      DB13      SB13       B23      DB23      SB23
 Y1      0.000000  0.000000  0.000000  0.000000  0.000000  0.000000  0.000000  0.000000  0.000000
         0.000000  0.000000  0.000000  0.000000  0.000000  0.000000  0.000000  0.000000  0.000000

    U-Eigen Value (A**2) ----      Eigen vector(Orth. syst.)
        0.00000          ----    0.93753   -0.21290    0.27515
        0.00000          ----    0.15653    0.96445    0.21291
        0.00000          ----   -0.31070   -0.15653    0.93753

    Isotropic temperature factor Uequiv(A**2):   0.0000
    Isotropic temperature factor Bequiv(A**2):   0.0000

     R.M.S. in ANGSTROMS ------       Angles with A, B, C
        0.00000          ----     20.359    102.293     74.029
        0.00000          ----     80.994     15.323     77.707
        0.00000          ----    108.101     99.006     20.359
 
 Y2      0.000000  0.000000  0.000000  0.000000  0.000000  0.000000  0.000000  0.000000  0.000000
         0.000000  0.000000  0.000000  0.000000  0.000000  0.000000  0.000000  0.000000  0.000000

    U-Eigen Value (A**2) ----      Eigen vector(Orth. syst.)
        0.00000          ----    0.93753   -0.21290    0.27515
        0.00000          ----    0.15653    0.96445    0.21291
        0.00000          ----   -0.31070   -0.15653    0.93753

    Isotropic temperature factor Uequiv(A**2):   0.0000
    Isotropic temperature factor Bequiv(A**2):   0.0000

     R.M.S. in ANGSTROMS ------       Angles with A, B, C
        0.00000          ----     20.359    102.293     74.029
        0.00000          ----     80.994     15.323     77.707
        0.00000          ----    108.101     99.006     20.359
 
 O1      0.000000  0.000000  0.000000  0.000000  0.000000  0.000000  0.000000  0.000000  0.000000
         0.000000  0.000000  0.000000  0.000000  0.000000  0.000000  0.000000  0.000000  0.000000

    U-Eigen Value (A**2) ----      Eigen vector(Orth. syst.)
        0.00000          ----    0.93753   -0.21290    0.27515
        0.00000          ----    0.15653    0.96445    0.21291
        0.00000          ----   -0.31070   -0.15653    0.93753

    Isotropic temperature factor Uequiv(A**2):   0.0000
    Isotropic temperature factor Bequiv(A**2):   0.0000

     R.M.S. in ANGSTROMS ------       Angles with A, B, C
        0.00000          ----     20.359    102.293     74.029
        0.00000          ----     80.994     15.323     77.707
        0.00000          ----    108.101     99.006     20.359
 

 ==> PROFILE PARAMETERS FOR PATTERN#  1

 => Overall scale factor:      0.000070812     0.000000025     0.000000663
 => Eta(p-Voigt) or m(Pearson VII):   0.000000  0.000000  0.000000
 => Overall tem. factor:     0.000000    0.000000    0.000000
 => Halfwidth parameters: 
         0.004133    0.000000    0.000000
        -0.007618    0.000000    0.000000
         0.006255    0.000000    0.000000
 => Cell parameters: 
       10.604007   -0.000118    0.000166
       10.604007   -0.000118    0.000166
       10.604007   -0.000118    0.000166
       90.000000    0.000000    0.000000
       90.000000    0.000000    0.000000
       90.000000    0.000000    0.000000
 => Preferred orientation: 
         1.000000    0.000000    0.000000
         0.000000    0.000000    0.000000
 => Asymmetry parameters: 
         0.000000    0.000000    0.000000
         0.000000    0.000000    0.000000
         0.000000    0.000000    0.000000
         0.000000    0.000000    0.000000
 => X and Y parameters: 
         0.018961    0.000000    0.000000
         0.000000    0.000000    0.000000
 => Strain parameters: 
         0.000000    0.000000    0.000000
         0.000000    0.000000    0.000000
         0.000000    0.000000    0.000000
 => Size   parameters (G,L): 
         0.000000    0.000000    0.000000
         0.000000    0.000000    0.000000
 => Further shape parameters (S_L and D_L): 
       0.000000  0.000000  0.000000
       0.000000  0.000000  0.000000

 ==> GLOBAL PARAMETERS FOR PATTERN#  1


 => Zero-point:    -0.0437    0.0002    0.0021
 => Background Polynomial Parameters ==>
       658.59    -0.71886E-02  6.5486    
      -36.221    -0.10724E-01  8.6127    
       0.0000      0.0000      0.0000    
       0.0000      0.0000      0.0000    
       0.0000      0.0000      0.0000    
       0.0000      0.0000      0.0000    

 => Cos( theta)-shift parameter :   0.0000  0.0000  0.0000
 => Sin(2theta)-shift parameter :   0.0606 -0.0016  0.0048

 ==> RELIABILITY FACTORS WITH ALL NON-EXCLUDED POINTS FOR PATTERN:  1

 => R-Factors:   20.2      27.8     Chi2:  93.0     DW-Stat.:  0.3099   Patt#:  1
 => Expected :            2.88                                1.9048
 => Deviance : 0.638E+06     Dev*:   159.8    
 => GoF-index:  9.6         Sqrt(Residual/N)
 => N-P+C:  3993

 =>    SumYdif       SumYobs      SumYcal      SumwYobsSQ     Residual    Condition
     0.9669E+06    0.4798E+07    0.4426E+07    0.4798E+07    0.3713E+06    0.4451E+17


 => Conventional Rietveld Rp,Rwp,Re and Chi2:   43.2      43.3      4.49      92.99    
 => (Values obtained using Ynet, but true sigma(y))
 =>  SumYnet, Sum(w Ynet**2):     0.2237E+07    0.1977E+07

 => N-sigma of the GoF: 4110.258

 ==> RELIABILITY FACTORS FOR POINTS WITH BRAGG CONTRIBUTIONS FOR PATTERN:  1

 => R-Factors:   22.1      30.0     Chi2:  133.     DW-Stat.:  0.3194   Patt#:
 => Expected :            2.59                                1.8849
 => Deviance : 0.628E+06     Dev*:   232.6    
 => GoF-index:  12.         Sqrt(Residual/N)
 => N-P+C:  2700

 =>    SumYdif       SumYobs      SumYcal      SumwYobsSQ     Residual    Condition
     0.8863E+06    0.4017E+07    0.3583E+07    0.4017E+07    0.3603E+06    0.4451E+17


 => Conventional Rietveld Rp,Rwp,Re and Chi2:   38.6      42.8      3.71      133.5    
 => (Values obtained using Ynet, but true sigma(y))
 =>  SumYnet, Sum(w Ynet**2):     0.2298E+07    0.1966E+07

 => N-sigma of the GoF:     4866.722

 => Global user-weigthed Chi2 (Bragg contrib.):   138.    

 => ---------> Pattern#  1
 => Phase:  1
 =>    Bragg R-factor:  22.4    
 =>    RF-factor     :  10.4    

 --------------------------------------------------------------------------------------------------------------
 Pattern#  1 Phase No:   1 Phase name: O3 Y2                         
 --------------------------------------------------------------------------------------------------------------

   No.  Code     H   K   L  Mult     Hw         2theta      Icalc       Iobs      Sigma      HwG     HwL       ETA       d-hkl        CORR

      1   1      2   1   1    24  0.072637      20.498      813.6     1123.5    426.770  0.070800  0.003428  0.063425  4.329116    693.241638
      2   1      2   2   0    12  0.071686      23.712        1.4        0.0      1.375  0.069555  0.003981  0.074400  3.749124    256.225647
      3   1      2   2   2     8  0.070120      29.148     7189.4     9828.6   3594.599  0.067481  0.004930  0.093719  3.061147    110.667175
      4   1      2   3   1    24  0.069448      31.542       27.5        0.0      2.162  0.066582  0.005355  0.102546  2.834072    280.593170
      5   1      3   2   1    24  0.069448      31.542        6.8        0.0      0.534  0.066582  0.005355  0.102546  2.834072    280.593170
      6   1      4   0   0     6  0.068831      33.783     1850.5     2305.7    564.663  0.065748  0.005758  0.110995  2.651031     60.487656
      7   1      4   1   1    24  0.068257      35.900      368.9      429.8     70.780  0.064968  0.006142  0.119145  2.499416    212.285889
      8   1      2   4   0    12  0.067722      37.914       31.2       18.4      7.581  0.064234  0.006513  0.127056  2.371154     94.243576
      9   1      4   2   0    12  0.067722      37.914       53.4       31.6     12.984  0.064234  0.006513  0.127056  2.371154     94.243576
     10   1      3   3   2    24  0.067219      39.840      438.7      547.1    134.635  0.063538  0.006871  0.134771  2.260807    169.082840
     11   1      4   2   2    24  0.066746      41.692       70.4       30.9     17.479  0.062876  0.007220  0.142323  2.164558    152.975342
     12   1      3   4   1    24  0.066300      43.479      352.8      435.6    101.616  0.062245  0.007561  0.149740  2.079640    139.404724
     13   1      4   3   1    24  0.066300      43.479      287.4      354.9     82.789  0.062245  0.007561  0.149740  2.079640    139.404724
     14   1      2   5   1    24  0.065477      46.889      117.1      124.3      7.863  0.061062  0.008223  0.164244  1.936039    117.848206
     15   1      5   2   1    24  0.065477      46.889       98.2      104.3      6.594  0.061062  0.008223  0.164244  1.936039    117.848160
     16   1      4   4   0    12  0.065097      48.524     3189.1     4283.9   1460.377  0.060506  0.008546  0.171364  1.874562     54.582916
     17   1      4   3   3    24  0.064737      50.119      167.0      186.7     22.210  0.059972  0.008866  0.178410  1.818592    101.553070
     18   1      4   4   2    24  0.064396      51.677        4.7        0.0      0.363  0.059457  0.009182  0.185395  1.767354     94.832489
     19   1      6   0   0     6  0.064396      51.677       30.6        0.0      2.351  0.059457  0.009182  0.185394  1.767354     23.691000
     20   1      3   5   2    24  0.064074      53.203       65.9       76.8     12.654  0.058962  0.009496  0.192323  1.720216     88.863998
     21   1      5   3   2    24  0.064074      53.203       73.9       86.2     14.192  0.058962  0.009496  0.192323  1.720216     88.863998
     22   1      6   1   1    24  0.064074      53.203      267.5      311.9     51.362  0.058962  0.009496  0.192323  1.720216     88.863998
     23   1      2   6   0    12  0.063769      54.699       55.0       39.9     11.045  0.058485  0.009807  0.199203  1.676659     41.767788
     24   1      6   2   0    12  0.063769      54.699       34.3       24.8      6.876  0.058485  0.009807  0.199203  1.676659     41.767788
     25   1      4   5   1    24  0.063481      56.167      184.5      220.6     42.764  0.058025  0.010117  0.206040  1.636252     78.756561
     26   1      5   4   1    24  0.063481      56.167      138.0      165.0     31.986  0.058025  0.010117  0.206040  1.636252     78.756561
     27   1      6   2   2    24  0.063210      57.611     2197.2     2851.0    840.972  0.057582  0.010426  0.212837  1.598632     74.452827
     28   1      3   6   1    24  0.062956      59.032      242.9      303.3     74.833  0.057156  0.010735  0.219598  1.563493     70.563187
     29   1      6   3   1    24  0.062956      59.032      227.2      283.8     70.012  0.057156  0.010735  0.219598  1.563493     70.563187
     30   1      4   4   4     8  0.062719      60.432      375.5      447.0     84.455  0.056747  0.011043  0.226326  1.530574     22.345533
     31   1      4   5   3    24  0.062499      61.813       58.1       57.1      1.546  0.056353  0.011351  0.233021  1.499650     63.830315
     32   1      5   4   3    24  0.062499      61.813      100.5       98.7      2.673  0.056353  0.011351  0.233021  1.499650     63.830315
     33   1      4   6   0    12  0.062296      63.177       85.9       61.7     17.369  0.055976  0.011660  0.239684  1.470528     30.454084
     34   1      6   4   0    12  0.062296      63.177       15.3       11.0      3.102  0.055976  0.011660  0.239684  1.470528     30.454084
     35   1      2   7   1    24  0.062110      64.524       66.2       69.0      2.951  0.055615  0.011969  0.246317  1.443039     58.239334
     36   1      5   5   2    24  0.062110      64.524        4.0        4.2      0.179  0.055615  0.011969  0.246317  1.443039     58.239334
     37   1      6   3   3    24  0.062110      64.524       81.4       84.8      3.629  0.055615  0.011969  0.246317  1.443039     58.239334
     38   1      7   2   1    24  0.062110      64.524      110.4      114.9      4.916  0.055615  0.011969  0.246317  1.443039     58.239334
     39   1      4   6   2    24  0.061942      65.856       16.2       13.3      2.355  0.055271  0.012280  0.252919  1.417036     55.797489
     40   1      6   4   2    24  0.061942      65.856      104.6       86.2     15.236  0.055271  0.012280  0.252919  1.417036     55.797489
     41   1      3   7   2    24  0.061548      69.775        0.5        0.5      0.010  0.054338  0.013221  0.272521  1.346725     49.621845
     42   1      5   6   1    24  0.061548      69.775       86.3       85.3      1.912  0.054338  0.013221  0.272521  1.346725     49.621845
     43   1      6   5   1    24  0.061548      69.775       74.4       73.6      1.650  0.054338  0.013221  0.272521  1.346725     49.621845
     44   1      7   3   2    24  0.061548      69.775        1.1        1.1      0.025  0.054338  0.013221  0.272521  1.346725     49.621845
     45   1      8   0   0     6  0.061455      71.058      344.4      403.5     68.537  0.054061  0.013539  0.278981  1.325516     11.963696
     46   1      4   7   1    24  0.061382      72.332       60.9       69.2      9.282  0.053803  0.013860  0.285399  1.305278     46.296577
     47   1      5   5   4    24  0.061382      72.332       47.9       54.4      7.296  0.053803  0.013860  0.285399  1.305277     46.296577
     48   1      7   4   1    24  0.061382      72.332       49.8       56.5      7.582  0.053803  0.013860  0.285399  1.305278     46.296577
     49   1      8   1   1    24  0.061382      72.332      132.8      150.8     20.236  0.053803  0.013860  0.285399  1.305278     46.296577
     50   1      2   8   0    12  0.061331      73.597       44.8       42.2      2.538  0.053564  0.014184  0.291772  1.285939     22.416027
     51   1      6   4   4    24  0.061331      73.597       38.9       36.7      2.204  0.053564  0.014184  0.291772  1.285939     44.832054
     52   1      8   2   0    12  0.061331      73.597       72.6       68.5      4.116  0.053564  0.014184  0.291772  1.285939     22.416027
     53   1      5   6   3    24  0.061301      74.854       86.1       86.5      1.618  0.053344  0.014511  0.298094  1.267435     43.485649
     54   1      6   5   3    24  0.061301      74.854       89.3       89.7      1.679  0.053344  0.014511  0.298094  1.267435     43.485649
     55   1      6   6   0    12  0.061295      76.103        1.2        1.0      0.152  0.053144  0.014841  0.304361  1.249708     21.124229
     56   1      8   2   2    24  0.061295      76.103      108.0       91.4     14.203  0.053144  0.014841  0.304361  1.249708     42.248459
     57   1      3   8   1    24  0.061312      77.345       76.0       84.8      9.747  0.052966  0.015176  0.310567  1.232705     41.112526
     58   1      4   7   3    24  0.061312      77.345       51.9       57.9      6.654  0.052966  0.015176  0.310567  1.232705     41.112526
     59   1      7   4   3    24  0.061312      77.345       52.7       58.8      6.760  0.052966  0.015176  0.310567  1.232705     41.112526
     60   1      8   3   1    24  0.061312      77.345       93.3      104.1     11.956  0.052966  0.015176  0.310567  1.232705     41.112526

   No.  Code     H   K   L  Mult     Hw         2theta      Icalc       Iobs      Sigma      HwG     HwL       ETA       d-hkl        CORR

     61   1      6   6   2    24  0.061354      78.582      613.2      729.3    136.305  0.052809  0.015514  0.316708  1.216377     40.070808
     62   1      5   7   2    24  0.061422      79.813        1.1        0.0      0.444  0.052675  0.015857  0.322776  1.200681     39.117046
     63   1      7   5   2    24  0.061422      79.813        5.3        0.0      2.099  0.052675  0.015857  0.322776  1.200681     39.117046
     64   1      4   8   0    12  0.061518      81.039      205.7      233.2     30.712  0.052565  0.016205  0.328765  1.185577     19.122824
     65   1      8   4   0    12  0.061518      81.039      205.4      232.8     30.668  0.052565  0.016205  0.328765  1.185577     19.122824
     66   1      8   3   3    24  0.061643      82.262       82.0       63.3     14.552  0.052481  0.016559  0.334667  1.171030     37.451630
     67   1      4   8   2    24  0.061798      83.480       52.1       40.4      9.095  0.052423  0.016917  0.340476  1.157005     36.730534
     68   1      8   4   2    24  0.061798      83.480       42.4       32.9      7.395  0.052423  0.016917  0.340476  1.157005     36.730534
     69   1      2   9   1    24  0.061985      84.696        3.0        3.0      0.052  0.052393  0.017282  0.346182  1.143472     36.078388
     70   1      6   5   5    24  0.061985      84.696      104.1      103.5      1.831  0.052393  0.017282  0.346182  1.143472     36.078388
     71   1      6   7   1    24  0.061985      84.696       47.4       47.1      0.834  0.052393  0.017282  0.346182  1.143472     36.078388
     72   1      7   6   1    24  0.061985      84.696       34.0       33.7      0.597  0.052393  0.017282  0.346182  1.143472     36.078388
     73   1      9   2   1    24  0.061985      84.696        7.3        7.3      0.129  0.052393  0.017282  0.346182  1.143472     36.078388
     74   1      6   6   4    24  0.062206      85.909       16.0        0.0      2.565  0.052392  0.017653  0.351777  1.130404     35.491638
     75   1      5   7   4    24  0.062462      87.121       53.3       54.4      1.357  0.052423  0.018031  0.357253  1.117773     34.967136
     76   1      5   8   1    24  0.062462      87.121       66.5       67.8      1.692  0.052423  0.018031  0.357253  1.117773     34.967136
     77   1      7   5   4    24  0.062462      87.121       35.6       36.3      0.907  0.052423  0.018031  0.357253  1.117773     34.967136
     78   1      8   5   1    24  0.062462      87.121       46.6       47.5      1.185  0.052423  0.018031  0.357253  1.117773     34.967136
     79   1      3   9   2    24  0.063088      89.541       10.0       10.6      0.667  0.052584  0.018810  0.367809  1.093732     34.093948
     80   1      6   7   3    24  0.063088      89.541       87.4       92.8      5.834  0.052584  0.018810  0.367809  1.093732     34.093948
     81   1      7   6   3    24  0.063088      89.541      103.7      110.1      6.920  0.052584  0.018810  0.367809  1.093732     34.093948
     82   1      9   3   2    24  0.063088      89.541       11.9       12.6      0.791  0.052584  0.018810  0.367809  1.093732     34.093948
     83   1      8   4   4    24  0.063462      90.750      451.8      534.9     96.962  0.052719  0.019211  0.372871  1.082279     33.740570
     84   1      5   8   3    24  0.063881      91.960       60.5       66.5      6.482  0.052892  0.019621  0.377776  1.071178     33.440018
     85   1      8   5   3    24  0.063881      91.960       94.5      103.7     10.118  0.052892  0.019621  0.377776  1.071178     33.440018
     86   1      9   4   1    24  0.063881      91.960       37.8       41.5      4.049  0.052892  0.019621  0.377776  1.071178     33.440018
     87   1      4   9   1    24  0.063881      91.960       21.0       23.1      2.254  0.052892  0.019621  0.377776  1.071178     33.440018
     88   1      6   8   0    12  0.064346      93.170       10.2        8.9      1.173  0.053106  0.020040  0.382515  1.060413     16.595314
     89   1      8   6   0    12  0.064346      93.170       96.9       84.1     11.114  0.053106  0.020040  0.382515  1.060413     16.595314
     90   1     10   0   0     6  0.064346      93.170       32.1       27.9      3.688  0.053106  0.020040  0.382515  1.060413      8.291664
     91   1      7   7   2    24  0.064861      94.382       31.3       24.9      5.190  0.053364  0.020470  0.387077  1.049965     32.990955
     92   1     10   1   1    24  0.064861      94.382       36.3       28.9      6.029  0.053364  0.020470  0.387077  1.049965     32.990955
     93   1      2  10   0    12  0.065428      95.596       54.0       54.7      1.150  0.053668  0.020910  0.391453  1.039820     16.419899
     94   1      6   8   2    24  0.065428      95.596      181.3      183.5      3.859  0.053668  0.020910  0.391453  1.039820     32.839798
     95   1     10   2   0    12  0.065428      95.596       65.6       66.4      1.396  0.053668  0.020910  0.391453  1.039820     16.419899
     96   1      8   6   2    24  0.065428      95.596       18.3       18.6      0.390  0.053668  0.020910  0.391453  1.039820     32.839798
     97   1      9   4   3    24  0.066050      96.813       28.4       24.2      3.655  0.054021  0.021361  0.395633  1.029964     32.736168
     98   1      4   9   3    24  0.066050      96.813       51.6       44.0      6.646  0.054021  0.021361  0.395633  1.029964     32.736164
     99   1      6   6   6     8  0.066731      98.032       74.6       83.6      9.913  0.054425  0.021824  0.399609  1.020382     10.893092
    100   1     10   2   2    24  0.066731      98.032      342.4      383.3     45.470  0.054425  0.021824  0.399609  1.020382     32.679276
    101   1      5   9   2    24  0.067475      99.255       20.9       22.0      1.221  0.054885  0.022301  0.403371  1.011064     32.668549
    102   1      6   7   5    24  0.067475      99.255       65.3       68.9      3.816  0.054885  0.022301  0.403371  1.011064     32.668549
    103   1      7   6   5    24  0.067475      99.255       74.6       78.7      4.358  0.054885  0.022301  0.403371  1.011064     32.668549
    104   1     10   3   1    24  0.067475      99.255       49.7       52.4      2.904  0.054885  0.022301  0.403371  1.011064     32.668549
    105   1      3  10   1    24  0.067475      99.255       49.5       52.2      2.895  0.054885  0.022301  0.403371  1.011064     32.668549
    106   1      9   5   2    24  0.067475      99.255       27.9       29.4      1.629  0.054885  0.022301  0.403371  1.011064     32.668549

     -----------------------------------------------------
     BRAGG R-Factors and weight fractions for Pattern #  1
     -----------------------------------------------------

 => Phase:  1     O3 Y2
 => Bragg R-factor:   22.4       Vol: 1192.367( 0.032)  Fract(%):  100.00( 1.32)
 => Rf-factor=  10.4             ATZ:        3613.046   Brindley:  1.0000

     -----------------------------------------------------------------
      SYMBOLIC NAMES AND FINAL VALUES AND SIGMA OF REFINED PARAMETERS:
     -----------------------------------------------------------------

      ->  Parameter number    1 :       Scale_ph1_pat1    0.70811911E-04( +/-    0.66250743E-06 )
      ->  Parameter number    2 :           SySin_pat1    0.60561799E-01( +/-    0.48165638E-02 )
      ->  Parameter number    3 :            Zero_pat1   -0.43698765E-01( +/-    0.20763965E-02 )
      ->  Parameter number    4 :           Bck_0_pat1     658.58936    ( +/-     6.5485911     )
      ->  Parameter number    5 :           Bck_1_pat1    -36.220829    ( +/-     8.6126719     )
      ->  Parameter number    6 :      Cell_A_ph1_pat1     10.604007    ( +/-    0.16567927E-03 )

 ------------------------------------------------------------------
 => Number of bytes for floating point variables: 4
 => Dimensions of dynamic allocated arrays in this run of FullProf:
 ------------------------------------------------------------------

 => Total approximate array memory (dynamic + static): 127111993 bytes

    MaxPOINT=    60000 Max.num. of points(+int. Inten.)/diffraction pattern       
    MaxREFLT=    20000 Max.num. of reflections/diffraction pattern               
    MaxPARAM=      300 Max.num. of refinable parameters                          
    MaxOVERL=    18096 Max.num. of overlapping reflections                       

 ----------------------------------------------------------
 => Number of bytes for floating point arrays: 4
 => Dimensions of fixed arrays in this release of FullProf:
 ----------------------------------------------------------

    NPATT   =       80 Max.num. of powder diffraction patterns                    
    NATS    =      830 Max.num. of atoms (all kind) in asymmetric unit            
    MPAR    =     1800 Max.num. of non atomic parameters/phase                    
    IEXCL   =       30 Max.num. of excluded regions                               
    IBACP   =      277 Max.num. of background points for interpolation            
    NPHT    =       16 Max.num. of phases                                         
    NMAGM   =        8 Max.num. of rotation-matrices sets for magnetic structure  
    NBASIS  =       12 Max.num. of basis functions associated to a single atom    
    NIREPS  =        9 Max.num. of irreducible representations to be combined     
    N_EQ    =      384 Max.num. of user-supplied symmetry operators/propagation vectors
    NGL     =      300 Max.num. of global parameters/diffraction pattern          
    N_LINC  =       30 Max.num. of global linear restraints                        
    NAT_P   =       64 Max.num. of atomic parameters per atom                     
    NCONST  =      500 Max.num. of slack constraints per phase                    
    N_SPE   =       16 Max.num. of different chemical species                     
    N_FORM  =       60 Max.num. of scattering factor values in a table            
    NPR     =      150 Max.num. of points defining a numerical profile            
    INPR    =       25 Max.num. of different numerical peak shapes                
    NPRC    =      150 Max.num. of terms in the table for correcting intensities  
    NSOL    =       10 Max.num. of solutions to be stored in Montecarlo searchs   

 
              CPU Time:     1.109 seconds
                            0.018 minutes

 => Run finished at:     Date: 10/06/2024  Time: 18:44:51.013                              
