

        **********************************************************
        ** PROGRAM FullProf.2k (Version 5.90 - Dec2016-ILL JRC) **
        **********************************************************
                       M U L T I -- P A T T E R N                 
            Rietveld, Profile Matching & Integrated Intensity     
                 Refinement of X-ray and/or Neutron Data


    Date: 10/06/2024  Time: 19:18:58.183                              

 => PCR file code: Y2O3
 => DAT file code: Y2O3.dat             -> Relative contribution: 1.0000                                                            

 ==> CONDITIONS OF THIS RUN FOR PATTERN No.:  1

 => Global Refinement of X-ray powder diffraction data                                                                              
 => Global Refinement of X-ray powder diffraction data                                                                              
    Bragg-Brentano(X-rays) or Debye-Scherrer geometry(Neutrons)
 => Title:   O3 Y2

 => Number of phases:    1
 => Number of excluded regions:    2
 => Number of scattering factors supplied:    0
 => March-Dollase model for preferred orientation
 => Conventional weights: w=1.0/Variance(yobs)
 => Asymmetry correction as in J.Appl.Cryst. 26,128(1993)
 => Background refined by polynomial function
 => The    5th default profile function was selected
 => Pseudo-Voigt function (ETA variable)
                 X-parameter correspond to: ETA=ETA0+X*2theta
                       pV(x)= ETA*L(x)+(1-ETA)*G(x)

 ==> INPUT/OUTPUT OPTIONS:

 => Generate file *.PRF for plot
 => Output Integrated Intensities
 => Generate new input file *.PCR

 => X-Y type of data: 2theta/TOF/E(Kev) Intens sigma for pattern:  1
 => Plot pattern at each cycle
 => Wavelengths:  1.54056 1.54439
 => Alpha2/Alpha1 ratio:   0.5000
 => Cos(Monochromator angle)=   0.9100
 => Asymmetry correction for angles lower than   60.000 degrees
 => Absorption correction (AC), muR-eff =   0.0000  0.0000
 => Base of peaks: 2.0*HW*    8.00

 => Number of cycles:   10
 => Relaxation factors ==>    for coordinates:  1.00
 => for anisotropic temperature factors:  1.00
 => for halfwidth/strain/size parameters:  1.00
 => for lattice constants and propagation vectors:  1.00
 => EPS-value for convergence:    0.1

 => Excluded regions for Pattern#  1
    From     to
      1.0000     20.0000
    100.0000    160.0000

 => Number of Least-Squares parameters varied:     6

 =>--------------------------->
 =>------->  PATTERN number:  1
 =>--------------------------->
 => Global parameters and codes ==>
 => Zero-point:    -0.0532   31.0000
 => Background parameters and codes ==>
 => Origin of polynomial at 2theta/TOF/E(KeV):   40.000  
  587.33     -60.653      36.380      0.0000     -5.9930      0.0000    
       41.00       51.00        0.00        0.00        0.00        0.00
 => Displacement peak-shift parameter and code:     0.00    0.00
 => Transparency peak-shift parameter and code:     0.07   21.00

 => Reading Intensity data  =>>

 -> No recognizable heading in input data file X,Y,sigma
    First 6 lines are considered as COMMENTS (except for TSAMP keyword)
 -> COMMENT:   3.000    1643.000                                                                                                                 
 -> COMMENT:   3.020    1571.000                                                                                                                 
 -> COMMENT:   3.040    1569.000                                                                                                                 
 -> COMMENT:   3.060    1619.000                                                                                                                 
 -> COMMENT:   3.080    1554.000                                                                                                                 
 -> COMMENT:   3.100    1531.000                                                                                                                 
 ==> Angular range, step and number of points:
     2Thmin:       3.120000  2Thmax:     150.000000  Step:       0.020004  No. of points:   7345
 --------------------------------------------------------------------------------
 => Phase  No. 1
      O3 Y2                                                                 
 --------------------------------------------------------------------------------
 =>-------> Pattern#  1
 => Crystal Structure Refinement
 => The    7th profile function was selected for phase no.  1
 => Preferred orientation vector:   0.0000  0.0000  1.0000

 =>-------> Data for PHASE: 1
 => Number of atoms:    3
 => Number of distance  constraints:    0
 => Number of angle     constraints:    0

 => Symmetry information on space group: I a -3              
 -> The multiplicity of the general position is:  48
 -> The space group is Centric (-1 at origin)   
 -> Lattice type  I: { 000; 1/2 1/2 1/2 }+                         
 -> Reduced set of symmetry operators:

  No.  IT   Symmetry symbol    Rotation part     Associated Translation
   1: ( 1)   1            -->     ( x, y, z) + {  0.0000  0.0000  0.0000}
   2: ( 4)   2 ( x, 0, 0) -->     ( x,-y,-z) + {  0.5000  0.5000  0.0000}
   3: ( 3)   2 ( 0, y, 0) -->     (-x, y,-z) + {  0.0000  0.5000  0.5000}
   4: ( 2)   2 ( 0, 0, z) -->     (-x,-y, z) + {  0.5000  0.0000  0.5000}
   5: ( 9)  3- ( x, x, x) -->     ( y, z, x) + {  0.0000  0.0000  0.0000}
   6: (12)  3- (-x, x,-x) -->     (-y,-z, x) + {  0.5000  0.0000  0.5000}
   7: (11)  3- (-x,-x, x) -->     ( y,-z,-x) + {  0.5000  0.5000  0.0000}
   8: (10)  3- ( x,-x,-x) -->     (-y, z,-x) + {  0.0000  0.5000  0.5000}
   9: ( 5)  3+ ( x, x, x) -->     ( z, x, y) + {  0.0000  0.0000  0.0000}
  10: ( 8)  3+ (-x,-x, x) -->     (-z, x,-y) + {  0.0000  0.5000  0.5000}
  11: ( 7)  3+ ( x,-x,-x) -->     (-z,-x, y) + {  0.5000  0.0000  0.5000}
  12: ( 6)  3+ (-x, x,-x) -->     ( z,-x,-y) + {  0.5000  0.5000  0.0000}


        Information on Space Group: 
        --------------------------- 

 =>   Number of Space group: 206
 =>  Hermann-Mauguin Symbol: I a -3
 =>             Hall Symbol: -I 2b 2c 3
 =>            Setting Type: IT (Generated from Hermann-Mauguin symbol)
 =>          Crystal System: Cubic
 =>              Laue Class: m-3
 =>             Point Group: m-3
 =>         Bravais Lattice: I
 =>          Lattice Symbol: cI
 =>  Reduced Number of S.O.:  12
 =>    General multiplicity:  48
 =>          Centrosymmetry: Centric (-1 at origin)
 =>  Generators (exc. -1&L):   3
 =>         Asymmetric unit:  0.000 <= x <=  0.500
                              0.000 <= y <=  0.500
                              0.000 <= z <=  0.250

 => List of S.O. without inversion and lattice centring translations
 => SYMM(  1): x,y,z                               => SYMM(  2): x+1/2,-y+1/2,-z
 => SYMM(  3): -x,y+1/2,-z+1/2                     => SYMM(  4): -x+1/2,-y,z+1/2
 => SYMM(  5): y,z,x                               => SYMM(  6): -y+1/2,-z,x+1/2
 => SYMM(  7): y+1/2,-z+1/2,-x                     => SYMM(  8): -y,z+1/2,-x+1/2
 => SYMM(  9): z,x,y                               => SYMM( 10): -z,x+1/2,-y+1/2
 => SYMM( 11): -z+1/2,-x,y+1/2                     => SYMM( 12): z+1/2,-x+1/2,-y


 => Initial parameters ==>
 Atom    Ntyp                  X         Y         Z         B         occ.         in  fin  Spc  Mult
                             B11       B22       B33       B12       B13       B23
 Y1     Y                  0.25000   0.25000   0.25000   0.41558   0.16667           0    0    0    8
                 Codes:    0.00000   0.00000   0.00000   0.00000   0.00000
                 Betas:    0.00000   0.00000   0.00000   0.00000   0.00000   0.00000
                 Codes:    0.00000   0.00000   0.00000   0.00000   0.00000   0.00000
 Y2     Y                  0.96730   0.00000   0.25000   0.45123   0.50000           0    0    0   24
                 Codes:    0.00000   0.00000   0.00000   0.00000   0.00000
                 Betas:   -0.00012   0.00000   0.00000   0.00000   0.00000   0.00000
                 Codes:    0.00000   0.00000   0.00000   0.00000   0.00000   0.00000
 O1     O                  0.39150   0.15380   0.38000   0.76708   1.07606           0    0    0   48
                 Codes:    0.00000   0.00000   0.00000   0.00000   0.00000
                 Betas:    0.00000   0.00000   0.00000   0.00000   0.00000   0.00000
                 Codes:    0.00000   0.00000   0.00000   0.00000   0.00000   0.00000

 => IT IS ASSUMED THAT THE FIRST GIVEN SITE IS FULLY OCCUPIED 
    OR THE FIRST AND SECOND ATOMS ARE IN THE SAME SITE WITH TOTAL FULL OCCUPATION
  (If this is not the case, change the order of atoms to obtain correct values for the content of the unit cell)
    The given occupation factors have been obtained mutiplying m/M by   1.0000
      -> Atom: Y   ,  Chemical element: Y   Atomic Mass:    88.9059
      -> Atom: Y   ,  Chemical element: Y   Atomic Mass:    88.9059
      -> Atom: O   ,  Chemical element: O   Atomic Mass:    15.9994
 => The given value of ATZ is       3671.46 the program has calculated:        3671.46
    The value of ATZ given in the input PCR file will be used for quantitative analysis
 => The chemical content of the unit cell is: 
       8.0000 Y    +  23.9995 Y    +  51.6498 O      
 => The normalized site occupation numbers in % are: 
     100.0000 Y1     :       99.9980 Y2     :      107.6039 O1       
 => The density (volumic mass) of the compound is:    5.113 g/cm3

 =>-------> PROFILE PARAMETERS FOR PATTERN:  1

 => Overall scale factor:   0.102250E-03
 => ETA (p-Voigt) OR M (Pearson VII):   0.0000
 => Overall temperature factor:     -0.08378
 => Halfwidth U,V,W:      0.01489    -0.02124     0.00973
 => X and Y parameters:       0.0214      0.0434
 => Direct cell parameters:   10.6040  10.6040  10.6040  90.0000  90.0000  90.0000
 => Preferred orientation parameters:   1.0000  0.0000
 => Asymmetry parameters     :      0.01474    -0.00840     0.00000     0.07004
 => Strain parameters        :      0.00000     0.00000     0.00000
 => Size   parameters        :      0.00024     0.00000
 => Further shape parameters (S_L and D_L):   0.00000   0.00000
    S_L is source width/detector distance
    D_L is detector width/detector distance

 ==> CODEWORDS FOR PROFILE PARAMETERS of PATTERN#  1

 => Overall scale factor:   11.000
 => ETA (p-Voigt) OR M (Pearson VII):    0.000
 => Overall temperature factor:    0.000
 => Halfwidth U,V,W:    0.000   0.000   0.000
 => X and Y parameters:    0.000   0.000
 => Direct cell parameters:   61.000  61.000  61.000   0.000   0.000   0.000
 => Preferred orientation parameters:    0.000   0.000
 => Asymmetry parameters     :    0.000   0.000   0.000   0.000
 => Strain parameters        :    0.000   0.000   0.000
 => Size   parameters        :    0.000   0.000

 => Cell constraints according to Laue symmetry: m-3  

        Metric information:
        -------------------

 => Direct cell parameters:

         a =      10.6040      b =      10.6040      c =      10.6040
     alpha =       90.000   beta =       90.000  gamma =       90.000
                        Direct Cell Volume =    1192.3529

 => Reciprocal cell parameters:

         a*=     0.094304      b*=     0.094304      c*=     0.094304
     alpha*=       90.000   beta*=       90.000  gamma*=       90.000
                    Reciprocal Cell Volume =   0.00083868

 => Direct and Reciprocal Metric Tensors:

                   GD                                       GR
    112.4441      0.0000      0.0000          0.008893    0.000000    0.000000
      0.0000    112.4441      0.0000          0.000000    0.008893    0.000000
      0.0000      0.0000    112.4441          0.000000    0.000000    0.008893

 =>  Cartesian frame: x // a; y is in the ab-plane; z is x ^ y   

     Crystal_to_Orthonormal_Matrix              Orthonormal_to_Crystal Matrix
              Cr_Orth_cel                               Orth_Cr_cel  
     10.6040      0.0000      0.0000          0.094304   -0.000000   -0.000000
      0.0000     10.6040      0.0000          0.000000    0.094304   -0.000000
      0.0000      0.0000     10.6040          0.000000    0.000000    0.094304

     Busing-Levy B-matrix: Hc=B.H            Inverse of the Busing-Levy B-matrix
                BL_M                                      BL_Minv  
    0.094304    0.000000    0.000000           10.6040     -0.0000     -0.0000
    0.000000    0.094304   -0.000000            0.0000     10.6040      0.0000
    0.000000    0.000000    0.094304            0.0000      0.0000     10.6040

 => Laue symmetry m-3   will be used to generate HKL for pattern#   1
 => Reflections generated between S(1/d)min:  0.0353 A-1 and S(1/d)max:  1.2585 A-1
 =>                                    dmax: 28.3647 A   and      dmin:  0.7946 A
 => The number of reflections generated is:    211
 => The max. scatt. variable (gen.ref.) is:       151.5764
 => Scattering coefficients from internal table


 => X-ray scattering coeff. (A1, B1, A2,...C, f(0), Z, Dfp,Dfpp)

 Y      17.7760   1.4029  10.2946  12.8006   5.7263   0.1256   3.2659 104.3540   1.9121  38.9749  39.0000  -0.3860   2.0250
 O       3.0485  13.2771   2.2868   5.7011   1.5463   0.3239   0.8670  32.9089   0.2508   7.9994   8.0000   0.0470   0.0320

     --------------------------------------------------------------
      SYMBOLIC NAMES AND INITIAL VALUES OF PARAMETERS TO BE VARIED:
     --------------------------------------------------------------

      ->  Parameter number    1   -> Symbolic Name:       Scale_ph1_pat1    0.10225000E-03
      ->  Parameter number    2   -> Symbolic Name:           SySin_pat1    0.68619996E-01
      ->  Parameter number    3   -> Symbolic Name:            Zero_pat1   -0.53199999E-01
      ->  Parameter number    4   -> Symbolic Name:           Bck_0_pat1     587.32703    
      ->  Parameter number    5   -> Symbolic Name:           Bck_1_pat1    -60.653000    
      ->  Parameter number    6   -> Symbolic Name:      Cell_A_ph1_pat1     10.603965    
  
 
 => No optimization for routine tasks
 ++++++++++++++++++++++++++++++++++++++++++++++++++++++++++++++++++++++++++++++++++++++++++++++++++++++++++++++++++++++++

 => CYCLE No.:    1
 ---------------------------------------------------------------------------------------
 => Phase  1 Name: O3 Y2                                                                 
 ---------------------------------------------------------------------------------------
 => New parameters, shifts, and standard deviations

 Atom        x       dx      sx       y       dy      sy       z       dz      sz       B       dB      sB      occ.    docc.   socc.

 Y1       0.25000 0.00000 0.00000  0.25000 0.00000 0.00000  0.25000 0.00000 0.00000  0.41558 0.00000 0.00000  0.16667 0.00000 0.00000
 Y2       0.96730 0.00000 0.00000  0.00000 0.00000 0.00000  0.25000 0.00000 0.00000  0.45123 0.00000 0.00000  0.50000 0.00000 0.00000
 O1       0.39150 0.00000 0.00000  0.15380 0.00000 0.00000  0.38000 0.00000 0.00000  0.76708 0.00000 0.00000  1.07606 0.00000 0.00000

 Atom         B11      DB11      SB11       B22      DB22      SB22       B33      DB33      SB33
              B12      DB12      SB12       B13      DB13      SB13       B23      DB23      SB23
 Y1      0.000000  0.000000  0.000000  0.000000  0.000000  0.000000  0.000000  0.000000  0.000000
         0.000000  0.000000  0.000000  0.000000  0.000000  0.000000  0.000000  0.000000  0.000000
 Y2     -0.000120  0.000000  0.000000  0.000000  0.000000  0.000000  0.000000  0.000000  0.000000
         0.000000  0.000000  0.000000  0.000000  0.000000  0.000000  0.000000  0.000000  0.000000
 O1      0.000000  0.000000  0.000000  0.000000  0.000000  0.000000  0.000000  0.000000  0.000000
         0.000000  0.000000  0.000000  0.000000  0.000000  0.000000  0.000000  0.000000  0.000000

 ==> PROFILE PARAMETERS FOR PATTERN#  1

 => Overall scale factor:      0.000102248    -0.000000002     0.000000133
 => Eta(p-Voigt) or m(Pearson VII):   0.000000  0.000000  0.000000
 => Overall tem. factor:    -0.083780    0.000000    0.000000
 => Halfwidth parameters: 
         0.014895    0.000000    0.000000
        -0.021242    0.000000    0.000000
         0.009734    0.000000    0.000000
 => Cell parameters: 
       10.603963   -0.000002    0.000052
       10.603963   -0.000002    0.000052
       10.603963   -0.000002    0.000052
       90.000000    0.000000    0.000000
       90.000000    0.000000    0.000000
       90.000000    0.000000    0.000000
 => Preferred orientation: 
         1.000000    0.000000    0.000000
         0.000000    0.000000    0.000000
 => Asymmetry parameters: 
         0.014740    0.000000    0.000000
        -0.008400    0.000000    0.000000
         0.000000    0.000000    0.000000
         0.070040    0.000000    0.000000
 => X and Y parameters: 
         0.021356    0.000000    0.000000
         0.043393    0.000000    0.000000
 => Strain parameters: 
         0.000000    0.000000    0.000000
         0.000000    0.000000    0.000000
         0.000000    0.000000    0.000000
 => Size   parameters (G,L): 
         0.000237    0.000000    0.000000
         0.000000    0.000000    0.000000
 => Further shape parameters (S_L and D_L): 
       0.000000  0.000000  0.000000
       0.000000  0.000000  0.000000

 ==> GLOBAL PARAMETERS FOR PATTERN#  1


 => Zero-point:    -0.0532    0.0000    0.0004
 => Background Polynomial Parameters ==>
       587.35     0.20147E-01  1.0157    
      -60.672    -0.18508E-01  1.3236    
       36.380      0.0000      0.0000    
       0.0000      0.0000      0.0000    
      -5.9930      0.0000      0.0000    
       0.0000      0.0000      0.0000    

 => Cos( theta)-shift parameter :   0.0000  0.0000  0.0000
 => Sin(2theta)-shift parameter :   0.0686 -0.0000  0.0013

 ==> RELIABILITY FACTORS WITH ALL NON-EXCLUDED POINTS FOR PATTERN:  1

 => R-Factors:   3.53      4.76     Chi2:  2.72     DW-Stat.:  0.9091   Patt#:  1
 => Expected :            2.88                                1.9048
 => Deviance : 0.111E+05     Dev*:   2.767    
 => GoF-index:  1.6         Sqrt(Residual/N)
 => N-P+C:  3993

 =>    SumYdif       SumYobs      SumYcal      SumwYobsSQ     Residual    Condition
     0.1694E+06    0.4798E+07    0.4787E+07    0.4798E+07    0.1086E+05    0.1324E+17


 => Conventional Rietveld Rp,Rwp,Re and Chi2:   6.77      7.27      4.41      2.721    
 => (Values obtained using Ynet, but true sigma(y))
 =>  SumYnet, Sum(w Ynet**2):     0.2504E+07    0.2057E+07


 ==> RELIABILITY FACTORS FOR POINTS WITH BRAGG CONTRIBUTIONS FOR PATTERN:  1

 => R-Factors:   3.41      4.56     Chi2:  2.74     DW-Stat.:  1.0781   Patt#:
 => Expected :            2.75                                1.8962
 => Deviance : 0.924E+04     Dev*:   2.762    
 => GoF-index:  1.7         Sqrt(Residual/N)
 => N-P+C:  3343

 =>    SumYdif       SumYobs      SumYcal      SumwYobsSQ     Residual    Condition
     0.1503E+06    0.4408E+07    0.4402E+07    0.4408E+07     9162.        0.1324E+17


 => Conventional Rietveld Rp,Rwp,Re and Chi2:   6.01      6.68      4.03      2.741    
 => (Values obtained using Ynet, but true sigma(y))
 =>  SumYnet, Sum(w Ynet**2):     0.2499E+07    0.2055E+07


 => Global user-weigthed Chi2 (Bragg contrib.):   3.25    

 => ---------> Pattern#  1
 => Phase:  1
 =>    Bragg R-factor:  2.57    
 =>    RF-factor     :  2.12    


   Standard deviations have to be multiplied by: 2.2775
   (correlated residuals) See references:
  -J.F.Berar & P.Lelann, J. Appl. Cryst. 24, 1-5 (1991) 
  -J.F.Berar, Acc. in Pow. Diff. II,NIST Sp.Pub. 846, 63(1992) 

 ++++++++++++++++++++++++++++++++++++++++++++++++++++++++++++++++++++++++++++++++++++++++++++++++++++++++++++++++++++++++

 => CYCLE No.:    1
 =>  Convergence reached at this CYCLE !!!!
 =>  Parameter shifts set to zero
 ---------------------------------------------------------------------------------------
 => Phase  1 Name: O3 Y2                                                                 
 ---------------------------------------------------------------------------------------
 => New parameters, shifts, and standard deviations

 Atom        x       dx      sx       y       dy      sy       z       dz      sz       B       dB      sB      occ.    docc.   socc.

 Y1       0.25000 0.00000 0.00000  0.25000 0.00000 0.00000  0.25000 0.00000 0.00000  0.41558 0.00000 0.00000  0.16667 0.00000 0.00000
 Y2       0.96730 0.00000 0.00000  0.00000 0.00000 0.00000  0.25000 0.00000 0.00000  0.45123 0.00000 0.00000  0.50000 0.00000 0.00000
 O1       0.39150 0.00000 0.00000  0.15380 0.00000 0.00000  0.38000 0.00000 0.00000  0.76708 0.00000 0.00000  1.07606 0.00000 0.00000

 Atom         B11      DB11      SB11       B22      DB22      SB22       B33      DB33      SB33
              B12      DB12      SB12       B13      DB13      SB13       B23      DB23      SB23
 Y1      0.000000  0.000000  0.000000  0.000000  0.000000  0.000000  0.000000  0.000000  0.000000
         0.000000  0.000000  0.000000  0.000000  0.000000  0.000000  0.000000  0.000000  0.000000

    U-Eigen Value (A**2) ----      Eigen vector(Orth. syst.)
        0.00000          ----    0.93753   -0.21290    0.27515
        0.00000          ----    0.15653    0.96445    0.21291
        0.00000          ----   -0.31070   -0.15653    0.93753

    Isotropic temperature factor Uequiv(A**2):   0.0000
    Isotropic temperature factor Bequiv(A**2):   0.0000

     R.M.S. in ANGSTROMS ------       Angles with A, B, C
        0.00000          ----     20.359    102.293     74.029
        0.00000          ----     80.994     15.323     77.707
        0.00000          ----    108.101     99.006     20.359
 
 Y2     -0.000120  0.000000  0.000000  0.000000  0.000000  0.000000  0.000000  0.000000  0.000000
         0.000000  0.000000  0.000000  0.000000  0.000000  0.000000  0.000000  0.000000  0.000000

    U-Eigen Value (A**2) ----      Eigen vector(Orth. syst.)
       -0.00068          ----    1.00000    0.00000    0.00000
        0.00000          ----    0.00000    0.70711    0.70711
        0.00000          ----    0.00000    0.70711   -0.70711

   -> Matrix U non-positive definite! 

    Isotropic temperature factor Uequiv(A**2):  -0.0002
    Isotropic temperature factor Bequiv(A**2):  -0.0180

 O1      0.000000  0.000000  0.000000  0.000000  0.000000  0.000000  0.000000  0.000000  0.000000
         0.000000  0.000000  0.000000  0.000000  0.000000  0.000000  0.000000  0.000000  0.000000

    U-Eigen Value (A**2) ----      Eigen vector(Orth. syst.)
        0.00000          ----    0.93753   -0.21290    0.27515
        0.00000          ----    0.15653    0.96445    0.21291
        0.00000          ----   -0.31070   -0.15653    0.93753

    Isotropic temperature factor Uequiv(A**2):   0.0000
    Isotropic temperature factor Bequiv(A**2):   0.0000

     R.M.S. in ANGSTROMS ------       Angles with A, B, C
        0.00000          ----     20.359    102.293     74.029
        0.00000          ----     80.994     15.323     77.707
        0.00000          ----    108.101     99.006     20.359
 

 ==> PROFILE PARAMETERS FOR PATTERN#  1

 => Overall scale factor:      0.000102248     0.000000000     0.000000133
 => Eta(p-Voigt) or m(Pearson VII):   0.000000  0.000000  0.000000
 => Overall tem. factor:    -0.083780    0.000000    0.000000
 => Halfwidth parameters: 
         0.014895    0.000000    0.000000
        -0.021242    0.000000    0.000000
         0.009734    0.000000    0.000000
 => Cell parameters: 
       10.603963    0.000000    0.000052
       10.603963    0.000000    0.000052
       10.603963    0.000000    0.000052
       90.000000    0.000000    0.000000
       90.000000    0.000000    0.000000
       90.000000    0.000000    0.000000
 => Preferred orientation: 
         1.000000    0.000000    0.000000
         0.000000    0.000000    0.000000
 => Asymmetry parameters: 
         0.014740    0.000000    0.000000
        -0.008400    0.000000    0.000000
         0.000000    0.000000    0.000000
         0.070040    0.000000    0.000000
 => X and Y parameters: 
         0.021356    0.000000    0.000000
         0.043393    0.000000    0.000000
 => Strain parameters: 
         0.000000    0.000000    0.000000
         0.000000    0.000000    0.000000
         0.000000    0.000000    0.000000
 => Size   parameters (G,L): 
         0.000237    0.000000    0.000000
         0.000000    0.000000    0.000000
 => Further shape parameters (S_L and D_L): 
       0.000000  0.000000  0.000000
       0.000000  0.000000  0.000000

 ==> GLOBAL PARAMETERS FOR PATTERN#  1


 => Zero-point:    -0.0532    0.0000    0.0004
 => Background Polynomial Parameters ==>
       587.35      0.0000      1.0157    
      -60.672      0.0000      1.3236    
       36.380      0.0000      0.0000    
       0.0000      0.0000      0.0000    
      -5.9930      0.0000      0.0000    
       0.0000      0.0000      0.0000    

 => Cos( theta)-shift parameter :   0.0000  0.0000  0.0000
 => Sin(2theta)-shift parameter :   0.0686  0.0000  0.0013

 ==> RELIABILITY FACTORS WITH ALL NON-EXCLUDED POINTS FOR PATTERN:  1

 => R-Factors:   3.53      4.76     Chi2:  2.72     DW-Stat.:  0.9091   Patt#:  1
 => Expected :            2.88                                1.9048
 => Deviance : 0.111E+05     Dev*:   2.767    
 => GoF-index:  1.6         Sqrt(Residual/N)
 => N-P+C:  3993

 =>    SumYdif       SumYobs      SumYcal      SumwYobsSQ     Residual    Condition
     0.1694E+06    0.4798E+07    0.4787E+07    0.4798E+07    0.1086E+05    0.1324E+17


 => Conventional Rietveld Rp,Rwp,Re and Chi2:   6.77      7.27      4.41      2.721    
 => (Values obtained using Ynet, but true sigma(y))
 =>  SumYnet, Sum(w Ynet**2):     0.2504E+07    0.2057E+07

 => N-sigma of the GoF:   76.895

 ==> RELIABILITY FACTORS FOR POINTS WITH BRAGG CONTRIBUTIONS FOR PATTERN:  1

 => R-Factors:   3.41      4.56     Chi2:  2.74     DW-Stat.:  1.0781   Patt#:
 => Expected :            2.75                                1.8962
 => Deviance : 0.924E+04     Dev*:   2.762    
 => GoF-index:  1.7         Sqrt(Residual/N)
 => N-P+C:  3343

 =>    SumYdif       SumYobs      SumYcal      SumwYobsSQ     Residual    Condition
     0.1503E+06    0.4408E+07    0.4402E+07    0.4408E+07     9162.        0.1324E+17


 => Conventional Rietveld Rp,Rwp,Re and Chi2:   6.01      6.68      4.03      2.741    
 => (Values obtained using Ynet, but true sigma(y))
 =>  SumYnet, Sum(w Ynet**2):     0.2499E+07    0.2055E+07

 => N-sigma of the GoF:       71.170

 => Global user-weigthed Chi2 (Bragg contrib.):   3.25    

 => ---------> Pattern#  1
 => Phase:  1
 =>    Bragg R-factor:  2.57    
 =>    RF-factor     :  2.12    

 --------------------------------------------------------------------------------------------------------------
 Pattern#  1 Phase No:   1 Phase name: O3 Y2                         
 --------------------------------------------------------------------------------------------------------------

   No.  Code     H   K   L  Mult     Hw         2theta      Icalc       Iobs      Sigma      HwG     HwL       ETA       d-hkl        CORR

      1   1      2   1   1    24  0.109589      20.499     1157.6     1163.3      7.419  0.081393  0.047958  0.515730  4.329051    694.246704
      2   1      2   2   0    12  0.107502      23.713        2.2       19.8    152.758  0.078603  0.048822  0.532377  3.749068    256.785675
      3   1      2   2   2     8  0.104163      29.149     9994.3    10082.3     87.635  0.073966  0.050388  0.561726  3.061101    111.072189
      4   1      2   3   1    24  0.102778      31.542       30.2       37.0      8.584  0.071963  0.051122  0.575083  2.834029    281.827209
      5   1      3   2   1    24  0.102778      31.542        5.0        6.2      1.430  0.071963  0.051122  0.575083  2.834029    281.827209
      6   1      4   0   0     6  0.101535      33.783     2436.1     2383.8     50.442  0.070114  0.051835  0.587794  2.650991     60.842312
      7   1      4   1   1    24  0.100413      35.900      500.6      484.2     15.970  0.068393  0.052532  0.599959  2.499378    213.533463
      8   1      2   4   0    12  0.099396      37.914       42.9       35.5      6.080  0.066783  0.053217  0.611648  2.371119     94.867256
      9   1      4   2   0    12  0.099396      37.914       72.4       60.0     10.266  0.066783  0.053217  0.611648  2.371119     94.867256
     10   1      3   3   2    24  0.098474      39.841      635.5      599.0     33.850  0.065271  0.053894  0.622908  2.260773    170.327255
     11   1      4   2   2    24  0.097638      41.693       97.0       81.2     13.274  0.063847  0.054565  0.633773  2.164525    154.214844
     12   1      3   4   1    24  0.096883      43.480      486.0      471.3     14.075  0.062503  0.055232  0.644265  2.079608    140.638000
     13   1      4   3   1    24  0.096883      43.480      391.8      380.0     11.349  0.062503  0.055232  0.644265  2.079608    140.638000
     14   1      2   5   1    24  0.095597      46.890      162.0      161.1      2.197  0.060040  0.056559  0.664186  1.936010    119.066559
     15   1      5   2   1    24  0.095597      46.890      134.8      134.1      1.829  0.060040  0.056559  0.664186  1.936010    119.066559
     16   1      4   4   0    12  0.095062      48.525     4372.9     4423.8     50.901  0.058913  0.057223  0.673627  1.874534     55.188026
     17   1      4   3   3    24  0.094595      50.120      223.0      254.0     34.497  0.057853  0.057888  0.682722  1.818565    102.754974
     18   1      4   4   2    24  0.094196      51.678        6.8        7.2      0.632  0.056859  0.058555  0.691469  1.767327     96.026001
     19   1      6   0   0     6  0.094196      51.678       40.8       43.4      3.814  0.056859  0.058555  0.691469  1.767327     24.006500
     20   1      3   5   2    24  0.093865      53.204       89.1       92.5      4.056  0.055929  0.059226  0.699863  1.720190     90.049187
     21   1      5   3   2    24  0.093865      53.204      100.3      104.2      4.568  0.055929  0.059226  0.699863  1.720190     90.049187
     22   1      6   1   1    24  0.093865      53.204      359.4      373.2     16.364  0.055929  0.059226  0.699863  1.720190     90.049187
     23   1      2   6   0    12  0.093602      54.699       74.1       75.0      2.228  0.055065  0.059900  0.707895  1.676634     42.356316
     24   1      6   2   0    12  0.093602      54.699       44.1       44.6      1.326  0.055065  0.059900  0.707895  1.676634     42.356316
     25   1      4   5   1    24  0.093406      56.168      247.9      269.8     23.341  0.054266  0.060579  0.715557  1.636227     79.925735
     26   1      5   4   1    24  0.093406      56.168      183.4      199.6     17.266  0.054266  0.060579  0.715557  1.636227     79.925735
     27   1      6   2   2    24  0.093279      57.612     2900.4     3001.2    101.745  0.053534  0.061264  0.722839  1.598608     75.614449
     28   1      3   6   1    24  0.093221      59.033      324.5      342.7     18.854  0.052868  0.061955  0.729730  1.563469     71.717613
     29   1      6   3   1    24  0.093221      59.033      302.9      319.9     17.601  0.052868  0.061955  0.729730  1.563469     71.717613
     30   1      4   4   4     8  0.093233      60.433      483.9      512.2     29.372  0.052271  0.062654  0.736221  1.530550     22.728104
     31   1      4   5   3    24  0.093317      61.814       74.5       74.9      1.247  0.051744  0.063359  0.742300  1.499627     64.971756
     32   1      5   4   3    24  0.093317      61.814      131.7      132.5      2.205  0.051744  0.063359  0.742300  1.499627     64.971756
     33   1      4   6   0    12  0.093474      63.178      112.0      105.4      6.545  0.051290  0.064074  0.747956  1.470505     31.021938
     34   1      6   4   0    12  0.093474      63.178       20.6       19.3      1.202  0.051290  0.064074  0.747956  1.470505     31.021938
     35   1      2   7   1    24  0.093705      64.525       88.2       83.3      4.605  0.050909  0.064797  0.753181  1.443017     59.369877
     36   1      5   5   2    24  0.093705      64.525        4.7        4.4      0.245  0.050909  0.064797  0.753181  1.443017     59.369877
     37   1      6   3   3    24  0.093705      64.525      104.3       98.4      5.444  0.050909  0.064797  0.753181  1.443017     59.369877
     38   1      7   2   1    24  0.093705      64.525      148.4      140.1      7.747  0.050909  0.064797  0.753181  1.443017     59.369877
     39   1      4   6   2    24  0.094012      65.857       20.6       19.6      1.048  0.050604  0.065529  0.757965  1.417014     56.923489
     40   1      6   4   2    24  0.094012      65.857      135.0      128.1      6.859  0.050604  0.065529  0.757965  1.417014     56.923489
     41   1      3   7   2    24  0.095404      69.776        0.8        0.9      0.018  0.050165  0.067792  0.769615  1.346705     50.738182
     42   1      5   6   1    24  0.095404      69.776      110.3      111.8      2.320  0.050165  0.067792  0.769615  1.346705     50.738182
     43   1      6   5   1    24  0.095404      69.776       94.7       96.0      1.993  0.050165  0.067792  0.769615  1.346705     50.738182
     44   1      7   3   2    24  0.095404      69.776        1.2        1.2      0.025  0.050165  0.067792  0.769615  1.346705     50.738182
     45   1      8   0   0     6  0.096030      71.060      443.9      457.2     13.813  0.050184  0.068570  0.772583  1.325496     12.250979
     46   1      4   7   1    24  0.096740      72.333       77.7       79.0      1.481  0.050290  0.069362  0.775093  1.305258     47.410130
     47   1      5   5   4    24  0.096740      72.333       60.7       61.7      1.157  0.050290  0.069362  0.775093  1.305258     47.410130
     48   1      7   4   1    24  0.096740      72.333       63.1       64.2      1.203  0.050290  0.069362  0.775093  1.305258     47.410130
     49   1      8   1   1    24  0.096740      72.333      171.9      174.8      3.276  0.050290  0.069362  0.775093  1.305258     47.410130
     50   1      2   8   0    12  0.097535      73.598       56.0       54.4      1.710  0.050483  0.070167  0.777147  1.285920     22.972710
     51   1      6   4   4    24  0.097535      73.598       49.6       48.2      1.517  0.050483  0.070167  0.777147  1.285920     45.945419
     52   1      8   2   0    12  0.097535      73.598       92.9       90.3      2.840  0.050483  0.070167  0.777147  1.285920     22.972710
     53   1      5   6   3    24  0.098418      74.855      109.5      108.9      1.652  0.050765  0.070987  0.778748  1.267416     44.599674
     54   1      6   5   3    24  0.098418      74.855      113.7      113.0      1.715  0.050765  0.070987  0.778748  1.267416     44.599674
     55   1      6   6   0    12  0.099389      76.104        1.4        1.4      0.031  0.051139  0.071822  0.779903  1.249689     21.682011
     56   1      8   2   2    24  0.099389      76.104      137.4      136.1      3.019  0.051139  0.071822  0.779903  1.249689     43.364021
     57   1      3   8   1    24  0.100450      77.347       96.6       98.9      2.399  0.051605  0.072674  0.780620  1.232686     42.230530
     58   1      4   7   3    24  0.100450      77.347       65.5       66.9      1.625  0.051605  0.072674  0.780620  1.232686     42.230530
     59   1      7   4   3    24  0.100450      77.347       66.5       68.0      1.651  0.051605  0.072674  0.780620  1.232686     42.230530
     60   1      8   3   1    24  0.100450      77.347      118.9      121.6      2.952  0.051605  0.072674  0.780620  1.232686     42.230530

   No.  Code     H   K   L  Mult     Hw         2theta      Icalc       Iobs      Sigma      HwG     HwL       ETA       d-hkl        CORR

     61   1      6   6   2    24  0.101603      78.583      773.1      789.9     17.269  0.052164  0.073543  0.780910  1.216358     41.192223
     62   1      5   7   2    24  0.102849      79.814        1.3        2.2      1.644  0.052818  0.074430  0.780785  1.200662     40.242836
     63   1      7   5   2    24  0.102849      79.814        6.5       11.3      8.312  0.052818  0.074430  0.780785  1.200662     40.242836
     64   1      4   8   0    12  0.104191      81.041      256.0      263.3      8.242  0.053568  0.075336  0.780259  1.185559     19.688421
     65   1      8   4   0    12  0.104191      81.041      255.6      262.9      8.230  0.053568  0.075336  0.780259  1.185559     19.688421
     66   1      8   3   3    24  0.105629      82.263      103.3      103.1      2.500  0.054415  0.076262  0.779346  1.171012     38.589291
     67   1      4   8   2    24  0.107165      83.482       65.7       64.3      2.049  0.055358  0.077210  0.778062  1.156987     37.875755
     68   1      8   4   2    24  0.107165      83.482       51.9       50.8      1.619  0.055358  0.077210  0.778062  1.156987     37.875755
     69   1      2   9   1    24  0.108801      84.698        3.6        3.5      0.078  0.056400  0.078180  0.776425  1.143455     37.232319
     70   1      6   5   5    24  0.108801      84.698      129.9      127.6      2.822  0.056400  0.078180  0.776425  1.143455     37.232319
     71   1      6   7   1    24  0.108801      84.698       58.8       57.7      1.277  0.056400  0.078180  0.776425  1.143455     37.232319
     72   1      7   6   1    24  0.108801      84.698       41.9       41.2      0.911  0.056400  0.078180  0.776425  1.143455     37.232319
     73   1      9   2   1    24  0.108801      84.698        9.0        8.8      0.196  0.056400  0.078180  0.776425  1.143455     37.232319
     74   1      6   6   4    24  0.110540      85.911       20.3       19.4      2.160  0.057541  0.079173  0.774453  1.130386     36.655472
     75   1      5   7   4    24  0.112382      87.123       65.8       64.3      1.713  0.058781  0.080192  0.772164  1.117756     36.142109
     76   1      5   8   1    24  0.112382      87.123       82.8       80.9      2.155  0.058781  0.080192  0.772164  1.117756     36.142109
     77   1      7   5   4    24  0.112382      87.123       43.8       42.8      1.141  0.058781  0.080192  0.772164  1.117756     36.142109
     78   1      8   5   1    24  0.112382      87.123       57.9       56.6      1.509  0.058781  0.080192  0.772164  1.117756     36.142109
     79   1      3   9   2    24  0.116389      89.543       12.2       12.7      0.590  0.061565  0.082310  0.766710  1.093715     35.295105
     80   1      6   7   3    24  0.116389      89.543      107.4      112.3      5.210  0.061565  0.082310  0.766710  1.093715     35.295105
     81   1      7   6   3    24  0.116389      89.543      127.4      133.3      6.183  0.061565  0.082310  0.766710  1.093715     35.295105
     82   1      9   3   2    24  0.116389      89.543       14.4       15.1      0.701  0.061565  0.082310  0.766710  1.093715     35.295105
     83   1      8   4   4    24  0.118558      90.752      554.1      587.5     34.605  0.063110  0.083412  0.763582  1.082263     34.956886
     84   1      4   9   1    24  0.120841      91.962       25.6       26.7      1.147  0.064758  0.084545  0.760212  1.071162     34.672958
     85   1      5   8   3    24  0.120841      91.962       74.5       77.7      3.344  0.064758  0.084545  0.760212  1.071162     34.672958
     86   1      8   5   3    24  0.120841      91.962      116.2      121.1      5.212  0.064758  0.084545  0.760212  1.071162     34.672958
     87   1      9   4   1    24  0.120841      91.962       46.0       48.0      2.065  0.064758  0.084545  0.760212  1.071162     34.672958
     88   1      6   8   0    12  0.123242      93.172       12.1       11.7      0.457  0.066513  0.085711  0.756617  1.060396     17.220846
     89   1      8   6   0    12  0.123242      93.172      118.0      113.7      4.447  0.066513  0.085711  0.756617  1.060396     17.220846
     90   1     10   0   0     6  0.123242      93.172       39.6       38.2      1.492  0.066513  0.085711  0.756617  1.060396      8.610423
     91   1      7   7   2    24  0.125765      94.384       37.8       42.0      4.675  0.068374  0.086912  0.752814  1.049949     34.261749
     92   1     10   1   1    24  0.125765      94.384       45.0       50.0      5.571  0.068374  0.086912  0.752814  1.049949     34.261749
     93   1      2  10   0    12  0.128412      95.598       66.3       64.8      1.563  0.070345  0.088150  0.748822  1.039804     17.065987
     94   1      6   8   2    24  0.128412      95.598      219.8      214.7      5.179  0.070345  0.088150  0.748822  1.039804     34.131973
     95   1      8   6   2    24  0.128412      95.598       22.8       22.3      0.538  0.070345  0.088150  0.748822  1.039804     34.131973
     96   1     10   2   0    12  0.128412      95.598       78.5       76.7      1.851  0.070345  0.088150  0.748822  1.039804     17.065987
     97   1      4   9   3    24  0.131189      96.815       62.0       66.4      4.819  0.072429  0.089428  0.744655  1.029948     34.051468
     98   1      9   4   3    24  0.131189      96.815       34.1       36.6      2.655  0.072429  0.089428  0.744655  1.029948     34.051468
     99   1      6   6   6     8  0.134100      98.034       90.3       92.8      2.583  0.074627  0.090747  0.740329  1.020367     11.339842
    100   1     10   2   2    24  0.134100      98.034      410.0      421.3     11.725  0.074627  0.090747  0.740329  1.020367     34.019524
    101   1      3  10   1    24  0.137151      99.257       59.8       59.7      0.580  0.076944  0.092110  0.735859  1.011048     34.035671
    102   1      5   9   2    24  0.137151      99.257       24.6       24.5      0.239  0.076944  0.092110  0.735859  1.011048     34.035671
    103   1      6   7   5    24  0.137151      99.257       77.6       77.4      0.753  0.076944  0.092110  0.735859  1.011048     34.035671
    104   1      7   6   5    24  0.137151      99.257       88.5       88.3      0.859  0.076944  0.092110  0.735859  1.011048     34.035671
    105   1      9   5   2    24  0.137151      99.257       32.8       32.7      0.318  0.076944  0.092110  0.735859  1.011048     34.035671
    106   1     10   3   1    24  0.137151      99.257       60.0       59.9      0.582  0.076944  0.092110  0.735859  1.011048     34.035671

     -----------------------------------------------------
     BRAGG R-Factors and weight fractions for Pattern #  1
     -----------------------------------------------------

 => Phase:  1     O3 Y2
 => Bragg R-factor:   2.57       Vol: 1192.352( 0.010)  Fract(%):  100.00( 0.18)
 => Rf-factor=  2.12             ATZ:        3671.459   Brindley:  1.0000

     -----------------------------------------------------------------
      SYMBOLIC NAMES AND FINAL VALUES AND SIGMA OF REFINED PARAMETERS:
     -----------------------------------------------------------------

      ->  Parameter number    1 :       Scale_ph1_pat1    0.10224773E-03( +/-    0.13259775E-06 )
      ->  Parameter number    2 :           SySin_pat1    0.68597227E-01( +/-    0.12659078E-02 )
      ->  Parameter number    3 :            Zero_pat1   -0.53195253E-01( +/-    0.44691440E-03 )
      ->  Parameter number    4 :           Bck_0_pat1     587.34717    ( +/-     1.0156685     )
      ->  Parameter number    5 :           Bck_1_pat1    -60.671509    ( +/-     1.3236244     )
      ->  Parameter number    6 :      Cell_A_ph1_pat1     10.603963    ( +/-    0.51645446E-04 )

 ------------------------------------------------------------------
 => Number of bytes for floating point variables: 4
 => Dimensions of dynamic allocated arrays in this run of FullProf:
 ------------------------------------------------------------------

 => Total approximate array memory (dynamic + static): 127111993 bytes

    MaxPOINT=    60000 Max.num. of points(+int. Inten.)/diffraction pattern       
    MaxREFLT=    20000 Max.num. of reflections/diffraction pattern               
    MaxPARAM=      300 Max.num. of refinable parameters                          
    MaxOVERL=    18096 Max.num. of overlapping reflections                       

 ----------------------------------------------------------
 => Number of bytes for floating point arrays: 4
 => Dimensions of fixed arrays in this release of FullProf:
 ----------------------------------------------------------

    NPATT   =       80 Max.num. of powder diffraction patterns                    
    NATS    =      830 Max.num. of atoms (all kind) in asymmetric unit            
    MPAR    =     1800 Max.num. of non atomic parameters/phase                    
    IEXCL   =       30 Max.num. of excluded regions                               
    IBACP   =      277 Max.num. of background points for interpolation            
    NPHT    =       16 Max.num. of phases                                         
    NMAGM   =        8 Max.num. of rotation-matrices sets for magnetic structure  
    NBASIS  =       12 Max.num. of basis functions associated to a single atom    
    NIREPS  =        9 Max.num. of irreducible representations to be combined     
    N_EQ    =      384 Max.num. of user-supplied symmetry operators/propagation vectors
    NGL     =      300 Max.num. of global parameters/diffraction pattern          
    N_LINC  =       30 Max.num. of global linear restraints                        
    NAT_P   =       64 Max.num. of atomic parameters per atom                     
    NCONST  =      500 Max.num. of slack constraints per phase                    
    N_SPE   =       16 Max.num. of different chemical species                     
    N_FORM  =       60 Max.num. of scattering factor values in a table            
    NPR     =      150 Max.num. of points defining a numerical profile            
    INPR    =       25 Max.num. of different numerical peak shapes                
    NPRC    =      150 Max.num. of terms in the table for correcting intensities  
    NSOL    =       10 Max.num. of solutions to be stored in Montecarlo searchs   

 
              CPU Time:     1.195 seconds
                            0.020 minutes

 => Run finished at:     Date: 10/06/2024  Time: 19:18:59.308                              
